['609', '454', '182', '292', '457', '209', '587', '659', '673', '387', '170', '195', '96']
['496', '34', '60', '537', '552', '395', '162', '575', '111', '237', '637', '328', '644', '277', '451', '621', '200', '355', '45', '670', '551', '467', '440', '483', '113', '418', '672', '460', '415', '642', '709']
['258', '294', '100', '242', '9', '627', '338', '391', '572', '291', '29', '318', '296', '438', '453', '332', '205', '668', '217', '706']
['18', '295', '450', '321', '68', '666', '212', '573']
['49', '305', '630', '142', '281', '619', '62', '37', '27', '695', '74', '442', '353', '232', '159', '527', '304', '204', '210', '128', '127', '268', '701', '157']
['638', '94', '345', '482', '282', '712', '183', '538', '316', '470', '400', '293', '310', '79', '278', '421', '493', '149', '396', '529', '429', '562', '594', '723', '462', '164', '611', '314', '137', '476', '602', '568', '8', '500', '534', '190']
['70', '423', '78', '134', '214', '553', '561', '401', '311', '76', '641', '477', '92', '53', '275', '384', '346', '144', '289', '255', '123']
['19', '444', '394', '22', '42', '251', '48', '166', '634', '244', '300', '719', '664', '6']
['194', '46', '206', '262', '393', '560', '271', '392', '539', '554', '124', '201', '589', '598', '435', '288', '84', '696', '357', '225', '578', '481', '545', '343']
['427', '604', '326', '129', '431', '420', '98', '211', '135', '223', '198', '376', '351', '175', '0', '274', '40', '141', '169', '522', '378', '26', '708', '330', '4', '239', '569']
['264', '337', '547', '64', '364', '671', '266', '181', '115', '651', '306', '650', '171', '546', '571', '350', '226', '498']
['489', '682', '44', '472', '465', '513', '238', '67', '66', '224', '324', '649', '574', '680', '52', '231']
['154', '475', '227', '540', '222', '509', '193', '441', '69', '410', '358', '726', '549', '263', '508']
['422', '307', '36', '323', '138', '468', '253', '233', '632', '466', '117', '403', '208', '662', '606', '13', '11']
['648', '608', '133', '404', '55', '623', '109', '163', '56', '269', '81', '417', '480', '656', '705', '439', '219', '618', '516', '703', '471', '228', '521', '286', '469', '161']
['721', '379', '657', '486', '112', '99', '20', '178', '39', '425', '430', '667', '685', '349', '577', '71', '678', '558', '260', '535']
['146', '683', '426', '196', '354', '414', '132', '257', '699', '665', '80', '596', '437', '315', '89', '690', '254', '116']
['203', '110', '148', '320', '718', '189', '544', '191', '452', '600', '236', '584', '158']
['555', '325', '617', '375', '187', '688', '645', '312', '603', '139', '372', '536', '90', '590', '371', '593']
['541', '689', '488', '622', '416', '411', '582', '628', '272', '443']
['93', '389', '360', '635', '565', '97', '640']
['14', '221', '184', '192', '246', '653', '15', '512', '303', '563', '101', '73', '373', '515']
['524', '340', '86', '186', '61', '174', '267', '433', '247', '2', '542', '283']
['329', '348', '612', '402', '160', '10', '686', '503', '386', '615', '108', '636', '229', '428', '374', '580']
['59', '691', '366', '83', '405', '655', '505', '41', '167', '256', '399', '518', '459', '576', '335', '17', '273', '432', '583']
['694', '383', '130', '265', '714', '65', '390', '145', '528', '616', '687', '613', '152', '23', '674', '697']
['215', '406', '252', '213', '336', '514', '661', '319', '526', '147', '579', '63', '243', '715', '557', '532', '31', '250', '114', '339', '1', '449', '506', '566', '499']
['463', '3', '279', '120', '125', '91', '309', '106', '7', '140', '361', '313', '287', '382', '50', '245', '16', '5', '95', '362', '165', '660']
['407', '727', '501', '595']
['570', '564', '519', '624', '693', '464', '447', '35', '458', '434', '531', '298']
['168', '285', '710', '585', '398', '381', '581', '176', '344', '333', '704', '478', '32']
['380', '118', '419', '700', '299', '550', '377', '363', '72', '717', '143', '368', '177', '559', '131', '207', '54', '494', '235', '185']
['446', '153', '654', '567', '461', '77', '716', '591', '610', '605', '511', '341', '487']
['104', '331', '713', '155', '556', '85', '523', '248', '588', '663', '676', '409']
['370', '121', '492', '724', '491', '172', '592', '530', '474', '525', '284', '327', '643', '51', '276', '681', '356', '369']
['57', '533', '234', '722', '197', '151', '352', '199', '625', '484', '297', '301', '21', '240', '308', '385']
['707', '102', '413', '497', '150', '601', '504', '122', '517', '639', '679', '652', '38', '88', '218', '347', '684', '30']
['633', '230', '103', '725', '698', '397', '586', '455']
['597', '179', '456', '436', '261', '270', '629', '322', '599', '631', '548', '607', '669', '424', '202', '105', '479']
['445', '647', '334', '188', '388', '473', '711', '12', '173', '448', '216', '107', '25', '156']
['412', '485', '317', '408', '58', '47', '626', '82', '220', '365', '367', '543', '646']
['249', '677', '136', '75', '259', '342', '507', '520', '692', '126']
['490', '28', '43', '241', '502', '280', '359', '495', '180', '302', '290', '702', '119', '33', '675', '87', '24', '720', '620', '658', '614', '510']
