['aic', 'aiw', 'aeu', 'bht', 'azi', 'azx', 'aky', 'bgc', 'akb', 'aoj', 'baw', 'bcq', 'bjc', 'aon', 'afq', 'ash', 'apj', 'bex', 'adc', 'ald', 'adq', 'alk', 'avs', 'bap', 'aid', 'ave', 'avb', 'bfk', 'atd', 'atk', 'anc', 'bje', 'bed', 'akl', 'afi', 'amu', 'awv', 'ayb', 'ajf', 'awo', 'auo', 'avo', 'apg', 'bfe', 'atm', 'bin', 'aos', 'aqh', 'axq', 'bfu']
['aep', 'atn', 'bep', 'bgo', 'aqq', 'bjt', 'bkj', 'bkk', 'amv', 'atc', 'apr', 'art', 'bjv', 'axv', 'aha', 'bef', 'bbf', 'azg', 'alx', 'ben', 'agw', 'azq', 'bat', 'acz', 'ayk', 'aab', 'acf', 'agz', 'bjl', 'bgj', 'aqx', 'bfi', 'bbd', 'awg', 'atf', 'apy', 'agk', 'adb', 'bhb', 'bbs', 'asg', 'axs', 'aut', 'aru', 'arp', 'apo', 'azn', 'bfo', 'bkw', 'aqo']
['agx', 'aqi', 'avt', 'biv', 'akn', 'bcl', 'acj', 'akz', 'aoa', 'amw', 'alb', 'atq', 'auv', 'bdm', 'aqw', 'blv', 'ajn', 'abj', 'agm', 'bav', 'bfl', 'bhm', 'azt', 'aig', 'agc', 'ahm', 'aqk', 'agn', 'acd', 'bhz', 'bkn', 'aac', 'aoe', 'bbk', 'bai', 'bcp', 'abo', 'bga', 'aqg', 'asb', 'bdu', 'akf', 'aqt', 'bhy', 'aow', 'acm', 'bie', 'ayh', 'afs', 'bmg']
['acg', 'axd', 'bju', 'ajd', 'ava', 'ajs', 'aye', 'awm', 'avq', 'ayl', 'awl', 'bjj', 'abh', 'bkm', 'ari', 'blm', 'aoy', 'bhq', 'bad', 'aiz', 'apx', 'bmd', 'agu', 'aly', 'ado', 'asz', 'anm', 'ajv', 'anh', 'bdv', 'bja', 'aoc', 'bik', 'bhp', 'aew', 'ate', 'auy', 'adz', 'afh', 'avz', 'bdi', 'blu', 'baj', 'ahe', 'agd', 'bao', 'agg', 'avl', 'blo', 'aud']
['blz', 'aeo', 'bic', 'afn', 'bgf', 'bkd', 'aoz', 'bhu', 'bba', 'bcs', 'aaq', 'bdy', 'ats', 'bly', 'aob', 'ags', 'auw', 'bea', 'bjf', 'ajh', 'bme', 'bdd', 'ble', 'ank', 'aso', 'atb', 'bhn', 'amq', 'adx', 'amh', 'aie', 'bjq', 'akj', 'aou', 'ahk', 'biq', 'aug', 'aiu', 'aml', 'bbq', 'awx', 'ahi', 'apf', 'agq', 'bbw', 'arh', 'aro', 'blw', 'ajb', 'bew']
['afm', 'aim', 'bdg', 'acv', 'acw', 'bih', 'awc', 'abk', 'apw', 'axy', 'bax', 'aur', 'ary', 'ahw', 'bfv', 'ach', 'bkf', 'bbm', 'aev', 'afr', 'aqy', 'aci', 'anf', 'afc', 'aan', 'asu', 'awh', 'agr', 'abx', 'azf', 'blj', 'ayg', 'bha', 'blp', 'bid', 'bfj', 'abg', 'bkt', 'bfh', 'aff', 'alm', 'bjh', 'alt', 'ayv', 'arn', 'auc', 'aem', 'bil', 'alg', 'bmf']
['axr', 'axi', 'anz', 'auq', 'biu', 'amt', 'auu', 'anx', 'asq', 'azk', 'apc', 'akp', 'azp', 'aqv', 'bcw', 'afz', 'akw', 'avk', 'all', 'alp', 'alv', 'apn', 'asv', 'auz', 'amo', 'awy', 'ayd', 'awk', 'abp', 'ahu', 'bhe', 'ace', 'bjo', 'afv', 'agh', 'api', 'alo', 'bei', 'bkr', 'ahv', 'bdk', 'amb', 'avm', 'bko', 'aam', 'ail', 'bjk', 'aio', 'aax', 'abl']
['axf', 'acy', 'bgh', 'avd', 'ars', 'aei', 'bbi', 'agv', 'bcr', 'awt', 'bhf', 'aey', 'asc', 'bgr', 'bge', 'bdx', 'bas', 'awb', 'aws', 'and', 'alq', 'biz', 'ajz', 'adn', 'apt', 'aea', 'awe', 'aah', 'bfw', 'blc', 'bez', 'aaw', 'bfc', 'afl', 'avw', 'ake', 'beb', 'aof', 'aiq', 'ade', 'afp', 'amy', 'afa', 'azz', 'bir', 'ame', 'avx', 'bcn', 'avi', 'aeq']
['aik', 'acc', 'bdt', 'auf', 'awj', 'awu', 'bky', 'ajm', 'aqp', 'aeg', 'arc', 'bgk', 'ato', 'abe', 'aed', 'aub', 'asl', 'aeb', 'bgp', 'aca', 'ayo', 'apu', 'bib', 'bak', 'acu', 'add', 'aua', 'abi', 'acr', 'ahp', 'avn', 'bif', 'bgb', 'bkb', 'azc', 'blk', 'asn', 'ahr', 'adp', 'abb', 'auh', 'ajx', 'bac', 'bco', 'ahq', 'bcd', 'anq', 'bgi', 'bki', 'apq']
['bjg', 'aiv', 'aaa', 'afd', 'aje', 'aja', 'akc', 'arj', 'ajo', 'bdf', 'bab', 'bfr', 'agy', 'ale', 'ajw', 'atv', 'atw', 'bca', 'akk', 'aaj', 'aqu', 'bix', 'ber', 'bfx', 'asm', 'arb', 'aal', 'bjm', 'agt', 'beo', 'axw', 'bfd', 'aat', 'bgz', 'bfb', 'aqe', 'amp', 'apz', 'bgw', 'akh', 'aym', 'blr', 'amz', 'bgs', 'bce', 'bhd', 'beq', 'bem', 'bma', 'bjn']
['anu', 'ady', 'aot', 'bln', 'aqa', 'ape', 'asx', 'aqb', 'adr', 'blg', 'avh', 'azm', 'bdo', 'bbh', 'axn', 'abq', 'ajl', 'aoo', 'alh', 'bla', 'aoh', 'aul', 'alu', 'ayz', 'bal', 'bgn', 'bjy', 'aii', 'bmh', 'bdw', 'ass', 'bam', 'afj', 'aop', 'bgq', 'alr', 'axp', 'bgv', 'ack', 'aad', 'aih', 'bcx', 'ayi', 'aar', 'bcc', 'akt', 'ask', 'bbp', 'afe', 'ana']
['ayj', 'bdq', 'anj', 'atl', 'abs', 'anr', 'bet', 'aij', 'apb', 'awq', 'adj', 'afx', 'aza', 'acl', 'amx', 'afg', 'age', 'akq', 'ays', 'aku', 'ayw', 'aum', 'aqd', 'bhc', 'bii', 'bmc', 'asi', 'anb', 'amr', 'aia', 'asp', 'afw', 'agl', 'aif', 'aay', 'adu', 'bfs', 'act', 'azv', 'azo', 'bjz', 'axc', 'adl', 'abr', 'abd', 'ayt', 'blt', 'aef', 'bch', 'bjb']
['aka', 'ajj', 'amf', 'aom', 'aga', 'aol', 'aps', 'bhh', 'ahz', 'bfz', 'bim', 'ayu', 'baz', 'axo', 'bdn', 'aau', 'adw', 'bfn', 'aup', 'ali', 'acb', 'avv', 'azb', 'bml', 'bey', 'adh', 'aaf', 'alf', 'bgt', 'aww', 'arl', 'bcj', 'bjr', 'atr', 'bbj', 'bjs', 'bfy', 'ain', 'bgg', 'bdc', 'aui', 'ahc', 'axk', 'avg', 'azl', 'axe', 'aip', 'bhg', 'bip', 'aqz']
['bby', 'bfq', 'ama', 'bff', 'adv', 'baa', 'awf', 'atx', 'bfm', 'akm', 'anw', 'bmi', 'bcz', 'bka', 'bdz', 'aph', 'avp', 'aks', 'ban', 'bgm', 'bbt', 'ant', 'abn', 'bij', 'bls', 'blx', 'asr', 'asd', 'aee', 'acn', 'axh', 'aqf', 'avj', 'aux', 'acq', 'app', 'axl', 'ago', 'aox', 'bbv', 'awa', 'aqc', 'awi', 'amm', 'axx', 'aql', 'aqn', 'bda', 'bgd', 'ath']
['aas', 'aqj', 'awd', 'bfg', 'bmb', 'ajk', 'agf', 'bkh', 'bah', 'axz', 'asw', 'beu', 'bdl', 'aco', 'bbl', 'aib', 'amn', 'abc', 'arm', 'azh', 'bdb', 'big', 'bae', 'bay', 'bkv', 'akx', 'ans', 'afo', 'ayq', 'als', 'ayn', 'bdp', 'ahj', 'ajg', 'axg', 'aju', 'asj', 'asf', 'arv', 'atu', 'apl', 'bhl', 'blb', 'ahy', 'awz', 'adt', 'bmk', 'abt', 'axa', 'bdj']
['bhs', 'bjw', 'ait', 'aet', 'arq', 'bbg', 'avu', 'bci', 'axm', 'air', 'beh', 'agj', 'bll', 'aoi', 'aze', 'bjp', 'abu', 'bfp', 'afu', 'aap', 'bku', 'awr', 'baf', 'bdh', 'awn', 'alz', 'ael', 'adg', 'bgl', 'bis', 'azw', 'apa', 'aex', 'ayr', 'aes', 'bbb', 'aov', 'ard', 'bhv', 'avc', 'ahg', 'agp', 'awp', 'ahb', 'aqr', 'bee', 'bcg', 'apk', 'agb', 'ayf']
['abv', 'ata', 'any', 'asy', 'arg', 'ajy', 'abm', 'ajt', 'arr', 'apm', 'bct', 'aln', 'bbe', 'ayp', 'ajp', 'afb', 'adf', 'azs', 'aji', 'ang', 'ako', 'atp', 'bft', 'aft', 'amg', 'arf', 'aez', 'amc', 'ann', 'adm', 'bek', 'adk', 'bev', 'abz', 'ais', 'ano', 'amd', 'bcb', 'bag', 'acs', 'aai', 'are', 'aek', 'arz', 'akg', 'bbo', 'aod', 'bmj', 'ast', 'biy']
['alw', 'aus', 'bkl', 'bcf', 'ada', 'bkp', 'bks', 'aiy', 'ase', 'abf', 'acx', 'bke', 'axu', 'ahd', 'blf', 'aba', 'ane', 'bia', 'ams', 'agi', 'bkq', 'adi', 'aoq', 'bbn', 'bho', 'bgx', 'aix', 'aqs', 'apd', 'ala', 'bhj', 'bar', 'bhk', 'aog', 'axb', 'bgy', 'bec', 'bcm', 'ark', 'auk', 'aht', 'ahn', 'ami', 'ara', 'azu', 'auj', 'aaz', 'bit', 'azy', 'aer']
['aun', 'bkz']
['bio', 'ayx', 'bhx', 'bcv', 'anv', 'aue']
['akd', 'ahh', 'baq']
['atz', 'bcu']
['aby']
['beg']
['asa']
['bbz']
['att']
['avy']
['ahx']
['ahf']
['bkg']
['akr']
['bfa']
['ani']
['aae']
['arx']
['bes']
['bbu']
['bck']
['aho']
['bej']
['ahs']
['azd']
['akv']
['axt']
['blq']
['anl']
['afy']
['aec']
['avf']
['bde']
['aag']
['bel']
['amj']
['aao']
['bkx']
['bji']
['aak']
['azr']
['bbr']
['azj']
['aen']
['aki']
['amk']
['aqm']
['ati']
['ajr']
['bhi']
['aty']
['bcy']
['acp']
['aok']
['arw']
['avr']
['ads']
['ajq']
['axj']
['alj']
['atg']
['aej']
['bau']
['atj']
['afk']
['anp']
['biw']
['abw']
['ajc']
['ayy']
['aor']
['bds']
['bjd']
['bdr']
['bkc']
['blh']
['aya']
['bgu']
['bld']
['bjx']
['aeh']
['bbc']
['alc']
['bhr']
['apv']
['aav']
['bbx']
['ahl']
['bhw']
['bli']
['ayc']
