['tr', 'ul', 'tz', 'd', 'mh', 'co', 'dv', 'vq', 'je', 'js']
['tx', 'kz', 'pl', 'ot', 'vs', 'jy', 'vd', 'hf', 'vh', 'ks']
['kj', 'p', 'bf', 'qg', 'sl', 'uu', 'gg', 'ej', 'vb', 'ko']
['ax', 'bb', 'ni', 'bv', 'sn', 'tv', 'fh', 'tb', 'oa', 'td']
['bc', 'rn', 'jl', 'jt', 'se', 'ml', 'ew', 'el', 'rl', 'jz']
['hl', 'lb', 'gd', 'lh', 'vw', 'fn', 'c', 'pn', 'ka', 'qz']
['re', 'so', 'fe', 'sc', 'sk', 'rp', 'de', 'tt', 'ui', 'jd']
['hv', 'at', 'ps', 'mn', 's', 'ly', 'ey', 'fq', 'le', 'mv']
['hu', 'ua', 'di', 'jx', 'hj', 'gb', 'mz', 'qv', 'ns', 'in']
['qo', 'sx', 'ee', 'ty', 'nm', 'vt', 'pb', 'la', 'kp', 'nr']
['dh', 'hm', 'dp', 'fx', 'm', 'hg', 'sm', 'ay', 'pv', 'kv']
['of', 'vv', 'er', 'oj', 'ld', 'bz', 'gw', 'tf', 'ft', 'nx']
['aw', 'ed', 'iz', 'gu', 'vg', 'hk', 'w', 'dz', 'fc', 'pu']
['br', 'mb', 'gj', 'kf', 'hp', 'jp', 'wb', 'ac', 'ru', 'dw']
['oh', 'rk', 'qm', 'qq', 'bt', 'im', 'ix', 'hb', 'jb', 'ea']
['od', 'ro', 'pp', 'bs', 'dd', 'qu', 'np', 'kb', 'ry', 'oe']
['iv', 'nv', 'tu', 'tj', 'ef', 'kh', 'mj', 'it', 'iw', 'au']
['jj', 'bn', 'en', 'ci', 'eg', 'mi', 'iq', 'ab', 'on', 'vy']
['nh', 'rg', 'my', 'kr', 'ez', 'mf', 'f', 'cn', 'ok', 'ex']
['li', 'mq', 'rs', 'eo', 'vn', 'gy', 'df', 'to', 'kd', 'if']
['kw', 'wa', 'os', 'nb', 'ju', 'bq', 'lk', 'hx', 'fi', 'ud']
['eh', 'cd', 'v', 'om', 'su', 'bx', 'k', 'nn', 'ce', 'jo']
['dt', 'bu', 'qk', 'pw', 'th', 'hw', 'st', 'ur', 'cq', 'iy']
['lw', 'pg', 'kk', 'is', 'lt', 'az', 'lm', 'rz', 'ct', 'qa']
['gf', 'qc', 'fg', 'qp', 'vl', 'vc', 'ek', 'lx', 'ku', 'fw']
['gk', 'rb', 'qf', 'rv', 'sz', 'sb', 'he', 'as', 'bm', 'uz']
['uh', 'ec', 'nk', 'sr', 'u', 'fy', 'bi', 'rh', 'rf', 'jr']
['un', 'ik', 'hn', 'nq', 'ip', 'jc', 'gc', 'rx', 'hq', 'ti']
['bg', 'bp', 'jw', 'mk', 'vp', 'nz', 'dl', 'tk', 'fs', 'qj']
['ra', 'al', 'mp', 'cr', 'ha', 'nj', 'pj', 'vz', 'gn', 'bj']
['uf', 'ma', 'ls', 'fz', 'gh', 'vi', 'uy', 'vr', 'us', 'ch']
['px', 'gz', 'uj', 'rc', 'jg', 'bd', 'qw', 'fl', 'cp', 'rd']
['ky', 'ap', 'cu', 'pm', 'po', 'ia', 'vx', 'dx', 'ep', 'tl']
['nc', 'ev', 'by', 'oz', 'fp', 'ho', 'gr', 'rr', 'ff', 'r']
['up', 'sw', 'mx', 'aj', 'qr', 'db', 'y', 'ux', 'cl', 'lv']
['ox', 'uo', 'mr', 'py', 'kl', 'cj', 'cy', 'bk', 'pk', 'ph']
['ei', 'lp', 'vo', 'z', 'oy', 'cm', 'ge', 'uc', 'i', 'lg']
['sg', 'mo', 'bl', 'kc', 'si', 'qs', 'qy', 'gx', 'ck', 'fb']
['jn', 'ag', 'mc', 'jf', 'op', 'bo', 'l', 'af', 'ai', 'pq']
['sq', 'ae', 'gp', 'x', 'kg', 'lj', 'dn', 'fk', 'ij', 'tc']
['tw', 'nf', 'ao', 'h', 'oo', 'ir', 'io', 'kt', 'qh', 'ue']
['ri', 'na', 'iu', 'fv', 'tg', 'sd', 'fu', 'hr', 'pf', 'ih']
['vm', 'n', 'fa', 'aq', 'em', 'ts', 'ta', 'cg', 'ii', 'uk']
['jm', 'zz', 'fo', 'rj', 'kn', 'rw', 'sv', 'qd', 'gs', 'pz']
['or', 'et', 'an', 'ub', 'ar', 'gm', 'qi', 'ne', 'jv', 'be']
['j', 'jq', 'va', 'og', 'me', 'cs', 'e', 'ow', 'ga', 'kx']
['ad', 'uv', 'vf', 'b', 'rt', 'mm', 'cb', 'bw', 'aa', 'hs']
['sa', 'pd', 'um', 'ah', 'sj', 'hy', 'lq', 'nl', 'fr', 'sf']
['eb', 'gi', 'rm', 'cw', 'nw', 'oq', 'mg', 'ov', 'gv', 'ng']
['do', 'dr', 'ou', 'ji', 'lf', 'oi', 'gl', 'cz', 'vu', 'ln']
['sy', 'qb', 'hi', 'av', 'ic', 'ss', 'te', 'cv', 'fm', 'km']
['tq', 'hc', 'bh', 'ig', 'tn', 'pi', 'vk', 'ut', 'gt', 'pa']
['lz', 'cc', 'nd', 've', 'uq', 'ca', 'dg', 'ie', 'sh', 'g']
['qx', 'fj', 'am', 'ki', 'tm', 'hz', 'ak', 'lr', 'dk', 'da']
['mt', 'ba', 'hd', 'o', 'dm', 'gq', 'lc', 'ob', 'll', 'eq']
['kq', 'pt', 'ds', 'ht', 'il', 'dy', 'uw', 'ja', 't', 'no']
['go', 'ny', 'md', 'pr', 'q', 'hh', 'oc', 'qn', 'rq', 'jh']
['tp', 'dq', 'sp', 'qt', 'mw', 'du', 'dc', 'pc', 'pe', 'eu']
['ke', 'lu', 'nt', 'ql', 'cx', 'fd', 'dj', 'qe', 'es', 'ib']
['jk', 'vj', 'lo', 'ms', 'a', 'ol', 'ug', 'nu', 'cf', 'mu']
