['43', '694', '773', '131', '761', '388', '501', '275', '92', '531', '600', '101', '566', '680', '913']
['454', '612', '956', '890', '866', '916', '996', '166', '824', '967', '634', '384', '674', '529', '105']
['445', '422', '457', '55', '655', '29', '605', '437', '198', '449', '959', '687', '23', '978', '535']
['638', '304', '562', '462', '783', '354', '167', '58', '220', '745', '248', '891', '644', '935', '790']
['748', '168', '624', '424', '718', '523', '274', '900', '699', '854', '595', '367', '256', '752', '677']
['204', '9', '622', '362', '530', '82', '620', '97', '396', '580', '642', '73', '848', '676', '31']
['851', '496', '211', '818', '233', '789', '553', '353', '414', '544', '401', '458', '542', '409', '498']
['412', '926', '94', '833', '985', '279', '693', '591', '332', '659', '685', '17', '281', '981', '697']
['489', '331', '153', '925', '223', '986', '361', '106', '336', '955', '527', '578', '289', '308', '382']
['971', '110', '456', '442', '190', '792', '464', '582', '574', '313', '440', '575', '241', '235', '343']
['407', '998', '853', '265', '288', '62', '140', '863', '877', '24', '20', '548', '277', '207', '30']
['771', '33', '626', '731', '76', '585', '480', '650', '88', '827', '395', '373', '298', '736', '240']
['70', '294', '657', '769', '751', '317', '665', '219', '756', '103', '525', '473', '276', '369', '11']
['929', '763', '850', '224', '386', '864', '408', '259', '679', '741', '635', '661', '522', '746', '15']
['497', '856', '846', '249', '91', '970', '791', '958', '218', '873', '116', '558', '123']
['446', '488', '973', '270', '623', '901', '339', '964', '141', '867', '161', '928', '126']
['541', '721', '683', '671', '974', '137', '432', '921', '108', '80', '698', '559', '538', '144', '549']
['128', '519', '707', '323', '36', '937', '832', '363', '727', '228', '776', '576', '904', '885', '545']
['490', '750', '908', '180', '714', '85', '324', '416', '720', '817', '543', '71', '89', '520', '111']
['609', '905', '461', '546', '849', '941', '368', '506', '193', '819', '169', '770', '356']
['334', '242', '291', '934', '124', '164', '579', '143', '129', '16', '352', '342', '823', '404', '810']
['502', '729', '820', '592', '835', '8', '568', '47', '509', '947', '839', '762', '740', '433', '794']
['597', '146', '654', '134', '857', '302', '603', '403', '809', '423', '749', '586', '26', '330']
['329', '758', '266', '252', '310', '262', '550', '719', '912', '37', '589', '74', '753', '730']
['982', '380', '689', '513', '322', '321', '213', '781', '381', '40', '588', '309', '774', '742']
['778', '933', '923', '263', '930', '428']
['154', '379', '60', '495', '405', '710', '439', '393', '614', '829', '704', '374']
['647', '526', '118', '100', '135', '775', '636', '176', '236', '297', '785']
['359', '87', '127', '896', '672', '957', '136', '954', '149', '232', '903', '170', '158']
['292', '802', '594', '608', '326', '189', '421', '269', '247', '625', '963', '822']
['917', '383', '366', '320', '35', '607', '518', '681', '226', '621']
['803', '194', '222', '196', '79', '65', '178', '667', '420', '159', '652']
['402', '602', '632', '418', '215', '253', '539', '716', '312', '533', '174', '399', '371']
['807', '894', '504', '599', '717', '177', '889']
['427', '994', '881', '946', '246', '387', '796', '834', '801', '512', '507', '972', '943', '316', '709']
['325', '845', '200', '700', '691', '314', '611', '181', '841', '952', '429', '992']
['564', '843', '645', '557', '976', '573', '880', '500', '344', '272', '469', '255', '968', '487', '400']
['376', '192', '983', '797', '122', '115', '208', '768', '173', '510', '287', '185']
['475', '682', '44', '7', '230', '486', '660', '315', '532']
['104', '340', '258', '787', '78', '537', '61', '68', '649', '670', '948', '493', '806', '997']
['364', '119', '633', '360', '944', '1', '390', '447', '452', '979', '157', '838', '349']
['14', '182', '463', '261', '10', '869', '556', '183', '860', '590', '514', '646', '812', '21', '706']
['940', '722', '125', '151', '284', '333', '618', '443', '195']
['766', '567', '214', '365', '808', '63', '815', '945', '826', '830']
['962', '910', '295', '465', '267', '902', '836', '788', '453']
['886', '120', '90', '911', '927', '950', '960']
['865', '989', '163', '112', '451', '81', '243', '95', '25']
['524', '210', '109', '22', '278', '551', '27', '755']
['702', '419', '444', '816', '199', '828', '273', '238']
['18', '57', '413', '355', '468', '83', '779', '42', '251', '673', '448', '470', '571', '301', '966']
['435', '703', '825', '883', '175']
['619', '780', '977', '767', '534', '216', '924', '598', '939', '5', '335', '505', '684', '32', '392']
['859', '922', '735', '56', '59', '476', '378', '715', '855']
['84', '990', '932', '918', '139', '283', '13', '805', '96']
['483', '296', '728', '587', '942']
['337', '212', '268', '560', '306', '739', '782']
['713', '915', '482', '305', '528', '610', '895', '641', '286', '51', '107']
['570', '804', '39', '711', '346', '46']
['436', '34', '186', '666', '358', '616', '536', '798', '701', '628', '640', '561', '919', '299']
['732', '184', '951', '688', '662', '862', '239', '663', '225', '884', '481', '563', '795']
['604', '64', '936', '629', '675', '893', '117', '765', '425', '477', '205', '872', '678', '708']
['203', '351', '0', '282', '811', '695', '508', '892', '385']
['345', '914', '318', '187', '844', '280', '984', '53', '38', '434', '415']
['348', '6', '397', '577', '583', '290']
['705', '747', '49', '743', '800']
['264', '179', '172', '712', '466', '484', '898', '410', '162', '975']
['221', '980', '209', '411', '879', '459', '821', '668', '726', '202', '515', '987']
['991', '639', '75', '738', '54', '455']
['114', '50', '197', '372', '132', '311', '615', '201', '229', '142', '906']
['733', '725', '260', '521', '630', '593', '156']
['555', '41', '552', '651', '244', '98', '347', '777']
['67', '734', '72', '474']
['840', '988', '723', '909', '837', '888', '772']
['391', '627', '165', '871', '4', '45', '417', '12']
['148', '931', '965', '784', '138', '150', '77', '28', '995', '606', '882', '596', '441', '878', '254']
['319', '831', '394', '993', '460']
['643', '653', '3', '494', '257']
['113', '899']
['341', '648', '471', '517']
['757', '160', '93', '852', '491', '744', '191', '656', '664']
['799', '503', '467', '19', '271']
['737', '188', '245', '584', '690', '569', '231']
['875', '617', '724', '338', '601', '938', '907', '870', '658', '874', '669', '692']
['66', '949', '786']
['637', '426', '961', '48', '438', '759', '581', '300', '285']
['130', '847', '631', '237', '472']
['303', '145', '206', '377', '133']
['969', '793', '516', '554', '398', '868']
['430', '431', '887']
['293', '69']
['450', '307', '171', '155', '492']
['350', '121', '565', '227']
['370', '250', '572', '86', '686', '357', '99', '499', '764', '102']
['389', '953']
['540', '406', '696', '813', '876', '478']
['547', '897', '485', '754', '842', '511', '152', '920', '52']
['147', '858', '760']
['375', '814', '479', '217', '861']
['234', '327', '613', '2']
['999', '328']
