['537', '533', '523', '595', '582', '552', '548', '538', '546', '535', '571', '549', '580', '555', '526', '570', '519', '502', '540', '513', '550', '599', '544', '579', '574', '560', '512', '505', '520', '583', '515', '563', '567', '572', '534', '554', '539', '561', '503', '504', '509', '587', '591', '589', '596', '507', '522', '527', '542', '547', '597', '564', '516', '593', '592', '553', '568', '556', '573', '525', '585', '500', '521', '518', '565', '506', '531', '575', '566', '529', '545', '569']
['153', '134', '186', '120', '125', '188', '183', '115', '122', '136', '129', '108', '173', '152', '130', '107', '142', '195', '162', '102', '148', '110', '123', '154', '147', '163', '192', '109', '190', '117', '181', '140', '112', '166', '189', '178', '149', '105', '156', '146', '100', '175', '138', '172', '174', '124', '171', '159', '116', '185', '104', '128', '113', '119', '127', '139', '167', '191', '143', '199', '158', '126']
['337', '380', '383', '345', '391', '338', '360', '317', '354', '305', '311', '333', '398', '352', '336', '342', '387', '319', '309', '346', '316', '308', '369', '348', '334', '379', '375', '321', '310', '312', '386', '328', '393', '340', '368', '327', '361', '306', '396', '300', '384', '358', '301', '356', '347', '392', '370', '325', '376', '359', '364', '351', '355', '320', '323', '365', '394', '314', '388', '377', '367', '397', '341', '315', '374', '302', '307', '304', '362', '339', '357', '399', '303', '335', '373', '343']
['496', '490', '413', '482', '408', '453', '431', '448', '420', '404', '410', '409', '498', '489', '407', '444', '472', '421', '414', '447', '493', '434', '439', '424', '451', '442', '488', '436', '497', '461', '495', '462', '405', '416', '411', '491', '468', '474', '438', '435', '440', '443', '483', '428', '455', '456', '418', '465', '464', '471', '437', '449', '458', '469', '430', '494', '499']
['203', '233', '252', '282', '205', '226', '281', '206', '294', '211', '237', '246', '253', '223', '262', '278', '224', '251', '280', '277', '243', '283', '299', '217', '240', '258', '292', '227', '214', '295', '266', '200', '222', '249', '230', '274', '245', '257', '234', '201', '248', '232', '272', '244', '276', '297', '202', '254', '289', '290', '285', '288', '264', '204', '210', '270', '267', '265', '208', '220', '268', '259', '260', '286', '216', '225']
['419']
['70', '34', '49', '60', '10', '3', '17', '65', '28', '91', '76', '75', '23', '38', '43', '46', '11', '64', '93', '55', '29', '57', '77', '79', '41', '82', '66', '63', '72', '47', '81', '12', '13', '51', '89', '74', '15', '96', '50', '44', '0', '61', '58', '99', '45', '16', '5', '69', '71', '2', '54', '21', '25', '26', '95', '84', '78', '83', '67', '8', '85', '1', '24', '22', '4', '90', '80', '97', '88', '53', '59', '6', '30']
['372']
['487']
['578']
['511']
['184']
['402']
['557']
['98']
['269']
['326']
['389']
['194']
['160']
['536']
['87']
['508']
['141']
['207']
['256']
['426']
['450']
['213']
['209']
['425']
['415']
['470']
['212']
['293']
['27']
['86']
['581']
['501']
['221']
['514']
['52']
['466']
['446']
['329']
['137']
['37']
['558']
['165']
['176']
['344']
['170']
['31']
['484']
['517']
['350']
['263']
['151']
['562']
['486']
['480']
['401']
['594']
['103']
['532']
['460']
['106']
['121']
['441']
['187']
['7']
['528']
['445']
['296']
['454']
['457']
['452']
['492']
['400']
['241']
['395']
['577']
['432']
['467']
['332']
['273']
['412']
['242']
['18']
['9']
['161']
['541']
['39']
['33']
['236']
['198']
['219']
['287']
['366']
['255']
['530']
['135']
['177']
['349']
['551']
['42']
['164']
['247']
['427']
['215']
['378']
['479']
['477']
['73']
['476']
['463']
['68']
['111']
['406']
['598']
['381']
['313']
['239']
['228']
['182']
['114']
['168']
['543']
['19']
['559']
['14']
['331']
['353']
['196']
['218']
['197']
['586']
['485']
['101']
['588']
['261']
['318']
['150']
['417']
['36']
['238']
['459']
['193']
['132']
['231']
['478']
['144']
['35']
['330']
['433']
['403']
['473']
['133']
['481']
['179']
['32']
['62']
['20']
['131']
['524']
['157']
['250']
['235']
['363']
['324']
['56']
['180']
['271']
['145']
['92']
['382']
['371']
['229']
['284']
['155']
['423']
['275']
['576']
['385']
['40']
['510']
['422']
['390']
['291']
['94']
['298']
['279']
['169']
['48']
['429']
['322']
['118']
['475']
['590']
['584']
