['496', '334', '475', '622', '442', '497', '495', '608', '77', '758', '665', '42', '632', '500', '417', '342', '275', '630', '309']
['103', '311', '348', '361', '349', '86', '58', '272', '276', '487', '26', '121', '592', '87', '85', '720', '679', '741', '20', '216', '680', '30']
['233', '115', '725', '526', '707', '519', '242', '735', '135', '181', '414', '651', '92', '705', '520', '583', '340', '787', '713', '780', '468', '101', '677', '458', '521', '335', '415', '578', '753']
['148', '617', '364', '109', '124', '616', '716', '280', '196', '615', '536', '188', '157', '762', '587', '89', '586', '736', '706']
['84', '113', '379', '304', '68', '67', '66', '249', '504', '368', '69', '634', '653', '404', '74', '772', '31']
['184', '331', '533', '688', '645', '183', '550', '125', '212', '582', '39', '437', '40', '358', '774', '21', '508', '382']
['609', '355', '320', '450', '763', '213', '426', '230', '377', '447', '75', '449', '607', '605', '448', '441', '469', '229', '13', '451', '123']
['337', '594', '710', '245', '517', '220', '687', '518', '678', '777']
['380', '767', '94', '360', '197', '28', '91', '305', '792', '610', '649', '574', '12', '27', '96', '476', '95', '547', '250', '784', '291', '464', '471', '585', '97', '663', '433', '298']
['732', '647', '733', '773', '413', '246', '147', '7', '326', '509', '122', '579', '731', '438', '559', '169', '752', '549', '785']
['648', '389', '215', '317', '693', '403', '255', '11', '64', '691', '29', '278', '695', '694', '100', '172', '467', '371', '307', '259', '652', '545', '692']
['153', '418', '734', '83', '671', '675', '672', '262', '224', '474', '670', '435', '701', '673', '613', '243', '459', '584', '315', '350', '287']
['737', '226', '182', '163', '82', '501', '512', '32', '793', '359', '175', '724', '234', '405', '723', '274', '711', '636', '588', '297', '738', '742', '624', '33', '265', '228', '739']
['70', '657', '523', '667', '205', '782', '118', '386', '273', '664', '258', '292', '365', '714', '411', '367', '522', '674', '524', '771', '660', '525', '640']
['345', '344', '546', '281', '206', '375', '366', '321', '666', '166', '376', '323', '322', '266', '686', '611', '626', '635', '289', '52', '18', '268', '510', '709', '499']
['750', '221', '186', '779', '528', '136', '333', '73', '619', '627', '421', '251', '72', '747', '306', '283', '424', '422', '488', '219', '783', '589', '244', '703', '362', '22', '339', '296', '356', '423']
['490', '412', '797', '544', '167', '796', '324', '717', '81', '178', '420', '505', '642', '561', '373', '798']
['14', '211', '138', '165', '139', '388', '140', '151', '108', '551', '698', '558']
['325', '3', '540', '253', '4', '80', '218', '5', '746', '764', '6']
['555', '489', '329', '168', '696', '252', '631', '639', '381', '480', '543', '384', '481', '697']
['562', '463', '9', '44', '465', '637', '267', '65', '41', '62', '466', '756', '99', '38', '749', '790']
['638', '338', '279', '282', '661', '538', '387', '263', '346', '142', '207', '794', '235', '470', '111', '407', '102', '740', '200', '461', '554', '722', '141', '542', '708', '573', '143', '225', '144']
['602', '604', '383', '214', '601', '8', '164', '603', '599', '685', '760', '621', '149', '791', '656', '600', '770', '795', '156']
['564', '729', '288', '728', '24', '781', '493', '286', '726', '170', '727', '593', '730']
['231', '419', '310', '553', '79', '482', '127', '132', '133', '129', '88', '152', '625', '131', '130', '743', '303', '385']
['146', '654', '633', '391', '394', '393', '503', '390', '269', '189', '473', '581', '396', '576', '514', '395', '347', '410', '494', '369', '392']
['402', '537', '452', '316', '238', '241', '57', '237', '236', '240', '0', '641', '598', '440', '755', '681', '479', '116', '290', '676', '209', '90', '239', '460', '23']
['757', '748', '128', '293', '778', '227', '629', '61', '530', '606', '765', '208', '313', '531', '643', '529', '577', '532', '25', '330']
['516', '204', '49', '472', '187', '491', '595', '745', '596', '565', '397', '566', '254', '515']
['264', '34', '36', '150', '751', '374', '591', '408', '328', '552', '35', '37', '614', '719', '202', '46', '54']
['571', '570', '623', '761', '155', '513', '48', '628', '572', '416', '775', '788', '201', '247', '45', '650', '248', '341', '702', '511', '432', '569']
['179', '597', '55', '457', '683', '485', '539', '557', '486', '353', '295', '484', '17', '483', '378', '575', '217']
['436', '93', '78', '114', '769', '318', '721', '690', '357', '548', '198', '15', '177', '300', '59', '301', '534', '302', '299', '498']
['766', '427', '502', '799', '2', '462', '174', '47', '1', '744', '199', '176', '430', '271', '646', '429', '428', '431', '409']
['194', '336', '195', '580', '541', '682', '192', '223', '112', '284', '759', '563', '137', '332', '507', '669', '185', '210', '119', '568', '620', '260', '193', '53']
['160', '98', '786', '50', '351', '655', '372', '354', '662', '191', '352', '560', '644', '16', '159', '162', '161', '535', '158']
['445', '446', '294', '270', '444', '700', '10', '312', '363', '257', '699', '590', '506', '443', '277', '107', '43', '704', '715']
['567', '134', '314', '789', '120', '712', '406', '63', '401', '399', '398', '425', '477', '776', '256', '668', '527', '478', '308', '400']
['60', '453', '319', '454', '154', '110', '190', '327', '434', '51', '439', '19', '370', '612', '492', '754', '618', '659', '71', '684', '455', '456', '658', '343']
['104', '203', '689', '261', '180', '126', '56', '222', '556', '117', '718', '145', '768', '76', '173', '171', '232', '106', '105', '285']
