['17', '18', '16', '15', '351']
['297', '298', '295', '37']
['289', '411']
['104', '891', '103']
['783', '782']
['452', '449', '774', '451']
['574', '530', '531']
['325', '326', '916', '323', '216']
['840', '247', '224']
['746', '510', '743', '745']
['429', '428', '19', '329']
['633', '634', '631', '632', '116']
['701', '704', '703', '49', '644']
['600', '833', '802', '621']
['139', '138', '874']
['399', '637', '609', '829', '187']
['148', '895', '149', '870']
['912', '911', '196', '914']
['97']
['292', '431']
['585', '798', '817']
['542', '776', '540']
['857']
['660', '54', '659', '661', '662']
['253', '740', '255', '495', '256']
['23', '22', '604', '572', '30']
['268', '14']
['65', '125', '254', '175']
['560', '357']
['766', '188', '583', '217', '582']
['485', '484', '486', '308', '487']
['307', '306', '145']
['415', '589', '590', '131', '592']
['129', '551', '552', '296']
['442', '444', '443']
['896', '691']
['341', '213', '212', '211', '214']
['751', '750', '753', '84']
['438', '435', '437', '595', '348']
['370', '430', '381', '520', '382']
['516', '517']
['666', '142', '504', '884', '538']
['849', '119']
['628', '629']
['781', '839', '32', '29', '31']
['245']
['757', '759', '758', '462', '760']
['655', '402', '481', '403', '400']
['349', '174', '173', '241', '657']
['856', '855']
['406', '789', '336', '790', '474']
['39', '440', '448']
['810', '811']
['626', '624', '625', '627']
['112']
['476']
['88', '87', '713', '878', '85']
['483', '678', '722']
['8', '9', '663', '10', '11']
['154', '361']
['696', '694', '140', '697']
['893', '95', '94', '92', '21']
['445']
['337', '826', '339', '338']
['450', '725', '82', '388', '390']
['272', '271', '892']
['314', '313']
['806', '146', '808', '807', '809']
['897', '898']
['915', '239', '433', '858', '234']
['721', '506', '235', '723']
['20', '728', '579', '405']
['201', '202']
['333', '159', '331', '617', '330']
['384', '876']
['860', '353', '880']
['90', '89']
['319', '316', '318']
['130', '716', '875', '383', '879']
['611', '305', '821', '610', '712']
['63']
['502', '503', '734']
['709', '708', '710']
['81', '439', '345', '630']
['207', '204', '206', '205']
['447', '364', '873', '499']
['340']
['859', '27', '695']
['157', '158', '885', '155']
['77', '407', '408', '410', '409']
['824', '121', '825', '244', '240']
['185', '183', '537', '186']
['276', '118', '274', '132', '275']
['350']
['181']
['788', '608', '787', '668', '310']
['508', '852', '853', '391', '755']
['120', '636', '493', '494', '491']
['838', '249', '248', '246']
['135', '464', '612']
['828', '529', '299', '528']
['735', '315', '613', '623']
['463', '466', '465']
['649', '427', '105', '257']
['527', '868']
['489', '614', '908', '615']
['193', '192', '190']
['170']
['813', '854', '816', '24', '815']
['284', '281', '283', '91']
['705', '801', '706']
['380', '379', '658', '747']
['252', '651']
['889', '543', '772', '113']
['748', '53', '50', '52', '51']
['294']
['744', '267', '270', '269', '546']
['179', '177', '178', '176']
['866', '354', '867']
['699', '711', '642']
['845', '768', '769', '404']
['775', '913']
['490', '591']
['45', '43', '909', '46', '497']
['395', '394', '393', '396', '767']
['127', '622', '765']
['425', '426', '355']
['59', '652', '57', '60']
['136', '78', '650', '134', '137']
['903', '210']
['266', '901', '902']
['717', '749', '718', '715', '693']
['436']
['814']
['832', '67', '64', '373', '66']
['70', '714', '724']
['258', '733']
['577', '578', '906', '575']
['805']
['553', '372']
['561', '562', '564', '563']
['166', '763', '44', '167', '791']
['398', '28', '669', '515', '514']
['566', '565']
['74', '593', '762', '72', '71']
['570', '571', '568', '883', '569']
['273', '719', '587', '369', '720']
['812']
['851', '453', '421', '0', '424']
['279', '108', '106', '777', '109']
['567', '635', '147', '492']
['195', '194']
['334', '335']
['110', '111', '126']
['203', '727', '38', '420', '69']
['182', '907']
['702']
['681', '412', '347', '344', '356']
['301']
['352', '467', '468']
['259', '601', '602']
['665', '886', '482']
['35', '686', '784']
['554', '780', '555', '556', '557']
['496', '532']
['541', '80', '343']
['371', '107', '242']
['605', '603', '606', '378']
['277']
['98', '6']
['233', '764', '232']
['47', '48']
['672', '96', '311']
['61', '62', '894', '386']
['322', '446', '512', '847', '513']
['500', '501']
['844', '841', '215', '117', '843']
['526', '677']
['646', '645', '648', '647']
['865', '846', '864', '862', '877']
['675', '25', '559', '434', '558']
['99', '101', '619', '100', '102']
['732', '731', '726', '729', '730']
['679', '417', '416', '910', '414']
['800', '799', '419', '309']
['367', '368', '7', '365', '741']
['581', '842', '545', '237', '236']
['837', '835', '389', '836', '834']
['238', '12', '511', '742']
['422', '607', '770']
['168', '374']
['165', '164', '162', '163']
['507', '454', '778', '332', '161']
['576', '863']
['328']
['620', '803', '804']
['304', '302', '536', '535', '533']
['524']
['549', '432', '684', '580', '387']
['480', '477', '478', '479', '594']
['230', '223', '122', '229']
['227', '225', '226', '488', '228']
['685']
['752', '670']
['264', '1', '265', '505', '324']
['456', '458', '459', '457', '861']
['34', '773', '33']
['143', '144', '141']
['547', '779', '498', '133']
['688', '114', '687', '79']
['250', '830', '251']
['899', '900', '13', '761']
['360', '68', '303']
['639', '638', '544', '300']
['831', '153', '152', '231']
['689', '690', '26']
['282', '643', '115', '2']
['40', '41', '189', '385']
['667', '199', '200', '86', '392']
['293', '905']
['754', '882', '616', '618', '827']
['674', '673', '756']
['366', '786', '509', '785', '441']
['58', '676', '180']
['596', '598', '599', '128', '654']
['475', '5']
['73']
['317', '771']
['358', '707', '700', '42', '418']
['184', '312']
['423']
['822', '698', '823', '820']
['346', '342', '904']
['584', '518', '692', '848']
['597', '548', '191']
['737', '521', '397', '519', '522']
['209', '469', '208']
['218', '221', '219', '4', '220']
['56', '641', '287', '539']
['671', '881', '327']
['156', '291', '550', '290', '288']
['797', '796']
['473', '472', '470']
['172', '171', '169', '818', '83']
['525', '738', '739', '736']
['359', '362', '36']
['321', '640', '160', '320']
['890', '286', '285']
['376', '93', '586', '377']
['656', '455', '461', '460']
['523', '401']
['222', '260', '262', '261', '263']
['872', '869', '3', '871']
['76', '75', '850']
['375', '278', '682', '680', '683']
['653', '534']
['280', '573']
['151', '55', '471', '150']
['413', '888', '887']
['198', '124', '197', '243']
['588', '664', '819', '363']
['793', '794', '792', '795', '123']
