['780', '34', '36', '64', '436', '497', '594', '778', '697', '65', '35', '4', '458', '332', '448', '5', '6', '330']
['391', '212', '118', '102', '619', '866', '922', '603', '792', '131', '874', '89', '793', '787', '58', '804', '738', '845', '119', '784', '87', '88', '704']
['427', '457', '10', '60', '849', '712', '745', '854', '911', '605', '344', '734', '905', '599', '278', '834', '425', '759', '287', '910', '426', '245', '428', '159', '455', '456', '220', '97', '876', '481', '692', '499']
['693', '887', '452', '477', '570', '7', '574', '651', '774', '621', '714', '274', '201', '698', '650', '588', '681', '706', '84', '113', '672', '739', '433', '17', '578']
['751', '317', '319', '346', '73', '892', '348', '808', '615', '536', '441', '656', '349', '664', '175', '320', '378', '288', '929', '908', '318', '191', '810', '795']
['94', '91', '687', '630', '577', '93', '62', '63', '756', '72', '92', '872', '32', '820', '61', '916', '411', '788', '141', '290', '918', '569']
['406', '665', '631', '548', '590', '541', '412', '627', '79', '361', '914', '710', '462', '719', '31', '861', '209', '679', '303', '680', '826', '709']
['184', '154', '214', '472', '890', '67', '183', '606', '399', '634', '809', '387', '356', '158', '185']
['279', '408', '486', '924', '38', '404', '498', '555', '888', '515', '567', '485', '754', '781', '635', '54', '487', '250', '516', '907', '390', '847', '469', '423', '170']
['859', '402', '9', '282', '108', '342', '369', '400', '580', '454', '729', '735', '48', '370', '340', '713', '926', '372', '626', '722', '371', '341', '547', '524', '1', '743', '23', '373']
['667', '207', '238', '206', '235', '689', '886', '444', '237', '540', '112', '81', '243', '236', '266', '775', '800', '443', '609', '267', '265', '530', '296', '286', '218', '510', '867']
['767', '832', '858', '420', '43', '246', '312', '473', '493', '306', '277', '275', '705', '814', '694', '261', '138', '671', '503', '598', '685', '276', '906', '160']
['352', '514', '309', '226', '721', '321', '816', '644', '913', '382', '351', '292', '323', '322', '230', '353', '381', '507', '350', '116', '901', '42', '415', '494']
['638', '737', '482', '188', '431', '106', '805', '111', '110', '915', '109', '846', '262', '140', '747', '543', '839', '812', '647', '232', '315', '527', '822', '568', '883', '80', '801']
['648', '345', '601', '213', '145', '891', '255', '253', '224', '501', '284', '283', '632', '474', '589', '101', '254', '18', '602', '927', '39', '741', '225', '928', '30']
['917', '760', '333', '581', '395', '878', '334', '77', '393', '896', '363', '731', '520', '424', '100', '364', '365', '394', '222', '863', '69', '304', '418', '850', '535']
['654', '894', '354', '903', '410', '682', '622', '623', '653', '27', '919', '803', '655', '200', '137', '684', '742', '479', '875', '683', '696', '22', '208', '239', '565', '216', '652', '298']
['502', '270', '884', '733', '723', '71', '464', '528', '607', '272', '271', '300', '301', '52', '241']
['104', '114', '134', '163', '194', '545', '3', '164', '135', '196', '523', '133', '830', '921', '313', '193', '770', '483', '895', '195', '105']
['203', '204', '83', '233', '167', '573', '660', '90', '173', '559', '506', '202', '825']
['122', '152', '205', '11', '123', '375', '242', '147', '181', '920', '439', '833', '150', '902', '435', '576', '26', '121', '362', '357', '151', '824', '658', '730']
['14', '44', '675', '716', '85', '280', '870', '727', '45', '75', '16', '636', '13', '478', '143', '828', '247', '841', '618', '46', '15']
['325', '156', '155', '55', '923', '688', '127', '125', '763', '117', '718', '779', '180', '821', '531', '813', '25', '96', '126']
['490', '337', '338', '758', '552', '398', '336', '776', '142', '549', '366', '843', '396', '797', '367', '397', '374', '772', '865', '307', '199', '432']
['389', '853', '28', '129', '538', '881', '419', '29', '893', '544', '328', '269', '386', '882', '149', '505', '358', '299', '889', '329', '392', '359', '857', '818', '491', '869', '877', '509', '176', '440', '873', '749', '629', '897', '639', '518', '460', '59', '885']
['179', '807', '403', '407', '178', '258', '468', '789', '249', '377', '257', '829', '2', '746', '669', '702', '139', '259', '228', '449', '229', '534']
['305', '308', '192', '47', '909', '838', '879', '612', '461', '572', '611', '762', '613', '171', '726', '676', '597', '771', '210', '465', '614', '643', '642']
['50', '49', '700', '197', '783', '311', '837', '20', '551', '659', '51', '646', '316', '21', '19', '862', '385']
['489', '519', '553', '174', '291', '414', '610', '582', '585', '76', '701', '327', '584', '98', '690', '583', '470', '855']
['533', '453', '130', '586', '379', '617', '421', '752', '429', '563', '785', '562', '925', '172', '836', '880', '40', '673', '755', '532', '564', '592', '556', '842', '640', '561', '593']
['221', '383', '68', '324', '817', '717', '661', '263', '162', '766', '526', '294', '293', '466', '189', '796', '871', '166', '560', '904', '217', '168', '295', '234', '596', '522', '764', '677', '264', '851', '768', '625', '668']
['446', '380', '463', '773', '215', '856', '728', '136', '815', '148', '57', '513', '637', '223', '41', '251', '198', '628', '512', '695', '273', '868', '678', '898', '347', '240', '852', '633', '86', '539', '554', '495', '219', '591', '670', '791', '289', '840', '645', '24', '339', '765', '268', '484', '437', '161', '70', '496', '604', '750', '537', '360', '595', '860', '725', '459', '546', '571', '107', '732', '182', '666', '56', '912', '368', '417', '819', '823', '74', '715', '146', '227', '314', '124', '416', '699', '467', '169', '244', '297', '674', '95', '899', '187', '450', '8', '720', '500', '53', '663', '511', '430', '799', '413', '657', '608', '252', '120', '864', '103', '558', '409', '782', '508', '707', '691', '211', '761', '835', '616', '550', '649', '517', '579', '37', '480', '806', '384', '790', '451', '798', '422', '492', '355', '769', '405', '686', '557', '504', '99', '641', '248', '827', '302', '285', '748', '128', '624', '703', '78', '157', '256', '144', '848', '777', '736', '343', '757', '153', '786', '445', '186', '326', '744', '115', '662', '600', '281', '794', '231', '310', '66', '82', '811', '447', '12', '740', '434', '376', '331', '442', '488', '475', '724', '0', '831', '388', '900', '132', '587', '438', '711', '542', '476', '708', '802', '33', '844', '165', '471', '401', '620', '525', '260', '521', '177', '335', '575', '566', '529', '753', '190']
