['221', '654', '537', '213', '745', '76', '75', '477', '319', '238', '575', '149', '430', '13', '273', '19', '32', '331', '436', '488', '50', '180', '61', '219', '137', '35', '169', '385', '84', '87', '259', '437', '506', '642', '692']
['757', '763', '528', '387', '346', '107', '498', '580', '407', '412', '163', '253', '117', '277', '752', '15', '567', '359', '769', '710', '797', '411', '245', '176', '272', '5', '159', '378', '487', '36', '516', '399', '20', '625', '566']
['10', '317', '326', '728', '582', '453', '344', '448', '667', '38', '600', '558', '538', '336', '508', '369', '11', '732', '82', '628', '705', '347', '715', '314', '509', '762', '440', '527', '684', '547', '748', '401', '225', '529', '569']
['490', '581', '255', '409', '555', '294', '375', '419', '386', '731', '653', '560', '493', '695', '74', '664', '217', '156', '612', '175', '44', '0', '322', '416', '670', '598', '71', '285', '119', '530', '660', '511', '303', '709', '499']
['648', '194', '482', '188', '103', '108', '661', '123', '489', '348', '606', '610', '166', '759', '651', '313', '512', '656', '301', '370', '461', '320', '164', '438', '31', '784', '568', '672', '339', '768', '573', '208', '720', '458', '6']
['799', '197', '212', '486', '403', '354', '452', '617', '444', '237', '135', '181', '536', '236', '584', '329', '146', '292', '495', '485', '222', '372', '503', '257', '467', '232', '636', '764', '726', '742', '254', '564', '318', '286', '218']
['94', '60', '608', '324', '333', '309', '577', '235', '148', '192', '734', '7', '603', '792', '615', '327', '287', '439', '790', '694', '562', '442', '261', '723', '266', '698', '332', '483', '160', '624', '585', '565', '531', '478', '593']
['389', '391', '693', '770', '470', '689', '540', '109', '666', '616', '421', '649', '361', '543', '92', '426', '576', '341', '101', '738', '772', '330', '524', '18', '104', '602', '553', '209', '143', '500', '743', '229', '59', '510', '481']
['203', '657', '338', '305', '630', '404', '549', '195', '110', '517', '425', '647', '724', '468', '671', '557', '388', '587', '132', '244', '297', '681', '542', '609', '307', '121', '210', '187', '357', '701', '449', '170', '432', '545', '343']
['49', '65', '760', '398', '559', '546', '162', '794', '231', '729', '223', '501', '368', '81', '480', '300', '358', '96', '382', '376', '214', '172', '174', '641', '635', '443', '2', '677', '83', '450', '645', '80', '578', '534', '680']
['638', '604', '383', '758', '186', '133', '145', '744', '342', '130', '226', '106', '182', '293', '466', '599', '520', '364', '611', '722', '699', '711', '551', '141', '791', '69', '746', '116', '26', '22', '718', '139', '464', '471', '658']
['34', '634', '776', '23', '459', '152', '98', '766', '778', '691', '761', '447', '284', '178', '27', '351', '633', '462', '249', '99', '247', '248', '673', '315', '290', '67', '220', '525', '607', '53', '193', '356', '668', '704', '158']
['767', '402', '337', '380', '408', '183', '115', '548', '352', '590', '646', '207', '502', '242', '472', '366', '224', '47', '189', '48', '37', '441', '51', '787', '200', '781', '588', '507', '397', '128', '270', '465', '679', '741', '423']
['601', '665', '282', '631', '552', '43', '410', '308', '400', '246', '513', '310', '66', '328', '796', '473', '198', '306', '740', '563', '451', '14', '789', '685', '54', '21', '456', '703', '204', '700', '191', '521', '643', '52', '190']
['496', '173', '420', '46', '206', '721', '312', '544', '393', '756', '574', '644', '583', '798', '572', '138', '554', '150', '365', '45', '788', '201', '674', '428', '95', '114', '675', '291', '167', '151', '39', '260', '177', '17', '730']
['446', '733', '345', '406', '263', '281', '73', '111', '102', '526', '519', '321', '550', '278', '269', '429', '89', '505', '678', '780', '227', '491', '394', '783', '589', '596', '171', '719', '25', '749', '683', '157', '199', '640', '494']
['750', '196', '129', '619', '622', '56', '747', '396', '434', '243', '216', '168', '713', '632', '497', '230', '686', '504', '274', '474', '381', '755', '276', '371', '522', '374', '706', '592', '696', '127', '8', '296', '639', '663', '335']
['445', '427', '737', '725', '431', '535', '454', '155', '623', '637', '29', '79', '62', '240', '793', '340', '323', '355', '539', '124', '714', '353', '350', '771', '113', '418', '165', '24', '90', '97', '433', '373', '161', '736', '30']
['463', '413', '215', '233', '252', '712', '360', '717', '605', '205', '571', '570', '154', '682', '211', '41', '579', '417', '105', '422', '626', '800', '367', '16', '476', '676', '289', '532', '708', '250', '629', '1', '4', '239', '256']
['134', '779', '122', '782', '541', '707', '64', '55', '735', '262', '414', '384', '283', '424', '621', '392', '258', '754', '58', '377', '435', '659', '202', '479', '302', '455', '267', '765', '518', '460']
['773', '751', '28', '595', '311', '514', '395', '142', '118', '93', '147', '77', '363', '280', '12', '275', '131', '349', '100', '655', '295', '594', '40', '690', '669', '288', '264', '33', '688', '716', '556', '85', '268', '469']
['70', '379', '78', '3', '57', '153', '265', '140', '687', '739', '144', '298']
['184', '325', '334', '457', '86', '533', '515', '125', '775', '136', '228', '484', '88', '316', '753']
['185', '362', '492', '234', '279', '120', '63', '251', '112', '650', '613', '271', '415', '795', '126']
['702', '786', '91', '662', '614', '586', '697']
['597', '475', '405', '68', '620', '618', '652', '774', '777']
['390', '561', '591', '727', '785']
['179', '304', '9', '299', '72']
['42', '241']
['523', '627']
