['693', '65', '125', '552', '514', '152', '309', '498', '7', '79', '251', '653', '505', '74', '287', '168', '618', '307', '260', '193', '23', '298']
['445', '184', '351', '691', '215', '532', '81', '690', '256', '670', '313', '247', '449', '518', '493', '641', '644', '664', '350', '54', '424']
['490', '408', '68', '91', '145', '263', '667', '577', '454', '682', '55', '321', '363', '271', '694', '503', '504', '332', '5', '685', '210', '696', '90', '625', '566']
['134', '188', '404', '546', '43', '73', '586', '111', '526', '379', '543', '277', '439', '283', '567', '164', '474', '467', '598', '141', '522', '101', '128', '573', '525', '458', '614', '478', '692']
['406', '206', '541', '253', '56', '62', '12', '512', '100', '611', '137', '698', '69', '674', '479', '330', '568', '660', '585', '88', '59', '494']
['601', '477', '559', '540', '544', '269', '48', '166', '356', '50', '364', '539', '222', '587', '438', '650', '673', '659', '476', '542', '264', '450', '67', '216', '17', '575', '652', '158']
['179', '657', '661', '420', '262', '466', '579', '300', '292', '359', '172', '245', '635', '272', '254', '487', '114', '456', '187', '640', '373', '190']
['570', '221', '154', '463', '11', '242', '314', '416', '197', '132', '401', '528', '548', '352', '538', '529', '243', '534', '123']
['547', '446', '612', '376', '602', '147', '224', '212', '274', '464', '501', '471', '581', '108', '40', '469', '276', '240']
['380', '648', '457', '391', '75', '634', '344', '431', '110', '312', '517', '473', '198', '349', '372', '35', '232', '341', '681', '597', '160', '204', '362', '318', '553', '85']
['70', '654', '604', '213', '333', '600', '241', '366', '117', '615', '480', '257', '684', '302', '669', '304', '530', '639', '228', '259', '521', '177', '561']
['452', '605', '231', '400', '278', '47', '606', '425', '13', '656', '325', '492', '572', '671', '230', '249', '411', '557', '381', '244', '116', '18', '24', '191', '4', '643', '286', '545', '593', '30']
['252', '665', '403', '334', '163', '29', '666', '63', '273', '647', '436', '0', '461', '180', '388', '45', '428', '527', '288', '78', '119', '339', '484', '565', '430']
['395', '632', '323', '418', '279', '124', '523', '626', '140', '377', '582', '447', '398', '157', '248', '451', '92', '558', '89', '19', '235']
['319', '142', '102', '689', '64', '513', '223', '421', '417', '27', '422', '234', '16', '440', '609', '84', '121', '42', '208', '607', '460', '144']
['148', '524', '633', '627', '629', '233', '608', '219', '672', '394', '328', '649', '220', '143', '596', '336', '38', '695', '441', '569']
['203', '415', '619', '502', '9', '194', '465', '165', '556', '189', '699', '151', '367', '651', '342', '71', '646', '315', '549', '378', '385']
['345', '115', '106', '207', '470', '412', '348', '182', '617', '616', '550', '414', '361', '594', '176', '171', '2', '297', '289', '31', '83', '268', '399', '658']
['10', '326', '482', '595', '281', '112', '628', '678', '217', '392', '370', '320', '61', '365', '589', '21', '677', '104', '250', '113', '624', '36', '516', '87', '139', '390', '679', '481']
['294', '308', '562', '405', '508', '41', '196', '167', '1', '28', '53', '149', '429', '131', '668', '583', '15', '369', '455']
['49', '642', '311', '173', '225', '410', '697', '623', '599', '610', '37', '51', '299', '261', '495', '655', '138', '435', '564', '688', '291', '199', '218', '423', '432', '161']
['407', '293', '86', '109', '322', '360', '8', '578', '486', '209', '368', '284', '511', '448', '226', '397', '584', '303', '316', '202', '96']
['496', '94', '444', '211', '637', '174', '317', '82', '324', '201', '636', '169', '229', '205', '347']
['153', '375', '192', '683', '270', '186', '295', '310', '442', '354', '181', '551', '335', '238', '563', '26']
['3', '120', '76', '519', '93', '236', '275', '382', '331', '621', '340', '329', '214', '491', '686', '58', '353', '509', '483', '374', '675', '267', '645', '357', '663', '343']
['555', '337', '489', '383', '468', '554', '150', '591', '305', '136', '39', '687', '239', '396', '25', '680', '185']
['427', '389', '60', '533', '133', '103', '662', '590', '346', '98', '46', '409', '195', '66', '603', '280', '301', '515', '146', '488', '44', '497', '426', '443', '290', '296', '531', '170', '535']
['34', '338', '282', '631', '580', '57', '237', '155', '135', '393', '386', '536', '574', '178', '560', '306', '520', '105', '156', '32', '475', '462', '588', '265', '500']
['638', '413', '537', '183', '129', '387', '630', '107', '162', '118', '419', '472', '327', '14', '258', '200', '266', '485', '99', '613', '507', '576', '371', '95', '285', '592', '127', '620', '20', '52']
['402', '122', '453', '459', '130', '571', '255', '622', '246', '126', '77', '72', '434', '384', '358', '175', '227', '355', '159', '676', '33', '22', '437', '80', '97', '506', '433', '510', '6', '499']
