['UGR', 'IJY', 'QNR', 'KAC', 'UKU', 'VJJ', 'LTV', 'XPS', 'MXX', 'OVD', 'FES', 'IKD', 'OEF', 'RVW', 'OTQ', 'NFZ', 'UWW', 'VXC', 'PTS', 'IQX', 'ELO', 'VOY', 'OZB', 'MVM', 'KHH', 'UGC', 'UEA', 'OYQ', 'PPW', 'QWJ']
['DLT', 'BQS', 'MBN', 'CPB', 'XBM', 'UKA', 'EGA', 'VDC', 'WCM', 'MUN', 'VVA', 'SSQ', 'BFX', 'VMA', 'MHD', 'JUO', 'PCS', 'PVK', 'TMG', 'SLC', 'VUO', 'XDT', 'WCJ', 'LDS', 'ESM', 'XOB', 'OCM', 'PUM', 'GUD', 'ZWO']
['BKI', 'SQB', 'VUK', 'ATB', 'VPM', 'GPR', 'SEX', 'LHC', 'SYF', 'UMR', 'GAW', 'LUM', 'TFQ', 'DSH', 'WZE', 'SCT', 'BQE', 'BCL', 'RXF', 'TMW', 'OFA', 'VYF', 'ZQL', 'LFY', 'FDH', 'DLY', 'FCT', 'MAS', 'LZC', 'LRD']
['VTT', 'AON', 'ZKF', 'CAJ', 'HUJ', 'TJK', 'RTR', 'DAQ', 'DQM', 'QNM', 'CUE', 'GUV', 'PYS', 'EUE', 'QPG', 'WGE', 'XAN', 'QIT', 'NAU', 'ANZ', 'OKK', 'NSD', 'PBM', 'NYA', 'JSR', 'STY', 'VPF', 'HDH', 'TXE', 'WTN']
['MYR', 'DKW', 'CGB', 'FQK', 'NYK', 'OVW', 'TKK', 'IAP', 'HTW', 'PAB', 'CVP', 'SJD', 'XWK', 'DGN', 'IWE', 'VTG', 'ZVT', 'HPL', 'XXQ', 'RYI', 'HBR', 'EXV', 'FCO', 'XTE', 'NIL', 'IIY', 'MWP', 'MQT', 'GQD', 'JPJ']
['WWB', 'OOM', 'ZGA', 'SDJ', 'HKF', 'XFG', 'NPZ', 'MSE', 'MHL', 'DEW', 'UAO', 'YBM', 'DSQ', 'RTD', 'NAH', 'PZP', 'VZW', 'ZOD', 'TRN', 'WOC', 'CZR', 'NWU', 'FPX', 'HGR', 'ILY', 'GTN', 'JYC', 'YPK', 'TIO', 'FOU']
['UZC', 'CMU', 'KPU', 'XKH', 'SHV', 'KOR', 'YJK', 'EEW', 'UJM', 'LND', 'MBK', 'ZHH', 'ICW', 'SET', 'OXG', 'EDW', 'HQD', 'AZR', 'IBB', 'COH', 'NJG', 'QSC', 'UWB', 'WTU', 'UEH', 'DWC', 'YVA', 'KIK', 'MRP', 'ENK']
['RGG', 'TWR', 'NEI', 'AGI', 'LUN', 'MRS', 'PQL', 'PNL', 'ITG', 'WNV', 'DYX', 'RDK', 'KVA', 'PCP', 'MQY', 'IGS', 'QTB', 'SSH', 'YMM', 'RWI', 'WJG', 'GNV', 'VOL', 'IKQ', 'OIN', 'POR', 'IYH', 'QTL', 'ZXM', 'HRX']
['QGM', 'NXE', 'BFJ', 'MEU', 'KKF', 'XJH', 'TPR', 'EQW', 'GJV', 'SAH', 'FNT', 'RVE', 'ATZ', 'FQW', 'HIC', 'EFF', 'MIT', 'USR', 'GQN', 'NVJ', 'MOM', 'YZR', 'HAE', 'TOH', 'ZJY', 'ODG', 'JLD', 'VAK', 'MQC', 'LTB']
['EAT', 'GEJ', 'GBS', 'VID', 'CCV', 'DZW', 'TDD', 'BOQ', 'FNA', 'IWT', 'FUP', 'RZG', 'DJD', 'TII', 'CSW', 'OIH', 'QXV', 'HMB', 'XDB', 'XZC', 'VKQ', 'MIP', 'WRA', 'QYS', 'MMT', 'ZZD', 'OSB', 'BML', 'FOR', 'BWO']
['ZJP', 'SVM', 'CHQ', 'LAL', 'SGP', 'TGH', 'BET', 'PFE', 'OLU', 'DZY', 'REW', 'XZX', 'QTY', 'POT', 'HWR', 'MRA', 'VAS', 'ZNX', 'ASQ', 'OLK', 'SBC', 'GYQ', 'SYH', 'KTZ', 'EWF', 'BNV', 'KMB', 'HKI', 'JCN', 'QSF']
['YQC', 'IFN', 'UFB', 'ZCY', 'KXW', 'DYY', 'QZU', 'RUY', 'AKA', 'QDT', 'TUN', 'OTS', 'ZMN', 'XYV', 'ABN', 'QIP', 'LWS', 'EYM', 'PJS', 'EBB', 'WLN', 'BQL', 'IZZ', 'ZUT', 'YGB', 'BDN', 'MFE', 'GMS', 'YUA', 'ZTQ']
['WUC', 'YPQ', 'JTO', 'DZX', 'LCQ', 'EUL', 'ODT', 'PDK', 'ANX', 'IAK', 'VRT', 'GUG', 'VTK', 'JXJ', 'YKJ', 'BTJ', 'UST', 'RYB', 'VLZ', 'NQF', 'VYL', 'XMY', 'OZU', 'RAO', 'TZY', 'NHU', 'GMP', 'IXQ', 'BHQ', 'GNK']
['EYQ', 'BEU', 'WGF', 'ZSA', 'CPP', 'OFU', 'XMC', 'VQD', 'KXP', 'DER', 'MKX', 'NDS', 'SWJ', 'HXA', 'KUV', 'BPX', 'ZGG', 'GTL', 'YAY', 'LZE', 'SDN', 'WXT', 'NFC', 'QZW', 'MTX', 'HYB', 'MZW', 'ZCT', 'GIT', 'TUP']
['EJZ', 'MPK', 'PII', 'TBB', 'GXC', 'UCC', 'RBH', 'EYR', 'CSV', 'UTJ', 'NIE', 'ATL', 'EBF', 'UEU', 'WKW', 'ITP', 'CGN', 'IZV', 'YZY', 'CGK', 'SWX', 'GKN', 'KVV', 'AFQ', 'CQG', 'IOA', 'YAK', 'KFF', 'LIP', 'CJX']
['BVZ', 'RAA', 'FTZ', 'LWQ', 'SFC', 'SBB', 'OZO', 'XPH', 'YRG', 'NAE', 'OWI', 'YFE', 'GTT', 'HOW', 'HYZ', 'SDV', 'HBJ', 'WMM', 'JZT', 'MTC', 'HPQ', 'YRF', 'TPK', 'LYC', 'TYW', 'ELS', 'GIA', 'KTI', 'CAM', 'LBW']
['FEL', 'UBM', 'BCZ', 'SDB', 'SXV', 'NRJ', 'SBM', 'KMF', 'FKE', 'URP', 'OFD', 'FER', 'MCF', 'BYS', 'XHQ', 'KNQ', 'IXZ', 'VIN', 'CBT', 'SLN', 'KIA', 'IZD', 'ATC', 'ZJO', 'TWD', 'ROV', 'ULL', 'VQN', 'DLP', 'WJF']
['JPI', 'KQP', 'SKP', 'KBC', 'XVL', 'HNY', 'LXU', 'ASB', 'YNK', 'GKI', 'BUI', 'DFE', 'IXY', 'DOA', 'MMG', 'DCW', 'BWX', 'ADN', 'YDB', 'PGB', 'HZO', 'JVH', 'HWG', 'DBU', 'STX', 'BVA', 'KMZ', 'YWU', 'HXZ', 'SVO']
['SOU', 'VHZ', 'QEA', 'IUW', 'QVZ', 'NLK', 'WKZ', 'CCN', 'LYE', 'HVH', 'SIF', 'UYU', 'HOD', 'KBU', 'JLY', 'MES', 'OUM', 'CVW', 'LHE', 'GJL', 'TLX', 'QBK', 'FJY', 'LOB', 'UNU', 'FFC', 'RPD', 'QAL', 'KRQ', 'JAF']
['DFV', 'UUV', 'GSP', 'NSO', 'YUY', 'ATA', 'ZKP', 'XLN', 'JSH', 'VMC', 'NVU', 'BTR', 'DHI', 'PUR', 'SID', 'ZFP', 'QUN', 'DFX', 'HEH', 'VLB', 'GBN', 'VGG', 'KGM', 'NPC', 'GGE', 'YNN', 'DDZ', 'UWF', 'BLF', 'ERM']
['GSG', 'JZD', 'PEC', 'TNN', 'CNE', 'SDI', 'EYJ', 'AHE', 'GXL', 'KJZ', 'RET', 'DMK', 'HOK', 'HBU', 'WED', 'TYO', 'HUS', 'BME', 'QZE', 'TRY', 'SGF', 'AOV', 'BFW', 'JXG', 'ULZ', 'GWA', 'USH', 'WZU', 'WRS', 'ITE']
['IPI', 'ANM', 'RPU', 'QTN', 'DOE', 'NTP', 'LDB', 'SHN', 'SXM', 'OMX', 'KUO', 'ZFD', 'TTC', 'NNP', 'SMW', 'XYY', 'FGV', 'FVN', 'RAF', 'GXR', 'IDK', 'TID', 'VOC', 'WRL', 'IOT', 'YZG', 'HLJ', 'YBA', 'HDA', 'IRD']
['BZS', 'BVK', 'IOM', 'CFX', 'ZUQ', 'DCQ', 'XCP', 'KDZ', 'HUW', 'GYT', 'WHQ', 'HBS', 'SWM', 'ASK', 'KXK', 'OBX', 'LCI', 'BCD', 'PSP', 'FBH', 'VDX', 'IAO', 'GZN', 'QBY', 'TIA', 'GTV', 'UXA', 'RCL', 'DXT', 'VYN']
['EAH', 'EES', 'GXN', 'VYO', 'DAI', 'EOL', 'WAV', 'IKV', 'YTT', 'IET', 'LGC', 'EPX', 'DAA', 'MQL', 'OIG', 'QLE', 'YTW', 'UIG', 'GNS', 'NBO', 'MIO', 'KLD', 'MIH', 'GMC', 'DAU', 'VVU', 'UUC', 'DZC', 'HMK', 'OTF']
['JIP', 'BAH', 'HSW', 'UON', 'KDF', 'RKH', 'MDJ', 'UGM', 'FAM', 'KXE', 'MJT', 'OAB', 'XZP', 'SDA', 'UGS', 'WDU', 'GML', 'VZT', 'HSL', 'ZEW', 'NZL', 'WBM', 'YAN', 'ZXK', 'TWQ', 'LER', 'SLE', 'VFA', 'YVJ', 'HGI']
['FNZ', 'ANU', 'LRA', 'KPH', 'AMO', 'AMX', 'YCY', 'EQJ', 'BVY', 'XIP', 'UYC', 'PAE', 'ILN', 'OLN', 'KZR', 'IGA', 'PBN', 'NBH', 'MUA', 'PSL', 'GIL', 'NMM', 'NKQ', 'HPX', 'DBJ', 'JVQ', 'FIV', 'KMM', 'TGM', 'KHE']
['SOV', 'YZX', 'VBK', 'DLA', 'KZY', 'MMO', 'JFC', 'QZX', 'UWA', 'BOO', 'KUG', 'TEJ', 'YQI', 'VCD', 'VOT', 'DRY', 'EHR', 'VLU', 'QPF', 'SDG', 'BZF', 'ISR', 'KEF', 'GZB', 'YXQ', 'QXJ', 'GMI', 'GMV', 'QSN', 'BKM']
['IVB', 'CNA', 'AVW', 'DQG', 'OED', 'DBI', 'ICX', 'VJE', 'ILK', 'YGV', 'RXZ', 'MET', 'MOL', 'LOV', 'NDE', 'RQQ', 'GCG', 'DXV', 'HKP', 'ATO', 'FWT', 'JPX', 'NCO', 'VMJ', 'DLO', 'AZT', 'POE', 'RSG', 'KMQ', 'AWY']
['HJX', 'RUQ', 'MWF', 'KPT', 'FPP', 'FDG', 'URH', 'WQO', 'PUK', 'IKZ', 'JWA', 'HHE', 'WEV', 'VYR', 'TRW', 'AWX', 'QKB', 'AQD', 'BPP', 'HUO', 'IPZ', 'VJD', 'SFY', 'WUO', 'CEP', 'KSI', 'PJU', 'QBC', 'FPF', 'SGJ']
['SPS', 'WAD', 'XUN', 'KAU', 'SBW', 'OSS', 'NTQ', 'SEI', 'CRU', 'ITY', 'FWC', 'AAJ', 'HAI', 'TKH', 'DZF', 'CDH', 'KQX', 'PEE', 'UTO', 'FQL', 'HUP', 'FTH', 'HPS', 'VZE', 'WZZ', 'KJM', 'RNO', 'HWA', 'LJQ', 'UBB']
