['34', '413', '391', '186', '728', '75', '319', '316', '805', '308', '580', '294', '242', '637', '835', '135', '616', '117', '579', '166', '451', '175', '769', '671', '754', '99', '589', '809', '527', '742', '285', '78', '810', '736', '499']
['463', '657', '338', '486', '145', '770', '577', '619', '617', '472', '224', '731', '752', '664', '370', '100', '138', '234', '353', '245', '836', '381', '169', '507', '683', '465', '675', '553', '672', '90', '639', '614', '433', '642', '529']
['380', '751', '28', '324', '346', '162', '241', '102', '489', '623', '328', '615', '834', '284', '396', '329', '567', '491', '557', '411', '670', '435', '551', '588', '244', '746', '254', '547', '696', '85', '841', '80', '225', '709', '494']
['10', '533', '336', '255', '107', '206', '111', '11', '148', '778', '519', '77', '603', '251', '796', '493', '656', '806', '300', '429', '240', '325', '612', '787', '320', '174', '219', '613', '702', '418', '67', '228', '20', '356', '430']
['221', '523', '108', '431', '218', '661', '400', '526', '57', '147', '756', '649', '839', '89', '424', '331', '168', '475', '172', '775', '40', '248', '764', '350', '202', '116', '378', '307', '119', '399', '824', '415', '561', '545', '161']
['853', '60', '758', '763', '779', '197', '631', '333', '687', '514', '387', '211', '627', '109', '501', '536', '574', '740', '823', '19', '830', '14', '572', '61', '58', '247', '690', '479', '302', '677', '703', '151', '458', '229', '23']
['70', '194', '305', '115', '129', '403', '817', '152', '205', '508', '766', '412', '93', '729', '425', '277', '51', '434', '273', '812', '392', '694', '292', '633', '222', '800', '522', '374', '532', '669', '524', '114', '401', '259', '506']
['279', '252', '213', '693', '212', '605', '828', '477', '667', '538', '98', '369', '163', '735', '466', '792', '82', '517', '644', '15', '790', '214', '710', '416', '132', '438', '35', '467', '598', '276', '851', '209', '24', '739', '432']
['203', '446', '496', '733', '94', '457', '134', '737', '233', '68', '196', '122', '548', '600', '541', '334', '192', '610', '112', '628', '27', '384', '382', '146', '820', '797', '201', '636', '187', '688', '718', '357', '813', '680', '848']
['153', '537', '91', '452', '634', '344', '555', '375', '312', '393', '414', '48', '816', '92', '774', '96', '32', '351', '488', '492', '474', '827', '297', '629', '291', '842', '296', '585', '199', '460']
['648', '398', '195', '118', '470', '454', '606', '269', '759', '361', '417', '358', '678', '785', '780', '258', '323', '295', '86', '461', '274', '711', '641', '332', '176', '755', '315', '676', '54', '330', '840', '18', '36', '643', '692']
['654', '601', '188', '744', '311', '725', '309', '782', '721', '29', '761', '666', '223', '47', '512', '131', '349', '74', '301', '793', '833', '200', '495', '150', '314', '141', '440', '232', '476', '719', '113', '121', '270', '531', '578']
['282', '125', '354', '120', '745', '582', '717', '136', '854', '404', '43', '55', '37', '347', '852', '180', '723', '686', '722', '397', '26', '264', '250', '845', '768', '765', '471', '143', '847', '39', '521', '607', '423', '481', '6']
['604', '608', '342', '420', '571', '410', '235', '732', '419', '181', '447', '13', '584', '436', '713', '803', '227', '497', '503', '591', '611', '804', '455', '597', '624', '784', '22', '568', '139', '464', '500', '821', '335', '534', '298']
['383', '183', '662', '76', '558', '207', '46', '586', '682', '189', '149', '217', '855', '261', '724', '632', '322', '266', '714', '618', '576', '272', '5', '706', '83', '660', '191', '565', '286', '303', '59', '575']
['786', '49', '406', '448', '237', '808', '262', '811', '480', '287', '515', '814', '562', '257', '587', '781', '16', '635', '159', '289', '290', '772', '84', '516', '592', '33', '239', '518', '743', '260', '640', '652', '343']
['179', '799', '807', '215', '595', '133', '552', '130', '226', '549', '498', '348', '838', '327', '441', '156', '422', '594', '394', '626', '377', '788', '791', '726', '771', '304', '450', '844', '679', '658', '668', '704', '52', '753', '730']
['490', '337', '317', '712', '665', '646', '395', '281', '73', '366', '41', '544', '280', '363', '63', '198', '340', '783', '388', '249', '45', '367', '829', '650', '71', '483', '542', '564', '165', '573', '620', '663', '216', '510', '373']
['750', '360', '832', '352', '776', '559', '263', '238', '689', '691', '246', '846', '66', '599', '368', '313', '560', '653', '715', '647', '50', '359', '365', '426', '699', '596', '443', '487', '318', '390', '511', '256', '826', '158', '126']
['9', '408', '760', '630', '182', '707', '64', '622', '444', '407', '843', '310', '819', '243', '283', '563', '355', '789', '831', '164', '95', '684', '288', '385', '204', '716', '339', '208', '220', '484', '193', '469', '17', '144', '478']
['445', '757', '402', '767', '528', '293', '155', '321', '253', '7', '550', '178', '651', '236', '705', '299', '655', '509', '698', '673', '2', '749', '160', '265', '556', '530', '167', '1', '850', '525', '741', '449', '801', '170', '569']
['3', '389', '849', '482', '103', '173', '459', '546', '106', '409', '154', '379', '734', '513', '747', '505', '727', '825', '0', '462', '504', '137', '659', '341', '428', '25', '21', '777', '602', '700', '87', '720', '88', '795', '593']
['837', '581', '590', '794', '123', '502', '231', '540', '56', '278', '421', '81', '275', '439', '105', '621', '442', '364', '485', '372', '171', '69', '371', '674', '708', '185', '748', '456', '362', '8', '127', '701', '625', '177', '566']
['453', '38', '142', '697', '570', '110', '79', '543', '12', '520', '583', '818', '539', '554', '230', '685', '738', '681', '184', '104', '802', '645', '4', '268', '53', '30']
['427', '638', '345', '773', '65', '326', '815', '62', '140', '386', '72', '473', '306', '271', '695', '798', '376', '44', '405', '468', '124', '762', '101', '822', '31', '609', '128', '210', '267', '42', '157', '437', '97', '535', '190']
