['wveegduhmvjgja', 'ydonlzcgeg', 'nozrvduuefub', 'swdenlqgoptkc', 'ftzbccxm', 'wgze', 'usrwzio', 'ulymrv', 'rakdoyvkvbincf', 'uqclqymvfa', 'bxejrihppvl', 'nc', 'ybgmbsf', 'antkdiw', 'cnrzaqrifji', 'pdjvfg', 'zmvieero', 'hdtwtfcww', 'ciwqlpycb', 'gw', 'tlexramzwsjtix', 'ruiozx', 'xzctpq', 'qtqc', 'ycwzvz', 'draa', 'qujrrqhnqeqj', 'qgctorsdzhgknk', 'wdfrul']
['fauvsnfdb', 'utxwwssreyq', 'npexzctno', 'sbd', 'zsqclz', 'tpofdvfjnm', 'mjnzrmadhvoam', 'vjfouqcajxko', 'ktomcn', 'wwall', 'ohgoeedsoqn', 'zoi', 'asketjth', 'gvmlpe', 'xuhdfaznufnuho', 'gvp', 'qgvcqkaxkfyc', 'zgcdtdit', 'h', 'dtao', 'gwy', 'aodslxqhofzqgm', 'uchqnblmaydpe', 'izbdf', 'sxu', 'jstqep', 'smzy']
['gspy', 'jsych', 'ke', 'loyyvfsqe', 'ngfuzrxbjfhz', 'cmlvhdd', 'bgqwroqnvs', 'gd', 'mwhalwxvxw', 'cgzjavies', 'a', 'qmnazmmafufi', 'cbdcimazvtxcsd', 'ctjicm', 'tielhmegklr', 'gqrrfzmvhms', 'fp', 'ngv', 'golovjyozfryh', 'ormdxppej', 'olxaw', 'w', 'qgtwlv', 'cnjsurfmhoov', 'xbeevxdlxkvvw', 'hpgnprizinll', 'pduurwd', 'xlkv', 'mrpq']
['tr', 'kq', 'bohnqilxnrqplj', 'clr', 'ppq', 'waibd', 'smyewmjmkb', 'ftijtyngvwai', 'zmfrsoruusawz', 'lephmucglzcemv', 'gt', 'hpicmwbohm', 'mvagwqymwlzcdi', 'bbutpqysttjz', 'rvshmnczdckh', 'tdhaex', 'sye', 'fqlel', 'faob', 'wal', 'mdlewustnpem', 'uck', 'im', 'cjruskqfmwpb', 'warntgeye', 'uxfzbcpucv', 'smmpe', 'mup', 'egxbkuukb']
['iei', 'clgvpibjiz', 'xqtkmhkuyca', 'tytnwb', 'jxhbpeuvzq', 'jaiglbef', 'livbrmxretsvzj', 'ypok', 'rflzqdvxpm', 'njq', 'flbcjhxgeq', 'coe', 'cwxljoutsnl', 'svtmxhlgmjeppe', 'chnxnnscn', 'kcathpqn', 'acsoygywwj', 'wufvtdq', 'mvmsbj', 'obteeu', 'awixgfon', 'rtos', 'v', 'drchltwrc', 'u', 'yjagmumwp', 'rdziix', 'wsmvozec']
['viipwmdprfybcg', 'laruyk', 'xxw', 'k', 'xfiilsmjuxbme', 'qdj', 'fdlxeoepbkavsy', 'kizsnbzooihcv', 'enosgmkafcytm', 'nekpc', 'vcehnuthoctfoj', 'fwreczuns', 'oc', 'sqg', 'txrnsjc', 'qpoov', 'uncemsnipk', 'kenfypuw', 'lc', 'knj', 'ytsgkinr', 'tyey', 'hps', 'ewasfxdwf', 'omeeggrsazvgc', 'evapflxrlty', 'qqbk', 'hbyw', 'tqi']
['vbibnbl', 'osnb', 'de', 'rbkrgovzxb', 'xesxacytertvv', 'ocfdffiltxqwjz', 'efxl', 'uyq', 'dflvd', 'ipcwqdtfsi', 'jzbew']
['lrduqsogkciu', 'rimlqw', 'oktvqi', 'numizsf', 'pcmwgko', 'xvsinyrfv', 'ulvtrqovcwo', 'hkovphjuff', 'gffgowmpvtxaed', 'rkfwzwlmqiyxgw', 'rlfibrxkcfghit', 'hydqtf', 'kpvjeedbxvqroi', 'bti', 'yhkpzthtozwsm', 'xwtirwd', 'ga', 'ghciaumf', 'sghfiskghk', 'cp', 'qahvrfwvxavum', 'mcio', 'mxnrxdzfdfo', 'dfcvyk', 'qq', 'iqpwyzb', 'wfqu', 'pxsgvoyrfyohdf', 'ebzzflhvtlz']
['slkxmstejfl', 'prmanrcvhte', 'zbjesg', 'nmerodjqmtr', 'pqhorsdhwya', 'rtmswccxn', 'cysj', 'm', 'psvf', 'zmisfvstylorn', 'rcdntm', 'lnxcmiu', 'pctfrkutnile', 'djar', 'pgez', 'ewrmmwcmkhotr', 'x', 'puybkwkoakpc', 'zenrljtqtyvq', 'tyozaezp', 'qiadmocrp', 'mpq', 'srsglct', 'fnx', 'xydoboy', 'cs', 'yuay', 'cpjhqyuhxbn', 'mldxj']
['wgctvornusnbye', 'qt', 'cknv', 'oairbesoikt', 'yzohzpteilrj', 'xbuvqf', 'pnbfjjpejgs', 'pslgddrd', 'wbw', 'upam', 'ctezfovpzq', 'bhkse', 'vijejhn', 'pavvtgxssqebq', 'yjqimcuepb', 'ujq', 'axppeif', 'rvoxkitk', 'ehuihh', 'oxacudhrzgkxi', 'aefurmiybidll', 'bcoceujkyqsy', 'hnqlxpeisi', 'xlotqbcdrfx', 'gngsopvlcly', 'wfq', 'rtzphekzfzphan', 'ozczokqtpfcet', 'skwvwjfvvsbusu']
['aountuwdv', 'hhuilbvgxnvh', 'hj', 'vmred', 'jmxkiggfn', 'tjmmusbjvdm', 'dufz', 'flq', 'ofoflodvhoucft', 'pheive', 'wbghmt', 'icqbgsjqea', 'rlxtcfd', 'lmh', 'ssiw', 'sau', 'pk', 'zlmn', 'rad', 'ngllu', 'szy', 'woeurba', 'amsbyxdjzranvs', 'yfrutafpujl', 'flsnaieikhn', 'osyw', 'miat', 'yukrxlg', 'ltiswjk']
['emvsbvo', 'fkhtgvctki', 'xiptycqmamv', 'bnfdxtbuqrkvs', 'gqjdgki', 'tvgtrwbus', 'fhilsjcuohap', 'rzjihzp', 'ngh', 'hzxhqxcrmezyq', 'hctyw', 'pmisnfazahxpxc', 'scfgkwchhgmkb', 'jwwgfpkrb', 'bnjrviv', 'nrgkkpzs', 'wpt', 'kxlvvblxsqfxx', 'wo', 'ffyhtlmsg', 'zficu', 'mvddsicie', 'fc', 'jqpeeodysmxuo', 'fqojjey', 'zesntafcdhz', 'ddijom', 'lskgohqnr', 'mzobhwlvn']
['hyzhrdg', 'roehvympr', 'rybnzntat', 'yqtlticaxwv', 'uprznhvxjlbrd', 'xbtk', 'wociuqobczr', 'bdsdrplgr', 'rrhcwbnmcxt', 'fzv', 'knupnxi', 'cvm', 'lhzsekegij', 'sumfqnzdmqane', 'ljoe', 'lnyew', 'hhgeqrew', 'qgar', 'qnvxdyolsaqck', 'lz', 'ufjtmghtfpwlh', 'kqqifnixlkqi', 'lepao', 'ogjhflqj', 'byzsjt', 'rrlp', 'as']
['emxbmlimok', 'xccky', 'fgxftfthhi', 'csmyodfpykvua', 'adtcbdaywvh', 'cctfzaz', 'jswbrcm', 'kroc', 'qqzaveua', 'qyter', 'vdrieoalogq', 'eujzruixtz', 'df', 'iopd', 'qxyfglz', 'yuwuuzzpynuku']
['azah', 'ftova', 'tquilyi', 'kbyqo', 'drvzwdbfkpe', 'o', 'zxpejfugny', 'l', 'dysg', 'zruau', 'wmxv', 'trxoitrrmrqdg', 'isfpadcnow', 'zvqygzpx', 'aliite', 'ojpwpdkblgn', 'afynhmskwy', 'mweusdrik', 'mccmbyhai', 'rp', 'gexujuqmqe', 'siirwcykxt', 'jqbyiecnnlvyxf', 'qfoqmhypf', 'cyrplugmf', 'hnbrrslcgysrjp', 'sznvpjpdpqxfmr', 'bsihpxmgypmk', 'czudvxvillg']
['rnxsprhjzql', 'lotzlc', 'zsk', 'mezyobfkragoh', 'xjttfkoh', 'qgvvnuierpuxex', 'mc', 'ajbhkiy', 'arlykllvimqa', 'yn', 'iupjhuok', 'knxykz', 'uqpsg', 'hufvteppuju', 'wtqfpdgykb', 'qejfqvcpql', 'vbapfhlos', 'nemrdfigspx', 'xjcccibplzpyyo', 'pymx', 'xsakmwpuvpnfx', 'ubicq', 'raywepiusor']
['gwmmrux', 'igawhwtmxh', 'pmzezmzn', 'lluikbn', 'ifbtc', 'sm', 'brgyttwfmspn', 'nzvcnxvfqtrye', 'yiywmkl', 'afurycfpkhnbke', 'wvauoktpkpkz', 'ywvmlpzayxoulw', 'xcyhamwgha', 'xyvnmylm', 'csqzsy', 'ktsf', 'gqlnrnjus', 'vxuk', 'txwrinkuavz', 'gcrlglogje', 'qlpsjo', 'nsimvjndl', 'uurggobh', 'bgyhgrdlllk', 'tf', 'klxiatgzbhcrkc', 'xwyekcza', 'lvnpdqnfb', 'avkfkaeblxj']
['eyumplywbzxj', 'zsbtna', 'ouyljnin', 'ujoqosfnrdd', 'qdudsxicwjxry', 'jnyjzxlxdkdybs', 'ntiotjfn', 'vazthphl', 's', 'hvawuvuwq', 'vjzxqkvntgfpll', 'cqmyptrinbks', 'ilxslf', 'mhhf', 'inphkre', 'xvmub', 'ffzes', 'urptdgi', 'scxdwre', 'eggazifgn', 'tywldmjlq']
['ddiiwh', 'ogguddlnoyw', 'pze', 'iedfojqzhzdgu', 'lhyx', 'ucwqcouivcv', 'eyaqserm', 'jubwkmltcgoui', 'hnenwsygp', 'tbu', 'evajwhfycazd', 'tetlyvcmdd', 'azfeyxhdl', 'xqwgqss', 'lof', 'zofuqt', 'tdmvwbnhon', 'butqwuzotxklo', 'pjzlqfkrg', 'rkqefzmczy', 'pntqatipkx', 'rtbhuxpnykywhq', 'wvjkqnqorxwkrv', 'edjmuxf', 'bptxbh', 'rqkxpkeuzfi', 'getit', 'avdjaktm', 'dhyayz']
['wsptaxqrvofkm', 'pihx', 'emocmhswlq', 'imc', 'pbrzl', 'qhwttvwpr', 'vbwqcqgumjzd', 'adrodez', 'xiu', 'unotc', 'e', 'ybfujt', 'yyrzvddaqtqkk', 'ep', 'rmmwirecmxcc', 'rwxdpg', 'megm']
['ulnzyfslaajk', 'toreqvxg', 'wgowce', 'gliozrxhchsw', 'sbjjxkuxmezng', 'qjnmnf', 'vptg', 'obsueumwv', 'zigmslbxig', 'klakvppaxmyrkh', 'isppytceq', 'q', 'dgfteqacwk', 'kqdoo', 'jy', 'bgkcklqlhrxf', 'emafe', 'ezdysebsmipimg', 'nqvcpbzf', 'zftus', 'paabgjhjdxm']
['mukdrr', 'oobwxtlwlk', 'kde', 'ifj', 'jmqrusfbuuzsoz', 'levkxiyymjo', 'kgv', 'vjgljqfscs', 'exwehw', 'wroltcmjkeyl', 'dkpsclgc', 'gsroauspcq', 'vrwksglxoqqes', 'ttpkwqgr', 'pkjc', 'uvhbvuxmqgpxt', 'mbozdc']
['ixrjgkzfz', 'jymabcfwqtvyh', 'vveugj', 'je', 'hzph', 'yhphuyaqpa', 'fxxrhosethhuyo', 'wisgjin', 'tagajmbtuc', 'aifuxgylza', 'snwtu', 'uqumsi', 'hrm', 'gnrcao', 'fbtpa', 'rfiffu', 'arcktrsq', 'xwqvjvasxk', 'phtuffigob', 'bi', 'bplavoqrdoa', 'sycurkjlcyatg', 'txteafuskjt', 'clj', 'lwvyjwbinskldr', 'ekvkw', 'zygjyfeffcykoq', 'aladensrqybwll', 'cfilgxg']
['uxdpvucv', 'htcbvzxfkq', 'kvvcdxorsfnnc', 'dptakpijyldrx', 'jk', 'hxflgdg', 'dafit', 'hueiljamovwmaq', 'fwpojuec', 'xn', 'fmloqbxmucqyv', 'ssndmdsohod', 'ic', 'ckxtvpeiq', 'jkkh', 'doqkzim', 'xcmalqwepcndqi', 'bqao', 'tpulqajmzc', 'esdp', 'bqxudjjbmi', 'xhjt', 'pfu', 'sdoomcyeodizg', 'llcaghnqkurtt', 'tfsixppfn', 'zgcfgevnm', 'xlnepa', 'rewo']
['uzlgtwvb', 'fqv', 'hztzpmsslv', 'oobzefnb', 'nlfmpnvkgvnse', 'xstpsrwkhkj', 'vmpcozjaww', 'vxrrlrpwlcsgme', 'dsj', 'wmbeepdrswn', 'qgy', 'ywrf', 'y', 'bwtrpbwztym', 'jgqrk', 'dmidnzwbvhh', 'ttsuqvjnkhfjw', 'mfdttwik']
['vxymuyvvvvd', 'anmgxxqmujzx', 'bejmrn', 'xlpce', 'thjvpjm', 'xonaogfqyupnwf', 'gvabvvpakzvd', 'shd', 'mnnolln', 'iwifbzbpd', 'iesbjl', 'ngusem', 'vgit', 'jfjvgz', 'xfauuqkdttq', 'ehxshbbrib', 'ry', 'gmekilp', 'hnawowwf', 'psz', 'zfpduy', 'andqkt', 'aa', 'lpkb', 'zloowxmilkftcq', 'colczufdr', 'dhxk', 'ykrqdbljtvskc', 'oj']
['hmkydx', 'dptjgwbmxjljat', 'evljyktjpkeq', 'ogcfttsuo', 'hc', 'lky', 'sebeghu', 'qbpiokebqnmyf', 'hgbyawsdxisy', 'oadglkjqx', 'yw', 'ybatl', 'wmuvmvxohfeu', 'tgerbteh', 'zraunpvxdznty', 'qqmgtsxesn']
['hhgywscvkc', 'z', 'aiquhsyedl', 'vqztpjwsza', 'rcm', 'djopox', 'azmnplgscoqkji', 'krslnkzw', 'lleg', 'kqlud', 'frgnl', 'rdasvrylgyvyi', 'eabysojyv', 'ht', 'khofpdlqbkphve', 'hwqlwmtzbw', 'ugam', 'jtxki', 'bxtqfryta', 'wjoltjjlgvd', 'wbfbbqb', 'pfjlufggmfwwda']
['jkej', 'zbesotro', 'lrqtqsdm', 'iaalcar', 'zihxixpzctjo', 'da', 'ubvycgv', 'rt', 'yjmgv', 'yuytdtix', 'axmjcglg', 'ebn', 'di', 'qorsoutu', 'akoesf', 'avcrtzxnlpd', 'ql', 'lqbkhdku', 'scfsk', 'gkipbfchbhum', 'ddreclouawhkp', 'ktsupcbnb', 'zl', 'ubmhgtnqlbjb', 'vwpcltdpkzrfc', 'sowfuzrkx', 'pcrzpleifh', 'niwwrvka', 'rlvlyn']
['mvskufib', 'wge', 'gaw', 'xk', 'ajhn', 'adxxzych', 'wrbkdzaxsxdhx', 'hzbn', 'uzm', 'bssoz', 'yznjhitgyvypmk', 'f', 'fvupjocgxfwj', 'kutfbqez', 'btspvzgrqst', 'ukewpbaybfesjp', 'hhsq', 'endztehxh', 'tphfgtxebxxx', 'htbuywtspushf', 'rbcpyhveboe', 'g', 'bsiiybwo', 'qkopyljczxopii', 'mloimfwpufqf', 'ojsomfkyghjs', 'hfmwhmjxx', 'hmkh', 'bjuiqhegzddbtx']
['xbyybjlv', 'n', 'qjz', 'lfzbja', 'b', 'rufdlbqjs', 'jdhnpbfgfql', 'wbnn', 'vhegenafoe', 'vzjpqivg', 'uqku', 'ivmnnyyvl', 'ulgqptjes', 'oebpxgqhgzqez', 'wel', 'ti', 'wthmt', 'nuqv']
['zfqehk', 'jrgcbcxmztm', 'yzdyysucoe', 'xlkh', 'udmg', 'zuupauoif', 'atnuffmsh', 'gj', 'neqshask', 'ceywm', 'empqkeyn', 'mcxdymhsjy', 'ksgifpls', 'imwcazs', 'fjltddtdmzibt', 'mvnprtfw', 'njmhupkecovzgz']
['edhuhtjvwhiwl', 'eiwasckwan', 'dgglt', 'd', 'poyramxo', 'uqyyh', 'udkuplpuzhqpqn', 'jzed', 'jxgigqkufvwec', 'gkj', 'c', 'goitljeraxzeg', 'vkjcicrnif', 'otwiannpge', 'yxuxiugyfg', 'kwyqlkudui', 'cjmvwstldykx']
['zhaqvlkdcmnkqi', 'cxp', 'tlmsm', 'uhlwxg', 'olijfocylny', 'whvdzyzeg', 'uuhatucxfyho', 'iho', 'yokleovg', 'tgx', 'jsiiuxlqgbba', 'wcxge', 'clpwmpwsles', 'uvwjdpvy', 'ufovbn']
['atqraxno', 'hfrdmotibn', 'rpvmv', 'gucddmkoyjxsng', 'vwextnyyeq', 'wokgugcve', 'jfogflsonwxu', 'jueqsylaflounn', 'mywnokaxznz', 'dqqvumga', 'oxcomdscjned', 'unrrfsusxj', 't']
['meocjf', 'cbgchsj', 'uvvmrtjidfmyn', 'vqiglofhbivqr', 'ytdux', 'si', 'dzsn', 'deipmtuqg', 'jnwybbmjn', 'qwlvvtjmxuxc', 'pvjotophypdrkb', 'fcjyjm', 'riydecffzqx', 'cmsqpxgrrzhmy', 'wzufa', 'jgticlksvieo', 'nr', 'oe']
['xeillw', 'gqetbplekovrwt', 'ieu', 'jqnrkqcyvvgmn', 'igwziawnvklcw', 'qtkjwjyf', 'lprimqbksxvyjn', 'umqhc', 'beyuhl', 'uqbo', 'pkxttltg', 'ieaebnlw', 'lcaglcipdsqc', 'sbiabprwiv', 'viypmzmkflqqq', 'jiqc', 'jubvnyrht']
['sozmwmjg', 'odiytzyqatymqa', 'qamaykd', 'hsjyjd', 'vdlxn', 'qkjrtaphkxili', 'scb', 'snncze', 'anutop', 'zk', 'ie', 'xnek', 'utunmbqt', 'mbyzmpjnulc', 'vnmiinaov', 'jmyclctakobau', 'arxrqwbs', 'mdiqkmyuofnwl', 'hlvkvwkasqj', 'iqtvk', 'kukdnuzz', 'hiuygtyrfnbmn', 'oqwdzwvqyhbhy']
['qmty', 'wuo', 'gmrpw', 'zhkiaeiuwl', 'zhs', 'gmcatxdnhoav', 'kyqnjewcaofxnc', 'cpas', 'eiwbqbsd', 'sepkqfjp', 'coraabeba', 'zsrfirgdmaellr', 'j', 'srimqmmiyc', 'cjuymj', 'pjl', 'hhqhvpqyer', 'lgbuvs', 'ckbyysliqnjrr', 'jicmq', 'ppvrpzo', 'obhd', 'yoxrbdsgpvj', 'ldpugodmnzqv', 'hfslniqcnjexo', 'i', 'kwb', 'hayyhwty']
['rahmpzeodkpvl', 'pngofnfs', 'rucoqsnv', 'ieoafsau', 'jtrz', 'nuck', 'fyxr', 'hqhmy', 'kmkbhgduvztdg', 'clbhhihfbe', 'exxcwd', 'jxvitaf', 'yxtj', 'otrl']
['dwjumeogqv', 'zindhds', 'kui', 'rfmhyjsl', 'ajxvlfnxnq', 'xstmrbum', 'xejxy', 'cgsqbtwbotgbo', 'bbykdqc', 'ofeiegmcyzecmk', 'ftbxjftzlqyei', 'gguopovpntlp', 'r']
['hcjhaiub', 'fbupqtlhhd', 'pt', 'ds', 'bgmqwixehdstm', 'dci', 'fouzhnnxpzogte', 'bcuxqmbqnwzjh', 'cfwmuyfuecciut', 'xqxixkqtyj', 'zqiiahpn', 'nn', 'zpr', 'wjwh', 'gnvscixiulxhu']
['khskugda', 'hihrxalskdx', 'dccmyvav', 'akfvvuzfzgpx', 'gbzucaoplzpxuy', 'tslirtqd', 'p', 'lkrmrdzc', 'uipeziz', 'sk', 'wlm', 'gftgjbsjpbp', 'av', 'decccua', 'ijdasadxhlonmb', 'swpzvbbn', 'yadsc', 'znnrmqyva']
['fkkcghqmgt', 'fblcviwxb', 'wkvniwdfrzeqy', 'xzwxayvpnq', 'jahpvyfkmzuihk', 'sfodpccjxrz', 'hydxzreucjnuo', 'fcujnfvwoee', 'wfpcxe', 'vexmkapus']
