['310', '846', '178', '986']
['688', '560', '202', '990', '401']
['463', '345', '279', '665', '745', '142', '697', '502', '412', '905', '513', '92', '429', '515', '833', '468', '99', '613', '873', '2', '341', '290', '609', '602', '119', '500', '813', '373', '848']
['766', '221', '965', '60', '251', '90']
['552', '838', '269', '499']
['340', '464', '993', '634', '839', '38']
['66', '461', '720']
['914', '683', '140', '447', '589', '531']
['666', '211']
['49', '864', '548', '98', '123', '570', '989', '472', '117', '796', '823', '275', '785', '852', '200', '394', '244', '522', '524', '304', '850', '556', '220', '484', '643', '158']
['396', '257']
['496', '138', '856', '789', '120', '132', '16', '358', '704', '25', '855']
['134', '114', '981', '963']
['822', '725', '431', '451']
['768', '363', '615', '35', '959', '514', '791', '742', '899', '385']
['769', '360', '224', '122', '685', '367', '588', '97', '874', '287']
['422', '564', '925', '915', '857', '174', '716', '980', '183', '378', '670', '764', '207', '481', '586', '298']
['370', '56', '79', '125', '532', '709', '333', '440', '460', '945', '107', '439', '805', '861']
['860', '638', '779', '770', '630']
['806', '449']
['648', '644', '536']
['876', '209']
['584', '762', '116', '667']
['108', '313', '198', '727']
['353', '192', '740', '187']
['306', '152']
['31', '374', '302', '539']
['702', '274', '15']
['438', '77', '612', '744']
['897', '223', '245', '433']
['812', '894']
['70', '427', '516', '233', '656', '398', '641', '558', '652', '494']
['476', '994', '640']
['933', '176']
['39', '654', '628', '366']
['835', '941']
['741']
['446', '254', '247', '528']
['920', '635', '19']
['775']
['629', '416', '51']
['68']
['167', '953', '758']
['309', '408', '792', '911']
['664', '991', '722', '248', '736']
['255', '188', '229', '827']
['803', '818', '710', '829', '141', '387']
['324']
['700', '71']
['365', '323']
['104', '967', '692', '802']
['757', '771', '432', '180']
['527', '486', '784', '497']
['495']
['458', '604', '150', '212', '126']
['668', '452', '162', '459', '318']
['403', '931', '145']
['561', '3', '328']
['956']
['703']
['541', '659']
['490', '351']
['157', '265', '6', '834']
['780', '687', '972']
['415', '547']
['859', '78', '235', '205']
['371', '9', '300']
['623']
['881', '679']
['325', '24']
['76', '616', '661', '276']
['816', '210', '853']
['721', '737', '33', '974', '477', '369']
['962', '594', '330', '139', '425', '344', '580']
['159']
['711', '128']
['696', '362', '103']
['268', '726', '285', '706']
['457', '922', '485', '291', '377', '23', '600']
['601', '106', '260']
['750', '252', '326', '453', '924', '342', '903', '815', '241', '470', '689', '729', '414', '63', '480', '299', '563', '424', '364', '491', '900', '836', '804', '880', '781', '551', '895', '708', '971', '982', '592', '165', '67', '765', '399', '952', '954', '566', '343']
['89']
['733', '10', '671', '354', '368', '173']
['473', '968', '308', '582']
['201', '576']
['651']
['250', '80', '518']
['717', '292', '249']
['550', '596', '493', '50']
['445', '767', '530', '650', '997', '730']
['93', '691', '718', '243', '118', '111']
['143', '520', '680']
['987']
['690']
['264', '957', '678', '355', '871']
['676']
['617', '467', '357']
['149', '686', '875', '492', '303']
['951', '751', '557', '45', '819', '663']
['868']
['315', '544', '280', '777', '237']
['940', '932', '611', '603', '776', '538']
['637', '154', '714', '47']
['647', '505']
['18', '213', '175']
['393', '622', '240']
['450', '825', '218', '288']
['814', '565', '430']
['747', '568', '581']
['321']
['675', '62']
['800', '826', '242', '347', '420']
['845', '636', '85', '955']
['84', '261', '42', '305', '350', '195']
['521']
['456', '222', '918', '995']
['942']
['14', '384', '58', '217']
['577']
['732', '938', '677', '817']
['471']
['402', '832', '1', '320']
['555', '390', '662']
['509']
['927', '262', '381', '783', '795']
['407']
['400']
['228', '869', '587', '29']
['359', '672']
['614']
['507', '338']
['479']
['916']
['908', '172', '267', '426', '735', '199', '739']
['61', '372', '88', '508']
['921', '121', '263', '695']
['256']
['828', '483', '797']
['760', '912', '788', '642', '545', '983']
['888', '382', '591', '534', '335']
['964', '519']
['985', '332']
['793', '936', '533', '607', '277', '238']
['311']
['182', '618', '214']
['81']
['904', '559', '72', '216']
['525']
['546', '190']
['319', '294', '504', '11']
['246', '41', '501', '296', '646', '410']
['75', '186']
['100', '996']
['701']
['867', '937']
['258', '842', '626', '978']
['930']
['339']
['389', '442', '388', '801']
['115']
['101', '26']
['7']
['969', '886']
['693']
['379']
['44']
['872']
['329', '633', '610', '958']
['419', '798']
['411', '478']
['307', '312']
['404', '970', '606', '455']
['728']
['885', '961']
['232']
['712', '361']
['645', '526', '569']
['231']
['168', '301', '94']
['37']
['854', '43', '417', '517', '32']
['599']
['148', '64', '724', '83', '356', '73']
['259', '719', '669', '289']
['179', '674', '160', '851']
['163', '352', '743', '169', '441', '681']
['673']
['511']
['230', '57', '891']
['553', '469']
['54', '189', '69']
['786']
['475']
['575', '40', '979', '397', '966']
['482']
['375', '52']
['227', '105']
['605', '488', '811']
['196', '512', '444']
['698', '992', '973']
['799', '790']
['36']
['597']
['824', '113', '887']
['841']
['395', '763', '926', '849', '170']
['639', '146', '22', '28', '46']
['436', '82', '870']
['944']
['902']
['95', '535', '48']
['136']
['234']
['454', '901']
['554', '830', '4']
['910']
['74', '658']
['443']
['284', '537', '55']
['391', '755']
['386']
['193']
['837']
['349', '314', '282', '620', '17', '428']
['405', '660', '208', '506', '809', '749', '919', '96']
['110', '713', '348', '147', '807', '155', '884', '998', '297', '135', '466', '759', '327', '543', '625', '935', '752', '273', '281', '498']
['171', '392']
['929']
['772', '773', '474']
['705', '977']
['655', '761']
['225', '271', '821', '627']
['562', '465']
['197', '283']
['489', '808', '27', '909']
['879']
['376']
['529']
['923', '523', '278']
['542', '578']
['53', '215']
['883', '572']
['177', '787', '893', '583', '0']
['950']
['734']
['322', '137', '731', '316', '782', '156']
['435', '65', '503', '380']
['151']
['8', '948', '102', '975']
['334']
['164', '649']
['976', '906', '715']
['91']
['934', '624', '892']
['831', '383', '448']
['694', '999', '682', '843', '653', '423', '774']
['462']
['608', '413', '540', '112']
['738', '20', '153']
['865', '573']
['406', '699', '295']
['12', '579', '621']
['928']
['194', '657']
['87', '684', '631', '949', '567']
['917']
['317', '753']
['810', '421']
['266', '598']
['890', '5']
['185']
['947', '124', '862', '820']
['882']
['778']
['226', '595']
['219']
['619', '418', '487', '131']
['585', '844', '549', '434', '593']
['129']
['748']
['130']
['943', '877', '632']
['346']
['590']
['166']
['270', '984', '336', '59', '144', '794']
['203', '239']
['236']
['746', '847']
['161']
['184']
['754', '337', '907']
['133']
['988']
['437', '756']
['127']
['510']
['30']
['866', '293', '863']
['331', '840', '707', '204', '946', '34', '86', '723', '253', '913', '896', '181', '21', '571', '878', '409', '206']
['191']
['960', '13', '272']
['286', '858']
['109']
['898']
['889']
['939']
['574']
