['799', '917', '34', '490', '807', '890', '849', '196', '870', '815', '514', '477', '369', '182', '905', '846', '811', '501', '198', '904', '919', '925', '857', '820', '831', '388', '809', '254', '929', '36', '875', '516', '675', '844', '824', '511', '821', '813', '478', '499']
['859', '360', '326', '728', '860', '891', '881', '848', '886', '721', '796', '269', '731', '838', '882', '704', '823', '15', '855', '331', '879', '475', '833', '557', '783', '863', '836', '800', '101', '290', '307', '908', '996', '90', '229', '531', '810', '826', '867', '692']
['832', '403', '108', '911', '903', '878', '470', '969', '110', '843', '866', '893', '922', '896', '112', '834', '819', '872', '790', '830', '926', '150', '797', '804', '880', '69', '827', '726', '479', '21', '204', '568', '883', '1', '573', '401', '20', '847', '303', '535']
['962', '733', '693', '864', '924', '776', '336', '805', '892', '454', '192', '310', '888', '651', '920', '884', '105', '983', '156', '910', '724', '314', '902', '137', '801', '247', '397', '350', '54', '289', '378', '899', '415', '845', '318', '918', '961', '17', '876', '30']
['186', '608', '212', '854', '398', '687', '549', '11', '555', '64', '79', '82', '909', '536', '517', '543', '752', '898', '825', '814', '351', '258', '803', '916', '877', '551', '272', '873', '746', '895', '532', '547', '851', '951', '688', '209', '85', '959', '680', '928']
['604', '894', '657', '745', '582', '595', '590', '580', '761', '262', '181', '792', '579', '871', '615', '610', '178', '839', '603', '584', '436', '914', '594', '591', '626', '367', '939', '829', '598', '576', '698', '861', '597', '624', '267', '901', '842', '701', '607', '593']
['153', '828', '342', '205', '98', '395', '862', '966', '379', '375', '923', '280', '921', '368', '816', '271', '358', '287', '283', '913', '818', '320', '714', '377', '45', '35', '71', '373', '865', '524', '128', '362', '127', '672', '850', '357', '151', '575', '529', '709']
['179', '337', '221', '134', '194', '779', '448', '538', '958', '600', '407', '55', '957', '808', '550', '560', '740', '868', '44', '219', '467', '176', '791', '522', '302', '487', '708', '564', '602', '802', '553', '907', '927', '228', '449', '841', '743', '177', '585', '642']
['445', '446', '413', '853', '10', '406', '856', '837', '352', '431', '107', '794', '412', '915', '414', '417', '434', '812', '439', '424', '515', '889', '168', '50', '491', '426', '416', '869', '438', '171', '613', '443', '428', '840', '450', '578', '433', '423', '885', '753']
['750', '133', '129', '717', '858', '667', '571', '410', '73', '978', '541', '666', '835', '421', '574', '695', '656', '678', '664', '793', '694', '852', '572', '172', '485', '900', '257', '670', '979', '822', '690', '95', '669', '677', '113', '683', '696', '660', '458', '668']
['383', '737', '887', '662', '634', '255', '577', '697', '570', '526', '682', '691', '278', '386', '234', '671', '509', '699', '474', '618', '673', '659', '483', '681', '202', '676', '476', '684', '31', '18', '702', '700', '465', '897', '679', '506', '663', '286', '256', '795']
['389', '9', '758', '751', '523', '552', '744', '548', '970', '142', '162', '207', '111', '975', '400', '147', '117', '606', '912', '284', '747', '759', '392', '370', '632', '468', '462', '249', '788', '589', '755', '749', '742', '906', '971', '250', '165', '208', '741', '739']
['665', '120', '311', '817', '453', '452', '661', '38', '43', '206', '148', '253', '135', '224', '62', '37', '81', '51', '705', '273', '583', '96', '175', '492', '180', '61', '132', '685', '341', '674', '25', '956', '343', '556', '471', '220', '80', '658', '561', '126']
['3', '6', '482', '586', '508', '498', '231', '782', '489', '513', '7', '473', '361', '480', '972', '505', '299', '217', '32', '14', '0', '710', '405', '503', '504', '435', '141', '507', '276', '982', '940', '990', '24', '639', '500', '484', '510', '481', '494', '736']
['402', '391', '408', '941', '486', '344', '173', '770', '630', '387', '346', '404', '106', '409', '226', '393', '649', '653', '628', '948', '396', '27', '384', '19', '451', '340', '394', '636', '650', '371', '26', '385', '994', '114', '187', '22', '390', '399', '469']
['773', '345', '215', '68', '631', '725', '619', '444', '163', '472', '56', '466', '313', '92', '727', '567', '488', '932', '164', '232', '169', '83', '167', '199', '225', '170', '161']
['252', '324', '305', '76', '136', '152', '238', '57', '734', '109', '544', '328', '251', '140', '306', '441', '874', '429', '301', '563', '329', '442', '100', '633', '227', '539', '754', '686', '58', '641', '381', '374', '285', '104', '784', '765', '268', '239', '565', '640']
['712', '75', '963', '420', '985', '235', '123', '732', '707', '617', '622', '965', '729', '419', '735', '77', '637', '223', '425', '13', '243', '715', '713', '359', '295', '722', '248', '635', '738', '719', '706', '703', '294', '67', '716', '720', '259', '525', '430', '730']
['999', '338', '282', '122', '195', '118', '689', '321', '616', '363', '493', '520', '981', '261', '554', '587', '16', '332', '288', '264', '455', '160', '991', '8', '265', '967', '335', '144']
['496', '380', '648', '78', '49', '211', '366', '457', '200', '645', '934', '463', '718', '629', '201', '121', '644', '646', '298', '190']
['537', '763', '333', '459', '316', '293', '447', '149', '131', '275', '347', '774', '785', '798', '780', '146', '612', '787', '323', '461', '124', '372', '596', '588', '244', '2', '542', '116', '184', '270', '418', '139', '42', '191', '4', '143', '157', '460', '158', '569']
['376', '771', '364', '119', '138', '355', '29', '365', '230', '279', '354', '464', '339', '48', '942', '949', '356', '997', '987']
['647', '638', '988', '655', '944', '411', '115', '953', '166', '437', '558', '236', '432']
['767', '786', '936', '28', '760', '46', '308', '766', '502', '931', '599', '973', '769', '789', '775', '245', '781', '762', '955', '527', '764', '772', '995', '768', '296', '614', '97', '777']
['154', '84', '292', '246', '497', '33', '998', '41', '145', '99', '711', '993', '620', '88', '518', '319']
['427', '60', '233', '213', '197', '605', '218', '23', '933', '309', '281', '241', '334', '237', '312', '189', '277', '349', '806', '621', '422', '240', '214', '495', '266', '322', '611', '353', '159', '315', '330', '609', '304', '87', '39', '260', '521', '216', '59', '52']
['203', '562', '93', '94', '210', '937', '86', '317', '291', '974', '91', '327', '952', '643', '559', '930', '89', '960']
['977', '540', '155', '533', '980', '47', '986', '528', '964', '40', '193', '5', '546', '300', '534', '545']
['325', '778', '519', '72', '947', '652', '263', '74', '976', '185']
['946', '623', '592', '174', '938', '183', '581', '12', '53', '625', '512']
['348', '989', '242', '627', '530', '188', '984', '130', '566', '968']
['748', '950', '756', '103']
['70', '601', '222', '125', '65', '66', '63', '935', '954', '440']
['757', '992', '102', '274', '382']
['456', '654', '723', '945', '297', '943']
