['619', '489', '182', '155', '318', '735', '262', '447', '143', '398', '272', '667', '522', '569']
['540', '623', '83', '314', '626', '792', '352', '613', '38', '440', '13', '642', '350', '170']
['78', '253', '326', '167', '137', '425', '650', '955', '420', '511', '277', '111', '302', '535']
['100', '820', '923', '124', '980', '877', '274', '775', '536', '129', '59', '483', '677', '285']
['933', '495', '150', '666', '705', '7', '72', '679', '484', '899', '752', '395', '238', '697']
['496', '721', '973', '645', '230', '850', '353', '699', '824', '500', '538', '271', '273', '736']
['994', '875', '215', '934', '393', '91', '693', '268', '725', '880', '598', '171', '664', '498']
['648', '654', '999', '910', '194', '468', '608', '87', '550', '974', '576', '873', '529', '105']
['389', '758', '174', '42', '296', '90', '437', '791', '159', '98', '95', '867', '785', '892']
['969', '989', '270', '36', '130', '833', '594', '505', '797', '151', '521', '469', '558', '341']
['379', '200', '808', '196', '24', '811', '765', '947', '453', '607', '628', '746', '410', '777']
['340', '733', '462', '172', '718', '311', '333', '653', '801', '571', '281', '378', '563', '156']
['14', '971', '609', '203', '481', '537', '0', '748', '426', '591', '99', '397', '575', '158']
['18', '9', '321', '722', '817', '837', '220', '636', '634', '193', '829', '301', '202', '790']
['757', '713', '908', '965', '936', '629', '897', '838', '979', '651', '891', '943', '678', '369']
['570', '329', '231', '472', '710', '723', '716', '672', '731', '40', '458', '23', '240', '861']
['463', '211', '513', '688', '671', '686', '45', '284', '449', '935', '565', '144', '195', '987']
['604', '121', '633', '485', '835', '133', '720', '16', '239', '248', '297', '549', '424', '499']
['502', '689', '351', '617', '349', '222', '616', '909', '551', '658', '371', '826', '374', '308']
['365', '183', '896', '1', '585', '438', '346', '589', '821', '51', '43', '527', '373', '343']
['454', '622', '557', '62', '363', '595', '615', '35', '759', '560', '635', '958', '101', '487']
['204', '761', '266', '22', '354', '466', '902', '280', '431', '596', '531', '532', '906', '241']
['419', '946', '418', '246', '893', '219', '77', '278', '740', '300', '476', '479', '6', '235']
['929', '221', '457', '17', '186', '497', '714', '58', '618', '588', '243', '872', '920', '432']
['732', '597', '926', '29', '523', '995', '85', '660', '115', '870', '599', '260', '384', '494']
['982', '786', '729', '491', '665', '67', '249', '662', '552', '69', '336', '673', '659', '256']
['110', '787', '991', '119', '990', '317', '139', '63', '305', '245', '747', '342', '428', '316']
['773', '572', '592', '675', '197', '188', '804', '796', '149', '646', '460', '276', '566', '478']
['70', '446', '562', '307', '956', '295', '187', '942', '145', '473', '247', '815', '930', '680']
['456', '242', '3', '163', '355', '345', '267', '611', '967', '743', '335', '749', '54', '32']
['370', '702', '602', '383', '60', '737', '568', '842', '871', '259', '993', '480', '661', '928']
['814', '905', '390', '834', '921', '548', '816', '344', '656', '881', '719', '997', '825', '19']
['44', '998', '71', '8', '312', '620', '417', '543', '199', '559', '904', '952', '819', '985']
['793', '914', '556', '509', '132', '39', '506', '600', '625', '546', '668', '577', '225', '706']
['490', '412', '179', '547', '751', '209', '996', '953', '701', '157', '255', '878', '798', '795']
['840', '331', '304', '492', '323', '234', '120', '832', '639', '201', '580', '764', '217', '879']
['445', '264', '160', '153', '49', '941', '205', '963', '443', '356', '287', '116', '848', '216']
['647', '422', '192', '915', '520', '631', '411', '912', '711', '361', '903', '514', '423', '510']
['799', '766', '526', '391', '394', '421', '377', '528', '399', '46', '823', '674', '107', '545']
['865', '34', '632', '10', '56', '291', '117', '739', '177', '770', '960', '52', '290', '330']
['113', '807', '405', '843', '533', '503', '28', '408', '887', '517', '173', '822', '508', '31']
['337', '612', '488', '364', '147', '442', '917', '530', '916', '869', '257', '319', '738', '11']
['104', '118', '360', '938', '918', '190', '501', '81', '327', '493', '315', '742', '753', '889']
['148', '250', '376', '55', '539', '601', '763', '282', '582', '178', '459', '868', '981', '782']
['977', '175', '86', '831', '907', '451', '781', '435', '226', '358', '726', '676', '162', '25']
['780', '94', '951', '712', '482', '464', '581', '605', '741', '53', '244', '534', '583', '385']
['691', '866', '382', '610', '112', '269', '839', '169', '809', '972', '218', '876', '774', '123']
['555', '853', '237', '265', '82', '122', '96', '80', '948', '776', '961', '309', '283', '715']
['407', '638', '427', '988', '857', '366', '233', '310', '864', '136', '984', '387', '142', '15']
['184', '114', '519', '93', '784', '33', '252', '164', '48', '228', '614', '88', '542', '669']
['851', '655', '61', '41', '504', '372', '768', '4', '452', '313', '970', '858', '229', '805']
['962', '64', '856', '945', '66', '181', '744', '76', '847', '332', '236', '806', '430', '708']
['375', '400', '320', '553', '772', '883', '544', '924', '644', '755', '89', '21', '913', '126']
['524', '624', '734', '890', '957', '922', '812', '339', '717', '800', '108', '927', '643', '652']
['50', '57', '465', '299', '65', '79', '212', '911', '381', '698', '507', '298', '73', '968']
['348', '338', '637', '932', '288', '251', '474', '37', '949', '433', '74', '992', '966', '392']
['380', '362', '802', '406', '696', '213', '486', '416', '670', '641', '964', '286', '640', '884']
['404', '325', '402', '125', '47', '587', '854', '512', '396', '303', '97', '176', '448', '586']
['294', '359', '682', '707', '322', '450', '224', '573', '401', '434', '106', '254', '975', '102']
['516', '778', '627', '127', '709', '836', '898', '579', '841', '590', '409', '950', '207', '794']
['771', '154', '261', '180', '461', '944', '603', '368', '687', '954', '306', '275', '704', '455']
['168', '886', '131', '68', '189', '324', '649', '882', '27', '874', '690', '289', '862', '593']
['146', '845', '683', '210', '223', '414', '860', '888', '762', '828', '477', '810', '439', '692']
['694', '128', '444', '578', '728', '386', '986', '525', '788', '760', '441', '347', '976', '983']
['925', '227', '769', '138', '803', '849', '166', '518', '141', '663', '827', '727', '206']
['214', '208', '5', '2', '813', '515', '730']
['859', '750', '292', '258', '134', '919', '818', '541', '754', '789', '471', '895', '885', '684']
['567', '844', '135', '900', '606', '357', '745', '198', '232', '92', '263', '630']
['334', '852', '700', '894', '279', '20', '939', '12', '161']
['84', '931', '413', '937', '367', '561', '855']
['475', '703', '846', '783', '467', '415', '830', '470']
['767', '657', '779', '959', '685', '978', '621']
['554', '681', '724', '103']
['429', '75', '293']
['574', '140']
['403', '940', '152', '756', '30']
['328', '185']
['584', '388']
['863', '165', '564', '901', '436']
['26', '695', '109']
['191']
