['314', '832', '828', '827', '826', '830']
['462', '664', '658', '661', '662']
['923', '917', '918', '919', '422']
['674', '888', '672', '256', '343']
['991', '988', '990', '228', '993', '992', '987']
['109', '251', '590', '107', '116', '105', '111', '231']
['370', '65', '364']
['325', '323', '322', '326', '324', '328', '327']
['165', '690', '161']
['136', '559', '133', '706']
['264', '506', '259', '461']
['977', '366', '937']
['505', '504', '468']
['964', '886', '959']
['427', '135', '431', '433', '429', '144']
['398', '394', '393', '397', '392']
['387']
['50', '49', '55', '629', '811', '53', '858', '97', '51', '891', '54', '52']
['602', '270', '266', '268', '954', '272']
['772', '770']
['489', '483', '979']
['279', '273', '212', '356']
['415', '648', '608', '644', '650', '646', '968']
['168', '174', '417', '170', '172']
['482', '312', '308']
['738', '301', '167', '849']
['70', '76', '896', '72', '71']
['345', '867', '263', '594']
['510', '940', '274', '230']
['340', '342', '938', '336', '338']
['406', '412', '408', '410', '637']
['297', '294', '776', '112']
['773', '528', '815', '958', '549', '892', '619', '843', '262', '759', '493', '633', '934', '591', '45', '367', '381', '101', '374', '318', '465', '24', '437', '199', '668', '423', '885', '962', '402', '360', '941', '122', '311', '514', '255', '346', '73', '206', '969', '269', '752', '920', '283', '563', '913', '227', '857', '234', '416', '626', '507', '479', '906', '290', '899', '185', '31', '556', '143', '500', '430', '10', '864', '878', '409', '241', '444', '472', '808', '871', '178', '584', '976', '451', '647', '710', '248', '576', '822', '304', '703', '696', '87', '850', '675', '220', '927', '157', '801', '17', '640', '654', '3', '94', '486', '745', '115', '717', '108', '605', '38', '794', '570', '689', '682', '66', '731', '948', '983', '780', '787', '724', '0', '150', '164', '388', '353', '836', '711', '829', '171', '955', '276', '542', '458', '521', '59', '535']
['577', '574']
['78', '83', '77', '79', '82', '81', '226']
['573', '567', '569']
['532', '935', '538', '723']
['192', '405', '189', '357', '191', '193']
['142', '140', '627']
['442', '441']
['609', '612', '27', '611', '615']
['737', '735', '783', '741', '739', '740', '736']
['203', '209', '870', '399', '205', '207', '30']
['534', '137']
['965', '877']
['766', '763', '606']
['655', '657', '21', '653', '651', '368', '656', '709']
['907', '726', '744', '721', '702']
['732', '618', '728', '729', '730']
['445', '951', '751', '947', '949', '945', '950']
['233', '704', '195', '443', '214']
['258', '989', '641', '961']
['146', '210', '163', '213', '363', '424']
['282', '797']
['435', '69', '909', '434', '856']
['671', '665']
['579']
['601', '307', '595', '216']
['831', '676', '805', '298']
['562', '436', '9', '7', '13', '11']
['395', '403', '846', '874', '975']
['620', '121', '613']
['875', '485', '132', '88', '131', '130', '774', '126']
['426', '420', '755']
['139', '660']
['380', '379', '383', '616', '464', '720', '860', '384', '378', '382']
['693', '699', '438', '695', '697', '487']
['104', '34', '100', '910', '419', '4', '98', '669', '478', '102']
['819', '821', '823', '881', '578', '158', '825', '692']
['598']
['333', '793', '566', '807', '329']
['339', '769']
['129', '835', '973', '518', '32']
['56', '58', '62', '60', '545']
['681', '679', '684', '508', '685']
['713', '707']
['716', '525', '459', '531', '527', '529', '123']
['814', '347', '818', '517', '816', '970', '812']
['284']
['454', '966', '448', '667']
['349', '893', '93', '91']
['23', '237', '277', '817']
['604', '931', '936', '932', '639', '872']
['520', '767', '74', '154', '524']
['781', '902', '625', '623', '335']
['300', '634', '743', '742']
['588', '928']
['844', '288']
['35', '450', '41', '903']
['319', '315', '198']
['490', '496', '492', '119', '90', '494', '777']
['475', '200', '471', '473', '247', '469']
['813', '853', '235']
['764', '541']
['179', '175', '180', '592', '688', '181', '177', '898']
['375', '377', '972', '371', '25', '373']
['859', '446', '215', '68', '854', '586', '110', '348', '866', '166', '425', '89', '439', '19', '852', '138', '495', '789', '411', '257', '670', '929', '250', '516', '537', '712', '502', '957', '47', '306', '236', '299', '572', '320', '61', '124', '222', '775', '880', '467', '341', '971', '908', '901', '390', '208', '607', '614', '663', '229', '460', '432', '593', '894', '523', '103', '75', '558', '978', '782', '334', '691', '761', '544', '117', '649', '838', '243', '803', '355', '474', '551', '159', '719', '677', '285', '84', '418', '824', '565', '810', '481', '733', '194', '887', '145', '453', '173', '404', '600', '915', '278', '796', '747', '313', '12', '271', '705', '96', '621', '376', '292', '488', '509', '40', '635', '873', '5', '943', '26', '362', '845', '33', '768', '847', '642']
['597', '80']
['543', '219', '238', '244', '240']
['184', '182', '564', '186', '187', '265', '188', '28']
['286', '281', '280']
['476', '628', '861']
['795', '466', '944', '765']
['921', '303']
['37', '513', '156']
['160', '714', '254', '580']
['293', '622', '291', '249', '287', '289']
['922', '221']
['865', '369']
['851', '48']
['900', '413', '636', '6', '630']
['718', '202', '196', '700']
['839', '261', '833', '63', '223']
['840', '686', '114', '734']
['337', '463', '197', '183', '953', '687', '106', '470', '148', '64', '57', '29', '155', '421', '512', '981', '15', '855', '554', '939', '673', '176', '771', '204', '645', '22', '267', '883', '239', '484', '750', '134', '974', '631', '316', '162', '526', '617', '540', '246', '666', '603', '904', '715', '785', '351', '722', '869', '589', '141', '169', '428', '456', '897', '8', '1', '701', '652', '799', '638', '890', '252', '120', '911', '43', '309', '960', '400', '946', '211', '253', '792', '386', '834', '806', '358', '694', '925', '99', '596', '302', '624', '967', '449', '218', '876', '680', '848', '757', '533', '837', '344', '477', '862', '498', '407', '778', '519', '414', '610', '92', '295', '820', '491', '365', '372', '659', '232', '708', '330', '547', '113', '36', '568', '127', '85', '841', '260', '952', '575', '190']
['44', '42', '46', '914']
['225', '352', '224']
['725', '678', '698', '350', '986']
['868', '440']
['539', '557', '354', '296', '791', '746', '95']
['530', '599', '217']
['905', '389', '391', '385']
['201', '67', '632']
['310', '884', '457', '455']
['242']
['361', '332', '86']
['643', '984', '359', '753', '683']
['14', '20', '16', '18', '321']
['511', '128', '956']
['912', '895', '125', '889']
['153', '147', '942', '842', '151', '149', '152']
['331', '555', '553', '587', '582', '585', '581', '727', '583']
['39', '447']
['863', '480', '916', '396', '401']
['561', '560']
['452', '548', '550', '552', '546']
['788', '790', '786', '784', '245']
['926', '305', '882', '924', '963', '275', '930']
['933', '515']
['748', '758', '779', '756', '760', '536', '762', '118', '879']
['985', '980', '2']
['754', '317', '749', '982', '809']
['571', '522']
['503', '501', '497', '499']
['800', '802', '798', '804']
