['337', '128', '405', '523', '42', '421', '167', '453', '687', '625', '663', '511', '69', '428', '118']
['609', '541', '18', '270', '502', '55', '120', '103', '90', '284', '598', '344', '441', '21', '455']
['264', '84', '130', '718', '222', '550', '127', '67', '183', '618', '272', '695', '236', '705', '469']
['331', '154', '442', '629', '322', '279', '79', '568', '269', '417', '198', '303', '664', '669', '373']
['732', '489', '325', '391', '533', '601', '253', '591', '208', '581', '306', '275', '510', '290', '11']
['376', '44', '633', '461', '439', '649', '615', '75', '327', '178', '635', '659', '202', '283', '708']
['31', '114', '186', '485', '87', '249', '66', '521', '92', '434', '71', '5', '483', '677', '123']
['713', '375', '700', '696', '317', '282', '688', '181', '1', '543', '566', '726', '162', '680', '308']
['14', '622', '691', '155', '7', '28', '714', '509', '679', '725', '17', '316', '534', '254', '105']
['527', '694', '250', '49', '195', '666', '63', '305', '145', '701', '447', '512', '159', '727', '288']
['412', '292', '93', '266', '360', '164', '312', '291', '692', '399', '169', '281', '378', '697', '535']
['597', '380', '334', '513', '213', '686', '62', '699', '191', '259', '517', '448', '263', '520', '73']
['445', '52', '34', '36', '261', '413', '10', '545', '712', '339', '333', '171', '420', '43', '409']
['307', '351', '47', '744', '582', '474', '542', '658', '141', '256', '621', '704', '289', '369', '231']
['436', '495', '355', '56', '414', '573', '324', '151', '653', '605', '342', '397', '685', '374', '736']
['258', '294', '146', '246', '65', '466', '313', '698', '336', '740', '668', '350', '481', '298', '240']
['340', '153', '121', '654', '278', '280', '140', '728', '717', '136', '173', '404', '255', '89', '586']
['612', '345', '295', '320', '343', '318', '188', '35', '500', '260', '477', '88', '430', '681', '156']
['446', '682', '703', '242', '206', '394', '8', '665', '137', '660', '228', '218', '297', '74', '19']
['526', '134', '457', '444', '0', '549', '377', '241', '401', '108', '634', '467', '749', '410', '96']
['619', '78', '119', '683', '366', '657', '611', '125', '393', '265', '471', '112', '20', '559', '54']
['329', '370', '617', '389', '645', '589', '596', '440', '443', '538', '161', '738', '432', '6', '216']
['604', '488', '3', '372', '91', '132', '80', '674', '243', '23', '101', '107', '158', '575', '26']
['200', '572', '285', '61', '252', '22', '603', '569', '731', '636', '152', '51', '719', '451', '706']
['184', '647', '707', '293', '147', '737', '450', '672', '45', '157', '229', '678', '479', '302', '30']
['110', '64', '637', '486', '117', '595', '300', '403', '747', '166', '588', '433', '577', '142', '487']
['104', '223', '482', '24', '408', '579', '662', '4', '205', '361', '514', '356', '384', '478', '330']
['94', '60', '192', '211', '390', '76', '352', '248', '97', '506', '522', '301', '287', '32', '382']
['555', '180', '172', '730', '274', '552', '40', '232', '565', '739', '613', '59', '170', '15', '392']
['168', '567', '204', '729', '194', '33', '468', '224', '610', '711', '576', '630', '371', '358', '563']
['716', '544', '464', '626', '82', '574', '641', '12', '560', '396', '106', '531', '349', '652', '299']
['113', '419', '175', '491', '554', '620', '452', '670', '368', '193', '639', '53', '2', '571', '498']
['524', '402', '379', '359', '623', '497', '671', '675', '539', '587', '48', '437', '335', '98', '499']
['415', '362', '418', '234', '238', '135', '357', '438', '247', '484', '518', '646', '746', '116', '235']
['423', '562', '207', '475', '83', '465', '616', '354', '628', '614', '493', '273', '578', '529', '583']
['490', '182', '516', '383', '632', '214', '537', '608', '267', '41', '328', '459', '600', '546', '276']
['638', '721', '9', '723', '462', '338', '187', '722', '363', '720', '642', '476', '742', '424', '111']
['570', '427', '221', '348', '109', '553', '561', '165', '85', '209', '341', '144', '508', '217', '185']
['748', '496', '648', '624', '100', '321', '365', '68', '314', '528', '548', '38', '661', '346', '532']
['407', '702', '733', '210', '627', '735', '77', '416', '504', '431', '286', '271', '225', '515', '126']
['689', '323', '29', '150', '296', '220', '37', '268', '650', '507', '584', '684', '676', '494', '25']
['160', '602', '57', '163', '472', '530', '139', '124', '398', '607', '176', '177', '673', '656', '190']
['422', '148', '540', '86', '310', '219', '197', '556', '315', '651', '277', '309', '395', '690', '580']
['203', '724', '227', '592', '557', '460', '388', '257', '473', '81', '201', '129', '449', '387', '505']
['179', '463', '102', '364', '138', '594', '230', '58', '353', '536', '16', '244', '709', '715', '400']
['456', '564', '131', '710', '196', '122', '245', '745', '39', '425', '332', '644', '643', '558', '385']
['519', '406', '174', '426', '189', '501', '72', '381', '239', '741', '27', '667', '429', '226', '95']
['50', '492', '237', '734', '503', '631', '411', '115', '143', '435', '367', '149', '347']
['525', '599', '46', '470']
['585', '386']
['70']
['326', '215']
['99']
['547']
['606']
['593']
['262']
['13']
['133']
['590']
['233']
['251']
['693']
['212']
['304']
['480']
['454']
['655']
['458']
['551']
['319']
['199']
['743']
['640']
['311']
