['Felicity', 'Maddison', 'Taryn', 'Brooklyn', 'Ryleigh', 'Tyra', 'Kaylin', 'Kiara', 'Joy', 'Ellen']
['Presley', 'Nyah', 'Jeanette', 'Aileen', 'Alize', 'Celina', 'Kennedi', 'Nya', 'Elissa', 'Sydnee']
['Lyndsey', 'Catalina', 'Willow', 'Ali', 'Kaya', 'Maci', 'Greta', 'Lillie', 'Brianne', 'Kaila']
['Melina', 'Mckenna', 'Kalyn', 'Kendall', 'Jillian', 'April', 'Lara', 'Alma', 'Jordyn', 'Kara']
['Raegan', 'Jada', 'Yvette', 'Kaitlin', 'Judith', 'Karissa', 'Joselyn', 'Katelin', 'Viviana', 'Breanna']
['Vivian', 'Felicia', 'Tessa', 'Aracely', 'Jaiden', 'Cecelia', 'Carmen', 'Jaqueline', 'Mackenzie', 'Kassidy']
['Yasmin', 'Rachelle', 'Melanie', 'Kailyn', 'Destiney', 'Alice', 'Cheyanne', 'Jadyn', 'Gisselle', 'Martha']
['Monica', 'Carly', 'Hanna', 'Abbie', 'Valerie', 'Emily', 'Peyton', 'Bianca', 'Brenda', 'Daniela']
['Valeria', 'Carson', 'Kristina', 'Logan', 'Tiara', 'Natalia', 'Jazlyn', 'Diana', 'Tierra', 'Madalyn']
['Trinity', 'Fernanda', 'Frances', 'Destini', 'Tanya', 'Mikayla', 'Carina', 'Aspen', 'Daija', 'Kayla']
['Taylor', 'Maegan', 'Susana', 'Maya', 'Shea', 'Aylin', 'Casandra', 'Jocelyn', 'Martina', 'Brenna']
['Meghan', 'Raina', 'Lilliana', 'Dejah', 'Jayla', 'Gabriella', 'Estefania', 'Daisha', 'Amya', 'Leanna']
['Paloma', 'Carley', 'Kassandra', 'Anaya', 'Misty', 'Micaela', 'Aniyah', 'Madison', 'Kari', 'Devyn']
['Shannon', 'Tina', 'Hope', 'Haven', 'Madelynn', 'Bethany', 'Joanne', 'Paris', 'Callie', 'Lydia']
['Monique', 'Violet', 'Scarlett', 'Mattie', 'Chaya', 'Kaylah', 'Jamie', 'Adrianna', 'Kaylan', 'Haleigh']
['Joana', 'Mireya', 'Deasia', 'Taya', 'Elsa', 'Teresa', 'Norma', 'Trisha', 'Brionna', 'Selena']
['Daniella', 'Kaylie', 'Ayanna', 'Hallie', 'Linda', 'Shyann', 'Kaley', 'Lizbeth', 'Shirley', 'Jacquelyn']
['Colleen', 'Dianna', 'Britney', 'Karley', 'Chelsea', 'Alexandra', 'Molly', 'Summer', 'Jacklyn', 'Diamond']
['Ella', 'Jacqueline', 'Courtney', 'Ashtyn', 'Cassie', 'Quinn', 'Heidi', 'Veronica', 'Kallie', 'Tatianna']
['Alysa', 'Brooke', 'Kyleigh', 'Kaylynn', 'Maeve', 'Rocio', 'Gabriel', 'Kacie', 'Abigayle', 'Christa']
['Carlie', 'Angie', 'Jasmyn', 'Alanna', 'Sonia', 'Malia', 'Marisol', 'Jayden', 'Sylvia', 'Kelli']
['Angelique', 'Tianna', 'Elena', 'Regan', 'Carol', 'Mayra', 'Paulina', 'Sonya', 'Sasha', 'Aurora']
['Lindsay', 'Samara', 'Stefanie', 'Kaci', 'Patience', 'Lesley', 'Kayli', 'Hazel', 'Destiny', 'Kailee']
['Lilly', 'Athena', 'Anahi', 'Lorena', 'Johanna', 'Kaleigh', 'Jane', 'Alycia', 'Kristin', 'Kali']
['Robyn', 'Jackeline', 'Bryana', 'Yasmine', 'Theresa', 'Aaliyah', 'Elise', 'Lisa', 'Jasmine', 'Ellie']
['Destany', 'Paola', 'Roxanne', 'Cara', 'Patricia', 'Alessandra', 'Keira', 'Cristal', 'Devin', 'Cydney']
['Carrie', 'Neha', 'Skyler', 'Bryanna', 'Ally', 'Katlynn', 'Lacey', 'Macy', 'Nora', 'Denise']
['Aja', 'Jaida', 'Jalyn', 'Janessa', 'Nayeli', 'Sheila', 'Meaghan', 'Kenzie', 'Melinda', 'Aisha']
['Yolanda', 'Jazmyn', 'Eden', 'Alison', 'Keeley', 'Micah', 'Hailie', 'Kelly', 'Dayna', 'Kameron']
['Candice', 'Alexys', 'Teagan', 'Yamilet', 'Rosa', 'Lourdes', 'Dariana', 'Sandy', 'Deborah', 'Jaden']
['Maryam', 'Beatriz', 'Clarissa', 'Lizeth', 'Hayley', 'Skyla', 'Kaylyn', 'Zaria', 'Celine', 'Kira']
['Julia', 'Jennifer', 'Haley', 'Michelle', 'Unique', 'Allyson', 'Hailey', 'Janiya', 'Morgan', 'Chloe']
['Kristine', 'Paige', 'London', 'Anne', 'Abagail', 'Katarina', 'Citlalli', 'Myah', 'Selina', 'Halle']
['Ivy', 'Jailyn', 'Brittney', 'Asha', 'Rita', 'Elyssa', 'Aniya', 'Brittany', 'Laisha', 'Julissa']
['Rylie', 'Anjali', 'Calista', 'Carli', 'Kianna', 'Casey', 'Gloria', 'Deanna', 'Darian', 'Daphne']
['Lea', 'Reilly', 'Amari', 'Macey', 'Lily', 'Noelia', 'Karli', 'Silvia', 'Kaela', 'Kenya']
['Makenna', 'Madeleine', 'Kellie', 'Justine', 'Kiana', 'Mia', 'Chyna', 'Natasha', 'Ashleigh', 'Ariana']
['Anastasia', 'Talia', 'Eliza', 'Harley', 'Janice', 'Damaris', 'Kierra', 'Savanna', 'Jaquelin', 'Dorothy']
['Cierra', 'Elyse', 'Amelia', 'Helen', 'Hadley', 'Darlene', 'Chanel', 'Kelsie', 'Iliana', 'Virginia']
['Amiya', 'Litzy', 'Aria', 'Hunter', 'Melody', 'Laura', 'Jenifer', 'Nicole', 'Lexus', 'Shaina']
['Nadine', 'Caitlin', 'Makayla', 'Kenna', 'Chasity', 'Kathleen', 'Shelby', 'Marley', 'Jayde', 'Jaylin']
['Mariela', 'Janet', 'Angela', 'Lila', 'Amani', 'Armani', 'Maura', 'Anita', 'Makenzie', 'Dakota']
['Imani', 'Destinee', 'Evelyn', 'Maribel', 'Aliya', 'Janae', 'Hailee', 'Christina', 'Rose', 'Jacey']
['Lizette', 'Iyana', 'Catherine', 'Serenity', 'Brielle', 'Kaia', 'Mckayla', 'Rebecca', 'Aimee', 'Karly']
['Abigale', 'Tatiana', 'Katrina', 'Sienna', 'Juliana', 'Joanna', 'Fatima', 'Arianna', 'Halie', 'Mckenzie']
['Kennedy', 'Kyra', 'Maggie', 'Amaya', 'Gia', 'Kaitlynn', 'Payton', 'Hayden', 'Cameron', 'Daisy']
['Alia', 'Beatrice', 'Marian', 'Savana', 'Stephany', 'Jade', 'Sharon', 'Ayana', 'Nathalie', 'Amber']
['Annette', 'Laurel', 'Sydni', 'Reanna', 'Tara', 'Michele', 'Darby', 'Toni', 'Helena', 'Sophie']
['Madisyn', 'Lindsey', 'Liliana', 'Kaelyn', 'Kylie', 'Meagan', 'Cheyenne', 'Sara', 'Katie', 'Miracle']
['Emely', 'Gina', 'Jewel', 'Alisa', 'Rachel', 'Mara', 'Jaycee', 'Brynn', 'Antonia', 'Karlee']
['Zoey', 'Saige', 'Cali', 'Caitlynn', 'Maritza', 'Adeline', 'Jolie', 'Alexus', 'Berenice', 'Sarina']
['Kayley', 'Eileen', 'Carlee', 'Jaclyn', 'Luz', 'Alexandrea', 'Randi', 'Rosemary', 'Angelica', 'Thalia']
['Yazmin', 'Chantel', 'Hillary', 'Nikita', 'Maranda', 'Katharine', 'Reese', 'Dayana', 'Kinsey', 'Caleigh']
['Tia', 'Tabitha', 'Wendy', 'Jazmyne', 'Gillian', 'Lucy', 'Briana', 'Jayda', 'Renee', 'Delia']
['Estrella', 'Dallas', 'Baby', 'Stacey', 'Myra', 'Shayna', 'Elaine', 'Nikki', 'Danielle', 'Caroline']
['Anya', 'Mariana', 'Eleanor', 'Camille', 'Margarita', 'Priscilla', 'Nancy', 'Cecilia', 'Bridgette', 'Lauren']
['Rebeca', 'Jaelyn', 'Lilian', 'Emilie', 'Ana', 'Kate', 'Parker', 'America', 'Heather', 'Tracy']
['Rayna', 'Reina', 'Ariel', 'Shawna', 'Katherine', 'Bria', 'Jenna', 'Camila', 'Devon', 'Abby']
['Carla', 'Riley', 'Noelle', 'Claudia', 'Jessie', 'Arely', 'Brandy', 'Shaniya', 'Tatyana', 'Robin']
['Annabel', 'Celeste', 'Savannah', 'Heaven', 'Grace', 'Marina', 'Sydney', 'Carolina', 'Kasandra', 'Whitney']
['Aleah', 'Mary', 'Kirsten', 'Aliza', 'Andrea', 'Madelyn', 'Jordan', 'Bella', 'Cassidy', 'Valentina']
['Alexa', 'Leslie', 'Cielo', 'Kelsey', 'Sabrina', 'Claire', 'Kathryn', 'Alexandria', 'Regina', 'Leah']
['Emerald', 'Rhianna', 'Kirstin', 'Yasmeen', 'Jena', 'Marlee', 'Breanne', 'Luisa', 'Yessenia', 'Odalys']
['Zoe', 'Pamela', 'Karlie', 'Gracie', 'Salma', 'Marisa', 'Kiersten', 'Christy', 'Cynthia', 'Jana']
['Ciera', 'Michaela', 'Lena', 'Tess', 'Lauryn', 'Corinne', 'Justice', 'Maia', 'Isis', 'Clare']
['Yesenia', 'Emma', 'Alena', 'Rhiannon', 'Katlyn', 'Emilee', 'Georgia', 'Rachael', 'Karla', 'Kaitlyn']
['Christine', 'Asia', 'Raven', 'Nina', 'Jazmin', 'Jakayla', 'Annamarie', 'Delaney', 'Rosalinda', 'Brisa']
['Amanda', 'Sophia', 'Kylee', 'Stephanie', 'Hana', 'Olivia', 'Elisa', 'Allison', 'Barbara', 'Amara']
['Josephine', 'Madilyn', 'Karen', 'Irene', 'Krystal', 'Joyce', 'Kyla', 'Madyson', 'Moriah', 'Nia']
['Blanca', 'Sofia', 'Ivana', 'Cora', 'Haylie', 'Katia', 'Harmony', 'Sydnie', 'Bridget', 'Tamara']
['Nadia', 'Cindy', 'Monserrat', 'Guadalupe', 'Haylee', 'Sandra', 'Sidney', 'Serena', 'Christian', 'Ruby']
['Stacy', 'Kailey', 'Victoria', 'Gabriela', 'Bailee', 'Anissa', 'Isabela', 'Diane', 'Giselle', 'Anna']
['Amy', 'Alina', 'Alisha', 'Cristina', 'Alyson', 'Ashlee', 'Perla', 'Tania', 'Princess', 'Crystal']
['Lia', 'Abril', 'Alaina', 'Belen', 'Bonnie', 'Sheridan', 'Savanah', 'Dawn', 'Dulce', 'Delilah']
['Aryanna', 'Alivia', 'Isabel', 'Mikaela', 'Gianna', 'Jazmine', 'Alicia', 'Sadie', 'Alexia', 'Shaylee']
['Kiera', 'Adriana', 'Laney', 'Kacey', 'Larissa', 'Tyler', 'Kiarra', 'Liana', 'Shakira', 'Juanita']
['Baylee', 'Elisabeth', 'Ava', 'Ashlynn', 'India', 'Juliet', 'Lesly', 'Fiona', 'Miriam', 'Kasey']
['Breana', 'Mariah', 'Kaylee', 'Melissa', 'Madeline', 'Kristen', 'Autumn', 'Faith', 'Marissa', 'Bailey']
['Ebony', 'Alex', 'Sally', 'Edith', 'Leilani', 'Karina', 'Phoebe', 'Abigail', 'Jessica', 'Kenia']
['Stella', 'Arlene', 'Allyssa', 'Julianne', 'Lillian', 'Mya', 'Drew', 'Nyasia', 'Alexis', 'Izabella']
['Eva', 'Meredith', 'Reagan', 'Rylee', 'Ryan', 'Eliana', 'Susan', 'Erica', 'Aliyah', 'Charlotte']
['Gabrielle', 'Sierra', 'Skye', 'Graciela', 'Ericka', 'Kourtney', 'Erika', 'Magdalena', 'Katelyn', 'Tatum']
['Ashly', 'Zoie', 'Ashlyn', 'Avery', 'Alysha', 'Amina', 'Desiree', 'Laila', 'Emilia', 'Alondra']
['Ansley', 'Addison', 'Alana', 'Genesis', 'Ingrid', 'Julianna', 'Raquel', 'Abbigail', 'Shyanne', 'Kathy']
['Chandler', 'Ayla', 'Katy', 'Josie', 'Desirae', 'Aubrey', 'Deja', 'Skylar', 'Esther', 'Madisen']
['Antoinette', 'Kiley', 'Camryn', 'Tiffany', 'Marie', 'Miranda', 'Nataly', 'Tori', 'Dominique', 'Joelle']
['Katerina', 'Julie', 'Alayna', 'Kendra', 'Leila', 'Esperanza', 'Holly', 'Essence', 'Esmeralda', 'Tamia']
['Mariam', 'Caitlyn', 'Cayla', 'Brooklynn', 'Anika', 'Araceli', 'Candace', 'Mollie', 'Noemi', 'Shania']
['Angel', 'Jenny', 'Audrey', 'Jesse', 'Eryn', 'Krista', 'Elizabeth', 'Kimberly', 'Giovanna', 'Leann']
['Carissa', 'Paula', 'Maiya', 'Amira', 'Kristy', 'Yvonne', 'Cortney', 'Marianna', 'Dasia', 'Katelynn']
['Clara', 'Tiana', 'Yadira', 'Abbey', 'Ashton', 'Kayleigh', 'Kori', 'Christiana', 'Margaret', 'Vanessa']
['Shayla', 'Annie', 'Gwendolyn', 'Dana', 'Alejandra', 'Isabelle', 'Angelina', 'Cassandra', 'Adrienne', 'Carolyn']
['Francesca', 'Lyric', 'Emmalee', 'Celia', 'Blair', 'Natalie', 'Naomi', 'Charity', 'Ruth', 'Isabella']
['Donna', 'Precious', 'Annika', 'Lexi', 'Aiyana', 'Jasmin', 'Sarai', 'Annalise', 'Simone', 'Kamryn']
['Mandy', 'Melisa', 'Hannah', 'Marlen', 'Adrian', 'Sky', 'Gretchen', 'Sarah', 'Eve', 'Ashley']
['Annabelle', 'Lisette', 'Alyssa', 'Mercedes', 'Janelle', 'Jill', 'Breonna', 'Ryann', 'Arielle', 'Aubree']
['Reyna', 'Mallory', 'Kelsi', 'Nicolette', 'Layla', 'Itzel', 'Allie', 'Elaina', 'Montana', 'Samantha']
['Juliette', 'Maria', 'Brandi', 'Brook', 'Jaime', 'Lori', 'Iris', 'Ciara', 'Loren', 'Alissa']
['Ann', 'Chelsey', 'Macie', 'Leticia', 'Nichole', 'Lucia', 'Keara', 'Sage', 'Keely', 'Fabiola']
['Megan', 'Marilyn', 'Marlene', 'Piper', 'Erin', 'Tayler', 'Genevieve', 'Lexie', 'Rebekah', 'Brianna']
