['179', '608', '103', '590', '558', '319', '111', '519', '155', '599', '606', '644', '15', '100', '485', '388', '377', '274', '248', '613', '25', '268', '228', '607', '151', '460', '432', '126']
['767', '153', '750', '233', '751', '188', '75', '431', '387', '73', '766', '163', '27', '664', '583', '461', '671', '353', '673', '726', '95', '708', '128', '716', '672', '768', '765', '741', '658', '511', '753']
['118', '622', '364', '338', '7', '8', '411', '595', '69', '327', '141', '514', '651', '275', '584', '479', '6', '470']
['412', '787', '786', '93', '160', '60', '250', '688', '789', '318', '56', '509', '728', '788', '565', '101', '170', '515']
['337', '345', '662', '582', '107', '498', '235', '721', '57', '735', '544', '347', '520', '723', '405', '61', '722', '176', '114', '418', '683', '24', '720', '216', '578', '680']
['49', '763', '28', '115', '398', '352', '344', '448', '400', '148', '734', '666', '135', '312', '603', '466', '48', '747', '313', '512', '656', '51', '384', '780', '475', '50', '793', '249', '564', '675', '679', '521', '423']
['70', '601', '581', '263', '64', '29', '328', '105', '567', '266', '797', '587', '507', '276', '772', '264', '592', '450', '267', '265', '22', '568', '465', '401', '525', '430']
['457', '311', '502', '540', '501', '473', '81', '480', '429', '299', '258', '261', '503', '164', '99', '636', '116', '362', '259', '701', '260', '80', '739', '23', '225']
['490', '445', '486', '76', '106', '207', '206', '489', '761', '310', '223', '653', '370', '340', '442', '647', '491', '150', '172', '554', '132', '257', '467', '755', '209', '208']
['133', '336', '369', '379', '237', '366', '321', '79', '368', '325', '365', '219', '557', '367', '589', '169', '341', '738', '78', '464', '220', '157']
['604', '533', '737', '779', '305', '744', '667', '420', '226', '348', '117', '82', '72', '441', '752', '96', '168', '468', '598', '2', '158', '597', '304', '620', '88', '303', '534']
['391', '317', '693', '213', '528', '717', '661', '255', '697', '627', '649', '447', '361', '12', '198', '695', '349', '798', '392', '329', '694', '227', '655', '711', '247', '659', '371', '703', '204', '696', '660', '191', '296', '52', '343']
['65', '68', '91', '196', '342', '549', '66', '62', '363', '615', '417', '493', '89', '492', '295', '611', '591', '781', '443', '202', '21', '524', '67', '556', '90', '585', '593']
['380', '215', '125', '453', '142', '195', '123', '454', '513', '550', '280', '759', '543', '131', '300', '273', '156', '44', '180', '16', '685', '522', '428', '455', '18', '256', '668']
['496', '648', '326', '538', '586', '508', '293', '41', '414', '536', '292', '416', '474', '40', '749', '289', '290', '748', '121', '291', '85', '39', '643', '481', '161']
['203', '733', '120', '212', '631', '122', '173', '152', '309', '794', '732', '729', '278', '731', '382', '376', '86', '624', '614', '53', '743', '642', '529', '795', '730']
['427', '402', '541', '419', '77', '421', '560', '740', '439', '287', '563', '774', '14', '422', '562', '769', '0', '754', '174', '462', '433', '626', '588', '288', '573', '239', '356', '561', '298', '30']
['3', '282', '665', '630', '43', '130', '600', '281', '577', '308', '375', '55', '393', '269', '796', '271', '283', '785', '217', '322', '783', '762', '635', '307', '270', '119', '784', '59']
['413', '408', '183', '409', '617', '472', '616', '224', '792', '579', '705', '424', '790', '146', '234', '504', '699', '618', '641', '381', '791', '297', '144', '185', '184', '700', '645', '127', '471', '357', '566', '535']
['799', '383', '134', '279', '482', '523', '776', '646', '98', '555', '778', '262', '140', '610', '13', '715', '240', '621', '426', '171', '397', '5', '609', '547', '602', '87', '143', '500', '506', '531', '575']
['104', '84', '707', '516', '724', '623', '686', '394', '354', '112', '670', '425', '725', '687', '704', '669', '727', '692', '285']
['446', '712', '324', '452', '459', '38', '404', '46', '102', '11', '154', '517', '284', '396', '74', '678', '713', '175', '222', '714', '124', '372', '551', '272', '159', '764', '676', '677', '83', '339', '1', '449', '484', '218', '373']
['34', '463', '654', '537', '252', '552', '145', '129', '548', '110', '211', '246', '253', '251', '756', '92', '505', '32', '351', '488', '323', '214', '320', '58', '35', '746', '302', '487', '31', '33', '718']
['221', '9', '10', '605', '395', '316', '652', '238', '682', '306', '451', '612', '633', '355', '314', '674', '315', '742', '706', '113', '629', '530', '4', '399', '518', '510', '736']
['389', '406', '108', '477', '546', '410', '231', '182', '691', '386', '47', '574', '178', '277', '19', '632', '539', '230', '137', '232', '71', '527', '210', '165', '458', '229', '545']
['758', '360', '745', '136', '205', '37', '358', '359', '200', '138', '775', '201', '698', '476', '54', '254', '26', '187', '42', '199', '286', '709']
['94', '773', '197', '559', '770', '346', '571', '241', '570', '407', '242', '147', '190', '181', '628', '243', '495', '594', '572', '245', '45', '650', '244', '542', '532', '97', '415', '478', '569', '499']
['436', '444', '186', '553', '189', '390', '760', '435', '437', '149', '440', '434', '236', '469', '483', '625', '374', '494']
['331', '771', '702', '294', '192', '194', '497', '139', '167', '20', '332', '193', '576', '177', '681', '640', '719', '684', '330']
['757', '638', '657', '403', '333', '634', '162', '782', '580', '619', '526', '334', '689', '109', '637', '63', '166', '301', '710', '438', '596', '690', '350', '378', '385', '456', '36', '639', '663', '335', '17', '777']
