['786', '125', '145', '311', '108', '548', '205', '985', '73', '862', '231', '494', '734', '761', '7', '603', '756', '759', '37', '838', '740', '424', '422', '58', '372', '636', '673', '276', '341', '749', '36', '645', '157', '437', '801', '652', '478', '190']
['463', '186', '360', '212', '631', '582', '815', '646', '118', '111', '580', '235', '64', '778', '251', '48', '131', '806', '19', '217', '382', '785', '340', '436', '325', '694', '299', '0', '820', '292', '551', '719', '895', '851', '18', '956', '672', '42', '511', '640']
['380', '183', '129', '136', '336', '470', '102', '969', '541', '363', '284', '480', '51', '583', '266', '714', '650', '865', '84', '842', '339', '208', '741', '335', '575']
['337', '962', '779', '255', '142', '369', '147', '425', '997', '855', '567', '926', '724', '247', '791', '950', '845', '464', '39', '469', '229', '566']
['427', '389', '65', '665', '75', '949', '546', '309', '617', '915', '866', '666', '310', '312', '473', '921', '178', '417', '512', '898', '868', '664', '105', '983', '322', '916', '137', '474', '204', '33', '530', '959', '239', '97', '193', '826']
['446', '638', '383', '853', '408', '188', '103', '352', '600', '682', '923', '328', '414', '166', '327', '812', '987', '258', '632', '572', '180', '485', '468', '934', '365', '939', '542', '899', '968', '104', '771', '516', '739', '53', '161']
['496', '856', '76', '431', '38', '933', '375', '599', '649', '447', '819', '27', '277', '275', '89', '889', '376', '612', '775', '132', '367', '781', '897', '585', '961', '430']
['917', '604', '94', '773', '282', '354', '854', '453', '195', '978', '732', '957', '135', '269', '112', '273', '96', '830', '539', '723', '711', '943', '101', '929', '78', '675', '996', '268', '525', '607', '614', '460', '52', '795', '343']
['859', '252', '196', '115', '571', '46', '508', '989', '931', '13', '349', '331', '164', '249', '626', '388', '297', '31', '184', '456', '592', '267', '907', '1', '177', '286', '569']
['391', '197', '173', '514', '558', '395', '577', '107', '410', '519', '550', '386', '280', '579', '517', '396', '656', '713', '355', '150', '877', '800', '698', '232', '59', '288', '524', '597', '250', '629', '720', '415', '736', '730']
['490', '799', '894', '751', '849', '941', '832', '687', '924', '263', '794', '498', '11', '454', '348', '294', '237', '905', '808', '181', '544', '63', '834', '888', '149', '441', '505', '287', '825', '146', '914', '857', '492', '504', '248', '507', '244', '54', '748', '624', '465', '291', '765', '458', '813', '704', '534', '848', '593', '30']
['279', '28', '887', '333', '725', '661', '667', '226', '892', '540', '627', '262', '811', '747', '493', '872', '44', '227', '222', '416', '245', '171', '440', '69', '690', '669', '254', '609', '307', '553', '679', '565', '170']
['523', '864', '91', '552', '947', '766', '163', '366', '922', '793', '86', '426', '411', '274', '984', '141', '272', '764', '702', '209', '143', '259', '17']
['733', '338', '763', '344', '881', '207', '93', '622', '513', '846', '393', '62', '421', '839', '358', '283', '715', '976', '925', '405', '932', '789', '394', '467', '596', '829', '25', '706', '703', '951', '883', '986', '80', '88', '144', '298']
['601', '744', '452', '782', '966', '308', '570', '472', '948', '628', '236', '884', '439', '814', '633', '655', '902', '201', '613', '827', '483', '982', '875', '908', '471', '535']
['134', '581', '398', '634', '211', '29', '835', '79', '882', '81', '653', '434', '520', '621', '910', '818', '783', '371', '674', '378', '742', '708', '994', '270', '304', '927', '423']
['445', '9', '213', '662', '903', '98', '697', '242', '965', '55', '823', '695', '945', '347', '678', '515', '879', '351', '50', '833', '138', '611', '722', '863', '699', '2', '522', '677', '26', '683', '716', '944', '620', '500', '701', '518', '743', '821', '753']
['402', '712', '133', '528', '559', '238', '241', '182', '691', '623', '109', '321', '980', '466', '752', '647', '988', '200', '35', '476', '374', '772', '119', '450', '696', '24', '847', '954', '625', '810']
['3', '10', '974', '760', '342', '858', '316', '281', '975', '792', '501', '615', '543', '981', '475', '359', '588', '5', '21', '802', '220', '639', '20', '967', '506', '303', '668', '545']
['648', '630', '130', '960', '412', '707', '536', '574', '705', '790', '563', '240', '710', '671', '869', '45', '176', '159', '726', '350', '160', '784', '901', '768', '867', '399', '521', '680', '126']
['654', '937', '758', '194', '317', '837', '770', '162', '805', '400', '246', '72', '584', '301', '727', '15', '124', '831', '900', '955', '809', '443', '568', '841', '256', '158', '692']
['767', '457', '608', '499', '319', '123', '379', '843', '637', '77', '56', '41', '610', '796', '451', '156', '442', '261', '461', '295', '503', '509', '257', '99', '880', '202', '676', '684', '296', '4', '993', '356', '642', '561', '481', '992']
['750', '154', '334', '946', '896', '606', '871', '313', '816', '644', '972', '429', '74', '852', '491', '462', '353', '618', '169', '95', '289', '185', '971', '121', '22', '390', '167', '484', '23']
['757', '537', '122', '403', '828', '459', '930', '878', '57', '616', '329', '168', '100', '364', '495', '587', '589', '71', '428', '116', '290', '455', '547', '385', '128', '210', '187', '199']
['70', '999', '890', '406', '68', '693', '324', '870', '817', '860', '911', '970', '448', '420', '963', '110', '407', '444', '155', '66', '47', '12', '198', '913', '392', '803', '497', '769', '234', '754', '686', '554', '314', '804', '670', '979', '762', '685', '746', '681', '318', '83', '87', '85', '573', '433']
['807', '60', '233', '717', '152', '538', '404', '43', '106', '549', '586', '206', '526', '293', '998', '893', '223', '140', '731', '306', '271', '874', '219', '591', '836', '788', '641', '598', '527', '315', '532', '822', '487', '330', '285', '940', '67', '127', '401', '228', '663', '216', '225', '777']
['153', '345', '936', '745', '502', '689', '419', '729', '735', '117', '82', '909', '912', '368', '651', '964', '384', '920', '488', '320', '172', '557', '576', '113', '418', '844', '850', '660', '824', '643', '218', '876', '709', '6']
['203', '49', '413', '737', '533', '215', '482', '486', '120', '728', '605', '776', '555', '619', '721', '942', '253', '938', '224', '361', '798', '32', '14', '562', '175', '214', '594', '61', '797', '377', '438', '659', '397', '755', '738', '906', '302', '362', '265', '90', '260']
['595', '305', '590', '477', '891', '346', '409', '489', '886', '189', '560', '92', '904', '300', '919', '774', '370', '780', '787', '174', '230', '435', '935', '479', '861', '840', '602', '564', '977', '700', '991', '990', '114', '918', '139', '995', '718', '191', '357', '151', '952', '658', '531', '885', '432', '928']
['179', '221', '34', '657', '326', '953', '387', '958', '148', '192', '278', '243', '973', '323', '381', '16', '332', '40', '873', '635', '264', '688', '165', '578', '556', '8', '449', '510', '529', '373']
