['9945', '55', '9946']
['9997', '3']
['422', '423']
['46', '9954']
['124', '125']
['9886', '9887']
['9504', '9503']
['360', '361', '359']
['79', '9921', '241', '80']
['9792', '9651', '9791']
['9660', '9729']
['421', '420']
['9644', '9645', '9642', '9643']
['9641', '9640', '9639']
['358', '357', '356']
['168', '169']
['9759', '9760']
['9782']
['9723', '9722', '9724', '9721']
['151', '150']
['110', '111']
['9854', '146', '147']
['370', '368', '9590', '369']
['351', '352', '350', '353']
['9633', '9635', '9638', '9634', '9636', '9637']
['116', '9884', '117']
['104', '105']
['9575', '9576', '9574']
['221', '222', '220']
['9797', '9796', '9794', '9795', '9798']
['9935', '65', '9936', '9657']
['9603', '9602']
['9778', '9875', '9874', '9662']
['376', '375', '377']
['307', '306', '305']
['474']
['43', '44', '9957']
['178', '50', '49', '9951']
['279', '278']
['207']
['9753', '9754', '9752', '9751']
['485', '294', '293', '295']
['9707', '9800', '9801', '9799', '9802']
['9621', '9620', '9622']
['402', '403', '401']
['9774', '9773', '9775']
['9540', '289', '9539']
['394', '393', '177', '396', '395', '392']
['436']
['98', '9903', '9804', '9902']
['483', '482', '481', '484']
['9532', '9533']
['9556', '9557']
['9740']
['9955']
['9686', '9685', '9687']
['331', '332', '9706', '330']
['429', '430']
['199']
['9828', '9827', '9829']
['9541', '9542']
['9830', '459']
['9695']
['47', '9952', '48']
['9734', '9736', '9735']
['9895']
['9991', '9', '10']
['286', '285']
['9779', '9684', '9683']
['9862', '9863', '137']
['9956']
['9587', '9588', '9586', '9585', '9653', '9584']
['9961', '9962']
['9831', '175', '176']
['9565', '9566', '9564', '9568', '9567']
['148', '9591', '9852', '9853']
['9618', '9619']
['96', '9904']
['9555', '9554']
['9959', '41']
['9609']
['281', '282', '280']
['404', '486', '406', '405']
['415', '416', '414']
['480', '479']
['213', '212', '214']
['473', '472']
['9916', '9501', '84']
['9728']
['9909', '9910', '9837', '9999', '9835', '9898', '9971', '9879', '9965', '9913', '9873', '9864', '9973', '9905', '9995', '9858', '9969', '9941', '9925', '9833', '9832', '9992', '9920', '9998', '9996', '9949', '9845', '9983', '9950', '9850', '9937', '9972', '9994', '9939', '9928', '9856', '9838', '9841', '9843', '9924', '9970', '9944', '9948', '9840', '9839', '9915', '9963', '9985', '9877', '9917', '9984', '9979', '9926', '9847', '9888', '9940', '9883', '9912', '9844', '9934', '9938', '9907', '9923', '9870', '9834', '9851', '9932', '9866', '9964', '9927', '9891', '9929', '9892', '9981', '9914', '9880', '9967', '9890', '9876', '9975', '9982', '9859', '9857', '9919', '9958', '9978', '9943', '9966', '9881', '9942', '9986', '9988', '9977', '9893', '9885', '9931', '9960', '9872', '9930', '9933', '9901', '9906', '9976']
['39', '40']
['371', '372']
['9896', '335']
['203', '201', '202', '204']
['9516', '122', '123']
['434', '433']
['303', '270', '269']
['9882', '118', '9597']
['378']
['9623', '273', '274']
['113']
['157', '9601', '156']
['333', '334']
['182', '112']
['132', '133']
['425', '426', '424']
['135', '9865']
['9655', '9656', '9654', '184']
['287', '288']
['195', '194']
['9594', '9593', '9592', '9595']
['266', '267', '265']
['9974', '26']
['9569', '16', '181', '15']
['164', '9836']
['45', '9658']
['355']
['467', '466', '465']
['9810', '9811', '9809', '314']
['292', '291', '290']
['310', '311']
['9617', '9578', '9616']
['9678', '9679', '9680']
['218', '260', '262', '261']
['9990']
['264', '477', '478']
['9766', '9525', '9526']
['9561', '206', '205']
['9681', '9682']
['9731', '9732', '9715', '9733']
['9787', '9786', '9785']
['160', '161']
['9756', '9755']
['97']
['9789', '9790', '9788', '9764']
['208']
['489', '488', '487']
['462', '463', '461']
['9846', '154']
['9812', '9813']
['9625', '9626', '9624']
['9953']
['9703', '9704', '9702', '9701']
['456', '457']
['428', '363', '427']
['349', '348', '347', '9515']
['186', '187', '188', '189', '190', '9807', '185']
['412', '411', '413']
['367', '316', '42']
['250', '249']
['9693', '302', '9694']
['417', '419', '418']
['9749', '9750', '9748', '9747']
['258', '257', '256']
['315', '272', '271']
['237', '239', '236', '238', '235', '240']
['247', '248', '9674', '246', '245']
['374', '93', '92']
['9918', '82']
['252', '253']
['251']
['166', '167']
['9897']
['460']
['9889', '9596']
['445', '327', '444']
['100', '9900']
['297', '296', '298', '299']
['9553', '9869', '131']
['494']
['56']
['9528', '9527', '9529', '9531', '9530']
['183', '9649', '9768', '9767']
['9562', '89', '9911']
['6', '5']
['276', '277', '275']
['9511', '9510', '9512', '9513']
['9823', '9822', '9824']
['319', '318', '321', '386', '320']
['77', '9805', '78', '217', '191']
['9744', '9745', '9743']
['9545', '9546']
['346', '345']
['119']
['9543', '9577', '9544']
['435']
['446', '343', '243', '447']
['9611', '9612', '9610']
['301', '9947']
['54', '53']
['380', '381', '382']
['476', '475']
['9783', '9784']
['384', '383', '385']
['391']
['233', '232', '234']
['81']
['52', '9650', '51']
['75']
['9560', '209']
['313', '9549', '9547', '9548']
['197', '196']
['225', '226', '227']
['172', '170', '171']
['9522', '9514', '219', '9521']
['9868']
['431']
['9519', '9518', '9520']
['9922']
['9536', '9537', '9535', '471', '9534']
['9730']
['337', '339', '336', '338']
['497', '498', '499']
['35', '36', '9652']
['66']
['129', '9871']
['9664', '408', '9665', '9666', '9663']
['442', '440', '263', '441', '373', '9808']
['458']
['9677']
['9672', '9673', '9671']
['9989', '11']
['9771', '9772']
['9691', '362', '9692']
['493', '492']
['323', '322', '324']
['438', '437', '439']
['259']
['9505']
['450', '9628', '449', '448', '409', '451']
['143', '142']
['231']
['34', '33']
['9746']
['9676', '9675']
['244', '9818', '9819', '9820']
['9848', '152']
['9861', '139']
['9668', '9667', '9670', '9669', '9806']
['354']
['174', '173']
['9793']
['9826', '9825', '464']
['496', '317', '495']
['228', '229']
['490', '491']
['312', '9860', '140']
['2']
['9606', '9605', '9607', '9803']
['9776', '9777']
['76']
['9661', '9630', '9631', '9632', '9629']
['7', '180', '9993']
['9551', '9550', '9552']
['9821', '9968', '32']
['9738', '9737', '9739', '216']
['399', '398', '397']
['9709', '9758']
['284', '283']
['9742', '9741']
['9894', '106', '9659']
['9842', '158']
['9571', '9572', '9573', '300', '9570']
['99']
['193', '192']
['9697', '9698']
['9502']
['103', '102']
['9699', '9700']
['230']
['9765', '469', '470', '468']
['200']
['23', '24']
['9725', '242', '9726', '9727']
['4']
['70', '153', '30', '94', '17', '60', '134', '120', '68', '91', '28', '115', '145', '136', '108', '38', '130', '73', '162', '64', '57', '163', '29', '109', '155', '62', '63', '72', '37', '12', '13', '27', '149', '74', '19', '14', '138', '86', '61', '58', '141', '71', '69', '101', '95', '21', '25', '31', '128', '121', '83', '165', '22', '67', '87', '1', '127', '90', '20', '59', '144', '126']
['365', '364', '9705', '366']
['9781', '9780']
['18']
['254']
['9867', '9627']
['9690', '9688', '9689']
['9558', '9559']
['9908']
['9987']
['9980']
['329', '328']
['198']
['9608']
['9589', '443']
['159']
['179', '8']
['407', '9757']
['9769']
['379']
['9761', '9762']
['107']
['341', '340', '342']
['9613', '432']
['255']
['9563', '9849']
['9696']
['9615', '9614']
['325', '326']
['9815', '9814', '9816', '9817']
['9763', '9524']
['114']
['9855']
['9604']
['454', '455']
['9581', '9582', '9583', '9580']
['9506', '344', '9507']
['9599', '9600', '9598']
['9878']
['410', '210', '211']
['9579', '9508', '9509']
['309', '308']
['224']
['9647', '9646', '9708', '9648']
['9770', '9517']
['223', '9538']
['453', '452']
['400']
['9717', '9718', '9716']
['268']
['9523']
['9713', '9714', '9712', '9711', '9710']
['9899']
['304', '88']
['85']
['9720', '9719']
['215', '388', '389', '390', '387']
