['P', 'CY', 'UI', 'GE', 'UO', 'KW', 'NJ', 'EO', 'EG', 'Z', 'BJO', 'YY']
['XB', 'IA', 'JK', 'FR', 'BMG', 'BFG', 'BFZ', 'BGF', 'BMA', 'UX', 'BDQ', 'YP']
['NL', 'BHP', 'LM', 'BBX', 'LX', 'WS', 'PG']
['BAV', 'XJ', 'B', 'CF', 'PV', 'KQ', 'TU', 'PC', 'BKV', 'BAT', 'VX', 'QN']
['BU', 'MI', 'ZH', 'BFD', 'XK', 'BJX', 'UP', 'ZX', 'WY', 'ZV', 'DM', 'WG']
['BKL', 'RT', 'YH', 'RS', 'BEP', 'HD', 'PL', 'BEV', 'SH', 'PE', 'PT', 'BFQ']
['DZ', 'OZ', 'YU', 'JM', 'BHW', 'BBL', 'BKU', 'NC', 'BKG', 'N']
['ZD', 'MV', 'BEB', 'XR', 'GX', 'BGP', 'HO', 'RN', 'BJE', 'BP', 'BLN', 'KP']
['PD', 'CW', 'BJL', 'HI', 'BML', 'FH', 'HU', 'SR', 'J', 'BIC', 'M', 'JC']
['BBD', 'BIM', 'BIG', 'GM', 'BEX', 'QY', 'US', 'DE', 'BBI', 'KK', 'DD', 'DU']
['WW', 'BBG', 'CO', 'JX', 'IU', 'BLP', 'BDX', 'BLH', 'UN', 'FW', 'QG', 'JL']
['BHC', 'LY', 'BAM', 'QB', 'IV', 'WB', 'TS', 'BJN', 'LF', 'OQ', 'BCH', 'BEM']
['BFA', 'BMI', 'BBO', 'BLO', 'BAD', 'OB', 'RD', 'BAC', 'BBH', 'WV', 'BHR', 'BFY']
['BHA', 'VU', 'JO', 'PW', 'BFC', 'BFU', 'BAU', 'BAZ', 'BKY', 'GO']
['IW', 'HK', 'GL', 'BBC', 'XS', 'HH', 'BD', 'BDM', 'RO', 'BLM', 'W', 'BX']
['BJM', 'BGH', 'BJZ', 'BH', 'BKF', 'TM', 'VW', 'VR', 'BJV', 'FS', 'MO', 'UT']
['JJ', 'EZ', 'OR', 'KC', 'VD', 'BIU', 'LT', 'GZ', 'EW', 'BCN', 'GY', 'WT']
['BER', 'BGZ', 'UU', 'QT', 'BCE', 'NA', 'BBT', 'I', 'BJS', 'MK', 'OG', 'LA']
['GD', 'YN', 'QM', 'WJ', 'BLQ', 'FT', 'BAI', 'BEH', 'NP', 'YW', 'BI', 'MY']
['BAB', 'GI', 'TJ', 'RK', 'BDB', 'KO', 'OI', 'BES', 'JE', 'RU', 'BKK', 'TE']
['OP', 'C', 'DI', 'GN', 'WI', 'R', 'BFI', 'DW', 'BEK', 'BGN', 'XL', 'FQ']
['BKN', 'SY', 'QV', 'RB', 'BEF', 'MB', 'JP', 'TR', 'FO', 'YV', 'JY', 'BKA']
['CD', 'BBZ', 'LI', 'BJF', 'BW', 'MR', 'KV', 'QU', 'BKM', 'RV', 'SG', 'BJU']
['BC', 'NQ', 'BJR', 'LR', 'KD', 'BJB', 'TP', 'PB', 'BAF', 'VF']
['DJ', 'BDF', 'GF', 'LG', 'EK', 'BDR', 'BDI']
['ZI', 'WO', 'BCY', 'VZ', 'BEO', 'BLJ', 'RM', 'HG', 'BHX', 'HS', 'BFS', 'BGI']
['QQ', 'YL', 'KG', 'XG', 'FL', 'VT', 'Y', 'GG']
['MW', 'SW', 'QL', 'IJ', 'H', 'KS', 'BHS', 'EY', 'KN', 'ML', 'RW', 'FE']
['HZ', 'UD', 'HN', 'KA', 'ZN', 'Q', 'CE', 'SU', 'ZR', 'BBJ', 'LK']
['EN', 'BGY', 'DK', 'TO', 'BJA', 'BJQ', 'YR', 'QR', 'BEW', 'PS', 'SL', 'BHG']
['OV', 'WP', 'UF', 'BEC', 'BGX', 'BKQ', 'DR', 'ZC', 'XW', 'HV', 'BB', 'OM']
['BJT', 'JU', 'VO', 'MH', 'BBM', 'BR', 'TK', 'DF', 'BIN', 'VP']
['NM', 'BHY', 'OF', 'IT', 'PM', 'BLL', 'BFW', 'LQ', 'JG', 'K', 'BKC']
['UV', 'HP', 'KF', 'BBK', 'BLK', 'BIE', 'LP', 'EC', 'QX', 'QD', 'BJC', 'HB']
['PA', 'BDT', 'QK', 'BZ', 'D', 'JZ', 'BLE', 'XC']
['BGR', 'SO', 'ZT', 'WE', 'CH', 'PJ', 'BAG', 'VY', 'NE', 'YX', 'YO']
['XD', 'BS', 'OJ', 'KH', 'BBP']
['BGK', 'BBB', 'CI', 'WH', 'UG', 'XI', 'BFX', 'OX', 'BE', 'BGE', 'BCS', 'FJ']
['JS', 'YM', 'BJH', 'ZW', 'JT', 'EM', 'VJ', 'BAR', 'EQ', 'JA', 'TV', 'RI']
['WX', 'HL', 'KT', 'NS']
['DP', 'BLB', 'U', 'CJ', 'NV', 'TD', 'BDJ', 'EX']
['GR', 'BHT', 'BBW', 'IY', 'WN', 'BCF', 'BKR', 'BDY', 'DT', 'XZ', 'TI', 'BKW']
['BCB', 'PX', 'YE', 'KY', 'VH', 'RC', 'BJG', 'UZ', 'BL', 'BHK']
['ZB', 'GH', 'LB', 'BLX', 'VS', 'RZ']
['BFR', 'HA', 'TF', 'BIJ', 'BBA', 'BEQ', 'BGM', 'BIP']
['S', 'ZQ', 'BKD', 'IK', 'WQ', 'F', 'RJ', 'DO']
['QJ', 'BIV', 'DG', 'GJ', 'BK', 'UE']
['TB', 'YB', 'ZO', 'IG', 'BHB', 'BHU', 'BHH', 'MP', 'BFT', 'CL', 'MX', 'LS']
['BMH', 'FF', 'BDD', 'EH', 'YI', 'BGA', 'YC', 'LW', 'VI']
['VN', 'BFH', 'OK', 'BCJ', 'IN', 'TL', 'BLC', 'SV']
['RG', 'SD', 'GQ', 'LC']
['BDE', 'BIF', 'BAJ', 'VB', 'WM', 'NN', 'XX', 'BHI', 'BEI']
['BCC', 'EA', 'ZP', 'FN', 'FZ', 'HW', 'BKH', 'BHM', 'CP', 'BMJ', 'MC', 'RX']
['KJ', 'RE', 'OT', 'NX', 'BKB']
['BED', 'DL', 'LV', 'NF']
['WD', 'BJW', 'BBF', 'BEU', 'QC', 'OE', 'JF', 'VK', 'RF', 'HT', 'BM']
['BKO', 'LH', 'SJ', 'DH', 'FP', 'BGB', 'BKE']
['KR', 'KE', 'BGG', 'CB', 'YZ', 'BCG', 'CT', 'TN', 'YS', 'SI']
['UM', 'SE', 'CG', 'BKX']
['BAK', 'BFK', 'KU', 'BAA']
['EU', 'IM', 'BLA', 'SS']
['TX']
['KL', 'BLW', 'GC', 'YJ', 'PR', 'CU', 'BQ']
['BKS', 'BDC', 'PU', 'XY', 'OH', 'BLZ', 'BIS', 'BEY', 'SB', 'BKJ']
['FU', 'QH', 'LN', 'MQ', 'BGC', 'GA', 'HQ', 'QO']
['NG', 'BLS', 'BMF', 'GB', 'XT', 'BLY', 'HC', 'BAL', 'BBN', 'JW', 'VA', 'BME']
['BDG', 'NT', 'WL', 'OW', 'PP', 'BFM']
['PQ', 'ND', 'CK', 'VL', 'GU', 'EP', 'HE', 'FA', 'BAX', 'II']
['BCU', 'QF', 'VE', 'BCR', 'BHO']
['ED', 'HR', 'JN', 'YF', 'UC', 'ST', 'BCT', 'OY']
['BDU', 'TZ', 'KZ', 'XM']
['TG', 'BFP', 'BBS', 'BGV', 'MZ', 'BAE', 'BGO']
['XO', 'LE', 'EI']
['FB', 'YA', 'BJD', 'BT', 'GP', 'ZS', 'BO', 'WU']
['DC', 'BEN', 'BFJ']
['BIL', 'XU', 'IE', 'LO', 'JB']
['BEA']
['BJK', 'ES', 'FM', 'BV', 'BMD', 'MF', 'CS']
['BBV', 'XQ', 'OC', 'SP']
['BIA', 'OD', 'ZM']
['V', 'NH', 'BHL', 'SC', 'NK', 'KB']
['NW', 'BLU', 'BDO', 'BIT', 'BGJ']
['GK', 'BGT', 'DB', 'BIZ']
['XF', 'IQ', 'KX']
['IO', 'FD', 'G']
['HX', 'BGD', 'BHE', 'WF', 'CZ', 'MT', 'SA', 'RR', 'WZ', 'QI', 'JH']
['DQ', 'NB', 'WA', 'WK', 'EV']
['IX', 'BID', 'BIH', 'TQ', 'BMC', 'JQ']
['BJY', 'VC', 'BAP']
['BDA', 'BHF', 'SM', 'QE', 'ZU', 'BEE']
['BHQ']
['XE', 'JV', 'CX', 'VV', 'BLF', 'OL', 'UR']
['LZ', 'BCQ', 'XN']
['ID', 'IC', 'BCP', 'GT', 'BDN', 'BJJ']
['UK', 'SX', 'BIQ', 'BKT', 'BEJ', 'BCA', 'IZ']
['SN', 'BAS', 'BDS']
['RL', 'BDW', 'BIO', 'NZ', 'IS']
['ER']
['BEG']
['CV', 'VQ', 'CQ', 'YT', 'UA']
['SZ', 'IP', 'QA']
['BGU', 'IR', 'RP', 'OU', 'MM', 'SQ', 'BIB', 'BLD', 'BJ']
['BAN']
['BBQ', 'BCM', 'BHJ', 'WC']
['RH', 'ZY', 'OS']
['BFN', 'BFV']
['QZ', 'BDP']
['TH', 'ON', 'BKI', 'GS', 'CA', 'PO']
['HY', 'NI', 'MU']
['QS']
['RY', 'BDZ', 'BAH']
['BCZ', 'T', 'MA', 'BA', 'BLR', 'BLV']
['IL', 'BF', 'ET', 'QW']
['HF', 'KM', 'BFO', 'LD']
['BHN', 'BG', 'HJ', 'ZG', 'CN', 'ZF']
['BII', 'KI', 'BCK', 'BBR', 'PY', 'TY', 'ZA', 'BIW']
['JI', 'ZK', 'BJP', 'RQ', 'XH']
['LU', 'RA']
['BMK']
['UH', 'BBU', 'BDV', 'DV']
['BHZ', 'BIY']
['PH', 'BET']
['MD', 'DN']
['BCX', 'BEZ', 'BGS', 'BFB']
['O', 'BHV']
['MN', 'BMB', 'PZ', 'BAY', 'EJ', 'BCV']
['BFL', 'PF']
['BGQ', 'NY']
['BIR', 'UY', 'NR']
['UJ', 'FG']
['PK']
['FX', 'CC']
['EB', 'BIX', 'EL', 'ME']
['NU', 'FC']
['HM']
['OO', 'SK', 'TW', 'L']
['BGL', 'BCO', 'OA']
['JD']
['BLT']
['FY', 'BCD']
['BLG']
['WR', 'BAW', 'TA']
['PN', 'X', 'BBY']
['XA', 'XV']
['FV', 'EE', 'YQ']
['BAO', 'UB']
['SF']
['EF']
['DS']
['XP']
['BAQ', 'BJI']
['UQ', 'E', 'BY']
['JR', 'BCL']
['YK']
['BIK', 'BFE']
['CM', 'YD', 'YG']
['BEL']
['ZL']
['FK', 'A', 'NO', 'DX']
['BKZ']
['BKP']
['BFF', 'BDK']
['GW', 'ZZ']
['BCW', 'BGW']
['LJ', 'IF', 'BCI', 'BN', 'ZE']
['BDL']
['ZJ', 'IH']
['MJ']
['DY']
['GV', 'BHD', 'VG', 'QP']
['DA', 'BLI']
['MS', 'BDH', 'MG', 'UL']
['BBE']
['IB']
['TC', 'VM']
['TT', 'FI', 'LL']
['UW']
['CR']
['PI']
