['91', '891', '667', '546', '123', '379', '155', '811', '251', '198', '27', '236', '347', '287', '283', '913', '475', '833', '411', '880', '635', '507', '955', '827', '443', '315', '749', '990', '187', '42', '821', '59', '795']
['490', '917', '604', '853', '10', '953', '548', '448', '98', '281', '106', '682', '622', '543', '868', '74', '727', '798', '793', '266', '426', '132', '746', '330', '706', '597', '362', '458', '643', '170', '298']
['120', '744', '344', '152', '142', '617', '56', '262', '792', '280', '149', '441', '664', '105', '632', '509', '248', '176', '650', '169', '440', '895', '184', '24', '927', '824', '143', '993', '88', '511', '741', '216', '432']
['380', '60', '252', '779', '28', '188', '924', '828', '316', '878', '412', '348', '540', '109', '393', '284', '92', '156', '370', '340', '694', '124', '371', '764', '684', '956', '465', '592', '1', '220', '841', '668', '225']
['153', '601', '279', '406', '958', '241', '11', '502', '419', '55', '735', '7', '79', '363', '731', '816', '384', '830', '818', '180', '365', '219', '979', '397', '254', '128', '304', '716', '672', '239', '739', '415', '575']
['751', '712', '523', '324', '403', '108', '255', '195', '732', '603', '912', '361', '560', '752', '997', '100', '44', '655', '762', '232', '341', '202', '144', '267', '464', '607', '954', '177', '478', '952', '561', '848', '593']
['212', '136', '453', '770', '404', '498', '308', '148', '111', '989', '102', '893', '980', '756', '436', '724', '468', '916', '372', '596', '244', '276', '822', '532', '116', '54', '944', '660', '20', '565', '460', '652', '753']
['445', '221', '413', '317', '125', '605', '431', '477', '369', '886', '93', '294', '246', '29', '637', '253', '66', '189', '888', '349', '351', '50', '86', '61', '797', '381', '285', '210', '802', '208', '157', '286']
['733', '457', '937', '391', '233', '745', '226', '73', '489', '905', '938', '835', '41', '425', '329', '713', '227', '754', '699', '939', '829', '332', '873', '2', '297', '719', '121', '553', '265', '209', '585', '521', '777']
['832', '630', '64', '242', '866', '896', '224', '517', '480', '512', '628', '19', '451', '96', '331', '32', '200', '0', '35', '800', '576', '906', '968', '771', '845', '768', '357', '639', '256', '876', '992', '867', '736']
['654', '631', '122', '887', '76', '387', '571', '407', '778', '163', '649', '759', '747', '651', '277', '678', '439', '855', '442', '355', '405', '320', '491', '503', '416', '557', '677', '185', '951', '87', '996', '928', '30']
['773', '197', '196', '133', '581', '130', '549', '805', '707', '761', '278', '421', '48', '37', '647', '325', '261', '364', '485', '869', '902', '636', '613', '5', '69', '101', '748', '165', '291', '901', '268', '229', '303']
['402', '94', '537', '215', '183', '129', '263', '978', '975', '541', '969', '375', '923', '616', '909', '695', '919', '790', '910', '803', '495', '234', '626', '245', '247', '598', '624', '471', '765', '573', '885', '534', '343']
['496', '767', '186', '890', '282', '634', '538', '570', '154', '182', '922', '653', '656', '376', '314', '462', '58', '474', '588', '943', '681', '378', '26', '250', '90', '228', '218', '642']
['179', '34', '134', '737', '360', '693', '892', '192', '915', '321', '466', '921', '327', '819', '972', '240', '492', '722', '714', '899', '290', '929', '982', '986', '151', '80', '743', '17', '826']
['49', '849', '305', '145', '947', '817', '582', '815', '558', '794', '231', '689', '135', '72', '306', '806', '825', '976', '879', '852', '914', '295', '138', '249', '711', '141', '455', '113', '675', '67', '167', '296', '640']
['999', '342', '858', '963', '410', '721', '838', '178', '13', '823', '633', '394', '781', '16', '935', '350', '288', '602', '629', '450', '506', '6']
['84', '564', '293', '423', '702', '18', '723', '22', '877', '82', '610', '536', '788', '269', '646', '428', '52', '692', '31']
['463', '911', '903', '661', '559', '470', '526', '334', '965', '623', '181', '579', '615', '871', '447', '964', '271', '987', '175', '836', '438', '272', '527', '690', '708', '718', '339', '995', '720', '847', '469', '335', '813']
['383', '894', '856', '758', '533', '408', '728', '311', '966', '766', '472', '312', '386', '368', '313', '904', '920', '812', '983', '814', '769', '504', '435', '40', '641', '71', '95', '703', '204', '568', '658', '566', '190']
['337', '648', '345', '213', '354', '864', '103', '760', '528', '687', '691', '328', '140', '584', '273', '515', '787', '591', '775', '670', '467', '698', '791', '755', '524', '307', '994', '851', '556', '401', '399', '701', '433']
['203', '427', '482', '75', '459', '43', '309', '395', '107', '586', '118', '235', '933', '619', '555', '846', '839', '930', '434', '774', '715', '299', '562', '172', '587', '171', '809', '971', '875', '688', '530', '139', '907']
['65', '662', '860', '725', '577', '211', '627', '513', '957', '550', '112', '705', '981', '353', '589', '673', '479', '487', '385', '865', '609', '908', '897', '696', '199', '193', '23', '481', '545', '499']
['962', '854', '333', '970', '514', '162', '237', '729', '843', '47', '544', '166', '131', '884', '258', '973', '988', '322', '659', '159', '674', '374', '25', '738', '861', '160', '784', '418', '259', '620', '510', '709', '535']
['9', '389', '807', '338', '3', '763', '590', '38', '600', '366', '942', '310', '882', '51', '874', '15', '889', '359', '497', '539', '554', '789', '164', '686', '214', '257', '984', '522', '270', '940', '700', '85', '679']
['70', '859', '68', '486', '452', '420', '960', '580', '400', '12', '740', '275', '358', '146', '612', '925', '292', '323', '710', '932', '388', '804', '551', '676', '772', '516', '36', '4', '260', '484', '53', '518', '356']
['936', '608', '961', '552', '776', '985', '147', '808', '501', '63', '948', '872', '520', '785', '424', '392', '168', '488', '222', '483', '476', '840', '547', '456', '114', '318', '918', '842', '8', '531', '810', '680', '161']
['446', '319', '862', '508', '454', '62', '414', '606', '81', '417', '574', '505', '89', '382', '926', '857', '150', '820', '934', '783', '900', '137', '45', '367', '669', '264', '104', '500', '39', '437', '158', '569', '126']
['799', '657', '326', '870', '115', '205', '881', '697', '946', '998', '223', '117', '834', '704', '945', '422', '230', '831', '863', '21', '742', '977', '991', '33', '83', '645', '127', '191', '967', '959', '625', '578', '529']
['750', '638', '974', '398', '352', '336', '238', '206', '782', '46', '110', '519', '57', '217', '14', '174', '611', '377', '99', '726', '302', '78', '801', '430', '494']
['786', '194', '665', '837', '346', '207', '666', '599', '796', '473', '644', '396', '243', '563', '780', '274', '618', '683', '844', '850', '883', '390', '97', '663', '730']
['757', '941', '595', '717', '173', '949', '409', '931', '444', '734', '77', '493', '300', '429', '898', '301', '583', '621', '567', '461', '572', '671', '594', '201', '685', '950', '542', '289', '119', '525', '449', '614', '373']
