['750', '463', '324', '173', '667', '586', '498', '619', '707', '64', '691', '211', '472', '729', '93', '421', '280', '731', '356', '156', '340', '495', '245', '248', '467', '176', '5', '297', '101', '681', '104', '672', '42', '53', '88', '433', '481']
['91', '311', '582', '453', '342', '600', '571', '98', '395', '646', '508', '666', '79', '610', '447', '512', '384', '705', '14', '567', '655', '320', '174', '394', '507', '2', '527', '726', '31', '288', '706', '465', '449', '658', '741', '415', '529']
['604', '153', '34', '486', '115', '577', '570', '526', '627', '262', '62', '606', '81', '425', '271', '51', '583', '694', '475', '323', '138', '200', '462', '230', '141', '685', '276', '315', '487', '119', '268', '4', '437', '430', '704', '170', '298']
['345', '595', '605', '420', '309', '410', '308', '123', '235', '110', '540', '366', '47', '386', '251', '117', '501', '269', '149', '349', '520', '32', '175', '557', '635', '169', '588', '244', '341', '254', '185', '597', '160', '716', '209', '620', '709']
['445', '601', '326', '631', '552', '581', '336', '559', '205', '11', '682', '163', '623', '466', '278', '277', '283', '96', '105', '422', '633', '724', '539', '554', '719', '289', '524', '204', '629', '127', '208', '720', '151', '260', '625', '566', '6']
['402', '60', '10', '186', '408', '43', '255', '142', '241', '237', '48', '112', '417', '13', '396', '678', '439', '240', '442', '50', '436', '497', '365', '426', '686', '222', '219', '45', '576', '371', '302', '116', '250', '84', '187', '259', '531']
['733', '383', '194', '360', '459', '689', '126', '649', '615', '368', '653', '644', '740', '358', '424', '261', '214', '180', '699', '201', '40', '381', '232', '542', '54', '285', '683', '33', '450', '291', '8', '639', '525', '484', '199', '218', '30']
['490', '638', '737', '282', '188', '333', '725', '352', '136', '108', '107', '226', '29', '312', '72', '536', '361', '560', '695', '236', '510', '612', '611', '416', '613', '483', '373', '290', '18', '718', '139', '743', '668', '561', '534', '680', '535']
['533', '523', '354', '212', '745', '528', '398', '344', '346', '348', '375', '622', '55', '253', '77', '747', '131', '287', '451', '258', '146', '100', '355', '509', '35', '641', '598', '95', '21', '676', '564', '114', '418', '339', '167', '458', '478']
['215', '130', '162', '118', '617', '444', '321', '414', '574', '178', '347', '331', '376', '370', '723', '485', '164', '372', '591', '722', '247', '659', '650', '69', '385', '748', '455', '702', '36', '128', '401', '157', '506', '469', '303', '640', '499']
['68', '197', '183', '28', '145', '125', '687', '400', '502', '334', '242', '735', '135', '66', '82', '651', '480', '306', '27', '275', '429', '664', '168', '86', '671', '172', '438', '589', '522', '669', '330', '700', '22', '23', '423', '569', '730']
['537', '457', '657', '279', '403', '148', '454', '379', '732', '419', '513', '310', '41', '599', '603', '300', '715', '15', '713', '274', '711', '670', '367', '476', '645', '87', '553', '24', '1', '143', '679', '565', '511', '177', '229', '17', '575']
['654', '134', '338', '406', '608', '712', '744', '76', '387', '155', '189', '363', '473', '37', '656', '335', '364', '461', '468', '124', '58', '249', '474', '443', '708', '703', '362', '675', '568', '399', '228', '460', '59', '642', '144', '52', '190']
['391', '482', '728', '122', '514', '538', '319', '73', '195', '206', '549', '407', '541', '147', '7', '284', '327', '628', '12', '243', '727', '563', '329', '295', '491', '626', '377', '388', '698', '25', '624', '78', '85', '220', '585', '614', '663']
['427', '648', '3', '94', '662', '103', '452', '558', '316', '369', '231', '192', '734', '109', '393', '166', '441', '89', '74', '299', '19', '227', '234', '504', '353', '690', '26', '184', '547', '304', '67', '607', '521', '739', '286', '216', '545']
['496', '446', '413', '233', '317', '717', '590', '661', '263', '630', '152', '281', '106', '207', '697', '238', '494', '293', '550', '181', '517', '584', '392', '292', '435', '71', '674', '378', '742', '677', '264', '307', '83', '573', '500', '20', '161']
['179', '221', '389', '196', '305', '409', '154', '294', '57', '616', '313', '198', '434', '621', '562', '44', '405', '314', '137', '257', '618', '551', '532', '609', '113', '592', '688', '165', '464', '471', '191', '357', '701', '239', '518', '97', '158']
['203', '49', '9', '252', '665', '65', '213', '133', '75', '634', '546', '470', '580', '111', '519', '63', '647', '351', '492', '61', '503', '596', '397', '440', '202', '374', '456', '267', '265', '556', '390', '296', '90', '652', '692']
['548', '477', '38', '46', '223', '224', '92', '515', '325', '359', '594', '266', '322', '714', '16', '636', '332', '684', '121', '660', '39', '193', '256', '578', '736']
['70', '337', '721', '182', '632', '318', '530', '99', '80', '448', '404']
['602', '516', '428', '696', '411', '328', '543', '643', '159', '479', '102']
['555', '489', '246', '572', '710', '56', '693', '129', '493', '225']
['412', '150', '505', '579', '132', '746']
['380', '593', '673', '273', '350', '217']
['343', '432', '382']
['301', '431', '587']
['749', '210', '544']
['637', '738', '270', '171', '488']
['120', '140']
['272']
