['34', '192', '187', '465', '135', '188', '191', '178', '190']
['401', '400']
['18', '128', '127', '129', '136', '283', '126']
['304', '180', '311', '303', '301', '302']
['348', '345', '344', '349', '346', '347', '343']
['90', '87', '91', '92', '2']
['489', '71', '68', '72', '69', '74', '73']
['475', '234', '233', '232', '235', '231']
['496', '3', '227', '230', '125', '167', '228', '229', '225', '226']
['294', '293', '295', '296', '284', '286', '433', '297', '299']
['83', '82', '81', '88', '89', '158', '478']
['370', '359', '362', '364', '355', '360', '353', '368', '361', '369']
['298']
['221', '454', '461', '450', '222', '219', '224', '1', '220', '367']
['163', '155', '165', '164', '166', '162', '161', '455', '156']
['215', '213', '212', '216', '206', '217']
['43', '36', '44', '434']
['323', '318', '321', '322', '320', '324', '319']
['456', '463', '457', '458', '459', '460']
['477', '207', '210', '208']
['168', '427', '426', '425', '429', '428']
['6', '7', '8', '12', '13', '5', '17', '289', '15', '288']
['114', '113', '117', '363', '115', '112', '435', '59', '116', '105']
['67', '65', '307', '62']
['110', '9', '109', '291', '108', '106', '254']
['107']
['264', '350', '10', '266', '262', '453', '263', '476', '285']
['325', '488', '326', '352', '327', '330']
['329', '159', '175', '328']
['389', '390', '391', '387']
['14', '16', '11']
['160', '204', '200', '150', '201', '152', '205', '202']
['153', '314', '305', '313', '306', '300']
['84', '93', '94', '86', '497', '464', '97', '95', '96']
['340', '337', '338', '339', '4', '342', '341']
['442', '50', '55', '53', '51', '54', '52']
['121', '124', '120', '122', '157', '123']
['394', '393', '386', '399', '177', '396', '397', '384', '395']
['104', '242', '468', '103', '247', '101', '111', '102']
['445', '446', '436', '444', '447', '449', '448', '443']
['64', '66']
['138', '491', '139', '140', '137', '131', '130']
['218', '25', '211', '214', '203']
['398', '281', '336', '335']
['60', '194', '196', '197', '198', '199', '193', '195', '451', '499']
['189', '132', '498', '186']
['172', '174', '171', '173', '169', '170']
['35', '407', '248', '33', '32']
['179', '279', '249', '278', '280', '42', '277', '275', '276']
['258', '406', '269', '257', '259', '151', '260', '256', '432', '308']
['78', '77', '79', '76', '75', '80', '287']
['141', '487']
['56', '58', '57', '63']
['358', '356', '133', '357']
['237', '246', '245', '239', '243', '244', '236', '238', '241', '240']
['418', '413', '405', '310', '411', '410', '409']
['402', '119', '403', '404']
['466', '223', '467', '176']
['250', '270', '261', '252', '253', '251', '268', '255']
['485', '482', '486', '354', '265', '484', '480', '483', '481', '494']
['376', '380', '379', '375', '377', '493', '378']
['412', '0', '267', '416', '414', '417', '415']
['45', '49', '47', '46', '48']
['383', '381', '388', '385', '382']
['472', '495', '282', '28', '471', '474', '473', '469', '470']
['366', '290', '317', '312', '452', '316', '315', '142', '118']
['70', '292', '85', '61']
['23', '22', '24', '27', '21']
['99', '98']
['209']
['41', '37', '40', '39', '38', '26', '31']
['490', '154', '334', '331', '408', '333', '332']
['184', '182', '183', '181', '185']
['371', '374', '372', '373']
['20', '19']
['422', '351', '419', '365', '421', '420', '423', '424']
['148', '146', '147', '134', '492', '145', '143', '149', '144', '30']
['100', '392']
['29', '462', '438', '437', '431', '440', '441', '430', '439', '479']
['309', '273', '274', '272', '271']
