['EB535E', '383C1E', '7BEE85', '8F5D3D', 'E07033', '4B9B0B', 'CBDD58', '11D5A0', 'F16F4A', 'A17316', '010A8E', '3BB975', '64143A', 'C84BA1', 'F90911', '4B6D90', 'AEAE5D', 'B2B759', '8CAEAC', '395EFD']
['019523', 'C58A5B', '00D12A', '01C721', 'F43598', 'D074AD', '495837', 'B3ADBE', '8D18EB', '3145DC', '3BEA3A', '82B9D6', 'CC99BE', 'A6F922', '6DC908', '0C7BEA', '3E7572', '389EF7', '15B633', 'D670D6']
['F91C0D', 'DA58DF', '8D59DD', 'ABAEBE', '610C7F', '0EAC7E', '236007', '01DEB5', '64CAE8', '664C7D', '04F658', '318630', 'B392EB', '7A7EFA', 'CAE9BF', '2D0A40', '5DDCD0', '217474', '2B4454', 'D42BCD']
['6722C1', 'DCC2EE', '8E9F36', '816A65', '465C65', 'D39BF3', 'B01EFE', '7D1D9A', 'C27F13', 'C9809F', '184840', '5C7ADA', '2D574D', '45579C', '86F423', '18D38F', '5EA24C', 'C70FDA', 'B6828A', 'B796A4']
['B93AFC', '0A10DD', '389A06', '35A3DD', '41182D', '8F4B2A', '3FE84E', '7D6ABE', '66A26C', 'C78D01', '1C498A', 'ACD48B', '3AD5AF', '5D2F55', 'B4D19E', 'E17D1E', 'A7D95D', '85F08F', 'CC92A0', 'AD4751']
['AF1E12', '1A550D', 'A206B6', '37ED7B', '278048', '642633', '50AF7A', 'E054B5', '4C8691', '1ACEA4', '58B63E', 'B84363', '09960E', '6D1D20', '9FEC07', '9536C0', 'CF05B3', '77A111', 'D68800', '69E65E']
['E8F10C', '46FB99', '2E07B1', '1884D1', 'E89217', '072F7C', 'CB5628', '2355FE', '5CE483', 'FFBA75', 'DDCFD0', '841AB6', '2AC4B2', '107AE3', '07FD3B', '7FD9F3', '2193BC', 'ED8BA3', 'B11AFD', 'FEB03E']
['ABE0D2', '0551E4', '05392F', '35FFC6', '319747', '245AE0', 'F9A562', '99767B', 'A0A341', '6AFA75', '07940E', '1C562E', '6C77A5', '3AC41C', '953987', '011BD7', '9B0CD1', '590A13', '5B51BE', '2F50D4']
['601545', 'E1416D', '7AD05F', '72AEE2', '2C8695', '8073AA', 'E72455', 'C974B1', 'F37473', '4DFAA5', 'DFE830', '48CF34', '1992E4', '872FB4', '76A32A', 'EABD10', '4ABFDE', 'A80B9C', '506A32', '6C743B']
['FB89A6', 'D07EC6', '4A7BD4', '4A610E', '5BA9F5', '703C81', 'A33032', '8C1B87', 'D3A127', '9C4BD0', 'D31616', 'FF5526', '65F1F6', 'D7BAF8', '805660', '0D4B21', '27526A', '5305DC', '8C7D2C', '03900B']
['5B24C2', '197860', '2A4678', 'D27589', 'BFDE09', '2C9762', 'F9E41E', 'E5227F', '1745CF', '11256D', 'BDAE2B', '4D6A27', 'F29568', 'B16767', '38A1EF', '40DBB5', '110CAE', '3ABBB3', 'BA4A32', '210F6B']
['FC18D5', 'BFCF1E', '161A8B', '0726F7', '97D16E', '5DB63B', '4446DE', 'D8E8AC', '580B97', 'C91A6D', 'BDE1BC', '2FA5B3', 'EF9F5B', 'F2E2E2', '87148B', '3ADA19', '2C4E8D', '50B2FA', '4791F8', 'B41BDE']
['49FC67', '859141', '07D298', '23133D', 'A1F0D5', '8303B2', 'ABB7E1', '52AB24', 'BDE56F', '4B7813', 'C1FAC4', '900207', '9894EC', 'FA77A1', 'CDE5BD', 'A366A3', '02C6C3', '2EE5C3', 'E709FE', '8EF45E']
['0F2085', 'D61775', '5DB845', '5044AF', 'A75FAD', '0C1FD2', 'F09B9E', '365F29', '16C01C', '357F5C', 'D6CFD3', '4D0388', '5CEBC7', '018F88', 'E23534', 'D8CD3A', '757A98', '0CCD83', 'AFACEA', 'A6D718']
['8FAADE', '54F50F', '695D06', '6FAC22', 'CC66E7', '1DA671', 'F96372', 'FCBA61', '0D4721', '1CAAA7', '98C570', 'F1B6B4', 'E1607C', '9F6100', 'A37D21', '75800D', '78C53F', '223FE2', '63F31C', '446164']
['3C594A', 'D783D0', 'E32AD7', '2B7BA7', '696CC9', 'F589C7', '81F252', '26C52E', '23DE40', '704C3B', 'D69006', '71E849', '7BB154', '8EB062', 'DFDF35', '504599', 'D18846', '2CA3D9', '436BBD', 'C47FBD']
['096240', '32FB9A', '3AA1D0', '8E715B', '546905', '09649D', '7DA6ED', '6F08B8', '91E2DB', 'BE007C', '00FE8E', 'FFEF97', 'CD4EE2', 'FCB0B1', 'C164EF', 'DA15B6', 'CDF4D0', 'E6554B', 'FF1F95', '190A16']
['9DA776', 'A9060D', '08581B', 'C8B2D1', '64CB67', '5CE804', '16BE2F', '498D35', 'D0F91A', '682195', '5B428C', 'BC5257', '7D23B1', '866153', '3DD364', 'BC2DF6', '294D61', 'C23084', '0AC38B', 'D767A6']
['FEFBEB', 'DC366B', 'F2E3D0', 'C2F201', 'BC7104', 'BDD506', '3E63CD', '3658E6', '9205E9', '184086', '21D4EF', '40A265', 'D1F58A', '9C42F7', '8BB297', '632E21', 'A18DE2', '1B3BB2', 'F6A1FE', 'E5FA4C']
['46AC52', '4E7A07', '047CF0', 'F18AC9', '877921', '1A38DA', 'C62B50', '7774E0', '082B08', 'DEA774', '679AC9', '882A47', '24D77E', 'C75F0A', '174C31', '1F3A59', '4DF4B9', '98EDDE', '98BB64', '5F9BF4']
['D96F17', '2A12DA', '55901D', '16251E', '51C133', 'FDD1F9', '9AC33C', '563DB6', '78C00D', '5CA11E', '97EF79', 'B8C245', '46A2DE', 'C77820', '5BCA8F', 'B0FDB7', '8F3267', '4B6074', '54F422', '45FDF9']
['518983', 'D4FAA1', 'AAF5FB', '509D15', '9AACC7', '4524C5', '8EC4A5', '051447', '166144', 'A439E5', 'AED2F4', '589067', 'A15669', 'C2FEAF', '25D4A2', 'E5B63F', '26357C', 'FCE536', 'C5983E', '22BF50']
['296950', '86909F', '63B3F9', '3B32B8', 'D9008A', '495BB3', '75FD35', '32FA85', '2B9A39', '5B3D43', '39950D', '8E5A74', '662386', 'BE1052', '2478BE', 'BD7603', '750C4E', '3B4E98', 'A991D3', 'FB0008']
['56F6B3', '5AE3A2', 'E9C0DB', '0511AF', 'A2F670', '3C4F97', '680425', 'E32E1B', '9668A1', '828A27', '9AB89E', 'A3A90E', '57E8F8', '41C73D', '0E766F', '19DF3C', 'C1CF9D', '519BB1', '12BCED', '42D323']
['FBC777', 'B30209', '8FF82D', 'F3BDC6', 'DC4B9C', '89D1DA', '874D87', '19CD8A', '33FD6F', 'E35C77', 'E2FDE6', '5399B6', 'F6D914', '531609', '54FD50', '534678', '8540DA', '0B3657', 'B0DDCF', 'F3B7E8']
['ACD80A', '69C438', '741295', '3ED06E', '5DB6A7', '9725D2', 'D0C3F4', '398249', '24905F', '9CFE0D', '816FFB', '8AB8D0', '1EEDD4', '4E3749', '4F7C41', '8BC31C', 'AC005F', '6EE783', '709407', '94CDAA']
['820C55', '08EAAB', '140BFF', 'CC70D1', '302AA5', '6F7774', '1F7298', '931958', '88C404', 'ABD913', 'CBC0EC', '03FB7D', 'E47E78', '0E9C0C', 'A65150', 'B0579B', '8C214F', '46B4C1', '1050A1', '2ECB91']
['731D43', 'A947FC', 'B012D7', '2A68D5', '181309', '204555', '59BAFE', '47F582', 'FE82CE', '6F6150', 'F6C508', 'D668C6', '93350D', 'FB93D8', '0F884F', '900972', '27C736', '0E9CE4', '25C12B', '190714']
['5CAA99', '785097', '299301', 'BB45E2', '472DE0', '77482F', '9BAD1B', '8045AB', '38BE61', 'B4A785', 'AFBC2C', 'E487A0', '4BC891', '9BAA32', 'A02C94', 'EFBDD9', '4553A6', '10C212', 'DE6D3F', 'B55315']
['EB1689', 'ACAF5B', '1AAF3F', 'E16AC8', '050755', '5627B9', '1D2B1D', '74013D', '4F5A07', 'CD9F8E', '6EC7AE', '2A4865', 'ABA340', '0D6B75', '87B9A1', '085771', '8BCB1E', '1BF69F', '267E07', '45DD45']
['7795A9', '0BFA62', 'AA8871', 'E1E1DA', '265554', 'D3F62D', '922412', 'CD7A0B', 'F3C1D1', '00FFD9', '8B4C02', '22C96E', 'F6FD02', 'AB0091', '350AEE', '9E2E77', 'FB6D61', '5FDD46', 'C2171A', '593ABC']
['2CFCAD', '331C15', '198C93', '655495', 'D87BC7', 'C06879', 'E1B1C7', '756883', 'D148BB', '12B065', 'E21A9D', '050F79', 'DCD046', 'B7CCD0', 'F13656', '42BBE4', '0DF355', 'DCF1DD', '969174', 'DAF215']
['232EA3', '25088D', 'F0EF55', '36B749', '2B053C', '15E761', '34E68B', '06C085', '38021A', '79B660', '550D13', '0E0621', 'DFD9A5', '115A9F', '23A208', 'D212D8', '43085A', '108A86', 'C6663A', 'D06E65']
['E4BD2F', '2EFA06', 'DF1B1B', '9FF47C', '01AF84', '2546CB', 'D46B33', 'E5669F', '0D415E', '9DBA7C', '79FD51', 'D99D73', 'B2393E', '595697', 'FAC9A5', 'DD8183', 'C9485B', '58C2AC', 'F7F7C4', '824C3B']
['F6E8F5', 'B81B38', 'CA62FE', 'FB8C79', '26014C', 'F7F468', '651634', 'BACB6C', '280EB5', '63E927', '9A0C55', 'B158EC', '650124', 'F56B78', 'A034B6', '3B31CD', '3F3650', 'DBC960', '593EDD', '1E6481']
['6D7BC4', '5E0297', '4F3EB0', '8B1878', 'D0A0C2', 'DE7A88', 'B5EAFE', 'E83F3A', 'D01DF2', '58AA7E', 'D82EE1', '2E1A70', 'F7897D', 'A951B8', '21BDB9', '9E88CA', '1EDF33', 'A3D059', '85F06F', '945560']
['C539DA', '61B4D6', '4EC392', '386499', 'F6F022', '1771FB', '97710D', 'F49FF6', 'BC9D07', '5B7555', 'E4F6D3', '6E736A', '7312E1', 'D28790', '4B5052', 'D9126C', '6C367E', 'D7C29A', '824DEE', '8CCB3C']
['EF6AC9', '0329C7', '9930E3', '0A7716', '266181', '742536', '3807D7', '4AF14D', '572039', 'DB4FC9', 'BB512B', '930D20', '307E13', 'A6A244', '634699', '3E12A4', 'B5C9B5', '647775', 'EF2536', '8D2F56']
['92EC92', '5832FE', '42E761', '1516C6', '03EA37', '6369EA', 'E0AB16', 'B407F0', '63F8CA', '5363FB', '46CA45', 'C2EA00', 'C6B0AC', '10AA93', 'E2112B', '25543F', '3D0320', '261610', 'BCFA2A', '3B2B82']
['49D6E2', 'BBFBC3', '539D6E', '8FB884', '178D9C', '4BA3B6', '521A90', '480904', '20A3C4', '2C7824', '2B8168', '668BD6', '144C54', '97FEFE', '675D0E', '622A24', '326962', '23F925', 'FAFDC0', '405722']
['5D51EE', '72155E', '2FBBAD', '3C94CF', '3A4A63', 'EB6336', '3B8280', '79982A', 'B94E1C', '38B1BF', '67A219', '190D3E', '428AF7', 'F6EB9C', 'CBB276', '36C7CB', 'F9D4F2', '474359', 'B90594', 'D8ADAB']
['F87A8C', '4DB13D', 'EC1B76', 'C78E8E', '03C0BF', '8C0368', 'FEB106', '16E221', 'A0FA13', '9C79D5', '0B4E3F', '6AC517', '6C4504', '13EC64', '72B8D2', 'CEA21A', '9DE436', 'D1C86D', '0250B9', '5FD5FD']
['87521E', 'CFBFCE', '167BF9', 'EF9229', '4BEAA8', 'FAD62F', 'EA9838', '3E9EC5', 'CB9E0F', '8CE750', 'C68031', '60E348', 'EF8B29', '642B0E', '876381', '06BCBD', '64AB96', '213FEF', 'D8AF89', 'E23DD5']
['92DC45', '814496', '88B4FB', '9353B5', '75B5C7', '0DAAED', 'B42617', '601EB2', '40F15B', '1EDBBC', '22C20B', 'A8F831', 'B401D1', '363BA8', 'FBD021', '916CFB', '8F6917', 'D00A38', 'CFDA87', '2DB58E']
['D6290D', 'B926DC', '29B5D2', '506DA8', '5865B9', '4F8B74', '9CF26F', '656CAF', 'CCCB2C', 'DCE6D7', '4CA6E4', '9C1F1E', '6D1C54', 'EE4272', '3B2F64', '9A3DF4', 'FB1695', '73837C', 'C16E96', '3667E1']
['DC1AA9', 'D8B4B3', '8B823D', '804C51', '8B3632', 'D5F9E6', 'E5E763', 'B0C48A', '0459DD', 'BBD65F', 'A52469', '80C664', '707A9A', '55CCC8', '98417C', '37CB3D', 'E75414', 'C95370', '7E6F84', '29B795']
['EEF437', 'EFE6D4', '60E2A5', 'ED8DEE', 'F84737', 'A9310F', '429B45', 'D6B361', 'D5C0D6', 'DE8EFA', '52F44D', '198719', '162D2B', '726911', 'C68A63', 'F8FB71', 'ED55AB', '0BB826', 'B25ED9', 'AA7CF0']
['76859D', '96E01C', '64FD9D', '1EF878', '6FBEA0', 'BB54FA', '19DF4F', '667724', '8D520C', '92F171', '70591F', '112A5D', 'BD8A02', 'C41C13', '5F9367', '9A7B01', 'AC2467', '20CFE1', '479F56', 'ECFA70']
['BA2412', 'B1FF31', 'F7C362', '3273D8', 'D31AE4', '7D01B0', '439661', '861C1A', '849FA0', 'BB1A0C', '7DA204', '038EC0', 'FD4C3F', '1EF2C0', '74A63D', 'D24969', 'E11E95', '345303', '6954BC', 'FD7848']
['06006E', 'C767C4', 'D3D709', '0372B7', '0C32D9', '531ABE', 'AEAFB7', '93679A', 'B626AD', '51C926', 'CFFA39', '880529', '8466F4', '8BF6EB', '1DEC7F', '8129A2', 'AD30B1', '242129', 'CBE1F1', 'C9D985']
