['442', '114', '85', '151', '443', '440', '441', '263', '217']
['971', '989', '977', '915', '905', '957', '941', '996', '921', '967', '930', '968']
['859', '886', '875', '852', '857', '870', '834', '858', '823', '827', '862', '889']
['982', '999', '931', '990', '974', '980', '986', '947', '927', '970', '945', '913']
['541', '539', '509', '521', '511', '507', '560', '512', '510', '534', '515', '580']
['929', '978', '991', '926', '914', '988', '918', '909', '953', '920', '960', '976']
['682', '632', '627', '640', '649', '653', '605', '634', '650', '651', '681', '684']
['694', '665', '693', '606', '679', '618', '614', '673', '678', '690', '676', '697']
['567', '516', '533', '503', '530', '544', '582', '525', '548', '558', '527', '577']
['502', '526', '519', '594', '554', '523', '504', '542', '590', '598', '576', '520']
['64', '49', '3', '94', '82', '1', '90', '76', '43', '89', '74', '54']
['851', '872', '825', '856', '831', '842', '808', '882', '839', '841', '806', '867']
['840', '865', '835', '869', '863', '836', '880', '828', '873', '898', '868', '830']
['845', '885', '818', '804', '837', '888', '891', '874', '822', '876', '899', '861']
['179', '490', '230', '447', '367', '453', '327', '300', '428', '378', '19']
['31', '56', '7', '67', '41', '22', '63', '97', '73', '46', '15', '32']
['70', '86', '10', '87', '68', '35', '45', '39', '92', '27', '59', '6']
['84', '36', '44', '33', '61', '65', '91', '278', '40', '88', '95', '21']
['402', '113', '150', '265', '466', '403', '474', '311', '108', '439']
['547', '564', '591', '595', '517', '551', '588', '531', '575', '549', '586', '593']
['570', '553', '599', '573', '528', '500', '565', '546', '571', '578', '583', '508']
['793', '707', '703', '713', '700', '724', '787', '744', '791', '794', '742', '706']
['492', '433', '174', '222', '426', '464', '136', '473', '336', '397', '387', '158']
['555', '572', '556', '536', '585', '574', '581', '543', '518', '505', '563', '535']
['348', '121', '131', '321', '122', '177', '5', '434', '429', '478']
['422', '250', '200', '237', '138', '188', '181', '259', '335', '349', '481']
['973', '946', '998', '944', '916', '901', '995', '902', '935', '903', '955', '961']
['524', '562', '537', '513', '568', '550', '579', '589', '596', '506', '584', '566']
['93', '57', '50', '29', '83', '0', '42', '75', '23', '202', '25', '30']
['153', '160', '210', '279', '291', '417', '13', '410', '123']
['340', '127', '196', '209', '145', '342', '243', '392', '240']
['79', '58', '8', '48', '99', '20', '80', '69', '38', '51', '98', '11']
['908', '910', '932', '912', '911', '993', '949', '972', '950', '985', '943', '928']
['14', '9', '55', '77', '28', '212', '66', '24', '16', '71', '17', '52']
['919', '951', '942', '923', '900', '997', '952', '939', '948', '963', '992', '981']
['18', '34', '60', '109', '47', '62', '72', '12', '2', '111', '96', '26']
['702', '786', '734', '723', '758', '710', '782', '797', '718', '756', '770', '790']
['619', '624', '633', '631', '662', '615', '620', '687', '625', '635', '674', '677']
['799', '783', '792', '745', '765', '701', '747', '752', '764', '795', '727', '736']
['475', '388', '189', '268', '333', '236', '255', '356', '499']
['733', '737', '735', '761', '763', '714', '728', '759', '711', '774', '709', '785']
['412', '78', '383', '413', '183', '414', '37', '332', '396', '415', '290']
['807', '803', '843', '850', '883', '811', '864', '854', '847', '819', '821', '810']
['376', '267', '317', '191', '220', '361', '420', '297', '283', '451']
['445', '362', '320', '486', '224', '305', '449', '459', '229', '358', '107', '330']
['301', '343', '289', '227', '261']
['994', '956', '938', '934', '907', '959', '979', '924', '904', '933', '987', '983']
['917', '962', '940', '965', '969', '937', '922', '964', '954', '958', '906', '975']
['329', '304', '242', '406', '125', '353', '460']
['214', '314', '312', '377', '133', '398', '313', '178', '53', '430', '315', '206']
['604', '617', '696', '666', '611', '688', '603', '699', '670', '613', '643', '652']
['345', '186', '326', '354', '112', '247', '452', '480', '395', '350', '287', '126']
['148', '446', '494', '175', '180', '465', '482', '344', '244', '319', '309', '298']
['325', '407', '375', '485', '328', '106', '238', '369']
['203', '139', '322', '471', '103']
['691', '683', '655', '645', '616', '672', '630', '658', '628', '656', '668', '642']
['128', '204', '323', '172', '282', '372', '408', '363', '421', '143', '381', '286']
['454', '379', '293', '461', '266', '213', '157', '199', '306', '256']
['766', '757', '773', '784', '716', '781', '755', '746', '738', '704', '777', '730']
['307', '147', '234', '491', '401', '487', '193', '218', '225', '498']
['380', '936', '285', '360', '197', '129', '984', '467', '316', '347', '161', '102']
['264', '294', '359', '215', '167', '257', '357', '248', '130', '105']
['721', '769', '751', '754', '722', '719', '760', '788', '740', '749', '715', '708']
['689', '602', '601', '610', '660', '607', '698', '644', '695', '600', '664', '621']
['748', '750', '780', '767', '778', '729', '712', '725', '762', '743', '705', '798']
['802', '866', '844', '846', '890', '838', '809', '881', '826', '878', '848', '892']
['370', '444', '262', '274', '245', '166', '438', '484', '239', '448', '271', '371']
['182', '436', '292', '119', '391', '495', '493', '272', '235']
['609', '648', '654', '657', '608', '686', '639', '663', '667', '685', '669', '692']
['331', '192', '163', '457', '295', '117', '4', '171', '277', '341', '116', '118']
['853', '820', '824', '800', '816', '829', '860', '815', '801', '813', '884', '855']
['489', '154', '168', '925', '419', '472', '194', '142', '207']
['597', '592', '557', '552', '559', '538', '522', '514', '561', '529', '545', '569']
['496', '100', '389', '135', '339', '115', '470']
['814', '894', '897', '893', '849', '877', '871', '817', '895', '812', '805', '879']
['479', '110', '270', '288', '393', '399', '469', '152', '101', '170', '308', '156']
['833', '165', '124', '896', '832', '887', '269', '223', '173', '169', '404', '476']
['647', '638', '622', '623', '629', '675', '637', '641', '636', '659', '646', '680']
['184', '427', '146', '418', '81', '284', '425', '437', '368', '275', '384', '424']
['732', '771', '789', '779', '768', '720', '717', '741', '739', '726', '772', '753']
['258', '456', '463', '310', '164', '386', '411', '176', '373', '966']
['488', '134', '416', '249', '140', '208', '346', '273', '382']
['400', '405', '233', '450', '626', '280', '431', '661', '226', '455']
['364', '155', '318', '355', '219', '435', '352', '198', '260', '276']
['246', '338', '671', '365', '137', '232', '477', '423', '299']
['221', '211', '302', '462', '390', '201', '458', '483', '409']
['187', '252', '468', '120', '394', '775', '796', '731', '228', '776', '303', '205']
['612', '497', '374', '324', '144', '432', '195', '185']
['334', '366', '251', '132', '296', '149', '141', '216', '281', '162', '254', '241']
['104', '337', '351', '540', '253', '501', '587', '385', '231', '159', '532', '190']
