['NICKOLAS', 'LUZ', 'MAY', 'BRET', 'JUANA', 'HANNAH', 'SYBIL', 'MADELINE', 'SCOTTY', 'STERLING', 'ROOSEVELT', 'ED', 'BEAU', 'MALCOLM', 'MARGRET', 'LORIE', 'FREDA', 'KRISTOPHER', 'ANTOINE', 'CLEVELAND', 'MARGUERITE', 'LIDIA', 'DALTON', 'CARTER', 'RUSTY', 'CAITLIN', 'AL', 'RUFUS', 'ELISA', 'ERICKA', 'MASON', 'CURT', 'FAITH', 'KRISTIE', 'THURMAN', 'WILLIS', 'JAMAL', 'NICHOLE', 'KATHARINE', 'WILFRED', 'LELAND', 'ERNESTINE', 'KIRK', 'ELIJAH', 'LANDON', 'LORAINE', 'OLIVIA', 'TOBY', 'JAMI', 'ELLIS', 'CARMEN', 'ANGELO', 'COLLIN', 'TRISHA', 'DELIA', 'JASPER', 'JEANNINE', 'JOSH', 'ALLYSON', 'OLGA', 'DREW', 'KRISTINE', 'WINFRED', 'LILA', 'ROSIE', 'GREGG', 'VIRGIL', 'ESTELLA', 'EDMOND', 'MELISA', 'CANDACE', 'BOBBI', 'ELBERT', 'ISAIAH', 'BEATRIZ', 'DANE', 'MAXWELL', 'ALONZO', 'ADOLPH', 'SHANNA', 'ANGIE', 'JULIUS', 'BERNADETTE', 'DUDLEY', 'MARCELLA', 'HARRISON', 'JOHNNIE', 'BASIL', 'NORRIS', 'JAN', 'JESS', 'LEE', 'ORVILLE', 'REYNALDO', 'LAMONT', 'KRISTI', 'PHIL', 'WILL', 'MONIQUE', 'MARTY', 'RANDI', 'KATE', 'LEANNE', 'ROMAN', 'OLIVE', 'DIRK']
['LORA', 'JANINE', 'NESTOR', 'WADE', 'CARY', 'KIRSTEN', 'FLETCHER', 'ROSCOE', 'DEMETRIUS', 'QUENTIN', 'BETSY', 'SANFORD', 'CORA', 'MARCOS', 'TAYLOR', 'AVERY', 'RODRIGO', 'ROBIN', 'KENT', 'ADDIE', 'JEANIE', 'EMIL', 'ERIKA', 'MARLON', 'ADRIANA', 'ALEXIS', 'BETTE', 'MARYLOU', 'DENA', 'GLENNA', 'KARIN', 'LENORA', 'HARRIS', 'KRIS', 'OPAL', 'ALTA', 'LEIGH', 'ELIAS', 'KARI', 'ADAN', 'VERN', 'HORACE', 'YVETTE', 'SUSIE', 'ABEL', 'SOPHIA', 'XAVIER', 'ELENA', 'MARGARITA', 'WILMER', 'MONROE', 'KIRBY', 'LATOYA', 'MARIANO', 'CALLIE', 'SOCORRO', 'JERI', 'JOEY', 'KARA', 'SHELIA', 'DONA', 'JODI', 'MAE', 'BERNARDO', 'THERESE', 'CARLTON', 'ELWOOD', 'VANCE', 'DELBERT', 'ADRIENNE', 'SONJA', 'STUART', 'STACEY', 'LYNDA', 'KERMIT', 'CORINNE', 'MARSHALL', 'MORRIS', 'ALPHONSO', 'SHERRI', 'SHELDON', 'ANDRES', 'BOBBIE', 'SERGIO', 'FERN', 'CHRISTA', 'CAREY', 'NANNIE', 'BRADFORD', 'ALI', 'SOFIA', 'GALE', 'GILBERTO', 'ENRIQUE']
['MARINA', 'TONIA', 'MOHAMMAD', 'WILLARD', 'LANA', 'BRIDGETTE', 'SUMMER', 'SHERRIE', 'CORRINE', 'ARMAND', 'DARYL', 'JASMINE', 'GEORGINA', 'ISIDRO', 'CRUZ', 'DONNY', 'MARION', 'INA', 'TASHA', 'JOHANNA', 'JANIS', 'TOMAS', 'EULA', 'BOYD', 'BRADY', 'KENDRA', 'SONNY', 'BLAINE', 'JENIFER', 'HILARY', 'RILEY', 'MORGAN', 'GERRY', 'CRISTINA', 'VALARIE', 'ILA', 'BELINDA', 'MICKEY', 'RACHELLE', 'ABRAHAM', 'LELA', 'NED', 'WINNIE', 'DYLAN', 'ELIZA', 'CANDICE', 'STEWART', 'CLAUDETTE', 'DIANNA', 'DONNIE', 'GUSTAVO', 'GONZALO', 'OLA', 'ROSEMARIE', 'KELSEY', 'CELIA', 'SUSANNE', 'SETH', 'CLARICE', 'ALEXANDRA', 'HELENA', 'MARY', 'PERCY', 'KENDRICK', 'ALEJANDRO', 'PERRY', 'FREDDY', 'TRINA', 'REBA', 'KENNY', 'CECILE', 'CASSIE', 'RICKEY', 'ROYCE', 'REUBEN', 'BRANDY', 'MAYRA', 'WILEY', 'EARLINE', 'MURRAY', 'GAVIN', 'FLOSSIE', 'ROXANNE', 'ADOLFO', 'JARROD', 'EDMUND', 'ERNESTO', 'MARISA', 'LYNN', 'LOURDES', 'MONA', 'TIA', 'REX', 'MARGO', 'ZACHERY']
['FIDEL', 'WHITNEY', 'PAIGE', 'ALVARO', 'DAMIEN', 'ROSALYN', 'LEONA', 'CELESTE', 'AUGUST', 'HANS', 'ISAAC', 'GOLDIE', 'ALISA', 'ULYSSES', 'BRAIN', 'LAMAR', 'ROBYN', 'SABRINA', 'CLARISSA', 'JONATHON', 'SIMON', 'LORNA', 'VIOLET', 'RENE', 'GARLAND', 'SHAUN', 'ROSETTA', 'FANNIE', 'DAMON', 'TRACEY', 'SAUL', 'ERROL', 'LOREN', 'STEFAN', 'ANTOINETTE', 'BERNADINE', 'LUCINDA', 'GROVER', 'JAYSON', 'SEBASTIAN', 'MILES', 'ERMA', 'EUGENIA', 'RANDAL', 'LEA', 'MARCO', 'AVIS', 'HIRAM', 'JENNA', 'LEONARDO', 'FABIAN', 'CAROLINA', 'JERMAINE', 'FORREST', 'DARIN', 'ISSAC', 'AMELIA', 'SERENA', 'DION', 'KELLIE', 'NORBERT', 'BURTON', 'TRICIA', 'BRANDEN', 'MAGDALENA', 'LINDSAY', 'LAVERNE', 'AUSTIN', 'BERNIE', 'VAN', 'ESSIE', 'RODOLFO', 'EVAN', 'EDWARDO', 'SILVIA', 'LILY', 'SHANA', 'SOPHIE', 'ESTER', 'BRITTNEY', 'ELLIOT', 'DAMIAN', 'AVA']
['ANGELINA', 'POLLY', 'LADONNA', 'LOTTIE', 'JAIME', 'LEOLA', 'JACQUES', 'ABIGAIL', 'ABBY', 'RONDA', 'DIXIE', 'ISRAEL', 'JONI', 'NELDA', 'ROB', 'BENNIE', 'JEANNETTE', 'DALE', 'EBONY', 'LAURENCE', 'MARCY', 'DEWAYNE', 'SAMMY', 'MILLIE', 'NOAH', 'IVA', 'FREDDIE', 'DARIUS', 'BLAIR', 'QUINTON', 'JANETTE', 'GRADY', 'CARMELO', 'VELMA', 'BENITO', 'ADELE', 'ANGELIA', 'MARTINA', 'JOSUE', 'DICK', 'RICKIE', 'ANTONIA', 'ALISHA', 'WOODROW', 'TREVOR', 'TERRIE', 'KERI', 'ROCHELLE', 'JENNY', 'TAMI', 'LOYD', 'GAYLE', 'LAUREL', 'MERRILL', 'HARRIETT', 'GREGORIO', 'KERRY', 'DOMINICK', 'LILLY']
['BART', 'MAURICIO', 'JERALD', 'JOAN', 'NOE', 'GENEVIEVE', 'CORNELIUS', 'GARRY', 'LINDSEY', 'LEVI', 'MAMIE', 'LYNETTE', 'LENORE', 'ROSS', 'HENRIETTA', 'SUSANA', 'CHRISTI', 'MYRNA', 'IRA', 'SELMA', 'ROSALIE', 'DELORIS', 'GARRETT', 'FRANCINE', 'BERT', 'HARLEY', 'ETHAN', 'ROSARIO', 'BETTYE', 'MILAGROS', 'ELTON', 'ALYSSA', 'SONIA', 'JEREMIAH', 'KRISTY', 'DALLAS', 'RODGER', 'LINWOOD', 'GENEVA', 'BRIDGET', 'STAN', 'TRUDY', 'WARD', 'REGGIE', 'DONOVAN', 'MINERVA', 'VICENTE', 'CARROLL', 'BECKY', 'JUSTINE', 'PASQUALE', 'JILLIAN', 'ALTON', 'GRETA', 'MIA', 'DOROTHEA', 'LUCIA', 'HARRIET', 'GALEN', 'CLINT', 'WILLIAMS', 'JOSEFINA', 'KELVIN', 'LULA']
['BROCK', 'MIRANDA', 'LUELLA', 'DOYLE', 'ISABELLE', 'MELODY', 'KRISTINA', 'CHERI', 'TERI', 'MOLLIE', 'SONDRA', 'JOLENE', 'DESIREE', 'JEANINE', 'DARREL', 'SHELLEY', 'JOAQUIN', 'NADINE', 'EFFIE', 'ELLIOTT', 'ROGELIO', 'DARWIN', 'ROSALIND', 'KIMBERLEY', 'TEDDY', 'KERRI', 'CLARK', 'BETHANY', 'GRETCHEN', 'LOU', 'MYRON', 'HUMBERTO', 'JOHNATHON', 'BRANDI', 'KRISTA', 'GUS', 'SYLVESTER', 'EDDY', 'ARCHIE', 'RAE', 'AIMEE', 'WILFORD', 'LORENA', 'EMMANUEL', 'LEANN']
['WELDON', 'ROCKY', 'EARNEST', 'KELLEY', 'ALBERTA', 'BLANCA', 'FELICIA', 'CALEB', 'LACEY', 'DEVIN', 'MABLE', 'PABLO', 'MEREDITH', 'ROCCO', 'BRUNO', 'REED', 'GABRIELA', 'ROD', 'GRANT', 'MERCEDES', 'GERARDO', 'ELSA', 'NEAL', 'CARMELA', 'GINGER', 'ODESSA', 'WILFREDO', 'RAQUEL', 'ESTEBAN', 'BYRON', 'NIKKI', 'DELMAR', 'RUDY', 'EMERY', 'WINSTON', 'SALVADOR', 'DEWEY']
['VERNA', 'LANE', 'ELOISE', 'DORTHY', 'SILAS', 'MATILDA', 'HOLLIS', 'BRYCE', 'IMOGENE', 'IRVIN', 'BOOKER', 'MACK', 'HARLAN', 'DESMOND', 'PRESTON', 'DAISY', 'DEANA', 'BUFORD', 'DAPHNE', 'VITO', 'ELISABETH', 'PAULETTE', 'HEATH', 'BRENDAN', 'CATHLEEN', 'SHAWN', 'TERENCE', 'GRACIE', 'WINIFRED', 'ELI', 'COLBY', 'CLAIRE', 'AIDA', 'PETE', 'WILBERT', 'ELMA']
['ANGELINE', 'GUADALUPE', 'KENDALL', 'ERICK', 'MARCELINO', 'ELVA', 'PETRA', 'ADA', 'OMAR', 'LETICIA', 'EMILIA', 'LOLA', 'MAVIS', 'ELVIRA', 'STEFANIE', 'WM', 'AUBREY', 'DANA', 'EMANUEL', 'OWEN', 'DOMINIC', 'MIRIAM', 'THADDEUS', 'ELDON', 'NICK', 'CLIFF']
['URSULA', 'MAUDE', 'TERRELL', 'SANDY', 'SON', 'OLIVER', 'IVY', 'MARIBEL', 'MARYANN', 'PATRICE', 'JEAN', 'GRAHAM', 'JEFFERSON', 'KEISHA', 'DANTE', 'SHELLY', 'DARNELL', 'LETHA', 'ESTELA', 'CLAY']
['BLANCHE', 'HERIBERTO', 'ERNIE', 'BLAKE', 'OLLIE', 'GEOFFREY', 'SHERI', 'JIMMIE', 'GRACIELA', 'HUNTER', 'ELISE', 'MICHEL', 'LUPE', 'TOMMIE', 'ISMAEL', 'MOSES', 'CLEMENT', 'NOLA']
['NELL', 'ANGELICA', 'CARLO', 'ESTELLE', 'DENVER', 'NICOLAS', 'COLIN', 'HATTIE']
['TRENT', 'DOMINIQUE', 'NEVA', 'AMOS', 'SIDNEY', 'BARNEY', 'CLIFTON', 'BENITA', 'CHRISTIE', 'AGUSTIN', 'LATASHA', 'ADELA']
['SCOT', 'FAY', 'DENIS', 'GWEN', 'DANIAL', 'JOHNATHAN', 'GUILLERMO', 'LUISA', 'ANDY', 'JACKSON', 'DAVIS', 'ALEXANDRIA', 'MATT']
['FRANCIS', 'MARISOL', 'RANDOLPH', 'ANGEL', 'PAT', 'CANDY', 'DEVON']
['CAMILLE', 'PIERRE', 'VAUGHN', 'HUGO', 'HAL', 'CATALINA', 'TRACIE', 'CLEO', 'RUTHIE', 'JACQUELYN']
['JOSIE', 'LYLE', 'ROMEO', 'ALISON', 'BIANCA', 'SHARRON', 'MYRA']
['FREDRICK', 'INEZ', 'DELLA', 'LUTHER', 'VICKY']
['ROBBIE', 'LOUIE', 'BRIANNA', 'SOLOMON', 'JAKE', 'JARVIS']
['KURTIS', 'KRYSTAL', 'SHELBY', 'MARIANNE']
['OTTO', 'CEDRIC', 'FREDERIC', 'SHEENA']
['RAMONA', 'JOANNA', 'NOLAN', 'WILLA', 'ESPERANZA']
['JEFFRY', 'COY', 'ETTA', 'PATTY', 'RENA']
['ALFONSO', 'LOWELL']
['FRANKIE', 'NATASHA', 'TRACI', 'ORA', 'MILLARD']
['LIZZIE']
['DENNY', 'SANTOS', 'CHUCK', 'SPENCER']
['JODY']
['CONCEPCION', 'BRYANT', 'ADELINE']
['JEWELL', 'DONNELL', 'RIGOBERTO']
['ANTON']
['RORY']
['WILBUR']
['INGRID']
['JULIAN', 'TAMIKA']
['MOISES']
['EMORY']
['KATRINA']
['VIRGIE']
['KARLA', 'ISABEL']
['EMERSON']
['CHASE']
['BILLIE']
['HOPE']
['SAMMIE']
['SHARI']
['LUKE']
['WILSON', 'SANTIAGO']
['SIMONE']
['FLORA']
['PAM']
['BENNY']
['HOMER']
['JACLYN']
['STACI']
['MARLIN']
['BUDDY']
['SHERYL']
['AUTUMN']
['JANELLE']
['CHARLEY']
['ELVIS']
['MELBA']
['MURIEL']
['DARRIN']
['LESLEY']
['CECILIA']
['BARBRA']
['ERVIN']
['LEONEL']
['MARITZA']
['CHERIE']
['MINDY']
['FAYE']
['MARTA']
['TAMMIE']
['TABATHA']
['CECELIA']
['CHELSEA']
['KAYLA']
['CHARITY']
['EDUARDO']
['MICAH']
['RAMIRO']
['COLE']
['TIMMY']
['IRWIN']
['LATISHA']
['ELNORA']
['RACHAEL']
['CAMERON']
['IRIS']
['SHERMAN']
['STEPHAN']
['JOCELYN']
['TY']
['CARA']
['CONSUELO']
['DOMINGO']
['NOEL']
['CLAIR']
['HELENE']
['MAYNARD']
['EUNICE']
['TERRANCE']
['ROLANDO']
['DINA']
['ELVIN']
['WENDELL']
['GABRIELLE']
['LOGAN']
['ALLIE']
['DEE']
['JUNIOR']
['DERICK']
['DOREEN']
['CHANDRA']
['IGNACIO']
['CHRIS']
['TRUMAN']
['EFRAIN']
['CORNELIA']
['TONI']
['RUDOLPH']
['MONTY']
['RODERICK']
['KELLI']
['MANDY']
['LUCILE']
['HUBERT']
['JACKIE']
['JAYNE']
['AURORA']
['CASEY']
['LEILA']
['IRVING']
['COURTNEY']
['AURELIO']
['PATTI']
['TRACY']
['LIONEL']
['DEXTER']
['MARISSA']
['BETTIE']
['LATONYA']
['BONITA']
['SHANNON']
['TERRENCE']
['QUINCY']
['MERLE']
['FRANCISCA']
['HALEY']
['MISTY']
['MERLIN']
['EMMETT']
['EMILIO']
['ODELL']
['CONRAD']
['DOUG']
['RUSSEL']
['JEWEL']
['DIANNE']
['MEGHAN']
['PATRICA']
['JANIE']
['ARTURO']
['BEULAH']
['JOESPH']
['FRIEDA']
['JODIE']
['LORENZO']
['JEANNIE']
['SHAUNA']
['MAGGIE']
['MOLLY']
['ASHLEY']
['NUMBERS']
['LUCAS']
['STACIE']
['BROOKE']
['GERMAN']
['RHODA']
['OTIS']
['SALVATORE']
['ORLANDO']
['DOLLY']
['STACY']
['MARLA']
['TYSON']
['LYNNE']
['CESAR']
['LARA']
['OFELIA']
['SONYA']
['MEAGAN']
['ERWIN']
['GERARD']
['DIEGO']
['TABITHA']
['FEDERICO']
['RAPHAEL']
['FELIPE']
['AILEEN']
['SADIE']
['PENELOPE']
['MANUELA']
['LORENE']
['ART']
['DEBORA']
['AUDRA']
['REBEKAH']
['BRYON']
['TRENTON']
['SALLIE']
['DARLA']
['KIM']
['MARCEL']
['NETTIE']
['SHAWNA']
['MONTE']
['JANA']
['VINCE']
