['654', '134', '68', '326', '523', '122', '103', '486', '717', '91', '571', '697', '498', '782', '246', '79', '181', '649', '653', '37', '429', '74', '694', '230', '542', '521', '625', '680', '161']
['133', '395', '235', '182', '366', '472', '312', '740', '664', '787', '572', '61', '554', '426', '626', '711', '16', '248', '684', '748', '771', '602', '84', '675', '718', '701', '607', '80', '256', '652']
['10', '197', '535', '346', '316', '237', '729', '644', '306', '705', '347', '515', '376', '793', '710', '754', '416', '132', '596', '597', '703', '83', '568', '765', '500', '239', '430', '704', '52', '593']
['427', '402', '279', '145', '548', '400', '766', '454', '502', '759', '284', '361', '27', '584', '222', '611', '353', '377', '164', '474', '35', '54', '455', '285', '362', '716', '585', '432']
['70', '325', '604', '526', '774', '219', '503', '730', '66', '76', '747', '417', '605', '173', '576', '98', '158', '409', '118', '451', '499']
['264', '307', '147', '44', '784', '594', '234', '117', '47', '189', '48', '101', '698', '661', '668', '89', '749', '95', '586', '287', '126']
['215', '552', '725', '226', '619', '622', '163', '77', '41', '731', '166', '543', '358', '583', '15', '240', '329', '175', '124', '381', '551', '341', '204', '270', '139', '464', '151', '157', '437', '190']
['733', '773', '196', '631', '687', '546', '778', '735', '666', '7', '421', '756', '606', '434', '384', '96', '340', '736', '492', '686', '58', '641', '232', '483', '315', '708', '390', '620', '39', '795']
['757', '463', '744', '760', '514', '770', '142', '111', '616', '140', '217', '475', '200', '314', '591', '245', '397', '289', '772', '128', '683', '672', '220', '357', '518', '177', '739', '229', '529', '569']
['737', '344', '387', '348', '294', '55', '761', '56', '243', '563', '392', '32', '567', '174', '247', '755', '522', '674', '71', '738', '18', '114', '456', '418', '87', '768', '208', '692', '506', '298']
['489', '113', '3', '724', '623', '155', '485', '553', '65', '310', '212', '191', '143', '20', '473', '659', '303', '231', '207', '794', '123']
['60', '186', '188', '728', '125', '634', '570', '419', '444', '224', '278', '368', '752', '520', '261', '323', '762', '673', '159', '378', '290', '31', '524', '165', '22', '291', '8', '88', '566', '534']
['413', '67', '561', '544', '1', '599', '228', '590', '589', '511', '371', '621', '106', '73', '785', '385']
['638', '383', '657', '120', '693', '28', '129', '352', '404', '369', '154', '379', '82', '796', '425', '560', '236', '156', '180', '0', '491', '394', '467', '588', '428', '471', '469', '433', '17', '373']
['445', '533', '779', '452', '130', '148', '328', '280', '447', '505', '273', '382', '713', '612', '266', '789', '372', '775', '636', '169', '69', '719', '374', '706', '160', '592', '696', '4', '743', '578']
['203', '153', '233', '398', '420', '319', '646', '410', '519', '540', '253', '251', '269', '651', '493', '149', '422', '436', '769', '539', '557', '797', '781', '272', '184', '121', '679', '643', '225', '753']
['337', '221', '582', '448', '508', '580', '541', '64', '691', '441', '301', '678', '19', '790', '299', '655', '497', '138', '783', '171', '669', '254', '185', '250', '645', '663', '460', '642', '545', '343']
['786', '389', '391', '601', '408', '482', '581', '477', '549', '102', '327', '131', '146', '488', '388', '176', '443', '791', '332', '746', '476', '479', '26', '78', '700', '42', '399', '335', '23', '423']
['380', '360', '6', '213', '263', '630', '46', '393', '603', '517', '536', '396', '715', '150', '137', '440', '527', '487', '187', '629', '24', '339', '573', '167', '209', '478']
['799', '345', '282', '115', '662', '136', '11', '93', '574', '271', '424', '14', '359', '364', '495', '722', '587', '788', '507', '677', '660', '401', '296', '741', '449', '59']
['490', '537', '324', '43', '414', '610', '81', '198', '275', '439', '168', '562', '295', '723', '690', '21', '116', '702', '36', '624', '119', '458', '614', '484', '709']
['564', '442', '9', '457', '49', '406', '135', '550', '311', '45', '435', '178', '199', '40', '152', '92', '218', '640', '107', '676', '238']
['496', '446', '750', '183', '305', '108', '667', '162', '627', '313', '12', '480', '512', '349', '320', '322', '462', '249', '509', '699', '685', '297', '532', '742', '25', '318', '267', '530', '97', '494']
['334', '617', '192', '210', '109', '751', '321', '712', '556', '714', '260', '356', '286', '531', '309', '281', '481', '764', '575', '30']
['179', '648', '317', '453', '600', '241', '308', '732', '110', '689', '637', '386', '363', '501', '63', '695', '51', '283', '50', '504', '438', '367', '670', '244', '350', '33', '688', '265', '510', '170']
['354', '333', '431', '255', '293', '375', '242', '57', '223', '13', '727', '647', '258', '405', '257', '465', '127', '259', '525', '565', '144', '777']
['609', '555', '34', '211', '632', '172', '252', '365', '411', '274', '403', '720', '628', '459', '776', '2', '726', '302', '206', '470']
['767', '94', '194', '763', '665', '595', '205', '195', '707', '734', '29', '262', '62', '277', '780', '214', '618', '650', '635', '547', '304', '516', '193', '53']
['338', '608', '745', '342', '559', '577', '407', '721', '513', '466', '792', '579', '112', '615', '656', '105', '798', '331', '292', '633', '86', '468', '461', '141', '5', '681', '202', '90', '639', '415']
['758', '528', '75', '336', '38', '538', '558', '412', '682', '72', '300', '370', '351', '100', '227', '355', '671', '99', '201', '598', '613', '276', '330', '104', '288', '450', '85', '268', '658', '216']
