['601', '815', '319', '142', '886', '246', '811', '278', '584', '812', '919', '785', '814', '769', '557', '783', '746', '315', '297', '772', '840', '784', '918', '53', '813', '652', '593']
['114', '113', '351', '227', '279', '222', '79', '864', '718', '115', '48', '245', '66', '80', '88', '588', '433', '111', '254', '470']
['370', '494', '102', '857', '134', '302', '372', '504', '620', '882', '157', '13', '371', '89', '170', '373', '6', '156']
['524', '128', '513', '675', '320', '835', '523', '85', '898', '525', '817', '538', '546', '920', '678', '545']
['445', '446', '442', '654', '444', '338', '450', '317', '883', '449', '459', '448', '776', '460', '930', '635', '478', '26']
['65', '352', '732', '294', '393', '269', '536', '284', '480', '283', '567', '50', '180', '58', '699', '829', '31', '288', '285', '267', '268', '259', '286']
['547', '929', '802', '533', '856', '775', '887', '151', '548', '625', '229', '801', '872', '885']
['750', '94', '763', '188', '305', '514', '207', '508', '421', '517', '512', '505', '258', '261', '230', '509', '698', '507', '719', '516', '270', '530', '944', '239', '511', '506', '59', '510']
['34', '764', '33', '7', '124', '731', '35', '129', '16', '854', '368', '685', '346', '680', '15', '862', '32']
['767', '758', '779', '482', '91', '760', '316', '766', '541', '778', '729', '761', '41', '871', '131', '798', '780', '314', '381', '762', '159', '677', '861', '777', '624', '845', '768', '765', '795']
['648', '413', '665', '667', '205', '148', '163', '472', '915', '666', '735', '29', '649', '178', '839', '96', '647', '325', '914', '852', '174', '800', '670', '650', '873', '822', '669', '639', '521', '668']
['70', '733', '9', '853', '10', '49', '68', '745', '11', '623', '759', '12', '323', '86', '722', '171', '5', '21', '455', '851', '264', '564', '204', '22', '24', '4', '20', '741', '679', '23']
['489', '350', '192', '150', '318', '468', '808', '197', '196', '42', '414', '191', '45', '838', '198', '193', '770', '895', '481', '287', '190']
['799', '936', '894', '657', '870', '173', '933', '308', '348', '454', '407', '237', '386', '909', '277', '424', '934', '132', '935', '276', '943', '906', '908', '121', '907', '415']
['604', '304', '200', '194', '213', '832', '212', '164', '720', '201', '199', '225', '273', '749', '54', '928', '158']
['463', '486', '501', '904', '275', '705', '790', '451', '461', '295', '462', '485', '611', '176', '487', '78', '850', '464', '1', '484', '663', '423', '730']
['427', '402', '64', '389', '594', '109', '426', '291', '223', '280', '403', '401', '863', '500', '834', '717', '425', '428', '347']
['787', '242', '721', '540', '214', '215', '937', '710', '913', '125', '322', '539', '831', '90', '123', '243', '216', '522', '241', '240']
['737', '581', '98', '878', '369', '796', '816', '92', '51', '925', '632', '40', '101', '738', '307', '688', '260', '658', '739', '518', '566', '298']
['168', '146', '36', '147', '890', '165', '135', '265', '626', '167', '145', '238', '166', '81', '169', '303', '144', '727', '400']
['859', '562', '734', '754', '181', '662', '256', '605', '560', '531', '559', '823', '558', '561', '532', '563']
['571', '572', '366', '568', '591', '262', '388', '579', '573', '595', '394', '590', '927', '824', '576', '577', '578', '569', '185']
['203', '537', '661', '195', '691', '905', '544', '189', '756', '447', '656', '217', '855', '14', '249', '804', '248', '483', '202', '289', '250', '187', '565', '218']
['502', '110', '87', '224', '474', '311', '431', '97', '306', '429', '430', '432', '899', '255', '25', '621']
['376', '334', '833', '683', '355', '897', '354', '324', '208', '357', '333', '99', '313', '628', '336', '335', '358', '74', '356', '116']
['638', '941', '631', '728', '837', '634', '600', '646', '410', '637', '846', '896', '47', '884', '633', '495', '686', '836', '137', '479', '742', '865', '645']
['490', '702', '703', '713', '364', '716', '714', '712', '503', '616', '367', '747', '75', '641', '152', '715', '704', '697']
['492', '465', '491', '416', '466', '453', '888', '493', '467', '332', '149', '469', '806', '684', '409']
['331', '926', '497', '592', '0', '140', '781', '828', '644', '440', '809', '827', '810', '674', '439', '52', '782', '752']
['221', '552', '528', '549', '619', '526', '182', '412', '550', '117', '112', '819', '515', '61', '365', '551', '589', '2', '69', '527', '553', '642', '529']
['609', '436', '875', '160', '292', '723', '608', '916', '587', '606', '610', '607', '543', '613', '434', '881', '876', '162', '586', '299', '126']
['456', '419', '44', '418', '471', '220', '398', '417', '651', '396', '397', '387', '420', '443']
['496', '753', '475', '457', '818', '119', '172', '751', '28', '39', '458', '327', '477', '673', '272', '476', '534', '118']
['786', '408', '281', '55', '843', '866', '312', '271', '868', '664', '830', '724', '820', '869', '353', '659', '844', '842', '585', '841', '867', '848', '30']
['103', '309', '73', '57', '155', '82', '72', '105', '797', '877', '411', '880', '71', '104', '84', '748', '184', '83', '67', '339', '826', '736']
['570', '93', '942', '599', '582', '473', '574', '711', '598', '687', '847', '755', '575', '726', '583', '385']
['337', '360', '136', '725', '924', '46', '580', '154', '293', '519', '938', '615', '361', '874', '825', '359', '789', '377', '788', '435', '244', '681', '706', '362', '629', '143', '399']
['380', '379', '707', '383', '391', '405', '406', '382', '282', '603', '390', '76', '437', '404', '384', '378', '392']
['138', '219', '274', '251', '363', '939', '643', '130', '301', '290', '879']
['773', '122', '744', '794', '498', '931', '893', '77', '792', '62', '349', '774', '793', '612', '671', '266', '596', '791', '542', '95', '940', '161']
['757', '233', '120', '860', '858', '226', '235', '231', '689', '617', '622', '211', '627', '56', '27', '441', '236', '910', '803', '234', '257', '247', '232', '771', '210', '672', '209', '535']
['807', '3', '252', '326', '183', '911', '891', '395', '106', '107', '206', '922', '923', '253', '921', '100', '900', '902', '618', '636', '901', '614']
['555', '597', '60', '655', '554', '932', '310', '127', '63', '653', '141', '300', '520', '676', '805']
['329', '179', '422', '375', '345', '175', '682', '602', '321', '889', '330', '328', '660', '452', '344', '342', '903', '263', '690', '374', '343']
['18', '43', '488', '340', '153', '8', '692', '133', '912', '37', '228', '38', '821', '630', '17', '640', '740', '19', '892', '341']
['694', '917', '700', '186', '696', '849', '693', '556', '139', '296', '438', '701', '108', '743', '177', '695', '709', '708', '499']
