['Roseanna', 'Shaylynn', 'Paloma', 'Analiese', 'Mary', 'Chrysa', 'Astra', 'Hephzibah', 'Roxana', 'Brana', 'Philippe', 'Max', 'Evey', 'Galina', 'Merci', 'Viki', 'Chery', 'Faydra', 'Ericka', 'Bibbie']
['Avis', 'Michaela', 'Cherise', 'Natividad', 'Thomasin', 'Deena', 'Manon', 'Bonnie', 'Venus', 'Marleah', 'Marlene', 'Colette', 'Heida', 'Chelsy', 'Dode', 'Kitti', 'Arlen', 'Harmonie', 'Paolina', 'Mercy']
['Lorry', 'Fina', 'Mariana', 'Willie', 'Ronda', 'Sibyl', 'Lucienne', 'Tonye', 'Brietta', 'Tiertza', 'Ninnetta', 'Berta', 'Caria', 'Ara', 'Patrizia', 'Ramonda', 'Dorie', 'Elyn', 'Kalinda', 'Esmaria']
['Zoe', 'Yoko', 'Jacqueline', 'Fanchette', 'Jennilee', 'Gussi', 'Emalee', 'Sybilla', 'Mirna', 'Carena', 'Brandie', 'Enriqueta', 'Wendeline', 'Mickie', 'Vyky', 'Karlotte', 'Tiffi', 'Georgie', 'Torie', 'Adele']
['Luce', 'Ardisj', 'Rosette', 'Christel', 'Norene', 'Deerdre', 'Janey', 'Arleta', 'Gayleen', 'Rasia', 'Gloria', 'Daveta', 'Regina', 'Estella', 'Latrina', 'Yvonne', 'Linnea', 'Prudi', 'Rivi', 'Kip']
['Gabbie', 'Cordie', 'Mercie', 'Vera', 'Julietta', 'Dita', 'Sarajane', 'Geneva', 'Allianora', 'Trescha', 'Odelle', 'Rosanna', 'Adriaens', 'Ros', 'Dorothea', 'Rivkah', 'Buffy', 'Ricca', 'Dorey', 'Angelica']
['Leonanie', 'Cathie', 'Nelly', 'Caye', 'Clarabelle', 'Perl', 'Arabele', 'Bliss', 'Deanna', 'Merilee', 'Winnie', 'Philis', 'Chiquita', 'Giuditta', 'Lydia', 'Vanna', 'Lela', 'Mufi', 'Modestine', 'Abagael']
['Donna', 'Reta', 'Estrella', 'Issie', 'Aggie', 'Maribeth', 'Vevay', 'Debi', 'Rozalie', 'Nicholle', 'Penny', 'Agathe', 'Joeann', 'Randene', 'Aura', 'Cristal', 'Nalani', 'Roseanne', 'Saloma', 'Josi']
['Clarice', 'Ertha', 'Willow', 'Berget', 'Lenka', 'Hollyanne', 'Cristabel', 'Adrea', 'Peta', 'Tobye', 'Jazmin', 'Judi', 'Perrine', 'Fallon', 'Cecilia', 'Briana', 'Kathrine', 'Starla', 'Aggi', 'Isa']
['Farica', 'Kessiah', 'Debby', 'Clary', 'Maegan', 'Linnie', 'Alison', 'Benedicta', 'Winnifred', 'Angil', 'Leeanne', 'Dru', 'Keriann', 'Tiffany', 'Arlette', 'Sophie', 'Clair', 'Elnora', 'Bunnie', 'Lurleen']
['Meghan', 'Margi', 'Tisha', 'Vikky', 'Joellen', 'Nora', 'Inesita', 'Matilda', 'Esme', 'Aleen', 'Ivonne', 'Maxie', 'Ermina', 'Genevra', 'Arabella', 'Kerrill', 'Serene', 'Vannie', 'Ginnifer', 'Janel']
['Jacquelyn', 'Eilis', 'Andra', 'Dianemarie', 'Veronike', 'Denny', 'Claudia', 'Caitrin', 'Page', 'Elisabetta', 'Elka', 'Casi', 'Leland', 'Latrena', 'Bettina', 'Mella', 'Anabella', 'Fifine', 'Moina', 'Aili']
['Annabel', 'Danita', 'Alecia', 'Klarrisa', 'Maria', 'Daria', 'Meg', 'Gilemette', 'Vania', 'Elinor', 'Marissa', 'Sianna', 'Cissy', 'Jaquelyn', 'Elisa', 'Merrile', 'Aubine', 'Cindelyn', 'Jacenta', 'DeeDee']
['Andria', 'Ursa', 'Ki', 'Brigitte', 'Becka', 'Wilhelmine', 'Austin', 'Muriel', 'Noelle', 'Blakelee', 'Nat', 'Cyndy', 'Helena', 'Ilka', 'Winnah', 'Natalee', 'Giselle', 'Wynny', 'Kasey', 'Jodee']
['Frankie', 'Poppy', 'Cammy', 'Bambie', 'Reeta', 'Adore', 'Pris', 'Susana', 'Ruthi', 'Norri', 'Iolanthe', 'Kiersten', 'Bethina', 'Minne', 'Natala', 'Marsha', 'Willa', 'Anestassia', 'Liva', 'Alexina']
['Goldarina', 'Olenka', 'Tiphany', 'Nolana', 'Doroteya', 'Danit', 'Franny', 'Britte', 'Lorie', 'Leigh', 'Allix', 'Camila', 'Caren', 'Lonnie', 'Adel', 'Grissel', 'Beret', 'Morgan', 'Lexie', 'Brandise']
['Leshia', 'Thomasine', 'Linea', 'Aleta', 'Neely', 'Gabi', 'Emmie', 'Consolata', 'Evangelina', 'Lori', 'Kat', 'Veda', 'Eleanora', 'Laurene', 'Domeniga', 'Aprilette', 'Phelia', 'Eugine', 'Ralina', 'Kyle']
['Alysa', 'Sissie', 'Sherrie', 'Mollee', 'Louisette', 'Lurette', 'Liv', 'Ines', 'Aime', 'Erinn', 'Dyanne', 'Dorice', 'Hazel', 'Phyllys', 'Dulciana', 'Moira', 'Giana', 'Carmencita', 'Drusi', 'Gennie']
['Megan', 'Leonie', 'Vernice', 'Ddene', 'Adorne', 'Dorrie', 'Jayme', 'Arline', 'Konstance', 'Andromache', 'Angelle', 'Petronille', 'Almeta', 'Chrissie', 'Sal', 'Norina', 'Terza', 'Celka', 'Gertrudis', 'Charline']
['Rachelle', 'Tarra', 'Lise', 'Laryssa', 'Kinna', 'Constantine', 'Nanni', 'Cinderella', 'Lorianne', 'Kristy', 'Jerrylee', 'Gladi', 'Madelene', 'Ninette', 'Rosemary', 'Moyra', 'Marlena', 'Tanhya', 'Kandy', 'Kaile']
['Lindsay', 'Alisun', 'Cindy', 'Grayce', 'Selestina', 'Tessie', 'Hinda', 'Nikoletta', 'Melantha', 'Teddi', 'Gusta', 'Tonie', 'Mara', 'Olivette', 'Dionne', 'Maisie', 'Cherlyn', 'Breanne', 'Lianne', 'Kali']
['Christine', 'Jobyna', 'Kattie', 'Felicity', 'Heddi', 'Karlotta', 'Keelia', 'Marlyn', 'Milka', 'Atlante', 'Rebeka', 'Sybil', 'Nichole', 'Edith', 'Elaina', 'Erina', 'Cassey', 'Adi', 'Lulita', 'Marline']
['Allene', 'Nydia', 'Iona', 'Bee', 'Sophia', 'Fredericka', 'Polly', 'Klara', 'Eden', 'Pat', 'Cora', 'Shirl', 'Hailee', 'Bonnee', 'Rosaleen', 'Donielle', 'Dolorita', 'Tasia', 'Peggy', 'Val']
['Frayda', 'Channa', 'Noelani', 'Doralyn', 'Melody', 'Evita', 'Zorine', 'Penni', 'Rycca', 'Ebony', 'Jacquetta', 'Doe', 'Mathilda', 'Jackqueline', 'Daffy', 'Bridget', 'Chandal', 'Lonni', 'Calida', 'Selena']
['Rorie', 'Lynnet', 'Abigale', 'Ranee', 'Del', 'Agnella', 'Quintilla', 'Vittoria', 'Theressa', 'Austina', 'Biddy', 'Jorie', 'Audrye', 'Shir', 'Pru', 'Tilly', 'Kassia', 'Shelli', 'Lacey', 'Roz']
['Wilma', 'Bernice', 'Steffie', 'Romola', 'Maurizia', 'Cristie', 'Lisbeth', 'Alida', 'Lian', 'Naoma', 'Cherice', 'Irene', 'Janetta', 'Biddie', 'Adena', 'Gilli', 'Lynelle', 'Vida', 'Hedi', 'Malia']
['Cecil', 'Georgeta', 'Oona', 'Sandye', 'Tomi', 'Mattie', 'Arly', 'Krissy', 'Mia', 'Adrienne', 'Karine', 'Xenia', 'Emmye', 'Diannne', 'Lauralee', 'Christa', 'Clementina', 'AnnaDiana', 'Farra', 'Ellie']
['Carmel', 'Bari', 'Wendy', 'Ann', 'Cornie', 'Blondelle', 'Wally', 'Benny', 'Gratiana', 'Ysabel', 'Alvina', 'Charin', 'Francoise', 'Dominga', 'Cariotta', 'Kass', 'Dody', 'Merry', 'Keely', 'Marybelle']
['Melinde', 'Ardys', 'Mariejeanne', 'Luciana', 'Krystyna', 'Masha', 'Phebe', 'Kenna', 'Debera', 'Una', 'Melisse', 'Camille', 'Miran', 'Lotte', 'Kandace', 'Adara', 'Nyssa', 'Brooks', 'Tally', 'Tracie']
['Clara', 'Modesta', 'Arlene', 'Martita', 'Yolanthe', 'Ginelle', 'Indira', 'Dredi', 'Gale', 'Shannah', 'Brittni', 'Lillis', 'Sally', 'Anissa', 'Alessandra', 'Jaynell', 'Laverna', 'Georgeanna', 'Marcile', 'Leandra']
['Joycelin', 'Lanae', 'Goldina', 'Lura', 'Dniren', 'Nada', 'Alex', 'Kaela', 'Hatty', 'Simonne', 'Griselda', 'Shalne', 'Abra', 'Joye', 'Lorianna', 'Georgia', 'Cortney', 'Mirabelle', 'Sella', 'Caroline']
['Sena', 'Jenny', 'Celestina', 'Marcelle', 'Arlina', 'Kerri', 'Tierney', 'Mitzi', 'Violante', 'Bibi', 'Binni', 'Emili', 'Shelby', 'Imogen', 'Gayel', 'Lenora', 'Hilary', 'Nani', 'Shandie', 'Celesta']
['Gerianna', 'Roxy', 'Valery', 'Josefina', 'Leontyne', 'Milissent', 'Melisa', 'Friederike', 'Janith', 'Yasmeen', 'Freddy', 'Fern', 'Glori', 'Mikaela', 'Wallie', 'Ladonna', 'Minta', 'Jojo', 'Eddi', 'Tabbatha']
['Charmine', 'Glynda', 'Lorita', 'Marcellina', 'Ethelind', 'Rachel', 'Norrie', 'Henrieta', 'Stephie', 'Bernie', 'Henriette', 'Theresina', 'Mada', 'Jolynn', 'Eleonore', 'Georgena', 'Quentin', 'Helaina', 'Eve', 'Tatum']
['Alie', 'Andree', 'Aurelea', 'Sibylla', 'Fay', 'Katheryn', 'Colline', 'Ashil', 'Enid', 'De', 'Mirabella', 'Shela', 'Wilona', 'Danice', 'Livvyy', 'Donica', 'Marna', 'Hildegaard', 'Donni', 'Emera']
['HelenElizabeth', 'Tabbi', 'Trenna', 'Kora', 'Leonore', 'Alisa', 'Suzette', 'Misty', 'Nollie', 'Lissi', 'Nicoli', 'Kerianne', 'Sarita', 'Annissa', 'Leila', 'Wendie', 'Sharlene', 'Teodora', 'Jolene', 'Pierrette']
['Letisha', 'Trixy', 'Lesli', 'Yvette', 'Etheline', 'Johnna', 'Jerrine', 'Greta', 'Minnnie', 'Bobbye', 'Beryl', 'Margaret', 'Eadie', 'Leonelle', 'Elnore', 'Cati', 'Clari', 'Leora', 'Sabra', 'Sela']
['Roanne', 'Joni', 'Celene', 'Ainslee', 'Kelila', 'Ollie', 'Miguelita', 'Marjie', 'Delphine', 'Gracia', 'Cassandra', 'Lola', 'Linette', 'Agneta', 'Jonie', 'Rosamond', 'Veronica', 'Tiphanie', 'Vivi', 'Terri']
['Cherianne', 'Ludovika', 'Hermia', 'Jess', 'Debor', 'Kelsey', 'Gwendolen', 'Caprice', 'Elvira', 'Damita', 'Katerine', 'Mab', 'Hestia', 'Deane', 'Carmen', 'Glenn', 'Arlinda', 'Phoebe', 'Ema', 'Ediva']
['Gelya', 'Bethena', 'Blanca', 'Evie', 'Nathalia', 'Dorise', 'Charissa', 'Raquel', 'Kamila', 'Mandi', 'Dania', 'Rici', 'Margette', 'Gianna', 'Brittany', 'Malissa', 'Alethea', 'Analise', 'Cyb', 'Maighdiln']
