['210', '462', '718', '712', '783', '411', '269', '662', '934', '300', '157', '467', '559', '263', '256', '384', '159', '975']
['969', '294', '50', '890', '553', '846', '372', '63', '760', '967', '581', '580', '469', '231', '674', '684', '978', '879']
['488', '915', '355', '465', '67', '282', '550', '167', '804', '474', '745', '281', '313', '916', '132', '872', '561', '21']
['721', '617', '418', '323', '279', '601', '608', '165', '870', '122', '48', '129', '75', '711', '903', '881', '107', '308']
['184', '707', '700', '33', '675', '849', '8', '626', '585', '959', '178', '829', '12', '667', '429', '527', '715', '535']
['442', '973', '682', '113', '995', '280', '720', '112', '368', '548', '16', '847', '27', '415', '681', '144', '432', '777']
['977', '602', '773', '537', '366', '734', '79', '139', '28', '108', '816', '636', '169', '428', '542', '439', '206', '158']
['742', '362', '252', '6', '77', '591', '504', '47', '630', '453', '352', '560', '440', '685', '23', '479', '409', '118']
['329', '153', '44', '724', '533', '728', '62', '573', '670', '20', '673', '232', '791', '130', '577', '805', '241', '569']
['750', '456', '270', '999', '119', '875', '299', '391', '9', '627', '733', '72', '327', '309', '162', '680', '830', '111']
['264', '767', '541', '78', '787', '523', '196', '796', '399', '381', '762', '739', '199', '198', '891', '726', '976', '400']
['376', '331', '179', '375', '214', '310', '666', '557', '224', '693', '587', '517', '880', '964', '979', '740', '678', '987']
['182', '389', '318', '737', '637', '127', '312', '765', '660', '824', '838', '939', '658', '141', '613', '277', '640', '985']
['555', '84', '436', '292', '345', '246', '155', '213', '686', '631', '85', '90', '741', '38', '255', '25', '289', '298']
['597', '380', '446', '936', '905', '491', '172', '556', '864', '390', '499', '220', '239', '589', '625', '5', '356', '156']
['104', '475', '204', '604', '853', '723', '860', '574', '952', '747', '841', '286', '443', '755', '663', '423', '878', '283']
['931', '988', '36', '951', '444', '253', '503', '699', '245', '817', '649', '435', '361', '731', '328', '531', '919', '730']
['496', '757', '991', '807', '227', '135', '980', '603', '672', '115', '205', '927', '333', '193', '643', '335', '395', '876']
['748', '412', '648', '147', '818', '820', '696', '7', '722', '792', '552', '871', '484', '459', '346', '410', '15', '123']
['370', '917', '845', '495', '468', '485', '120', '262', '363', '579', '247', '888', '598', '518', '218', '89', '764', '161']
['203', '689', '771', '940', '134', '619', '784', '68', '386', '353', '103', '357', '449', '152', '933', '652', '498', '30']
['148', '982', '529', '956', '0', '754', '957', '124', '835', '188', '610', '717', '284', '438', '607', '344', '170', '202']
['146', '379', '703', '965', '175', '461', '360', '932', '768', '377', '701', '590', '551', '131', '813', '532', '424', '371']
['855', '114', '778', '94', '779', '842', '24', '145', '425', '704', '828', '13', '958', '738', '812', '981', '913', '216']
['445', '929', '476', '624', '516', '321', '789', '844', '222', '421', '403', '902', '882', '661', '522', '746', '350', '287']
['422', '359', '472', '358', '534', '665', '944', '209', '212', '473', '4', '698', '801', '17', '101', '74', '669', '373']
['340', '325', '221', '786', '885', '406', '918', '326', '42', '137', '854', '605', '650', '433', '884', '992', '563', '217']
['851', '348', '852', '138', '942', '405', '482', '125', '797', '408', '66', '800', '984', '644', '514', '858', '171', '116']
['694', '769', '10', '426', '65', '877', '324', '257', '834', '960', '911', '189', '953', '819', '961', '719', '664', '385']
['168', '192', '211', '655', '187', '843', '922', '186', '164', '314', '692', '501', '776', '646', '868', '794', '753', '288']
['647', '3', '383', '29', '497', '594', '233', '58', '388', '788', '679', '81', '659', '565', '2', '276', '950', '772']
['490', '26', '86', '320', '83', '938', '265', '197', '234', '606', '727', '947', '254', '177', '549', '825', '798', '676']
['732', '564', '910', '705', '290', '912', '815', '955', '243', '397', '806', '588', '303', '774', '336', '790', '235', '185']
['766', '713', '908', '150', '513', '223', '883', '416', '1', '41', '367', '543', '88', '229', '898', '566', '862', '470']
['250', '31', '612', '57', '763', '486', '251', '398', '651', '500', '149', '477', '743', '928', '430', '578', '736', '102']
['502', '307', '492', '945', '811', '599', '744', '986', '76', '53', '809', '69', '584', '347', '374', '558', '795', '889']
['971', '859', '128', '654', '622', '60', '962', '526', '751', '657', '82', '401', '480', '332', '512', '635', '51', '892']
['258', '926', '946', '200', '163', '645', '238', '140', '447', '99', '39', '653', '935', '176', '899', '968', '330']
['840', '989', '49', '894', '349', '856', '897', '266', '195', '832', '278', '249', '117', '538', '441', '930', '273', '583']
['848', '937', '761', '71', '616', '714', '91', '901', '208', '143', '507', '478', '240', '315', '895', '677', '451', '455']
['925', '121', '55', '293', '317', '716', '941', '668', '620', '949', '963', '434', '319', '571']
['547', '702', '519', '304', '291', '354', '775', '996', '274', '201', '437', '781', '506', '342', '316', '822', '749', '785']
['799', '914', '896', '458', '396', '546', '709']
['570', '160', '554', '61', '611', '505', '392', '414', '268', '725', '40', '228', '576', '43', '106', '105', '708', '126']
['609', '427', '93', '998', '267', '56', '466', '37', '80', '521', '511', '173', '97', '752', '297', '142', '943', '96']
['463', '413', '572', '109', '758', '671', '219', '568', '237', '296', '306', '92', '827', '483', '301', '207', '515', '966']
['865', '334', '833', '861', '285', '450', '382', '136', '448', '190']
['34', '295', '688', '460', '339', '544', '614', '972', '520', '95', '621']
['14', '983', '181', '756', '618', '948', '770', '481', '378', '508', '11']
['814', '638', '64', '632', '803', '893', '837', '582', '35', '924', '248', '970', '600', '873', '810', '575', '510', '494']
['154', '886', '802', '343', '656', '525', '260', '420', '244', '341', '369', '706']
['70', '780', '351', '831', '836', '921', '839', '997', '586']
['994', '540', '729', '629', '923', '365', '87', '869', '907', '183', '536', '615', '596', '904', '225', '32']
['407', '402', '419', '194', '174', '45', '874', '867']
['215', '974', '311', '191', '59', '52']
['259', '454', '641', '906']
['567', '857', '623', '633', '539', '530', '275', '826']
['151', '808']
['697', '464', '457', '823', '133']
['387', '954', '545', '528']
['690', '628', '431']
['489', '793', '863', '166', '993', '695', '226']
['110', '54', '261']
['524', '337', '595']
['866']
['639', '562', '305']
['100']
['920']
['850', '271']
['22', '487']
['909']
['230', '687']
['452']
['759', '634']
['338']
['404']
['19', '710']
['73']
['735', '493']
['364']
['782']
['302']
['900', '272']
['18', '887']
['509']
['593']
['98', '691', '236']
['990']
['322']
['642']
['180']
['471']
['242', '821']
['417']
['394']
['592']
['46', '683']
['393']
