['647', '270', '439', '135', '980', '22', '986', '620', '474', '248', '955', '2', '89', '919', '235']
['564', '962', '94', '951', '164', '718', '631', '85', '644', '511', '646', '130', '669', '283', '31']
['602', '999', '852', '773', '391', '671', '268', '201', '847', '924', '650', '815', '205', '46', '298']
['570', '541', '524', '375', '3', '114', '168', '922', '877', '167', '144', '289', '11']
['555', '567', '617', '912', '186', '947', '367', '435', '800', '88', '740', '448', '755', '705', '35']
['780', '845', '700', '737', '804', '220', '984', '327', '634', '336', '839', '809', '5', '785']
['886', '540', '214', '611', '386', '388', '796', '649', '854', '687', '12', '193', '935', '141', '534']
['36', '988', '973', '234', '279', '115', '245', '81', '453', '899', '590', '157', '244', '378', '30']
['604', '304', '655', '491', '450', '393', '82', '948', '97', '159', '569', '32']
['599', '996', '993', '658', '891', '970', '123', '350', '878', '867', '54', '385']
['707', '297', '266', '124', '783', '466', '944', '953', '907', '911', '903', '17', '428', '476', '374']
['162', '18', '612', '793', '734', '932', '754', '219', '523', '883', '224', '615', '170', '373', '217']
['917', '227', '150', '601', '549', '291', '312', '47', '745', '449', '477', '71', '287', '709', '861']
['840', '682', '623', '843', '125', '995', '842', '421', '228', '484', '176', '53', '510', '782']
['496', '146', '622', '200', '126', '735', '87', '901', '464', '551', '828', '823', '752', '704', '231']
['483', '913', '714', '603', '660', '589', '498', '949', '512', '198', '173', '441', '527', '515', '369']
['713', '733', '516', '163', '857', '213', '871', '401', '542', '636', '791', '356', '674', '281', '478']
['43', '875', '389', '594', '553', '789', '722', '274', '251', '398', '300', '341', '423', '690', '206']
['748', '977', '683', '0', '802', '495', '844', '941', '775', '521', '560', '335', '384', '812', '684']
['121', '915', '657', '60', '366', '267', '209', '902', '641', '841', '13', '440', '505', '777', '580']
['489', '982', '859', '142', '93', '337', '539', '265', '863', '731', '473', '596', '342', '38', '107']
['619', '994', '413', '10', '513', '550', '372', '500', '313', '493', '635', '762', '959', '243', '73']
['547', '418', '627', '318', '42', '208', '399', '741', '254', '506', '531', '347', '545', '118', '185']
['753', '402', '294', '942', '763', '698', '613', '420', '868', '987']
['253', '7', '728', '363', '811', '1', '269', '967', '888', '662', '357', '424', '726', '830', '285']
['134', '362', '155', '172', '62', '870', '887', '117', '151', '75', '639', '954', '225', '981', '116']
['203', '348', '694', '250', '492', '86', '465', '72', '517', '536', '827', '218', '358', '26', '216']
['689', '648', '488', '383', '820', '252', '282', '65', '438', '286', '708', '277', '678', '727', '593']
['364', '444', '629', '67', '408', '339', '133', '950', '701', '598', '332', '199', '801', '430', '302']
['787', '128', '246', '324', '333', '4', '239', '543', '574', '429', '395', '960', '586', '879', '889']
['264', '454', '412', '307', '292', '215', '637', '834', '725', '673', '232', '349', '106', '308']
['925', '786', '100', '322', '314', '233', '797', '411', '719', '909', '711', '558', '371', '74', '535']
['376', '380', '761', '723', '835', '230', '416', '591', '181', '693', '595', '143', '605', '578', '855']
['258', '34', '321', '666', '8', '91', '191', '368', '108', '885', '529', '772']
['971', '104', '184', '359', '468', '568', '976', '183', '837', '112', '247', '618', '27', '522', '299']
['370', '969', '419', '965', '472', '120', '864', '964', '819', '434', '256', '95', '680', '455', '343']
['609', '721', '833', '914', '180', '338', '29', '818', '259', '352', '459', '600', '276', '575']
['490', '908', '497', '503', '916', '626', '672', '145', '486', '548', '559', '874', '738', '876', '508']
['968', '866', '77', '918', '923', '509', '63', '628', '858', '275', '806', '432', '906', '15', '158']
['422', '221', '865', '936', '223', '974', '670', '776', '263', '404', '415', '898', '749', '795', '330']
['989', '702', '624', '716', '197', '808', '48', '90', '824', '576', '271', '746', '822', '566', '96']
['929', '84', '64', '175', '853', '890', '61', '869', '196', '817', '747', '679', '229', '273', '966']
['584', '807', '557', '66', '792', '222', '744', '103', '585', '759', '610', '813', '479', '715', '892']
['427', '192', '311', '136', '838', '437', '76', '361', '880', '431', '873', '260', '238', '470']
['675', '462', '938', '58', '934', '573', '836', '788', '21', '630', '826', '202', '742', '583', '499']
['799', '379', '463', '691', '204', '897', '849', '354', '306', '963', '207']
['851', '956', '774', '355', '533', '461', '712', '832', '579', '39', '487', '410', '862', '928', '392']
['526', '475', '242', '729', '320', '360', '905', '33', '137', '525', '952', '396', '51', '346']
['814', '991', '261', '44', '724', '758', '165', '79', '831', '882', '518', '972', '315', '790', '736']
['70', '778', '998', '961', '377', '257', '607', '656', '668', '943', '805', '161', '400']
['445', '179', '766', '301', '784', '119', '365', '28', '122', '552', '692', '152', '884', '409', '848']
['767', '210', '194', '528', '653', '16', '467', '821', '169', '643', '676', '825']
['113', '442', '345', '632', '592', '957', '317', '56', '326', '140', '900', '45', '681', '52', '156']
['771', '940', '856', '310', '696', '482', '414', '132', '303', '677', '983']
['14', '329', '323', '187', '554', '990', '645', '850', '109', '530', '743', '92', '945', '309', '105']
['49', '57', '572', '83', '896', '212', '504', '699', '305', '280', '458', '565', '810', '794', '494']
['688', '174', '68', '751', '394', '403', '720', '760', '507', '667', '546', '930', '236', '985', '241']
['597', '703', '931', '537', '353', '328', '768', '99', '717', '417', '149', '387', '642', '481', '706']
['148', '325', '881', '147', '237', '769', '102', '249', '480', '770', '460', '640', '664', '697', '621']
['182', '562', '958', '803', '131', '262', '37', '614', '344', '663', '563', '872', '101', '19', '111']
['502', '351', '456', '937', '295', '406', '501', '927', '781', '178', '651', '904', '520', '532', '195']
['293', '211', '127', '41', '756', '284', '425', '829', '739', '661', '272', '240', '798', '290', '382']
['750', '9', '426', '556', '278', '390', '139', '581', '381', '40', '659', '992', '975', '978', '730']
['340', '926', '710', '587', '20', '23', '571']
['757', '638', '160', '78', '946', '894', '59', '893', '606', '765', '471', '177', '933', '561', '255']
['436', '939', '652', '514', '443', '69', '316', '6']
['110', '50', '633', '846', '779', '616', '24', '544', '860', '816', '80', '588', '469', '920', '997']
['732', '154', '153', '519', '654', '138', '188', '190', '582', '895', '397', '538', '577', '226', '288']
['407', '910', '457', '55', '608', '686', '189', '296', '129', '979', '695', '433', '98', '764', '451']
['331', '446', '334', '405', '485', '665', '447', '166', '452', '921', '171', '625', '685', '319', '25']
