['Mecren0', 'Amos3', 'Zaccaria3', 'Sue4', 'Celeste2', 'Furio7', 'Emidio3', 'Demis6', 'Giuliano2', 'Danthon6', 'Egisto6', 'Pablo7', 'Pietro2', 'Gianriccardo7', 'Giancarlo9', 'Gianmarco9', 'Miriana6', 'Alberto8', 'Quirino2', 'Nabil1', 'Giuliano7', 'Oretta8', 'Shaira6', 'Giacinta5', 'Rosita1']
['Arturo8', 'Jarno3', 'Claudia4', 'Tristano7', 'Mecren5', 'Piererminio9', 'Kris1', 'Amedeo8', 'Sebastian3', 'Michele5', 'Audenico1', 'Artemide0', 'Matteo7', 'Erminio2', 'Eustachio5', 'Davis2', 'Isabel5', 'Marco6', 'Aroldo1', 'Lia8', 'Helga9', 'Ivonne0', 'Manfredi2', 'Giordano1', 'Carlo0']
['Caligola8', 'Marino2', 'Max3', 'Demian6', 'Tazio2', 'Arturo2', 'Giovanna8', 'Quasimodo5', 'Miriana8', 'Matilde1', 'Samira0', 'Carmela0', 'Pierfrancesco8', 'Lucrezia2', 'Nabil5', 'Davide3', 'Tosca6', 'Tosca4', 'Pietro1', 'Clodovea9', 'Artes0', 'Giobbe4', 'Pacifico2', 'Assia6', 'Miriana4']
['Selvaggia5', 'Siro7', 'Fiorenzo4', 'Edipo6', 'Silverio2', 'Nestore5', 'Modesto6', 'Loris3', 'Samira3', 'Kai1', 'Rudy3', 'Cleopatra7', 'Ruth9', 'Odino9', 'Audenico7', 'Danny5', 'Samira2', 'Nick8', 'Gavino8', 'Teseo0', 'Mirco8', 'Eusebio8', 'Eusebio5', 'Fabio1', 'Sandro1']
['Fatima3', 'Mecren2', 'Erminio6', 'Erminio9', 'Ingrid4', 'Renato0', 'Sesto4', 'Mauro1', 'Noel5', 'Odone7', 'Jole7', 'Joseph6', 'Tolomeo0', 'Quarto6', 'Jarno1', 'Nicoletta7', 'Romolo5', 'Leone4', 'Concetta7', 'Sesto0', 'Lamberto0', 'Iacopo1', 'Rudy1', 'Maristella0', 'Dindo9']
['Ettore9', 'Radames6', 'Nabil0', 'Dante8', 'Damiana7', 'Maggiore1', 'Silverio7', 'Piersilvio6', 'Tommaso5', 'Sebastian1', 'Cira2', 'Modesto2', 'Vera4', 'Secondo6', 'Joseph9', 'Isabel0', 'Rebecca5', 'Gianleonardo3', 'Danny6', 'Furio2', 'Raoul0', 'Dimitri0', 'Genziana8', 'Graziano4', 'Rocco0']
['Ulrico8', 'Guido8', 'Demis5', 'Tancredi0', 'Sandro4', 'Sabatino0', 'Soriana4', 'Nayade8', 'Lucia7', 'Secondo0', 'Marvin7', 'Serse7', 'Alighieri6', 'Audenico4', 'Flaviana9', 'Gerlando4', 'Grazia6', 'Furio6', 'Nestore4', 'Pericle1', 'Ruth0', 'Alan5', 'Tolomeo5', 'Valdo5', 'Iacopo0']
['Artes9', 'Nabil9', 'Giacobbe5', 'Nazzareno8', 'Pericle4', 'Concetta1', 'Antimo2', 'Emilia4', 'Matilde9', 'Edilio3', 'Mercedes2', 'Lino8', 'Pacifico5', 'Artemide4', 'Pierfrancesco4', 'Lauro0', 'Gabriele3', 'Lauro6', 'Alighieri1', 'Vitalba8', 'Moreno5', 'Ausonio5', 'Mariano0', 'Bortolo9', 'Ninfa1']
['Isira0', 'Ivano2', 'Maika5', 'Ivonne9', 'Noel1', 'Helga1', 'Kris0', 'Fiorentino5', 'Benedetta3', 'Joseph8', 'Bortolo3', 'Tommaso8', 'Mietta7', 'Ian2', 'Loredana6', 'Leonardo5', 'Shaira8', 'Serse5', 'Trevis7', 'Adriano0', 'Thea6', 'Alighieri9', 'Giulietta8', 'Enrica3', 'Olo3']
['Jacopo8', 'Max4', 'Primo1', 'Antonio4', 'Noel7', 'Rosalino1', 'Maruska9', 'Ercole1', 'Tristano8', 'Oretta7', 'Fiorenzo5', 'Furio9', 'Dylan0', 'Ivano9', 'Loris9', 'Nestore7', 'Odino2', 'Dylan1', 'Muzio1', 'Nico6', 'Battista6', 'Luna3', 'Damiana0', 'Abramo8', 'Adriano2']
['Shaira5', 'Gioacchino1', 'Piererminio7', 'Marcella1', 'Benedetta5', 'Fatima0', 'Patrizio9', 'Moreno8', 'Flaviana4', 'Fatima7', 'Evita0', 'Loredana4', 'Monia0', 'Irene6', 'Quarto0', 'Fiorentino9', 'Sibilla4', 'Elsa0', 'Mirco7', 'Sue8', 'Doriana8', 'Rosalino5', 'Maria4', 'Hector7', 'Ethan2']
['Rita2', 'Giancarlo8', 'Neri6', 'Fortunata8', 'Ariel6', 'Jelena6', 'Arduino0', 'Laerte8', 'Mauro8', 'Bacchisio2', 'Alighiero4', 'Ariel1', 'Mariagiulia3', 'Elda9', 'Karim7', 'Morgana9', 'Ethan4', 'Azue2', 'Maruska1', 'Modesto1', 'Giovanna5', 'Renzo0', 'Gianantonio7', 'Eriberto8', 'Demis2']
['Vienna6', 'Demian8', 'Tazio4', 'Santo5', 'Germano3', 'Gregorio6', 'Cira9', 'Ingrid9', 'Gelsomina5', 'Piccarda1', 'Ian3', 'Mietta2', 'Harry9', 'Lazzaro4', 'Nunzia4', 'Nabil4', 'Ariel9', 'Ortensia0', 'Nicoletta5', 'Oreste8', 'Neri1', 'Lucrezia7', 'Gianriccardo0', 'Ubaldo8', 'Eufemia2']
['Demi6', 'Monia9', 'Karim3', 'Edipo9', 'Lucrezia8', 'Boris8', 'Demis0', 'Valdo2', 'Eriberto4', 'Rosolino8', 'Augusto2', 'Ciro9', 'Aaron1', 'Oretta6', 'Assia7', 'Fernando7', 'Lidia7', 'Giacinta1', 'Fortunata3', 'Eufemia7', 'Oretta9', 'Elsa1', 'Marino1', 'Maria6', 'Nathan4']
['Clea7', 'Marcella4', 'Germano9', 'Mercedes3', 'Edvige2', 'Liborio6', 'Bibiana4', 'Costantino5', 'Brigitta5', 'Cira3', 'Erminia7', 'Marvin6', 'Laerte3', 'Loredana3', 'Antonino9', 'Rufo2', 'Assia9', 'Isabel9', 'Tolomeo2', 'Pablo1', 'Romolo7', 'Egisto2', 'Albino9', 'Naomi7', 'Mauro4']
['Giovanna7', 'Anselmo0', 'Orfeo5', 'Antimo8', 'Osvaldo1', 'Amos1', 'Clodovea6', 'Assia4', 'Marvin4', 'Siro9', 'Karim4', 'Santo9', 'Joshua1', 'Sasha9', 'Elio6', 'Raniero1', 'Ludovico8', 'Demis9', 'Violante9', 'Alighiero8', 'Gianleonardo2', 'Quasimodo1', 'Pacifico1', 'Filomena3', 'Bettino5']
['Azue3', 'Zelida1', 'Costantino2', 'Vitalba5', 'Guendalina8', 'Rocco5', 'Laura4', 'Timoteo7', 'Terzo6', 'Gianmaria3', 'Ermes0', 'Tommaso4', 'Osea0', 'Demian2', 'Liborio7', 'Olimpia4', 'Emidio4', 'Jack4', 'Genziana0', 'Rebecca2', 'Fabiano7', 'Lazzaro5', 'Ciro1', 'Gelsomina3', 'Tazio1']
['Thea2', 'Clodovea1', 'Ursula5', 'Rudy6', 'Alighiero1', 'Alan3', 'Tazio0', 'Kociss8', 'Trevis3', 'Kayla9', 'Anastasio3', 'Loris8', 'Harry2', 'Matteo5', 'Omar3', 'Mercedes7', 'Silvano1', 'Raoul2', 'Vera8', 'Vinicio4', 'Lucrezia0', 'Morgana0', 'Marina7', 'Osvaldo3', 'Nico7']
['Loris7', 'Ursula8', 'Joshua5', 'Vitalba2', 'Rosolino5', 'Yago0', 'Amos5', 'Folco7', 'Mercedes1', 'Romeo2', 'Carmelo4', 'Bettino0', 'Bortolo0', 'Mariapia4', 'Fiorenzo7', 'Manuele3', 'Max2', 'Concetta9', 'Rosaria1', 'Noel3', 'Laerte6', 'Marianita1', 'Diana0', 'Gastone3', 'Giacobbe9']
['Edilio0', 'Quarto8', 'Giobbe2', 'Ermes4', 'Giorgio5', 'Caligola2', 'Flaviana3', 'Arcibaldo1', 'Gaetano3', 'Eusebio0', 'Bacchisio1', 'Sue7', 'Gaetano7', 'Karim1', 'Manuele4', 'Fiorentino2', 'Gastone1', 'Isira1', 'Rocco2', 'Gavino6', 'Lamberto5', 'Sabatino6', 'Maika6', 'Neri3', 'Mecren6']
['Jack2', 'Dimitri1', 'Sarita6', 'Eliziario7', 'Lucrezia5', 'Ciro5', 'Alessandro8', 'Rufo5', 'Lauro9', 'Violante2', 'Benedetta8', 'Rosalino0', 'Gioacchino8', 'Ettore7', 'Alan9', 'Bernardo3', 'Ivonne8', 'Tancredi2', 'Bernardo7', 'Evita5', 'Michael0', 'Secondo3', 'Ruth8', 'Demian5', 'Giobbe0']
['Giorgio1', 'Bernardo2', 'Giorgio2', 'Rudy7', 'Rosolino3', 'Yago5', 'Olo0', 'Donatella8', 'Lino7', 'Patrizio2', 'Sirio7', 'Violante4', 'Luna2', 'Ivonne4', 'Cristyn4', 'Ingrid7', 'Ubaldo0', 'Costanzo0', 'Penelope5', 'Cassiopea3', 'Arturo3', 'Enzo8', 'Osvaldo2', 'Giordano7', 'Lazzaro0']
['Giorgio0', 'Monia1', 'Samira9', 'Matteo9', 'Thea7', 'Priamo6', 'Gianmarco4', 'Augusto3', 'Vania2', 'Abramo3', 'Genziana2', 'Amedeo3', 'Kayla5', 'Fatima1', 'Evita2', 'Diamante2', 'Leonardo9', 'Ileana9', 'Isira8', 'Guido6', 'Aroldo6', 'Radio2', 'Bibiana7', 'Nadir3', 'Erminio5']
['Grazia0', 'Terzo2', 'Tancredi3', 'Terzo0', 'Primo3', 'Samira7', 'Damiano3', 'Jelena4', 'Bacchisio5', 'Pericle7', 'Piersilvio4', 'Ione8', 'Moreno0', 'Giulietta0', 'Ippolito5', 'Giacinto4', 'Irene7', 'Akira0', 'Davide7', 'Jacopo7', 'Giulio9', 'Nico9', 'Harry3', 'Cirino7', 'Irene4']
['Piccarda2', 'Fiorentino1', 'Secondo7', 'Sabatino2', 'Sesto2', 'Mauro2', 'Raniero4', 'Ausonio9', 'Caio5', 'Leonardo6', 'Kristel0', 'Ulrico1', 'Piccarda4', 'Joey0', 'Doriana1', 'Giorgio7', 'Enrica1', 'Genziana5', 'Nadir2', 'Benedetta7', 'Thea1', 'Violante3', 'Noemi1', 'Piererminio4', 'Romeo6']
['Jari8', 'Silvano0', 'Dimitri8', 'Bettino4', 'Isira7', 'Lamberto7', 'Ileana0', 'Luna8', 'Lia3', 'Piererminio3', 'Odino5', 'Quasimodo7', 'Olo4', 'Eusebio3', 'Edipo8', 'Nestore2', 'Rosolino9', 'Jelena8', 'Bortolo7', 'Harry0', 'Giordano0', 'Timothy1', 'Guido5', 'Cleros2', 'Jacopo6']
['Sandro7', 'Ethan0', 'Tommaso9', 'Davis0', 'Loretta3', 'Fiorentino0', 'Costanzo6', 'Brigitta1', 'Gaetano9', 'Giulietta7', 'Mirco0', 'Moreno2', 'Donatella4', 'Zaccaria7', 'Folco4', 'Manuele6', 'Teseo4', 'Cassiopea7', 'Eufemia8', 'Kristel7', 'Hector1', 'Pericle9', 'Vinicio6', 'Ubaldo1', 'Luigi4']
['Marino4', 'Marianita6', 'Flaviana2', 'Giacobbe1', 'Osvaldo0', 'Vinicio0', 'Joshua3', 'Arcibaldo7', 'Noemi3', 'Liborio8', 'Priamo9', 'Ausonio7', 'Graziano0', 'Joey2', 'Graziano2', 'Quasimodo3', 'Alighiero7', 'Odone4', 'Filomena8', 'Olo1', 'Dylan2', 'Silverio3', 'Diana4', 'Celeste3', 'Teseo5']
['Rita9', 'Sabatino8', 'Giovanna3', 'Carlo6', 'Evangelista5', 'Radames1', 'Isabel4', 'Matteo8', 'Lino1', 'Sarita5', 'Lino5', 'Luce6', 'Alighiero5', 'Joshua8', 'Omar0', 'Odino6', 'Diana7', 'Samuel0', 'Noah8', 'Genziana1', 'Sue0', 'Matteo1', 'Antonino2', 'Sabino1', 'Kris9']
['Vitalba9', 'Boris2', 'Lisa8', 'Brigitta0', 'Oreste7', 'Kai8', 'Lorenzo8', 'Eustachio6', 'Priamo5', 'Marco7', 'Priamo2', 'Damiano9', 'Ubaldo2', 'Quasimodo8', 'Jelena2', 'Doriana5', 'Egidio1', 'Bortolo1', 'Mecren7', 'Mirko2', 'Rocco6', 'Graziano9', 'Emilia2', 'Loredana8', 'Costantino4']
['Amos9', 'Carmelo7', 'Elga8', 'Fulvio0', 'Rosita8', 'Rosolino4', 'Lauro1', 'Fulvio7', 'Danny9', 'Osvaldo7', 'Tancredi4', 'Lisa1', 'Mirko4', 'Elio1', 'Tristano1', 'Piererminio5', 'Anastasio9', 'Filomena9', 'Olimpia0', 'Noemi8', 'Battista4', 'Costanzo5', 'Pablo6', 'Umberto1', 'Ciro8']
['Danthon1', 'Ivonne3', 'Ruth2', 'Rodolfo6', 'Emilia5', 'Giacinta7', 'Lia1', 'Cleopatra6', 'Patrizio6', 'Marieva0', 'Nestore9', 'Lino9', 'Gaetano1', 'Renzo5', 'Enzo3', 'Isabel8', 'Filomena1', 'Olimpia1', 'Eliziario8', 'Laura6', 'Samira5', 'Adriano4', 'Antimo3', 'Terzo3', 'Costanzo4']
['Gianriccardo1', 'Arduino7', 'Lauro5', 'Ivano4', 'Nunzia9', 'Carmelo9', 'Osvaldo6', 'Nico3', 'Danthon7', 'Flavio2', 'Umberto2', 'Ferdinando2', 'Gastone7', 'Lia7', 'Mercedes0', 'Noah0', 'Walter8', 'Aaron7', 'Alighieri2', 'Isabel6', 'Ferdinando0', 'Jole2', 'Luigi7', 'Maika0', 'Ercole2']
['Sabino4', 'Cristyn3', 'Walter4', 'Furio1', 'Danuta9', 'Romolo3', 'Antonio8', 'Marieva2', 'Sandro0', 'Manfredi4', 'Tristano4', 'Rosolino1', 'Olimpia9', 'Isira2', 'Tosca3', 'Folco6', 'Claudia2', 'Liborio5', 'Ivano1', 'Jelena3', 'Gabriele7', 'Joannes8', 'Primo4', 'Mirko8', 'Ortensia4']
['Kris8', 'Lia4', 'Timoteo3', 'Romeo3', 'Aroldo0', 'Nadir0', 'Umberto8', 'Cleopatra4', 'Marianita0', 'Sebastian6', 'Cristyn0', 'Laura3', 'Carmela7', 'Timoteo1', 'Nazzareno0', 'Fiorenzo9', 'Romeo4', 'Lidia0', 'Ubaldo6', 'Vania3', 'Bortolo8', 'Rosalino8', 'Joannes6', 'Jelena7', 'Shaira0']
['Ileana8', 'Maristella5', 'Violante6', 'Mariagiulia5', 'Michele1', 'Carmela2', 'Cleros0', 'Maristella6', 'Demi2', 'Demi9', 'Augusto0', 'Ivonne6', 'Ermes5', 'Clea5', 'Arturo1', 'Rosita4', 'Giacinta8', 'Olo2', 'Primo2', 'Lorenzo4', 'Mirko1', 'Fernando5', 'Penelope3', 'Joey7', 'Cecco8']
['Patrizio1', 'Fulvio6', 'Romeo0', 'Nunzia0', 'Samuel4', 'Sibilla1', 'Gianmaria5', 'Diamante4', 'Kris3', 'Irene2', 'Rosaria5', 'Cesidia4', 'Gregorio8', 'Antonino4', 'Noel6', 'Olo8', 'Doriana2', 'Antonio3', 'Emilia6', 'Sibilla3', 'Arduino8', 'Mariapia6', 'Sue3', 'Muzio8', 'Danuta6']
['Noel9', 'Abramo9', 'Lorenzo3', 'Luce3', 'Cassiopea5', 'Kai2', 'Alessio4', 'Ludovico2', 'Albino6', 'Lisa3', 'Marino0', 'Teseo2', 'Mattia6', 'Maria7', 'Cassiopea6', 'Rufo9', 'Elda6', 'Trevis2', 'Fiorenzo8', 'Renzo6', 'Artemide8', 'Danny7', 'Baldassarre7', 'Giordano8', 'Michael6']
['Gianleonardo8', 'Kris5', 'Guido3', 'Mauro5', 'Umberto7', 'Noemi5', 'Marvin8', 'Enrica2', 'Naomi6', 'Costantino1', 'Kayla1', 'Fulvio8', 'Eriberto3', 'Lisa0', 'Rebecca6', 'Egidio7', 'Ileana6', 'Rosalino7', 'Ippolito6', 'Edvige7', 'Trevis0', 'Carlo5', 'Harry5', 'Noemi4', 'Diamante8']
['Arduino9', 'Liborio0', 'Audenico5', 'Gregorio0', 'Akira8', 'Jarno9', 'Ettore3', 'Albino4', 'Tristano5', 'Domiziano6', 'Aroldo5', 'Gerlando6', 'Ettore5', 'Aroldo3', 'Abramo6', 'Rosalba5', 'Giuliano5', 'Caio4', 'Giacinto1', 'Tazio5', 'Damiana5', 'Marzio5', 'Gioacchino3', 'Abramo4', 'Olimpia7']
