['179', '553', '665', '353', '607', '12', '644', '13', '244', '578', '299']
['402', '773', '537', '211', '215', '671', '491', '79', '164', '466', '411', '579', '296', '759', '178', '634', '650', '653', '434', '483']
['702', '210', '267', '693', '87', '557', '509', '722', '714', '596', '613', '199', '218', '746', '681', '52', '235', '288']
['242', '293', '682', '534', '103', '747', '518', '511', '170', '782']
['527', '446', '376', '128', '364', '147', '314', '61', '96', '129', '425', '344', '469', '225', '71', '309', '298', '400']
['84', '648', '786', '389', '60', '282', '330', '752', '8', '408', '143', '598', '659', '643', '255', '316', '795', '156']
['490', '697', '175', '195', '339', '768', '551', '80', '776', '440', '271', '248', '159', '586', '494', '111']
['750', '348', '351', '68', '197', '725', '81', '420', '283', '241', '583']
['3', '457', '657', '49', '126', '645', '155', '249', '117', '230', '269', '605', '514', '580']
['200', '623', '761', '406', '632', '372', '82', '728', '328', '333', '589', '171', '38', '161', '415', '207', '680', '6']
['609', '345', '237', '138', '594', '382', '503', '556', '792', '106', '743', '404', '23', '346', '719', '439', '772', '455']
['647', '334', '488', '533', '539', '631', '4', '670', '97', '507', '300', '529', '708']
['252', '601', '552', '319', '107', '555', '262', '224', '628', '384', '793', '359', '572', '285', '547', '771', '564', '187', '620', '53', '433', '343']
['325', '519', '10', '186', '416', '212', '658', '560', '460', '95', '569']
['526', '18', '150', '233', '737', '716', '712', '181', '274', '251', '72', '145', '473', '47', '614', '141', '256', '17', '738', '432', '777']
['597', '689', '463', '121', '360', '219', '183', '62', '599', '257', '582', '361', '332', '625', '505', '273', '226', '664', '563', '54']
['744', '76', '352', '431', '238', '508', '721', '109', '421', '131', '358', '105', '436', '633', '461', '783', '341', '676', '42', '573', '720', '640', '709']
['454', '638', '365', '222', '63', '662', '373', '173', '588', '727', '369', '116']
['380', '94', '279', '342', '205', '142', '102', '148', '163', '366', '550', '396', '277', '217', '591', '58', '438', '272', '5', '476', '385', '113', '165', '85', '500', '506']
['799', '780', '250', '335', '9', '350', '796', '208', '717', '157', '673', '169', '663', '2', '646', '301', '487', '240']
['11', '422', '292', '227', '77', '718', '125', '388', '501', '600', '736', '706']
['757', '337', '624', '134', '784', '637', '317', '22', '797', '649', '259', '108', '641', '484', '584', '89', '481', '785']
['412', '340', '391', '616', '603', '363', '386', '745', '268', '660', '558', '59', '423', '753']
['64', '593', '751', '1', '368', '336', '232', '791', '275', '349', '542', '535']
['612', '100', '192', '55', '769', '472', '710', '465', '304', '140', '377', '357', '399', '263', '387', '43']
['748', '541', '34', '707', '297', '492', '114', '468', '66', '504', '280', '75', '398', '286', '236', '705', '430', '190']
['331', '110', '194', '338', '7', '426', '568', '122', '90', '247', '417', '635', '397', '441', '69', '429', '538', '347', '25', '308']
['602', '318', '608', '675', '223', '485', '403', '517', '587', '452', '749', '198', '565', '51', '690', '549', '19']
['370', '732', '703', '629', '172', '789', '447', '585', '512', '46', '31']
['104', '475', '50', '787', '713', '610', '191', '220', '40', '276', '764', '144', '669', '742', '790']
['329', '323', '655', '320', '246', '216', '464', '137', '458', '695', '685', '395', '378', '575', '30']
['379', '497', '127', '354', '284', '651', '618', '92', '243', '202', '479']
['14', '44', '724', '627', '234', '763', '291', '139', '278', '595', '166', '367', '711', '762', '740', '726', '410', '470']
['160', '266', '321', '265', '482', '626', '523', '756', '788', '37', '437', '176', '287', '515', '123']
['307', '394', '393', '326', '414', '800', '45', '193', '770', '101', '566', '374', '21']
['496', '767', '221', '654', '413', '513', '83', '611', '480', '448', '545']
['418', '656', '65', '213', '174', '115', '798', '531', '559', '576', '522', '98', '281', '532', '794', '715', '231']
['168', '444', '295', '696', '41', '28', '528', '590', '741', '449', '327', '684']
['766', '571', '362', '700', '592', '405', '135', '133', '525', '201', '20', '477', '577', '206', '498']
['562', '93', '456', '214', '462', '666', '731', '136', '453', '679', '177', '443', '229', '424']
['203', '502', '524', '778', '261', '204', '383', '688', '390', '639', '435', '88', '668']
['185', '78', '270', '29', '723', '322', '188', '699', '245', '99', '581', '701', '459', '303', '630', '130', '302', '499']
['182', '567', '427', '294', '355', '124', '67', '120', '486', '606', '112', '544', '228', '543', '260', '774', '409', '15']
['445', '154', '146', '733', '36', '495', '56', '672', '91', '765', '48', '313', '687', '667', '704', '289', '621']
['442', '375', '561', '775', '677', '24', '474', '401', '189', '16', '467', '739', '152', '493', '306', '510', '478', '392']
['694', '153', '617', '180', '450', '779', '530', '73', '471', '521', '652', '678', '162', '290']
['70', '758', '196', '305', '760', '548', '57', '734', '253', '615', '536', '149', '74', '258', '132', '381', '636', '371', '254', '264', '119', '33', '356']
['604', '516', '540', '554', '686', '312', '167', '311', '451', '574', '781', '239', '546', '642', '158', '26', '32']
['184', '407', '489', '419', '622', '310', '209', '324', '151', '39', '698', '661', '674', '118', '730']
['570', '619', '691', '683', '86', '729', '735', '754', '35', '315', '27', '755', '428', '520', '692']
