['148', '113', '7', '326', '82', '132', '37', '381', '13', '430', '273']
['445', '60', '468', '406', '414', '20', '216', '319', '300', '478', '498']
['351', '192', '211', '246', '86', '191', '344', '244', '301', '54', '126']
['34', '457', '194', '63', '458', '449', '316', '111']
['294', '153', '190', '339', '81', '313', '441', '59', '106', '455', '102']
['391', '174', '42', '122', '137', '228', '336', '107', '162', '299', '343']
['221', '340', '242', '150', '491', '482', '486', '361', '431', '342', '287']
['293', '204', '266', '58', '363', '167', '477', '205', '73', '105', '123']
['370', '31', '234', '197', '117', '239', '157', '152', '240', '298', '499']
['250', '334', '375', '155', '495', '310', '165', '103', '133', '417', '493']
['146', '154', '360', '267', '67', '386', '420', '433', '159', '21', '26']
['50', '186', '172', '453', '435', '176', '141', '144', '392', '470', '156']
['337', '114', '44', '322', '79', '80', '198', '169', '410', '217', '382']
['418', '252', '372', '269', '473', '12', '177', '332', '2', '207', '195']
['104', '237', '0', '265', '209', '220', '178', '480', '199', '428', '400']
['461', '320', '302', '109', '127', '280', '268', '286', '276', '238', '487']
['179', '36', '366', '68', '24', '115', '112', '39', '432', '19', '95']
['359', '405', '77', '421', '324', '254', '17', '347', '52', '369', '30']
['379', '64', '100', '33', '196', '466', '257', '76', '399', '4', '218']
['415', '258', '270', '57', '497', '138', '91', '45', '130', '350', '439']
['292', '78', '22', '274', '75', '346', '395']
['496', '329', '475', '249', '85', '411', '189', '271', '409']
['307', '444', '338', '41', '388', '296', '401', '40', '53', '443', '289']
['264', '110', '215', '450', '426', '377', '166', '43', '309', '25', '451']
['185', '261', '353', '328', '305', '352', '248', '88', '38', '374', '285']
['3', '200', '345', '365', '66', '251', '136', '255', '315', '476', '170']
['331', '463', '49', '383', '56', '208', '48', '260', '459', '243', '283']
['489', '380', '9', '210', '219', '408', '368', '193', '236', '423', '46']
['376', '214', '187', '314', '183', '464', '452', '404', '98', '378', '206']
['70', '93', '61', '393', '403', '447', '99', '27', '256', '202', '385']
['422', '168', '362', '253', '8', '262', '47', '284', '171', '335', '424']
['84', '488', '321', '28', '212', '151', '277', '349', '142', '116', '330']
['446', '134', '290', '87', '282', '245', '35', '173', '384', '281', '15']
['14', '160', '389', '175', '357', '229', '481']
['18', '55', '72', '143', '259', '396', '5', '225', '479', '118', '308']
['427', '164', '312', '62', '278', '135', '398', '232', '272', '97', '429']
['472', '462', '6', '460', '354', '201', '51', '358', '241']
['442', '465', '222', '124', '188', '213', '145', '367', '247', '297', '373']
['419', '119', '333', '438', '306', '440', '387', '161', '11']
['490', '454', '128', '295', '181', '1', '275']
['412', '492', '416', '129', '69', '92', '434', '71']
['23', '182', '223', '471', '235']
['180', '65', '311', '425', '327', '448', '131', '226', '158', '96']
['436', '121', '233', '317', '120', '125', '279', '291', '474', '469', '356']
['348', '94', '227', '485', '224', '140', '149']
['402', '90', '500', '89', '74', '231']
['203', '407', '456', '325', '184', '230', '108', '437', '263', '32']
['304', '355', '394', '16', '467', '303', '371', '483']
['413', '29', '10', '83', '163', '323', '390', '397', '341', '494', '288']
['147', '364', '318', '139', '484', '101']
