['70', '713', '624', '323', '572', '155', '252', '310', '893', '67', '536', '48', '20', '352', '198', '635', '272', '522', '297', '216']
['168', '384', '700', '530', '189', '438', '431', '448', '5', '92', '600', '510', '704', '432', '830', '470']
['853', '737', '91', '419', '623', '27', '515', '0', '686', '372', '576', '827', '483', '764', '564', '121', '465', '267', '568', '296', '80', '821', '229', '225', '652', '680']
['489', '851', '773', '364', '163', '712', '863', '357', '136', '899', '344', '319', '101', '287', '709', '508']
['516', '463', '335', '826', '797', '871', '53', '275', '527', '106', '207', '586', '6', '369']
['179', '732', '415', '242', '633', '497', '820', '710', '324', '731', '473', '643', '695', '256', '429', '123']
['331', '694', '362', '629', '763', '831', '556', '223', '493', '891', '514', '873', '25', '825', '385']
['351', '246', '167', '765', '368', '755', '861']
['334', '210', '495', '734', '462', '754', '482', '212', '401', '244', '563']
['524', '3', '729', '54', '503', '386', '122', '745', '836', '705', '642', '95', '308']
['380', '442', '702', '9', '857', '808', '47', '610', '474', '595', '239', '173', '565', '613', '876', '532', '378', '32']
['94', '833', '592', '735', '282', '124', '699', '804', '606', '201', '841', '16', '679', '588', '277', '17']
['146', '617', '366', '513', '183', '251', '13', '697', '400']
['638', '721', '172', '165', '846', '897', '24', '870', '426', '268', '711', '741']
['840', '537', '812', '68', '262', '416', '103', '525', '232', '69', '577', '542', '73', '692', '879']
['52', '570', '338', '450', '843', '509', '313', '12', '829', '409', '387', '439', '545']
['609', '33', '491', '860', '327', '171', '306', '254']
['597', '370', '93', '49', '138', '554', '675', '408', '486', '274', '363', '336', '236', '520', '373']
['456', '294', '845', '279', '314', '219', '844', '141', '798', '240']
['492', '428', '383', '147', '544', '501', '62', '585', '435', '809', '358', '578']
['104', '567', '859', '36', '807', '688', '718', '832', '341', '569', '639', '143', '819', '152', '776', '2', '218', '571', '26', '126']
['648', '345', '622', '61', '190', '85', '717', '459', '663', '872', '777', '231']
['348', '604', '526', '135', '42', '582', '543', '628', '477', '130', '575', '730']
['425', '672', '540', '478', '433']
['325', '204', '758', '56', '466', '662', '760', '670', '739']
['340', '60', '723', '77', '269', '725', '51', '43', '498', '285']
['594', '164', '896', '181', '620', '316', '690', '669', '289']
['55', '266', '291', '880', '247', '178', '460', '395', '534', '558']
['848', '852', '887', '800', '484', '774', '677', '451']
['221', '318', '253', '834', '220', '248', '538', '531', '584', '566']
['281', '388', '461', '823', '405']
['446', '100', '227', '818', '10', '132', '245', '63', '75', '551', '770']
['329', '767', '128', '195', '651', '549', '21']
['90', '81', '641', '574', '659', '177', '286', '630', '89', '561', '238', '715']
['733', '214', '779', '411', '159', '96', '535']
['748', '683', '321', '890', '354', '579', '273', '481', '15']
['349', '719', '782', '160', '71']
['84', '682', '187', '599', '756', '333', '193', '507', '441', '681']
['814', '778', '645', '716', '775', '35', '650']
['292', '379', '186', '234', '722', '209', '191', '284', '487']
['555', '109', '1', '634', '661', '302']
['627', '693', '312', '557', '45', '467', '396', '303', '646', '738', '116', '424', '111']
['865', '182', '689', '884', '616', '636', '23', '895']
['475', '707', '249', '816', '521', '511', '397', '356', '881', '156']
['83', '406', '783', '76', '500', '596', '743']
['261', '666', '365', '339', '839', '332', '667', '676']
['391', '472', '653', '518', '685', '479', '161']
['547', '440']
['541', '412', '824', '417', '762', '506']
['757', '87', '66', '117', '583', '343']
['376', '119', '320', '224', '649', '759', '701', '505', '794']
['34', '418', '603', '480', '255', '885', '162']
['142', '139', '874']
['59', '562', '118', '208']
['7', '222', '714']
['237', '28', '315', '398', '38', '430', '892']
['203', '598', '112']
['264', '194', '533', '869', '587', '260', '88', '330']
['78', '877', '854', '107', '98', '74', '105']
['337', '591', '811', '215']
['485', '445', '736']
['766', '771', '50', '389', '120', '626', '464', '687', '862', '217', '31']
['150', '560', '176', '263', '806', '726']
['750', '786', '457', '278', '504', '678']
['250', '157', '720']
['696', '381', '342', '469']
['772', '169', '11']
['727', '355', '499']
['502', '304', '761', '41', '371', '621']
['803', '724', '413', '665', '393', '573', '805', '382']
['746', '40', '199', '488']
['166', '144', '184', '235']
['691', '317', '127', '611', '698', '97']
['427', '350', '158', '243']
['452', '744']
['789', '108', '791']
['458', '295', '421', '552', '311']
['211', '79', '37', '449', '605', '443']
['30', '134', '517']
['878']
['619', '65', '703', '140']
['453', '434']
['671', '270', '46']
['399', '835', '631', '72']
['99', '822', '589', '815']
['307', '684', '149']
['228', '753']
['110', '44']
['476', '447']
['375', '673', '546']
['788', '747']
['828', '283', '883']
['407']
['523', '444', '769']
['114', '740']
['276', '494']
['423', '258', '404']
['768', '868', '377', '838']
['410', '625']
['602', '614', '728']
['529', '593']
['559', '655']
['752', '125', '858']
['14', '436', '889']
['519']
['290', '882', '785', '390', '205']
['875', '894']
['581']
['360', '644']
['151', '780', '612', '864', '471']
['102']
['4', '849', '790']
['115']
['802', '512', '241']
['708']
['799']
['422', '113', '82', '539']
['58']
['213', '842']
['367', '742', '280']
['793', '898', '796', '271', '392']
['180', '288']
['601', '553', '749', '29', '656']
['900', '855']
['39', '615']
['647', '154', '322']
['888', '145']
['886']
['528']
['192']
['668', '813']
['657']
['18', '618']
['64']
['420']
['300', '784', '837']
['810', '153']
['640']
['233', '346']
['658', '133']
['226', '664']
['347', '856']
['607', '196']
['359']
['301', '170', '86']
['326', '175']
['148', '328']
['188']
['787']
['22']
['200']
['792']
['751']
['265']
['129']
['654']
['490', '185']
['817']
['414']
['309']
['206']
['257']
['632']
['590']
['674']
['353', '660']
['454', '801']
['293']
['403']
['361']
['197', '298']
['174']
['437']
['8']
['394']
['706']
['468']
['795']
['305']
['608']
['637']
['550']
['402']
['847']
['496']
['867']
['374', '137']
['455']
['548']
['259']
['131']
['19']
['580']
['230']
['781']
['202']
['299']
['866']
['850']
['57']
