['30', '194', '486', '212', '352', '342', '173', '538', '558', '226', '400', '489', '154', '192', '444', '421', '313', '628', '92', '283', '331', '335', '495', '462', '503', '201', '141', '674', '378', '264', '418', '683', '33', '4', '157', '80', '216', '225', '158', '499']
['638', '60', '213', '183', '91', '548', '448', '205', '43', '207', '162', '195', '586', '619', '666', '7', '41', '47', '131', '217', '612', '488', '200', '227', '416', '551', '596', '507', '95', '455', '18', '267', '553', '471', '268', '53', '97', '643', '170', '593']
['221', '648', '49', '457', '406', '133', '687', '106', '148', '237', '627', '253', '262', '251', '473', '653', '695', '300', '301', '299', '14', '647', '562', '214', '86', '172', '230', '58', '248', '171', '443', '397', '202', '85', '208', '658', '256', '218', '652', '161']
['203', '463', '533', '595', '129', '333', '130', '410', '502', '64', '637', '386', '284', '178', '198', '434', '384', '347', '439', '240', '168', '694', '234', '405', '433', '219', '266', '659', '681', '564', '128', '530', '220', '239', '521', '193', '177', '565', '531', '529']
['179', '427', '383', '10', '338', '360', '68', '115', '255', '235', '555', '348', '526', '617', '363', '396', '441', '236', '19', '382', '351', '468', '411', '35', '598', '588', '276', '483', '116', '84', '624', '362', '78', '450', '127', '209', '42', '660', '260', '484']
['337', '94', '197', '108', '508', '118', '57', '147', '472', '126', '223', '79', '117', '278', '425', '560', '584', '32', '329', '370', '557', '611', '509', '698', '332', '685', '522', '297', '350', '285', '187', '291', '167', '585', '518', '356', '430', '566', '298', '343']
['601', '408', '482', '459', '281', '407', '211', '366', '606', '48', '656', '349', '678', '15', '325', '100', '633', '594', '150', '365', '137', '474', '670', '435', '635', '244', '527', '290', '26', '677', '629', '675', '165', '24', '573', '199', '642', '561', '52', '6']
['380', '604', '153', '345', '657', '662', '305', '344', '23', '420', '308', '622', '691', '224', '603', '393', '63', '62', '292', '539', '671', '372', '626', '699', '45', '618', '16', '440', '5', '330', '104', '139', '390', '525', '151', '506', '663', '668', '481', '535']
['146', '567', '121', '210', '261', '0', '215', '554', '616', '326', '311', '166', '517', '381', '607', '286', '89', '680', '569', '31']
['665', '231', '541', '110', '55', '321', '66', '615', '306', '664', '515', '451', '392', '377', '99', '467', '341', '532', '54', '184', '609', '114', '22', '401', '625', '190']
['11', '113', '419', '428', '413', '83', '608', '77', '686', '310', '552', '447', '257', '367', '20', '614', '51', '640', '409', '563', '123']
['446', '34', '134', '186', '279', '65', '125', '122', '528', '76', '336', '142', '470', '111', '242', '312', '544', '414', '536', '81', '327', '13', '358', '340', '322', '426', '587', '636', '185', '385', '500', '679', '144', '432', '692']
['490', '70', '282', '188', '453', '38', '152', '98', '498', '102', '454', '379', '93', '550', '543', '12', '361', '273', '96', '475', '50', '323', '138', '295', '353', '245', '247', '589', '641', '479', '289', '516', '592', '465', '67', '1', '229', '460', '545', '494']
['120', '452', '590', '661', '646', '319', '577', '206', '412', '294', '540', '155', '82', '72', '649', '610', '27', '287', '376', '314', '222', '591', '40', '576', '169', '371', '542', '676', '302', '487', '160', '270', '602', '8', '672', '556', '39', '511', '59', '423']
['402', '537', '391', '233', '693', '354', '403', '145', '581', '263', '404', '387', '630', '241', '689', '623', '135', '269', '579', '644', '149', '492', '355', '485', '249', '274', '132', '673', '374', '25', '547', '204', '318', '645', '265', '464', '357', '469', '575', '510']
['654', '398', '605', '634', '477', '667', '309', '107', '697', '519', '293', '29', '109', '189', '466', '140', '501', '280', '417', '480', '424', '621', '258', '632', '572', '174', '164', '101', '159', '684', '476', '307', '696', '191', '259', '88', '17', '578', '373', '478']
['252', '523', '631', '582', '559', '514', '682', '328', '368', '37', '493', '512', '105', '442', '359', '497', '504', '176', '272', '2', '669', '21', '119', '143', '90']
['496', '9', '389', '103', '75', '73', '238', '334', '246', '651', '271', '277', '429', '520', '436', '61', '394', '124', '232', '71', '315', '288', '456', '304', '568', '339', '437', '458', '303', '415', '534']
['3', '28', '546', '600', '571', '570', '182', '181', '599', '574', '243', '74', '583', '422', '320', '491', '438', '524', '597', '688', '620', '399']
['445', '317', '196', '324', '136', '431', '346', '316', '549', '46', '395', '369', '580', '375', '163', '513', '56', '112', '275', '505', '156', '364', '175', '180', '655', '461', '44', '388', '650', '613', '69', '690', '254', '250', '36', '87', '296', '639', '228', '449']
