['Gabrianna', 'Kadija', 'Sunday', 'Keighan', 'Nella', 'Rane', 'Manasvi', 'Jeancarlo', 'Gustabo', 'Filipe', 'Aideliz', 'Alianne', 'Drue', 'Kiani', 'Kla', 'Jaci', 'Markevion', 'Peniel', 'Rheagan', 'Temia', 'Kamal', 'Nived', 'Quincey', 'Rosali', 'Basya', 'Johnson', 'Sivad', 'Sequoia', 'Ivin', 'Chrissie', 'Georgie', 'Haidon']
['Benson', 'Lazavion', 'Roderick', 'Kaser', 'Danette', 'Jnya', 'Jakobie', 'Aneyah', 'Vatsal', 'Zackry', 'Havanna', 'Shephard', 'Addalina', 'Janis', 'Haji', 'Yoceline', 'Kaija', 'Amador', 'Jakiah', 'Yerick', 'Prudence', 'Natsuki', 'Lyliana', 'Beauty', 'Damiyon', 'Mehmet', 'Danyal', 'Rayniyah', 'Trung', 'Nitzia', 'Bentley', 'Jeralyn', 'Hailyn', 'Paityn', 'Fitzgerald', 'Mcrae', 'Emontae', 'Jali', 'Kaydynce', 'Jaiona', 'Tullia', 'Alayasia', 'William', 'Ameerah', 'Jassiel', 'Brinklee', 'Aseel', 'Kmya', 'Dreanna', 'Trever', 'Jayen', 'Brynne']
['Orlin', 'Jaqui', 'Afia', 'Yaitza', 'Srihita', 'Eirik', 'Kirollos', 'Jerzy', 'Madalynn', 'Kaytlin', 'Dearies', 'Valente', 'Brynna', 'Marayna', 'Niang', 'Steven', 'Kadidia', 'Zariea', 'Maelin', 'Avinash']
['Brien', 'Vivika', 'Ilan', 'Abdulhadi', 'Mckayla', 'Daritza', 'Izai', 'Evon', 'Thayer', 'Reeve', 'Sharell', 'Yaniyah', 'Maddix', 'Hellen', 'Jenniyah', 'Alexas', 'Mckell', 'Guinness', 'Kenderick', 'Asheton', 'Xena', 'Monzerath', 'Vandon', 'Anjani', 'Anaili', 'Lean', 'Jafari', 'Caoimhe', 'Makayden', 'Ahilyn', 'Constantino', 'Hadeel', 'Carlia', 'Sunshine', 'Amanee', 'Jorrin', 'Renato', 'Yitzel', 'Addalee', 'Kaleya', 'Salome', 'Katherin', 'Francella']
['Elizabethmarie', 'Mychael', 'Kayan', 'Ahmyah', 'Abshir', 'Calaya', 'Essence', 'Tanyiah', 'Cierrah', 'Kwaku', 'Kellianne', 'Lucca', 'Treveon', 'Surafel', 'Izaiyah', 'Avigail', 'Erandy', 'Matison', 'Jazzmyne', 'Irene', 'Nkechi', 'Jamorian', 'Paxten', 'Adriauna', 'Elanah', 'Cytlali', 'Cailen', 'Iian', 'Stavros', 'Viola', 'Timber', 'Octaviana', 'Richie', 'Leela', 'Skylee', 'Cobe', 'Breylen', 'Anoushka', 'Kalyn', 'Daffne', 'Anevay', 'Dalia', 'Brinton', 'Chazity', 'Joey', 'Estella', 'Marx', 'Westley']
['Viera', 'Farrell', 'Evy', 'Renay', 'Winifred', 'Evany', 'Eliseo', 'Brock', 'Yackelin', 'Jaeliah', 'Shahir', 'Lizet', 'Breia', 'Makaylynn', 'Keynia', 'Vyncent', 'Teniola', 'Urias', 'Yahir', 'Holdan', 'Raiyan', 'Govani', 'Lloyd', 'Aroldo', 'Cale', 'Mikko', 'Dereonna', 'Grady', 'Arianna', 'Sylar', 'Gayathri', 'Alexandr', 'Kiristen', 'Tashaun', 'Deontray', 'Labrandon', 'Oluwanifemi', 'Kaleem', 'Cort']
['Esli', 'Jaiyon', 'Duke', 'Emilie', 'Nerissa', 'Shakia', 'Atreus', 'Xela', 'Shatoya', 'Gabby', 'Torrie', 'Jeovanny', 'Jacob', 'Guadalupe', 'Llayla', 'Issabelle', 'Aayanah', 'Nazario', 'Eamon', 'Shandra', 'Paytn', 'Haila', 'Maika', 'Feliciana', 'Gadge', 'Kotaro', 'Jt', 'Tatyiana', 'Umar', 'Argel', 'Trason', 'Everson', 'Dalyn', 'Ender', 'Milia', 'Aubrieanna']
['Khamar', 'Olajuwon', 'Zarif', 'Hasnain', 'Audrina', 'Vinicio', 'Chanze', 'Job', 'Kieth', 'Tahj', 'Kip', 'Chau', 'Zalmen']
['Tayden', 'Zvi', 'Balie', 'Raoul', 'Eris', 'Kadean', 'Georgianna', 'Teniya', 'Cardyn', 'Treniyah', 'Alija', 'Brelan', 'Waled', 'Hena', 'Serjio', 'Hopelynn', 'Herlinda', 'Jordin', 'Taleen', 'Nishi', 'Emah', 'Ashar', 'Liliahna', 'Yashvi', 'Latravia', 'Keelin', 'Geovonni', 'Jalesa', 'Damarea', 'Kayshia', 'Reganne', 'Eryanna', 'Taleia', 'Gaylon', 'Rayann', 'Eviana', 'Talaya', 'Shemia', 'Shamaree', 'Kirby', 'Envee', 'Xoe', 'Dionysios', 'Jamauria', 'Eirene', 'Aeris', 'Morghan']
['Felicia', 'Slaton', 'Perl', 'Rye', 'Youcef', 'Abbagail', 'Aditri', 'Breezie', 'Rayleen', 'Narciso', 'Suhail', 'Dexter', 'Takuma', 'Ilai', 'Antoin', 'Severin', 'Dolores', 'Giona', 'Giulian', 'Damaria', 'Arnela', 'Lazare', 'Azaryah', 'Jazzlene', 'Trelon', 'Harshil', 'Alicyn', 'Anoush', 'Keimari', 'Navy', 'Jahvion', 'Tamila', 'Javen', 'Khanh', 'Diar', 'Vedant', 'Devynn', 'Zalea', 'Markese', 'Librado', 'Icker', 'Karsten', 'Koleigh', 'Kahleah', 'Demontrell', 'Carine', 'Keyashia', 'Jaidin', 'Ariannah']
['Chanda', 'Raegen', 'Anahi', 'Cate', 'Sinead', 'Kashawna', 'Ellary', 'Cristofher', 'Amyiah', 'Aleeha', 'Keiasia', 'Crystin', 'Alexander', 'Eyad', 'Jadine', 'Thaine', 'Dayja', 'Malayasia', 'Djuan', 'Jewelian', 'Sahib', 'Nasean', 'Juwon', 'Andriana', 'Camoren', 'Fabyan', 'Kristie', 'Mert', 'Sadeel', 'Gamya', 'Anieya', 'Edden', 'Yancey', 'Zackaria', 'Everlyn', 'Keyshia', 'Herbert', 'Ronisha', 'Kaitlynne', 'Harpreet', 'Lania', 'Sharleen', 'Torah', 'Larri', 'Kamdon', 'Raia', 'Keelie', 'Azriel', 'Mylz', 'Sylah', 'Takeria', 'Brecklyn', 'Kiahra']
['Bence', 'Takeru', 'Yasmyn', 'Jakaila', 'Jackelynn', 'Tavarian', 'Gwyneth', 'Jadah', 'Allizzon', 'Dallin', 'Elvis', 'Micael', 'Lisseth', 'Nicolet', 'Allegra', 'Briajah', 'Rokas', 'Genavive', 'Isai', 'Angelene', 'Duwayne', 'Kore', 'Akif', 'Jaxon', 'Kedus']
['Rigo', 'Yoali', 'Aundra', 'Thristan', 'Jezrael', 'Rich', 'Abrea', 'Jerry', 'Blaike', 'Elsa', 'Emily', 'Jermaya']
['July', 'Ziva', 'Shanya', 'Kahliya', 'Kavan', 'Genae', 'Idaly', 'Cayde', 'Gabryel', 'Katalyna', 'Jocilynn', 'Jeffry', 'Shannen', 'Anju', 'Giovann', 'Tearsa', 'Tyner', 'Ninah', 'Akiyah', 'Johanne']
['Krystie', 'Ernestine', 'Malaijah', 'Nouvelle', 'Tuesday', 'Durham', 'Jeliyah', 'Ermina', 'Saxon', 'Tamaya', 'Taray', 'Makaylla', 'Janelli', 'Orry', 'Jasmen', 'Loren', 'Ward', 'Annalicia', 'Amirrah', 'Kaeliegh', 'Jabaree', 'Rogers', 'Christy', 'Lavon', 'Laiyah', 'Lajaya', 'Ryllie', 'Khyla', 'Nikiyah', 'Donoven', 'Khailee', 'Grabiela']
['Abrham', 'Moustapha', 'Beatrice', 'Svanik', 'Winter', 'Tierney', 'Wolf', 'Maryori', 'Senay', 'Orren', 'Kipp', 'Eulogio', 'Darlyne', 'Beryl', 'Leiby', 'Yendy', 'Katianna', 'Ascher', 'Malaya', 'Lynett', 'Jaslin']
['Derron', 'Sariya', 'Coryn', 'Albin', 'Ambreal', 'Tilynn', 'Malaki', 'Lam', 'Tanzania', 'Trasean', 'Jasmina', 'Ankita', 'Jacque', 'Kieron', 'Artavis', 'Fadi', 'Trent', 'Andalasia', 'Thaddaeus', 'Kiylee', 'Zaria', 'Dshawn', 'Rafi', 'Lilyanna']
['Brady', 'Casyn', 'Zyshaun', 'Aulelei', 'Norelle', 'Kasim', 'Sissy', 'Talisha', 'Bania', 'Albert', 'Juanmiguel', 'Korianna', 'Takyra', 'Demitrus', 'Amilya', 'Jahmad', 'Jordian', 'Leondra', 'Julieanne', 'Kaylla', 'Kyrra', 'Skyi', 'Shyla', 'Kiyani', 'Keyri', 'Siosiua', 'Kenniya', 'Mabry', 'Katalina', 'Aleyah', 'Adylin', 'Jesper', 'Shadrach', 'Itzy', 'Aalayah', 'Ladainian']
['Travelle', 'Jacaden', 'Jonthan', 'Karlette', 'Julliana', 'Ayvree', 'Pratham', 'Johathan', 'Janaiyah', 'Tabatha', 'Edwen', 'Oktober', 'Shamal', 'Mishael', 'Khaleed', 'Shannelle', 'Nikholas', 'Naidelyn', 'Raylie', 'Raziya', 'Melyssa', 'Santhosh', 'Nakaiya', 'Chananya', 'Cyrus', 'Hudsen', 'Eugenia', 'Shirlee', 'Jesua', 'Legacy', 'Timofey']
['Shay', 'Amayia', 'Tyasiah', 'Khadijatou', 'Andin', 'Dontavis', 'Analleli', 'Stanly', 'Nazere', 'Cyarra', 'Carriana', 'Jakavion', 'Eziah', 'Markavious', 'Illyana', 'Shanay', 'Latricia', 'Rossie', 'Jahir', 'Sevon', 'Madox', 'Guiliana', 'Nazire', 'Cato', 'Danyah', 'Azhia', 'Atalie', 'Nilaja', 'Ilma', 'Brighid', 'Zahirah', 'Genise']
['Rionna', 'Karimah', 'Socorro', 'Alayza', 'Ranvir', 'Faybian', 'Cobi', 'Niara', 'Stiven', 'Giacomo', 'Nayomie', 'Jamarrius', 'Mainor', 'Mishal', 'Amara', 'Khyana', 'Disa', 'Shavon', 'Tejaswini', 'Kiersten', 'Arali', 'Surabhi']
['Klair', 'Eileen', 'Xzavion', 'Abagale', 'Bayle', 'Rohil', 'Trang', 'Lehua', 'Dreson', 'Mavis', 'Matea', 'Samba', 'Rochel', 'Siddhant', 'Aleise', 'Emrey', 'Kristlyn', 'Brando']
['Jaysiah', 'Analaura', 'Yulianna', 'Zila']
['Shani', 'Abygael', 'Gerard', 'Kambrea', 'Sima', 'Raiya', 'Chava', 'Avel', 'Zyquez', 'Zanay', 'Jaquavis', 'Oluwadara', 'Davarius', 'Hagan', 'Aasiya', 'Diangelo', 'Taaliyah', 'Willamina', 'Kyrillos', 'Gabe', 'Javin']
['Coben', 'Nerik', 'Brecken', 'Zamirra', 'Danali', 'Fatema']
['Raiden', 'Ilani', 'Quinley', 'Journe', 'Mally', 'Loghan']
['Tyrese', 'Lynette', 'Sidnei', 'Atiya', 'Mishti', 'Gwynne']
['Miu', 'Yoanna', 'Bellamy', 'Brookley', 'Haileigh', 'Zaheem', 'Tlaloc', 'Madelin', 'Katilyn', 'Michaelle', 'Heylee', 'Sai', 'Shaley', 'Mazee', 'Austynn', 'Pavlos', 'Waneta', 'Laylene', 'Semir', 'Zakyrah', 'Zinnia', 'Demarques', 'Adalai', 'Tommaso']
['Mahum', 'Mikea', 'Brittney', 'Joanna', 'Tyland', 'Galina', 'Jamella', 'Ciarah', 'Jailen', 'Tytus']
['Saidi', 'Haidy', 'Mikye', 'Antionette', 'Nishka', 'Quavon', 'Rhiannon', 'Shlomo', 'Skilar', 'Sommer', 'Rolondo']
['Caeley', 'Aaniah']
['Lya', 'Kijuan', 'Brayten', 'Takera', 'Gabryelle', 'Nathaniel', 'Evana', 'Amunique', 'Kawon', 'Kaimana', 'Izellah', 'Ellana', 'Dorianna', 'Elliet', 'Thea', 'Hrishi', 'Siddhanth', 'Mykenzie', 'Chanie', 'Akia', 'Kenniah', 'Karli', 'Abdalrahman', 'Miabella', 'Janeen']
['Allycia', 'Avary']
['Thaleia', 'Tamyrah', 'Luay', 'Teddy', 'Maelie', 'Josaiah', 'Cian', 'Anaysha', 'Eljin', 'Nathanyal', 'Samah', 'Emoree', 'Anselm']
['Nakyla', 'Caly', 'Brit', 'Pranjal', 'Makalee', 'Ihsaan', 'Navin', 'Osias', 'Kailie', 'Syria']
['Traymon', 'Zaliyah', 'Dayn', 'Shakiya', 'Tamirra', 'Tyreonna', 'Dilraj', 'Zanden', 'Andy', 'Lark', 'Ejay', 'Yengkong', 'Havilah', 'Ariston']
['Kirk', 'Javant']
['Lovelee', 'Zayvien', 'Tarron', 'Aquil', 'Shevy', 'Willi', 'Ithan', 'Sinay', 'Josearmando']
['Olivya', 'Maile', 'Ondrej', 'Anfernee', 'Zohair', 'Elainah', 'Mellony', 'Brogan', 'Ingrid', 'Tameia', 'Akeya', 'Andia', 'Renata', 'Gad', 'Joeangel', 'Beny', 'Damieon', 'Fatouma', 'Wilbur', 'Davell']
['Joriel', 'Nardos', 'Jorge']
['Simi', 'Mathews', 'Rayson', 'Grisham', 'Yoseline', 'Jachob', 'Rheana', 'Shya']
['Raylon']
['Eber', 'Ulyssa', 'Dariona', 'Jarek']
['Kaison', 'Haiden', 'Daphnee', 'Jonpaul', 'Brieann']
['Azera', 'Edwinn', 'Ferdinand', 'Enmanuel', 'Eliot', 'Makhayla', 'Katurah', 'Rogelio', 'Zaniyla', 'Ceana', 'Xzavian', 'Julea', 'Avriel', 'Znya', 'Whitney']
['Jazmaine', 'Jadelyn']
['Colter', 'Ivett', 'Holland', 'Rosey']
['Bellagrace', 'Jeramy', 'Ike', 'Dontrae', 'Keno', 'Kellsie', 'Liesel']
['Shivani', 'Keandra', 'Niera', 'Karaleigh', 'Adarion', 'Zaniyha', 'Dalli', 'Gracelynne', 'Kenton', 'Karas', 'Kosta', 'Deavon', 'Jamy', 'Emalynn', 'Reily', 'Jasan', 'Savaughn', 'Myha', 'Damariah', 'Madelyne', 'Minal', 'Falisha', 'Naja', 'Adalyn', 'Mitch']
['Horace', 'Ahmarie', 'Ion', 'Garren', 'Vida', 'Ingram']
['Olya', 'Cherish']
['Lyndee', 'Pranita', 'Zyanya', 'Cinthya', 'Zaaire', 'Kaeden', 'Alexei', 'Marquasia', 'Tais', 'Malak', 'Jamara']
['Aerin', 'Hazelyn', 'Mirtha', 'Karilynn']
['Vivian', 'Jemima']
['Kaiea', 'Jontavious', 'Bodyn', 'Marques', 'Bhavesh', 'Samajae']
['Poetri', 'Rut', 'Bryleigh', 'Tadeja']
['Sumayya']
