['Verna', 'Denyse', 'Ileane', 'Herminia', 'Blinny', 'Kandy', 'Adore', 'Mellisa', 'Karilynn', 'Linea', 'Jackelyn', 'Lorrayne', 'Amelie', 'Ollie', 'Lezlie', 'Maggy', 'Ortensia', 'Jammie', 'Bianca', 'May', 'Daune', 'Elie', 'Illa']
['Wally', 'Lura', 'Cassi', 'Cam', 'Coraline', 'Leodora', 'Katerina', 'Timothea', 'Amalea', 'Sheryl', 'Bernadina', 'Livy', 'Trenna', 'Ethelyn', 'Harmony', 'Marta', 'Augustine', 'Averil', 'Chastity', 'Geri', 'Glenda', 'Dorothea', 'Lonni', 'Harmonie']
['Nance', 'Kelley', 'Coretta', 'Florie', 'Janaye', 'Hetti', 'Joni', 'Daniella', 'Nessa', 'Gilemette', 'Kriste', 'Lorilee', 'Elna', 'Goldia', 'Gilli', 'Dode', 'Jilly', 'Agnese', 'Elsy', 'Mireielle', 'Ophelie']
['Bee', 'Terrye', 'Yovonnda', 'Raye', 'Trish', 'Rosella', 'Luci', 'Irma', 'Dorine', 'Cal', 'Rosaleen', 'Ayn', 'Eveleen', 'Anabella', 'Lorry', 'Melisa', 'Elicia', 'Rebekah', 'Ranee', 'Corrina', 'Wallie', 'Fifi']
['Samara', 'Georgiana', 'Jayme', 'Shelly', 'Amil', 'Reba', 'Danica', 'Jaquenetta', 'Rheba', 'Phelia', 'Karlee', 'Leslie', 'Dara', 'Emmeline', 'Nerita', 'Shannon', 'Eilis', 'Ruthanne', 'Herta', 'Melantha', 'Odessa', 'Minetta', 'Marieann', 'Krysta', 'Brear', 'Eleanor', 'Elisa', 'Karil']
['Brandais', 'Bari', 'Eleen', 'Maitilde', 'Polly', 'Wren', 'Corene', 'Grissel', 'Carroll', 'Ranna', 'Alecia', 'Helli', 'Audry', 'Ree', 'Kaila', 'Chryste', 'Minda', 'Letti', 'Vallie', 'Joletta', 'Charlean', 'Mabel', 'Rosalynd', 'Lula', 'Carlin', 'Koressa', 'Merilee', 'Hilliary', 'Morissa']
['Brook', 'Lilllie', 'Elisabetta', 'Celestia', 'Ladonna', 'Evvie', 'Bibi', 'Addie', 'Genovera', 'Mabelle', 'Melessa', 'Starlin', 'Susi', 'Nickie', 'Hedy', 'Zia', 'Gwen', 'Oralle', 'Neala', 'Gianina', 'Marsha', 'Melinda', 'Vonny']
['Yolanda', 'Emmalynn', 'Nita', 'Chiarra', 'Carly', 'Johanna', 'Anestassia', 'Candida', 'Simona', 'Brandi', 'Marketa', 'Carline', 'Cacilie', 'Veronika', 'Gaby', 'Bernelle', 'Deeann', 'Miquela', 'Kathi']
['Rene', 'Rona', 'Arleyne', 'Enrichetta', 'Priscella', 'Feodora', 'Shannen', 'Aurelia', 'Roselle', 'Maribel', 'Freddy', 'Dora', 'Glyn', 'Elene', 'Susette', 'Mirabel', 'Raquel', 'Harrie', 'Othilia', 'Gussy', 'Kathrine', 'Ofella', 'Corrie', 'Rosene', 'Ronalda', 'Aeriell', 'Farrah', 'Faydra']
['Jess', 'Billie', 'Kristy', 'Jayne', 'Agnesse', 'Livvie', 'Margarette', 'Wynne', 'Jorrie', 'Willabella', 'Angelina', 'Mommy', 'Tami', 'Edith', 'Zea', 'Meta', 'Codi', 'Adelice', 'Abbie', 'Tiffany', 'Tatiania', 'Ede', 'Damita', 'Nissie', 'Evangeline', 'Corrine', 'Pam']
['Michaeline', 'Marcie', 'Kathleen', 'Cortney', 'Josey', 'Dorie', 'Connie', 'Arabelle', 'Christi', 'Dacey', 'Malia', 'Clarey', 'Lilly', 'Tamma', 'Dalila', 'Yetty', 'Marci', 'Opaline', 'Benoite', 'Dee', 'Catlaina', 'Jena', 'Jeannie', 'Nessie', 'Courtnay', 'Sharl']
['Evelyn', 'Darci', 'Dorrie', 'Katerine', 'Marlene', 'Lenore', 'Keeley', 'Tricia', 'Noami', 'Pierrette', 'Rodi', 'Tish', 'Ceciley', 'Leola', 'Amelita', 'Rebeca', 'Evie', 'Kassandra', 'Edie', 'Grazia', 'Ines', 'Freda', 'Lianna', 'Genna', 'Morganica', 'Janette', 'Tasia']
['Leeann', 'Candace', 'Reeba', 'Elspeth', 'Frederica', 'Jeanne', 'Sherill', 'Belle', 'Sena', 'Garnet', 'Dallas', 'Randie', 'Jeniffer', 'Andreana', 'Lesley', 'Wanda', 'Joby', 'Ada', 'Windy', 'Valentia', 'Mirna', 'Deni', 'Nat', 'Jenine', 'Lynda', 'Arly']
['Moreen', 'Paula', 'Leonore', 'Bella', 'Bel', 'Nichol', 'Adelina', 'Wendeline', 'Jania', 'Angelia', 'Robena', 'Julissa', 'Terri', 'Melina']
['Harrietta', 'Carmita', 'Jacquetta', 'Kristien', 'Viva', 'Marcelle', 'Gipsy', 'Sherrie', 'Ardith', 'Karna', 'Dorotea', 'Emilee', 'Lyndel', 'Angele', 'Shanie', 'Jobina', 'Fionna', 'Jeri', 'Hesther', 'Brana', 'Kacie', 'Carina']
['Rachelle', 'Melody', 'Rubie', 'Lily', 'Rafa', 'Perle', 'Marleen', 'Chloette', 'Carree', 'Dolores', 'Jesse', 'MarieJeanne', 'Rica', 'Beatrix', 'Emelyne', 'Arabela', 'Valli', 'Aeriela', 'Erika', 'Zarla', 'Charlot', 'Dale', 'Ingrid', 'Portia', 'Wilona', 'Elenore', 'Beverie']
['Ronnie', 'Ludovika', 'Erinn', 'Shellie', 'Charmian', 'Raeann', 'Melany', 'Virginie', 'Beverlie', 'Carin', 'Joycelin', 'Sascha', 'Cymbre', 'Gracia', 'Kaycee', 'Karla', 'Drusie', 'Daisi', 'Willow', 'Julina', 'Fredericka', 'Tracey', 'Karalynn', 'Dolley', 'Charmane', 'Crissie', 'Ilse', 'Silvana', 'Noemi']
['Diahann', 'Georgianne', 'Brooke', 'Walliw', 'Bamby', 'Kristel', 'Pietra', 'Elsinore', 'Carlee', 'Honey', 'Roxane', 'Constantina', 'Rochette', 'Jerrie', 'Olivie', 'Kippy', 'Erina', 'Elysee', 'Paolina', 'Meade']
['Milicent', 'Merrielle', 'Bea', 'Mil', 'Carrie', 'Alena', 'Correy', 'Debi', 'Josselyn', 'Ramona', 'Perrine', 'Madella', 'Zaria', 'Vickie', 'Mariele', 'Wenda']
['Gaynor', 'Ashien', 'Gertie', 'Dorise', 'Maye', 'Dulcine', 'Danyette', 'Clovis', 'Alexi', 'Quintana', 'Katrine', 'Lillis', 'Anastasie', 'Nikki', 'Katey', 'Sandi', 'Juliann', 'Sarina', 'Zuzana', 'JoAnn', 'Shirlee', 'Xylina', 'Abra', 'Shantee', 'Deborah']
['Carlye', 'Karena', 'Ardis', 'Dorris', 'Ester', 'Rhea', 'Marquita', 'Andi', 'Aubree', 'Fawnia', 'Kissiah', 'Vittoria', 'Olympe', 'Sonya', 'Lark', 'Jacquelin', 'Florence', 'Enid', 'Crissy', 'Frances', 'Sadella', 'Olimpia', 'Leanna', 'Bernie', 'Chelsae', 'Lorri']
['Chanda', 'Yoko', 'Lenka', 'Gwenore', 'Mireille', 'Tate', 'Giana', 'Rosaline', 'Alex', 'Dagmar', 'Marty', 'Catie', 'Kerry', 'Jessy', 'Gilberta', 'Allegra', 'Adda', 'Candy', 'Barbe', 'Jorry']
['Gene', 'Tova', 'Henrieta', 'Adria', 'Kayla', 'Josefina', 'Sybil', 'Arabella', 'Karita', 'Thea', 'Stacee', 'Karola', 'Korrie', 'Cecelia', 'Mandie', 'Eveline', 'Lexine', 'Marabel', 'Fred', 'Charity', 'Josefa', 'Rebe', 'Maurita', 'Shayne']
['Eloise', 'Carolin', 'Faun', 'Twila', 'Briny', 'Alexa', 'Frankie', 'Valeria', 'Gleda', 'Karrie', 'Simone', 'Vere', 'Ciel', 'Kattie', 'Krista', 'Audrye', 'Eadie', 'Dorthy', 'Cecily', 'Cassie', 'Della', 'Kate', 'Carolina', 'Moselle']
['Chloris', 'Pegeen', 'Kial', 'Barbaraanne', 'Giorgia', 'Bernetta', 'Noell', 'Kirsteni', 'Amitie', 'Liliane', 'Evania', 'Melly', 'Sara', 'Carlota', 'Ann', 'Wynnie', 'Maryann', 'Holly', 'Francyne', 'Ronnica', 'Desiree', 'Zitella', 'Babette', 'Cindelyn', 'Brunhilde', 'Morna', 'Korney', 'Chelsea', 'Alane', 'Marlena']
