['179', '936', '183', '173', '162', '182', '163', '915', '181', '536', '166', '921', '178', '964', '168', '175', '180', '172', '174', '164', '611', '714', '171', '176', '169', '708', '592', '165', '167', '927', '177', '668', '170']
['631', '630', '619', '617', '622', '623', '627', '616', '615', '112', '816', '628', '621', '633', '632', '934', '626', '618', '596', '588', '624', '629', '620', '625']
['380', '383', '360', '817', '947', '933', '369', '102', '379', '375', '366', '363', '606', '368', '361', '384', '358', '382', '376', '370', '364', '365', '372', '377', '367', '381', '332', '371', '374', '378', '385', '362', '339', '357', '356', '373']
['252', '605', '263', '255', '989', '253', '262', '251', '271', '273', '261', '266', '274', '257', '272', '254', '250', '270', '78', '267', '265', '259', '268', '260', '993']
['317', '324', '305', '311', '970', '319', '309', '316', '308', '707', '998', '321', '312', '328', '653', '327', '313', '306', '972', '347', '329', '323', '314', '322', '591', '315', '101', '302', '330', '706', '307', '304', '303', '810']
['445', '446', '457', '452', '453', '459', '448', '454', '110', '444', '447', '441', '945', '439', '451', '442', '438', '443', '440', '809', '455', '456', '956', '450', '553', '995', '449', '458', '437', '460']
['496', '490', '604', '486', '582', '949', '498', '502', '493', '612', '488', '492', '973', '497', '495', '491', '503', '487', '500', '607', '494', '499']
['609', '325', '348', '602', '991', '318', '310', '326', '120', '552', '589', '336', '822']
['233', '805', '241', '238', '235', '231', '242', '246', '237', '109', '938', '117', '243', '236', '240', '988', '234', '249', '245', '247', '248', '232', '244', '950', '121', '944', '239']
['463', '345', '482', '595', '477', '106', '470', '472', '922', '550', '466', '544', '480', '920', '812', '715', '475', '468', '462', '467', '341', '483', '719', '479', '465', '471', '484', '469', '961', '481']
['203', '194', '186', '197', '196', '188', '205', '207', '195', '206', '192', '189', '198', '200', '201', '202', '185', '184', '204', '990', '191', '199', '193', '190']
['34', '49', '28', '344', '38', '43', '600', '46', '975', '29', '41', '47', '414', '48', '37', '543', '948', '27', '51', '32', '351', '50', '44', '35', '45', '40', '25', '21', '26', '31', '36', '33', '187', '22', '24', '42', '39', '157', '23', '52', '30']
['258', '940', '931', '554', '122', '269', '711', '256', '107', '919']
['3', '9', '10', '717', '930', '11', '7', '12', '13', '15', '19', '551', '5', '2', '968', '18', '8', '1', '20', '17', '6', '343']
['799', '786', '773', '779', '776', '794', '782', '778', '792', '796', '774', '798', '785', '790', '793', '780', '787', '335', '803', '818', '789', '797', '775', '783', '804', '800', '788', '781', '791', '777', '784', '802', '801', '545', '795']
['153', '134', '145', '133', '136', '129', '152', '558', '130', '142', '154', '147', '155', '135', '140', '610', '149', '131', '156', '146', '138', '150', '137', '132', '141', '159', '160', '951', '139', '151', '143', '144', '158', '161']
['264', '926', '965', '557', '811', '585', '997', '978']
['489', '969', '547', '999', '340', '485', '504', '501', '108', '955', '823', '806']
['570', '567', '562', '564', '128', '572', '568', '577', '573', '579', '581', '967', '565', '576', '342', '575', '566', '534', '563', '569', '580']
['757', '767', '750', '758', '751', '763', '760', '815', '770', '766', '761', '957', '756', '759', '747', '752', '349', '769', '820', '754', '762', '755', '764', '749', '772', '748', '771', '768', '765', '986', '753']
['578', '574', '560', '954', '571', '561', '899']
['279', '282', '281', '294', '293', '278', '280', '284', '277', '300', '275', '287', '283', '299', '664', '983', '331', '292', '295', '276', '297', '289', '290', '288', '285', '977', '291', '296', '286', '298']
['94', '91', '546', '98', '93', '79', '82', '603', '81', '92', '705', '89', '96', '100', '86', '594', '99', '95', '84', '83', '87', '85', '90', '824', '80', '97', '88']
['894', '890', '887', '891', '903', '892', '123', '886', '905', '893', '896', '909', '882', '888', '904', '898', '884', '889', '353', '900', '902', '935', '895', '906', '897', '718', '901', '907', '883', '885']
['70', '60', '65', '68', '76', '75', '73', '118', '64', '57', '55', '56', '77', '66', '62', '72', '63', '74', '61', '58', '69', '71', '54', '929', '67', '996', '53', '59']
['654', '657', '533', '665', '662', '661', '667', '538', '963', '985', '666', '656', '814', '671', '670', '673', '659', '674', '669', '994', '918', '672', '556', '660', '658', '663', '821']
['402', '807', '849', '832', '974', '837', '333', '911', '828', '334', '843', '835', '846', '808', '834', '838', '839', '520', '825', '830', '976', '833', '852', '355', '831', '836', '984', '829', '827', '840', '851', '908', '845', '844', '850', '842', '847', '841', '826', '848']
['638', '648', '642', '634', '559', '646', '111', '637', '649', '651', '644', '584', '647', '655', '641', '636', '650', '635', '113', '645', '639', '643', '640', '652']
['941', '913', '320']
['337', '389', '537', '391', '406', '408', '403', '398', '404', '387', '395', '960', '410', '409', '400', '407', '412', '393', '386', '599', '396', '583', '392', '359', '405', '539', '394', '411', '388', '939', '397', '390', '401', '399', '614', '126']
['962', '693', '125', '354', '687', '697', '966', '689', '682', '691', '946', '540', '980', '695', '678', '694', '686', '699', '698', '685', '681', '690', '684', '676', '677', '350', '982', '702', '703', '114', '683', '700', '696', '675', '688', '701', '679', '959', '680', '692']
['523', '528', '514', '958', '508', '526', '519', '513', '517', '512', '505', '515', '916', '509', '587', '507', '522', '527', '532', '524', '516', '530', '525', '521', '506', '511', '518', '531', '510', '529', '709']
['104', '436', '0', '710', '601', '4', '16', '590', '613', '352', '586', '928']
['859', '853', '856', '864', '870', '103', '854', '860', '858', '881', '878', '862', '148', '866', '871', '874', '872', '868', '879', '855', '713', '857', '869', '877', '863', '873', '861', '865', '875', '876', '992', '867', '593']
['427', '917', '413', '937', '431', '420', '419', '421', '912', '425', '417', '430', '434', '429', '981', '424', '987', '422', '925', '914', '426', '416', '435', '428', '597', '418', '119', '127', '433', '415', '423', '704', '432']
['971', '461', '338', '923', '716', '712', '464', '474', '473', '880', '548', '542', '346', '476', '478', '535']
['555', '932', '115', '819', '301', '105']
['733', '737', '728', '744', '745', '725', '732', '721', '729', '734', '735', '731', '740', '727', '910', '724', '723', '722', '746', '738', '726', '742', '116', '720', '741', '952', '743', '739', '736', '730']
['14', '541', '608', '124', '953', '979', '598', '943', '549']
['221', '215', '213', '212', '924', '226', '211', '942', '223', '224', '813', '217', '227', '214', '222', '219', '230', '210', '209', '208', '220', '228', '229', '216', '218', '225']
