['AYW', 'BHN', 'AXM', 'ANR', 'AEU', 'BIH', 'BBK', 'BGF', 'AQO', 'ALY', 'AFN', 'ABJ', 'AQD', 'AXI', 'AQW', 'BBD', 'BKS', 'BCI', 'AEW', 'BMM', 'AAL', 'BGD', 'AUY', 'AIM', 'BJG']
['AQL', 'AIF', 'AML', 'ALM', 'ALG', 'AGB', 'BJH', 'BFH', 'AWF', 'AUT', 'AFS', 'BAY', 'AWH', 'BAS', 'BFL', 'BJN', 'BLK', 'ASN', 'BJW', 'BIM', 'AOI', 'AQR', 'AUK', 'BDN', 'AWP']
['BID', 'BFK', 'BAM', 'AVS', 'ANN', 'BMR', 'BLF', 'ADD', 'ANJ', 'BIQ', 'ALK', 'ABP', 'ACD', 'AEC', 'ACP', 'BDC', 'AMH', 'ANW', 'AUD', 'BBG', 'APE', 'AJI', 'BOM', 'BMW', 'AVA']
['ADC', 'AMG', 'AWT', 'ADY', 'BEC', 'BMT', 'BLY', 'AAX', 'AWI', 'BFM']
['ARQ', 'BAD', 'ALL', 'AUE', 'AYP', 'AYC', 'AAJ', 'BDR', 'ADU', 'ARI', 'BFS', 'AVH', 'AVY', 'AJK', 'BJQ', 'AKQ', 'ABX', 'BHM', 'ACC', 'BGC', 'BDU', 'BFV', 'BMH', 'BGB', 'ATP']
['ABD', 'ACK', 'BAG', 'AFL', 'BMO', 'BHT', 'AGA', 'BBS', 'BHD', 'BNM', 'BHJ', 'BKY', 'AUQ', 'AJB', 'AJF', 'ABQ', 'BCQ', 'AVG', 'AKU', 'ATI', 'BOI', 'AAF', 'AEJ', 'AUH', 'BKM']
['AAU', 'APG', 'ABV', 'BOU', 'ADV', 'AEQ', 'AKP', 'AOE', 'ANS', 'BDB', 'BLV', 'AGD', 'BIK', 'ALN', 'AXS', 'AAM', 'BJB', 'BNK', 'AAC', 'BOC', 'AHF', 'AED', 'BIA', 'BLR', 'AWM']
['BGR', 'AWJ', 'AVW', 'AIT', 'AVV', 'BBY', 'BCS', 'BEQ', 'AXC', 'AYG', 'AEB', 'AIO', 'BIW', 'AIQ', 'BNL', 'AKF', 'AGR', 'BCJ', 'ATK', 'APD', 'AWS', 'AAA', 'BOX', 'AQK', 'BHK']
['BFA', 'ARW', 'BEW', 'AXR', 'BCM', 'AXA', 'AUP', 'AIJ', 'ANT', 'ALX', 'ADN']
['ANA', 'BEL', 'ALA', 'AXF', 'AII', 'AQF', 'AJV', 'ALB', 'ATL', 'AID', 'ASO', 'BMY', 'ADF', 'BHQ', 'BDS', 'BMB', 'BLL', 'BMV', 'AGK', 'AHV', 'BLQ', 'ASG', 'ASC', 'BAQ', 'BNW']
['BHP', 'ANC', 'AGS', 'BBN', 'ADI', 'AYY', 'BON', 'AMY', 'BNA', 'ALD', 'BJT', 'AFU', 'BFW', 'BKX', 'BOB', 'ARN', 'BGP', 'AKC', 'AHU', 'AVC', 'AQS', 'BIU', 'AAY', 'ACY', 'AVB']
['AFJ', 'ADS', 'BJR', 'AMM', 'ANI', 'AWE', 'AEF', 'ANX', 'ADA', 'BFI', 'AAR', 'BAT', 'AWW', 'ACI', 'BGK', 'AAK', 'AWD', 'BGM', 'ACV', 'BCX', 'BOT', 'BHU', 'AJW', 'APR', 'BFC']
['BDF', 'ARV', 'AXG', 'AMU', 'BKV', 'BEF', 'AQE', 'BIS', 'ABB', 'BNI', 'ART', 'BMS', 'AWN', 'ASM', 'BNX', 'ASQ', 'AXH', 'AYM', 'AXD', 'ARK', 'BBT', 'ACR', 'AKR', 'AFH', 'AWK']
['AFA', 'ARB', 'BCV', 'AKD', 'BBA', 'BFG', 'AKY', 'BCD', 'BHF', 'BOJ', 'ARR', 'BNE', 'BNR', 'AYF', 'AYK', 'AMF', 'AYI', 'AAG', 'BKL', 'BGW', 'BGU', 'AJG', 'BOP', 'BNB', 'ADW']
['ARX', 'ANU', 'ALR', 'AIE', 'ATN', 'AUF', 'ANF', 'AJM', 'BLU', 'BFD', 'AEV', 'BAN', 'BAV', 'BHO', 'BNJ', 'APB', 'AXJ', 'AQG', 'AYU', 'ALF', 'BAP', 'ARU', 'AMP', 'AYR', 'ABA']
['BHY', 'ANL', 'AJH', 'AEG', 'BCU', 'ABK', 'ABT', 'BOR', 'AOU']
['BBB', 'ASV', 'ARO', 'BAK', 'ANH', 'AVI', 'AXL', 'ARP', 'AHQ', 'BKD', 'AEI', 'ATU', 'ATS', 'BKH', 'BGS', 'BCF', 'BBI', 'BKA', 'BIR', 'ACH', 'ARM', 'AKS', 'BNV', 'ATM', 'BMK']
['BDA', 'BCE', 'AVT', 'AFG', 'AFT', 'AOA', 'AAQ', 'AVK', 'BOQ', 'ASK', 'BEI', 'AUW', 'AYX', 'BNY', 'AIS', 'BEP', 'BOY', 'AHJ', 'BDP', 'AQQ', 'BJY', 'ADX', 'APA', 'API', 'BCH']
['APV', 'AUB', 'AFM', 'BEN', 'BBR', 'ATH', 'BED', 'BII', 'AKX', 'BNC', 'AOR', 'AWG', 'BEB', 'BNF', 'BCG', 'BOK', 'BDQ', 'BJP', 'AND', 'AUA', 'APU', 'AGO', 'BDK', 'AWB', 'BKJ']
['BFR', 'AHK', 'ACU', 'ABS', 'ADH', 'AOW', 'BFB']
['BLB', 'APL', 'ATB', 'AHE', 'BKQ', 'AOK', 'BKG', 'AOM', 'BGH', 'AFE', 'AMJ', 'AVP', 'BMC', 'AIL', 'AJU', 'ALH', 'AMB', 'AAE', 'BCA', 'AVE', 'BMX', 'ALJ', 'ACQ', 'ATY', 'BOG']
['AMO', 'AXU', 'BEG', 'AVO', 'BNU', 'BOO', 'APP', 'APO', 'BDV', 'AVR', 'BEH', 'AUJ', 'BGQ', 'AXQ', 'AOB', 'AKH', 'BEX', 'BIB', 'AQU', 'AVQ', 'AST', 'ABF', 'BOE', 'ALV', 'BFE']
['APC', 'AUG', 'AOT', 'BLO', 'AUN', 'ALI', 'AOQ', 'BBE', 'ACM', 'ATD', 'AFR', 'BKC', 'AOC']
['AON', 'AAH', 'BHA', 'AMK', 'AFC', 'ABI', 'AOY', 'BAE', 'AYV', 'BEA', 'ACO', 'ANE', 'AIH', 'AXO', 'ARF', 'ALQ', 'AXT', 'ANV', 'ANP', 'AKT', 'BIF', 'AJA', 'AKJ', 'AGL', 'AIA']
['AMV', 'AYN', 'BCO', 'ATA', 'BNN', 'ADL', 'ASA', 'BLJ', 'BOA', 'BIC', 'ALT', 'ADP', 'AUR']
['AYL', 'AIV', 'AQM', 'BLX', 'AIK', 'BLN', 'AWV', 'AOL', 'BAO', 'AFF', 'ATG', 'BAR', 'AJL', 'BLH', 'ABY', 'AJS', 'AKB', 'ATW', 'AQV', 'AAT', 'BBM', 'AXV', 'BNT', 'AVJ', 'BAL']
['BAB', 'BKI', 'AMS', 'BIO', 'ADB', 'ASI', 'AKN', 'APT', 'ADE', 'AQN', 'AOJ', 'AOF', 'BLM', 'BJC', 'AYH', 'BFT', 'BJV', 'APH', 'BLE', 'BIG', 'AHS', 'BMF', 'AGV', 'AHW', 'BOS']
['BLG', 'AJQ', 'AEX', 'BGV', 'AYA', 'AHX', 'AKV', 'AGW', 'AVL', 'APN', 'BCT', 'AJC', 'BBL', 'AVN', 'AIN', 'AYJ', 'BEK', 'AGY', 'AUC', 'BGA', 'AET', 'BOV', 'BJL', 'AHA', 'ADT']
['ADK', 'ATF', 'ABU', 'BJF', 'AIP', 'AXY', 'AVM', 'BMG', 'AEL', 'BOD', 'BJX', 'ABR', 'AEH', 'ARH', 'BNH']
['AME', 'BBU', 'BEO', 'BFJ', 'AYE', 'ARD', 'BOL', 'BIY', 'ALC', 'BMP', 'AEN', 'ARA', 'AGP', 'AQA', 'ARJ', 'BKE', 'BGI', 'ASX', 'ATQ', 'ADQ', 'AUU', 'AGE', 'AKM', 'ACL', 'BBP']
['AIC', 'BHE', 'BGG', 'ATV', 'ABW', 'BJS', 'ASL', 'BDJ', 'AWC']
['AGI', 'ASJ', 'AAS', 'APM', 'ALU', 'BGN', 'ACT', 'BIN', 'BDI', 'AKI', 'AMN', 'BAA', 'BIJ', 'BDD', 'AFO', 'BAI', 'BFF', 'ANO', 'AES', 'BCK', 'BKO', 'BHL', 'AWY', 'AWR', 'AFD']
['AAB', 'BJI', 'AJX', 'BKF', 'AFK', 'AQX', 'BAF', 'AQC', 'BFQ']
['BGT', 'AQI', 'ASU', 'AAI', 'BLT', 'BAC', 'AOH', 'AHH']
['BHB', 'ABL', 'AGX', 'AOV', 'AOP', 'AHO', 'ABH']
['AMW', 'BLW', 'AFX', 'APK', 'AFW', 'AJO', 'AWU', 'ADJ', 'AYS', 'ACJ']
['AAO', 'BAJ', 'BAH', 'AKE', 'ACX', 'AGN', 'APJ', 'BIP', 'BET', 'AEP', 'AVF', 'AJE', 'AIU', 'BMJ', 'AGC', 'AUV', 'AHR', 'AKG', 'ARY', 'BBV', 'ALO', 'AMI', 'AHD', 'BEJ', 'ACB']
['AHI', 'ABM', 'AOS', 'BCW', 'AJP', 'ACF', 'AEY', 'APS', 'BHI', 'AUI']
['BHC', 'BDT', 'BDY', 'AQJ', 'BIE', 'BEV', 'AKA', 'APF', 'ATX', 'BCC', 'ASH', 'BCY', 'AVU', 'AXP', 'ASS', 'AYT', 'AEM', 'BHG', 'AOG', 'BFP', 'BCR', 'ACS', 'AUL', 'AGF', 'AHG']
['BIL', 'AIX', 'ANB', 'BDH', 'ASW', 'BEY', 'BMD', 'BBQ', 'BNP', 'ASB']
['AKL', 'BDM', 'ANM', 'ALW', 'ATT', 'BBJ', 'AFP', 'AEE', 'ALS', 'BLP', 'ACG', 'AGU', 'AXK', 'BOF', 'AGM', 'AOX', 'BML', 'AOO', 'AGG', 'AUM', 'AHP', 'ANY', 'ATE', 'BMQ', 'ANG']
['AWO', 'BJK', 'AMD', 'AIG', 'BND', 'BKP', 'AYB', 'BDX', 'AEA', 'AJJ', 'ADO', 'BFY']
['BLA', 'BMI', 'BFO', 'AJR', 'BBX', 'BLI', 'BLD', 'BGO', 'BHR', 'BMN', 'ACN']
['AJN', 'AMT', 'BJA', 'BEU', 'BMU', 'BJJ', 'BES', 'BAX', 'BCN', 'ADG', 'BNQ', 'AFI', 'AAD', 'ASD', 'BIV', 'AMA', 'AXW', 'ANQ', 'AKW', 'APW', 'ASF', 'BJD', 'BKK', 'AER']
['AAN', 'BHH', 'AIR', 'ASP', 'BHS', 'APY', 'BGE', 'ADM', 'AOD', 'AWL', 'ABG', 'AHT', 'BEM', 'AVD', 'BDL', 'AIY', 'BNO', 'BJM', 'ATJ', 'AQP', 'ASE', 'AAV', 'AEK', 'AFB']
['BKN', 'BIT', 'AMC', 'ABE', 'AEO', 'AAP', 'AGH', 'BBO', 'AMR', 'AJY', 'ARC', 'AUX', 'BHV', 'BBC', 'ATO', 'BOW', 'BLC', 'AHN', 'BCP', 'BOH', 'ARS', 'BGJ', 'AIB', 'ASR', 'BJU']
['AWA', 'BDE', 'BER', 'APQ', 'BJE', 'AIW', 'AXN', 'ALP', 'ARE', 'BEE', 'BBH', 'BGL', 'ABN']
['ARG', 'AGQ', 'BDO', 'AJD', 'BGY', 'BBW', 'AFY', 'AWQ', 'BFX', 'BKW', 'ASY', 'BAW', 'AHB', 'ADR', 'AXX', 'APX', 'AQY', 'BMA', 'ABC', 'AYD', 'ANK', 'AJT', 'AFV', 'BHX', 'AGJ']
['BBF', 'AHL', 'AHM', 'AXB', 'BHW', 'BKT', 'BGX', 'BIX', 'AYQ', 'BKU', 'AHC', 'BME', 'AWX', 'BDG', 'ACE', 'AQB', 'AUS', 'BFN', 'AFQ', 'AXE', 'AYO', 'ATR', 'AVX', 'ACW', 'BFU']
['AHY', 'BKB', 'AQH', 'BKR', 'AMX', 'ARL', 'AGT', 'BLS', 'ACA', 'AUO', 'ALE', 'AKK', 'BJO', 'AAW', 'BNG', 'BDW', 'BCL', 'BAU', 'ATC', 'BNS', 'BCB', 'ABO', 'AKO', 'AQT', 'AMQ']
