['76', '480', '516', '249', '692']
['524', '637', '279', '189', '390', '368', '327', '596', '69', '520']
['297', '302', '514', '472']
['395', '346', '216']
['490', '364', '194', '10', '495', '42', '464', '212', '620', '106', '600', '263', '746', '207']
['694', '778', '155', '734', '56', '133', '132', '20', '588', '306', '505', '510', '727', '730']
['179', '761', '642', '711', '284', '12', '173', '16', '738', '676', '25']
['771', '110', '9', '491', '751', '650', '193', '764', '202', '499']
['210', '323', '333', '698', '23', '226', '111']
['427', '265', '586', '471', '401']
['502', '562', '723', '172', '797', '1', '587', '653', '614', '625', '420', '532', '580']
['351', '246', '200', '358', '405', '312', '517', '136', '512', '225', '101', '118']
['166', '84', '632', '536']
['418', '55', '657', '365', '183', '244']
['585', '458', '481', '758']
['446', '389', '453', '417', '171', '371']
['203', '135', '262', '167', '48', '199', '5', '277', '373']
['100', '3', '345', '518', '434', '51', '584', '640', '19']
['766', '398', '658', '439']
['307', '696', '372', '353', '220', '507', '335', '15']
['150', '187', '137', '271', '483', '161', '330']
['376', '623', '317', '197', '731', '788', '229', '347', '508']
['757', '564', '624', '147', '320', '693', '474', '679', '589', '673', '254']
['160', '36', '163', '72', '177', '755', '669', '299']
['700', '322', '581', '739', '396', '130']
['702', '773', '413', '462', '591', '783', '425', '441', '131', '382']
['612', '523', '96', '618', '289', '298']
['255', '638', '561', '667']
['430', '652', '641', '559', '478']
['748', '689', '379', '294', '710', '408', '181', '759', '470']
['419', '227', '127', '62', '339', '605', '659', '736']
['454', '475', '724', '140', '151', '352', '319', '89', '374', '231']
['7', '777']
['45', '164', '4']
['122', '305', '528', '501', '37', '725', '535']
['654', '519', '718', '686', '610', '287']
['442', '34', '321', '789', '165', '85', '548']
['252', '687', '99']
['487', '530', '386', '649']
['707', '50', '691', '465', '450', '666', '360', '196', '506']
['482', '760', '473', '634', '534', '785', '455']
['14', '597', '463', '49', '296', '565', '423', '217']
['125', '598', '28', '457', '83']
['406', '556', '522']
['206']
['78', '241', '745']
['703', '46', '709', '533']
['121', '175', '671', '645', '416', '615', '560', '97', '705', '715', '498']
['182', '593']
['555', '594', '268', '500', '590', '511', '286', '107', '409']
['489', '609', '540', '236', '571', '350']
['566', '392']
['114', '402', '617', '87', '762', '644', '387', '159']
['146', '359', '391', '318', '230', '313', '549']
['222', '461', '769', '213']
['799', '60', '683', '109', '282', '280', '577', '563']
['394', '291', '354', '744', '145', '452', '80', '228', '469', '343']
['0']
['143', '717', '602', '440', '655']
['52', '445', '264', '266', '198', '467', '749', '432', '283']
['422', '574', '607', '551', '113']
['704', '105']
['613', '635', '443', '32']
['88', '94', '243']
['300', '438', '38', '740', '2', '794', '742', '569']
['378']
['681', '521', '770']
['148', '466', '245', '538', '235', '123']
['139', '58', '668', '662', '629']
['646', '527', '250']
['153', '592', '552', '208', '238', '782', '400']
['341', '743', '537', '377', '126']
['33', '553', '120', '201', '678', '424']
['763', '174', '232', '497', '31']
['429', '68', '631']
['780', '29', '215']
['349', '205', '209', '71']
['221', '219', '579', '239', '404', '17']
['22', '611', '304']
['493', '664', '792', '176']
['272']
['186', '314', '688', '39', '791', '578']
['242', '539']
['370', '77', '102', '285']
['543', '8', '616', '119', '411']
['747', '722']
['253', '154', '526', '798', '356']
['732', '95', '790', '656']
['753', '750', '328']
['492', '627']
['180', '485', '24', '435', '316', '410']
['311']
['608', '281', '53', '214', '621']
['582']
['781', '575', '737']
['774']
['670', '542', '170', '57']
['63']
['256']
['752', '98', '21', '30']
['309', '74', '342']
['399', '639', '504', '663', '545']
['701', '344']
['403', '468']
['779', '476', '393']
['124', '64', '134', '369', '234']
['397']
['388', '775', '259', '157', '776', '116', '385']
['547', '604', '375', '772', '303']
['75', '484', '188', '91']
['90', '546', '11']
['626', '733', '477', '169']
['456', '67', '660']
['104', '784']
['59', '568', '697', '437', '513']
['35', '488', '54']
['601', '767']
['479']
['276', '325', '682', '13', '275']
['108', '684', '695']
['712', '158', '680', '149']
['329', '337', '721', '708']
['338', '447']
['81', '713']
['787', '332']
['672', '162', '606']
['367', '459', '558', '433']
['412', '728']
['292', '138', '714', '796', '257', '795']
['603']
['509', '661', '251']
['628', '494']
['218', '82']
['18', '260', '211', '288']
['690', '73']
['129', '142', '290']
['570', '716', '248', '223']
['675', '576']
['308']
['348', '363']
['273', '326', '115']
['336']
['647', '47']
['573', '65', '486', '224', '295']
['192', '544']
['496', '583', '233', '191']
['258', '40', '274', '448', '269']
['674', '66', '460']
['144', '381', '237']
['293']
['41', '6']
['267']
['529']
['331', '719']
['61', '315', '44', '793', '27']
['361', '633']
['421', '729']
['428', '630']
['185']
['152']
['741', '141', '178']
['431']
['362']
['383']
['384', '515']
['26', '156']
['567', '768']
['426']
['665', '756']
['699']
['310']
['415', '503']
['651', '92', '240']
['301', '355']
['79', '270', '278', '324']
['786']
['541', '449', '622', '677', '366']
['444']
['557']
['247', '112']
['340', '261', '380']
['726', '550']
['93']
['168', '685']
['720', '195', '706']
['184']
['599']
['765', '190']
['648']
['531']
['572', '451']
['103']
['525', '636', '86']
['754', '334']
['735']
['619', '407', '436', '117']
['128']
['43', '204', '414', '595']
['554', '70', '357']
['643']
