['153', '665', '712', '354', '125', '514', '770', '162', '409', '862', '241', '118', '110', '294', '366', '550', '544', '48', '747', '149', '664', '830', '798', '156', '647', '295', '754', '797', '880', '435', '641', '367', '332', '443', '589', '176', '476', '350', '708', '597', '703', '78', '718', '464', '525', '639', '151', '225']
['859', '427', '750', '203', '406', '233', '941', '953', '837', '398', '590', '336', '546', '652', '892', '293', '627', '77', '56', '466', '813', '12', '695', '823', '945', '292', '488', '723', '365', '174', '789', '775', '699', '245', '247', '141', '171', '522', '755', '527', '700', '87', '701', '157', '821', '59', '578', '373']
['737', '533', '523', '136', '452', '352', '667', '630', '930', '226', '549', '878', '489', '444', '666', '190', '363', '606', '649', '327', '816', '874', '752', '727', '359', '803', '355', '150', '416', '504', '596', '371', '25', '54', '742', '487', '929', '851', '908', '210', '42', '228', '841', '17', '876', '848', '736', '126']
['799', '648', '49', '537', '779', '213', '864', '581', '344', '207', '697', '235', '64', '147', '386', '756', '313', '644', '243', '898', '19', '436', '562', '201', '16', '613', '576', '873', '2', '276', '428', '95', '669', '26', '264', '84', '702', '748', '897', '450', '127', '139', '716', '918', '291', '80', '614', '97']
['657', '890', '324', '947', '75', '949', '38', '646', '571', '106', '319', '242', '155', '905', '923', '135', '223', '47', '368', '653', '574', '198', '27', '678', '515', '240', '376', '857', '180', '0', '266', '668', '257', '40', '829', '681', '690', '532', '185', '184', '861', '706', '875', '951', '465', '672', '23', '432']
['34', '9', '186', '196', '212', '911', '858', '46', '508', '498', '195', '407', '734', '393', '599', '280', '579', '882', '651', '480', '520', '325', '925', '44', '914', '86', '497', '485', '249', '711', '935', '272', '685', '104', '18', '602', '940', '362', '845', '83', '267', '339', '768', '399', '484', '437', '433', '593']
['70', '490', '345', '60', '482', '28', '745', '582', '108', '958', '502', '109', '866', '7', '792', '82', '441', '51', '384', '236', '74', '439', '283', '287', '14', '780', '567', '852', '323', '572', '820', '405', '426', '353', '863', '128', '624', '160', '683', '629', '401', '268', '739', '643', '565', '642', '52', '692']
['179', '638', '767', '894', '256', '76', '854', '717', '255', '933', '316', '805', '308', '148', '454', '526', '41', '66', '328', '414', '536', '473', '81', '284', '560', '13', '175', '468', '671', '722', '670', '650', '822', '895', '676', '330', '840', '307', '564', '784', '556', '907', '720', '847', '88', '177', '460', '343']
['445', '773', '937', '252', '145', '477', '130', '794', '946', '540', '761', '938', '278', '811', '796', '181', '166', '300', '806', '774', '100', '50', '632', '230', '783', '611', '377', '132', '474', '902', '372', '635', '673', '955', '791', '483', '101', '609', '250', '524', '33', '1', '143', '952', '199', '959', '801', '30']
['3', '317', '183', '91', '333', '828', '43', '281', '400', '619', '348', '721', '617', '55', '729', '79', '262', '189', '140', '251', '63', '112', '417', '105', '382', '910', '200', '461', '320', '314', '234', '557', '99', '698', '726', '187', '675', '67', '209', '660', '573', '296', '39', '620', '954', '810', '510', '534']
['786', '849', '120', '832', '188', '129', '605', '815', '538', '600', '782', '11', '412', '843', '735', '893', '253', '603', '421', '921', '131', '812', '884', '889', '814', '713', '793', '261', '539', '831', '916', '274', '788', '762', '479', '289', '288', '304', '553', '90', '260', '658', '625', '286', '458', '356', '229', '826']
['757', '413', '391', '360', '305', '924', '559', '152', '558', '98', '142', '470', '555', '570', '931', '192', '321', '637', '117', '610', '517', '37', '740', '563', '451', '392', '331', '364', '769', '222', '934', '800', '618', '551', '939', '542', '677', '753', '191', '585', '741', '239', '640', '144', '158', '867', '298', '569']
['402', '733', '853', '601', '282', '486', '817', '891', '161', '448', '205', '586', '102', '182', '494', '93', '691', '163', '839', '493', '92', '904', '656', '705', '920', '825', '217', '422', '351', '612', '491', '710', '503', '869', '877', '686', '394', '58', '159', '378', '530', '944', '518', '53', '704', '170', '680', '6']
['380', '337', '134', '936', '10', '856', '279', '760', '453', '173', '263', '420', '419', '57', '759', '543', '361', '948', '271', '434', '358', '347', '715', '168', '227', '214', '804', '598', '169', '397', '738', '950', '202', '772', '684', '285', '771', '270', '688', '645', '22', '850', '24', '167', '511', '663', '218', '561']
['446', '338', '215', '408', '693', '68', '744', '528', '133', '431', '459', '342', '309', '577', '766', '334', '246', '623', '513', '896', '912', '89', '273', '919', '583', '868', '621', '340', '475', '322', '172', '714', '591', '900', '587', '781', '636', '467', '440', '809', '315', '956', '8', '220', '20', '521', '885', '928']
['457', '751', '608', '65', '122', '103', '115', '725', '687', '238', '206', '835', '224', '909', '269', '178', '872', '299', '913', '32', '258', '694', '818', '219', '626', '35', '674', '21', '254', '290', '385', '516', '883', '842', '208', '765', '679', '216', '709']
['496', '917', '654', '807', '194', '887', '595', '395', '375', '622', '942', '310', '72', '306', '512', '396', '584', '424', '785', '96', '724', '932', '248', '341', '899', '455', '113', '568', '265', '449', '335', '415', '481', '777']
['94', '634', '404', '881', '107', '541', '472', '731', '888', '277', '505', '15', '787', '164', '137', '381', '69', '865', '121', '418', '696', '844', '901', '390', '500', '531', '566', '545']
['758', '870', '552', '860', '661', '346', '886', '682', '447', '628', '879', '370', '855', '124', '588', '5', '943', '719', '456', '36', '193', '575']
['329', '926', '383', '204', '655', '922', '165', '616', '388', '85', '871', '4', '259', '232', '275', '231', '423', '71', '116', '580']
['146', '529', '379', '119', '554', '326', '808', '411', '62', '615', '927', '548', '819', '827', '349', '297', '301', '73', '906', '369']
['547', '604', '519', '633', '29', '592', '61', '846', '312', '501', '403', '499', '506', '430', '764', '749', '730']
['114', '389', '631', '509', '662', '45', '838', '429']
['442', '778', '763', '111', '438', '746', '795', '410', '302', '535']
['221', '689', '463', '915', '211', '462', '728', '357', '824', '834', '659', '507', '776']
['237', '495', '318', '197', '836', '311', '607', '743', '903', '244', '303', '469']
['707', '492', '833', '957', '374', '123']
['790', '802', '138', '594']
['425', '154', '478', '31']
['732', '471', '387']
