['Sharilyn', 'Andreas', 'Evelin', 'Trena', 'Daren', 'Elisabeth', 'Ute', 'Rhiannon', 'Carmella', 'Lana', 'Colette', 'Dixie', 'Leonida', 'Jade', 'Salome', 'Joye', 'Elicia', 'Exie', 'Edgar', 'Ofelia']
['Lilly', 'Arlene', 'Opal', 'Tim', 'Lue', 'Marvin', 'Lashandra', 'Rita', 'Era', 'Lucretia', 'Charley', 'Chang', 'Murray', 'Lela', 'Tyesha', 'Savanna', 'Delmy', 'Kiara', 'Karmen', 'Tamica']
['Fairy', 'Lucas', 'Alita', 'Sunday', 'Arcelia', 'Kurtis', 'Bernadine', 'Lyn', 'Altagracia', 'Theresa', 'Mazie', 'Sonya', 'Heide', 'Sharmaine', 'Retta', 'Joya', 'Eduardo', 'Tena', 'Val', 'Yer']
['Dorene', 'Mariette', 'Yevette', 'Horace', 'Carson', 'Zena', 'Marci', 'Marcie', 'Clarence', 'Pinkie', 'Darwin', 'Kendall', 'Rachel', 'Olevia', 'Kristi', 'Princess', 'Eugene', 'Saul', 'Byron', 'Tiffani']
['Dean', 'Amy', 'Gertie', 'Junior', 'Irena', 'Darrel', 'Tennille', 'Isabel', 'Clarinda', 'Anh', 'Janetta', 'Dion', 'Lelah', 'Rachael', 'Terry', 'Nickolas', 'Eloisa', 'Valorie', 'Sheldon', 'Tarsha']
['Lizabeth', 'Randa', 'Kristopher', 'Nathalie', 'Natividad', 'Tamala', 'Jarod', 'Chun', 'Aleisha', 'Emmanuel', 'Stephani', 'Leilani', 'Florencio', 'Merrill', 'Noreen', 'Tamisha', 'Percy', 'Mckenzie', 'Jaclyn', 'Selena']
['Christiane', 'Naida', 'Clyde', 'Clifton', 'Bertha', 'Marilynn', 'Karl', 'Angelina', 'Michiko', 'Sang', 'Audie', 'Emelia', 'Tracie', 'Dave', 'Louetta']
['Daron', 'Loma', 'Rudolf', 'Nelda', 'August', 'Kamilah', 'Cassie', 'Loria', 'Roxanne', 'Honey', 'Chase', 'Corinna', 'Chelsie', 'Ressie', 'Porter', 'Antoine']
['Vivien', 'Eufemia', 'Xuan', 'Camilla', 'Monet', 'Elvie', 'Bea', 'Nelly', 'Trey', 'Branden', 'Hester', 'Jonell', 'Wallace', 'Laraine', 'Iris', 'Joelle', 'Elisa', 'Delena', 'Rosalie']
['Adolph', 'Herman', 'Jan', 'Clarissa', 'Maria', 'Judie', 'Lon', 'Guillermina', 'Vada', 'Kristina', 'Felecia', 'Zada', 'Dora', 'Eneida', 'Penelope', 'Alonzo', 'Birdie', 'Ellis', 'Pearlie', 'Carolynn']
['Deana', 'Angela', 'Hortense', 'Aretha', 'Tamar', 'Annamarie', 'Kirstie', 'Rosalba', 'Kareem', 'Chester', 'Mirtha', 'Kasey', 'Marvel']
['Edythe', 'Deshawn', 'Dustin', 'Rick', 'Tisha', 'Gerardo', 'Sharla', 'Jeremy', 'Ara', 'Loren', 'Erlene', 'Edmond']
['Delois', 'Clara', 'Nohemi', 'Oma', 'Gladys', 'Kim', 'Roma', 'Rosalee', 'Dagmar', 'Xochitl', 'Lezlie', 'Genoveva', 'Karina', 'Pasquale', 'Mohamed', 'Travis', 'Jennefer', 'Hye', 'Noe', 'Elenora']
['Deloras', 'Lynette', 'Kylee', 'Lisette', 'Grant', 'Cleotilde', 'Alex', 'Darleen', 'Martin', 'Jesus', 'Robert', 'Alvin', 'Wilburn', 'Freddie']
['Delta', 'Janis', 'Micha', 'Theo', 'Mariko', 'Phylis', 'Josie', 'Lillia', 'Lisbeth', 'Herlinda', 'Destiny', 'Dewayne', 'Gisela', 'Harvey', 'Dexter']
['Sharolyn', 'Charmaine', 'Glenna', 'Michaela', 'Angeline', 'Chas', 'Raul', 'Logan', 'Aline', 'Alexandra', 'Tamela', 'Kymberly', 'Nieves', 'Flavia', 'Debora', 'Damion', 'Adah', 'Jina', 'Clinton', 'Mariano']
['Lyndon', 'Ambrose', 'Lala', 'Shavon', 'Genesis', 'Lavette', 'Daisy', 'Marlo', 'Anabel', 'Beulah', 'Danial', 'Meg']
['Mallie', 'Gerard', 'Allena', 'Darnell', 'In', 'Riley', 'Johnny', 'Son', 'Justine', 'Tory', 'Enriqueta', 'Griselda', 'Kris', 'Lola', 'Antonina', 'Jaqueline', 'Adrianna', 'Kelly', 'Emilia']
['Samara', 'Jerrell', 'Cherise', 'Michele', 'Sung', 'Maris', 'Ophelia', 'Osvaldo', 'Kate', 'Tressa', 'India', 'Ryann', 'Leila', 'Keshia']
['Deon', 'Hilma', 'Enola', 'Verna', 'Van', 'Vernia', 'Renetta', 'Jama', 'Harland', 'Kristen', 'Rodrigo', 'Felicita', 'Artie', 'Florinda', 'Meagan', 'Dusti', 'Norbert', 'Holley', 'Delmar', 'Jami']
['Alexa', 'Amada', 'Marquitta', 'Stanford', 'Leonard', 'Milissa', 'Whitney', 'Hilario', 'Alec', 'Susannah', 'Jeanette', 'Refugio', 'Carline', 'Cortney', 'Madison', 'Juliet', 'Pa', 'Sharlene', 'Felix', 'Claudie']
['Lois', 'Sharell', 'Chan', 'Jackelyn', 'Dorcas', 'Jerri', 'Beatrice', 'Helene', 'Charleen', 'Azalee', 'Alyson', 'Lamonica', 'Hubert', 'Florencia', 'Leah', 'Gilma', 'Dortha', 'Eve', 'Tawanna', 'Oleta']
['Idell', 'Tawny', 'Yang', 'Oneida', 'Susanna', 'Ron', 'Vernon', 'Joanne', 'Ardis', 'Ezequiel', 'Prince', 'Song', 'Brenton', 'Adelaide', 'Carlyn', 'Wendie', 'Iliana', 'Leandra', 'Eartha', 'Earnest']
['Maurine', 'Lanora', 'Enoch', 'Hobert', 'Juliette', 'Orval', 'Agustin', 'Cassi', 'Celia', 'Sabrina', 'Dalia', 'Deirdre', 'Vania', 'Joeann', 'Chance', 'Gus', 'Leota', 'Rebbeca', 'Isidro', 'Pam']
['Julia', 'Tina', 'Jamaal', 'Dong', 'Simon', 'Cammie', 'Lula', 'Jeniffer', 'Majorie', 'Tanesha', 'Charlene', 'Irene', 'Carmon', 'Jamila', 'Micheal', 'Danilo', 'Graham', 'Esther', 'Mitzi', 'Kara']
['Liane', 'Donna', 'Akiko', 'Sophia', 'Chrissy', 'Vita', 'Dinah', 'Tai', 'Hilda', 'Elvia', 'Imelda', 'Hanna', 'Elaina', 'Laurence', 'Marilee', 'Willa', 'Alethia', 'Dayna', 'Clementine', 'Kathi']
['Marvis', 'Edmundo', 'Alden', 'Genevive', 'Krystle', 'Sandra', 'Elinor', 'Piper', 'Mack', 'Jay', 'Vena', 'Sheron', 'Charla']
['Clarice', 'Nina', 'Fanny', 'Bridgett', 'Risa', 'Maryanne', 'Kyung', 'Olimpia', 'Tammi', 'Jon']
['Irma', 'Danna', 'An', 'Rolando', 'Gaynell', 'Georgiana', 'Dorathy', 'Brendon', 'Ocie', 'Zoraida', 'Clarita', 'Tanisha', 'Vernita', 'Faye', 'Elnora', 'Camelia', 'Yu', 'Elfrieda', 'Jene', 'Martha']
['Marcelo', 'Hiroko', 'Elizebeth', 'Cassy', 'Nicolas', 'Alysha', 'Roslyn', 'Myrtle', 'Darius', 'Glory', 'Patricia', 'Dennis', 'Neva', 'Zachariah', 'Harriet', 'Loura', 'Regine', 'Wilford', 'Paul', 'Coleman']
['Gwen', 'Courtney', 'Jacquelynn', 'Genie', 'Antonette', 'Lashay', 'Tobi', 'Aaron', 'Jacque', 'Luise', 'Shelton', 'Madlyn', 'Cristi', 'Naomi', 'Alane', 'Latoya', 'Jodi', 'Frederic', 'Lorri', 'Ettie']
['Stewart', 'Meridith', 'Precious', 'Ranee', 'Bonnie', 'Lynn', 'Sybil', 'Alfred', 'Shayna', 'Patrick', 'Maximo', 'Elsa', 'Gil', 'Bryan', 'Earline', 'Telma', 'Treena', 'Karissa', 'Clay', 'Lauren']
['Jenae', 'Ann', 'Sherman', 'Sheena', 'Deena', 'Alfredo', 'Inga', 'Leontine', 'Neal', 'Kisha', 'Brandie', 'Hassan', 'Clement', 'Hal', 'Cherryl', 'Brain', 'Tricia', 'Vanessa', 'Claretha', 'Pamila']
['Garret', 'Soledad', 'Jimmie', 'Janet', 'Elvin', 'Rima', 'Kirstin', 'Leonor', 'Joan', 'Kermit', 'Linda', 'Isaura', 'Dionne', 'Leona', 'Otha', 'Oswaldo', 'Tasha', 'Garland', 'Yanira', 'Louella']
['Sharan', 'Kimbra', 'Alberto', 'Frederica', 'Candance', 'Angella', 'David', 'Vesta', 'Elvira', 'Earleen', 'Teddy', 'Christin', 'Eustolia', 'Lonnie', 'Miranda', 'Malka', 'Jefferey', 'Cassidy', 'Lorelei', 'Jill']
['Spencer', 'Rheba', 'Elyse', 'Janell', 'Madie', 'Latricia', 'Perry', 'Deedee', 'Lennie', 'Alpha', 'Rodger', 'Barb', 'Elliott', 'Omar', 'Lisa', 'Millicent', 'Vanita', 'Heath', 'Magdalene', 'Alla']
['Annabel', 'Myrtice', 'Antionette', 'Marcellus', 'April', 'Carmelita', 'Dottie', 'Marion', 'Raleigh', 'Elijah', 'Lucia', 'Hershel', 'Susan', 'Estella', 'Selma', 'Lane', 'Guadalupe', 'Neida', 'Jannie', 'Emanuel']
['Antoinette', 'Ila', 'Latia', 'Verona', 'Tarah', 'Hyun', 'Temika', 'Odell', 'Shonda', 'Margart', 'Nicole', 'Fonda', 'Piedad', 'Reita', 'Phillip', 'Harris', 'Ok', 'June', 'Gregoria', 'Janiece']
['Nadia', 'Valeria', 'Dominque', 'Charisse', 'Jae', 'Marcella', 'Mariah', 'Yuk', 'Alton', 'Winford', 'Doyle', 'Almeta', 'Randi', 'Xavier', 'Laticia', 'Elodia', 'Kitty', 'Miriam']
['Stanley', 'Vincenzo', 'Jacelyn', 'Wes', 'Catherine', 'Providencia', 'Shellie', 'Ebony', 'Carmine', 'Archie', 'Vance', 'Georgina', 'Elaine', 'Esperanza', 'Tyisha', 'Marquis', 'Edda', 'Thalia']
['Sana', 'Joline', 'Hui', 'Renea', 'Rasheeda', 'Kay', 'Toby', 'Vonda', 'Verla', 'Toya', 'Milagros', 'Thuy', 'Heriberto', 'Tameika', 'Sherwood', 'Theressa']
['Demetrice', 'Onie', 'Anya', 'Elena', 'Carolee', 'Suzi', 'Ella', 'Jaimie', 'Wilmer', 'Latanya', 'Glenda', 'Jerica', 'Damian', 'Gilberto', 'Jessenia', 'Janyce', 'Tony', 'Bill', 'Ema', 'Diamond']
['Alicia', 'Danita', 'Tabitha', 'Dorthea', 'Dewitt', 'Daniel', 'Linnie', 'Maybelle', 'Randall', 'Roxane', 'Tomi', 'Mauro', 'Easter', 'Shaun', 'Buddy', 'Loan', 'Virginia', 'Taneka', 'Lavon', 'Oscar']
['Jacinto', 'Catalina', 'Kurt', 'Caryl', 'Imogene', 'Erna', 'Lila', 'Louise', 'Sanda', 'Miguel', 'Hayden', 'Jeffrey', 'Helena', 'Jeanetta', 'Kylie', 'Beverley', 'Deja', 'Jennie', 'Bailey', 'Houston']
['Caitlyn', 'Alphonso', 'Thea', 'Lasonya', 'Alesha', 'Lyle', 'Russell', 'Karen', 'Hillary', 'Leopoldo', 'Alvera', 'Dione', 'German', 'Marcos', 'Vicente', 'Jorge']
