['109', '450', '103', '101', '107', '105']
['485', '125', '486', '152', '487', '30']
['351', '416', '414', '72', '440', '415']
['227', '234', '230', '232', '226', '235']
['412', '195', '406', '267', '401', '409']
['373', '488', '21', '167']
['23', '239', '492', '241', '240']
['307', '310', '306', '309', '301', '308']
['134', '127', '132', '133', '143', '131']
['45', '475', '408', '342', '61']
['214', '279', '291', '278', '289', '290']
['384', '325', '442', '480', '243']
['84', '83', '77', '85', '82', '81']
['376', '294', '413', '399', '429', '144']
['75', '67', '93']
['17', '292', '122']
['164', '41', '28', '39', '171', '350']
['154', '448', '196', '96']
['0', '172', '139', '141', '130', '126']
['471']
['160', '163', '62', '115', '162', '161']
['187', '58', '188', '473', '358', '73']
['18', '395', '304']
['331', '334', '333', '327', '332', '346']
['446', '348', '91', '90', '381', '89']
['389', '391', '390', '169', '378', '190']
['43', '228', '74', '117', '229']
['349', '273', '299', '382', '405']
['338', '48', '368', '336', '344', '387']
['147', '474', '284', '281', '283', '285']
['22']
['246', '444', '298', '355', '176']
['465', '466', '464', '305', '158', '123']
['138', '135', '208', '137', '136', '400']
['24', '396', '271', '92', '118', '288']
['209', '201', '205', '207', '202', '206']
['104', '494', '404']
['490', '489', '491', '388', '493', '478']
['407', '454', '223', '453', '275', '451']
['50', '282', '280', '449', '277', '276']
['179', '189', '178', '42', '180']
['14', '3', '16', '198', '441', '15']
['258', '252', '257', '259', '260', '256']
['427', '426', '431', '434', '433', '432']
['496', '29', '1', '472']
['184', '182', '186', '183', '177', '185']
['337', '44', '470']
['341', '340', '339', '328', '31']
['108', '423', '200', '421', '296']
['359', '362', '360', '363', '357', '361']
['114', '380', '374', '372', '287']
['377', '110', '113', '219', '300']
['402', '418', '318', '4', '272', '410']
['430', '302', '140']
['64', '65', '66', '53', '54', '102']
['148', '111', '112']
['94', '166', '417', '40', '217', '499']
['264', '55', '253', '266', '265', '268']
['20', '347', '249', '469']
['370', '495', '69']
['323', '120', '311', '99', '248', '95']
['155', '482', '484', '477', '483', '481']
['170', '150']
['199', '49', '295']
['270', '174', '367', '398', '173', '498']
['146', '128', '321', '129', '157', '479']
['314', '317', '312', '303', '315', '316']
['100', '428', '106', '455', '369', '231']
['247', '193']
['326', '403']
['222', '224', '116']
['456', '175', '457', '452', '458', '459']
['203', '204', '86', '87', '88', '216']
['365', '345', '353', '364', '467']
['57', '60', '56', '51', '59', '52']
['159', '244']
['250', '121', '320']
['383', '210', '211', '213', '212', '156']
['119', '197', '443', '385']
['233', '411', '269', '366', '371']
['124', '375', '379', '220']
['221', '468', '274', '63', '447', '5']
['313', '225', '142', '439', '424', '392']
['329', '352', '356', '47', '330']
['168', '149']
['237', '194', '97', '236', '319', '238']
['422', '293', '386', '251', '255', '254']
['9', '10', '7', '8', '2', '6']
['297', '215', '68', '181', '245', '98']
['218', '425', '476', '25', '145']
['286', '419', '324', '343']
['76', '394', '79', '78', '80']
['261', '262', '151', '397', '263', '19']
['436', '393', '191', '438', '435', '437']
['242', '335']
['34', '33', '35', '27', '26', '32']
['12', '13', '11']
['463', '461', '462', '165', '354', '460']
['70', '192', '322', '420', '71', '46']
['445', '153', '36', '497', '37', '38']
