['RTLEU', 'GEZUX', 'XERYG', 'SYEVT', 'GVWKK', 'KMCRH', 'SMBYF', 'DYLWU', 'XYFYX', 'HNGPN']
['JAUNJ', 'OIHRA', 'MBMNJ', 'PZRXL', 'NNETM', 'NMKQJ', 'PJBJE', 'EKMGX', 'IQDRU', 'CJUYF']
['DHAFL', 'SWPVQ', 'ZKFWC', 'RSNFJ', 'YQHPO', 'IVTNQ', 'VYTDI', 'PIXGL', 'IZHGM', 'AHHVY']
['ULVKK', 'VWUNS', 'JVVVR', 'XTXPQ', 'RWJSY', 'XUERZ', 'NUAOV', 'HXTIK', 'QRTBQ']
['KAYTM', 'SLXVA', 'DABLQ', 'QRFWZ', 'KRFIS', 'GPYGT', 'DNQIF', 'ARCRA', 'VVENW', 'XGWLK']
['OXARV', 'PRWEF', 'WDXGL', 'NQPNG', 'YCNAD', 'MAXSA', 'CUQPQ', 'VRSRL', 'SQQZB', 'ZEJYQ']
['QLACD', 'EYLOH', 'FDJHA', 'NVMIR', 'OECVS', 'OMROL', 'PSOJQ', 'PTBJF', 'XSHVH', 'VOEIN']
['QBVMJ', 'HQJWD', 'ILQXC', 'ZYAWA', 'PQCAU', 'RJBDJ', 'BHYPT', 'VSLUW']
['VFXPR', 'ILZRR', 'CUSMN', 'IJPFG', 'JTIPD', 'EHAIO']
['YKOWK', 'ECUED', 'TZXMJ', 'CCQQW', 'MIAGD', 'IZSWA', 'CYJLW', 'PHWUT', 'MUCEL', 'TRBOZ']
['HITWV', 'AAJJD', 'JIYKE', 'DYALF', 'WPDNB', 'KIRNS', 'DMDLF', 'MGROM', 'NOEYF', 'ZFASL']
['YLXOL', 'XVLJG', 'GMMTA', 'UELNU', 'FIKTU', 'WMDSK', 'RFBBG', 'KXCBA', 'MAEEM', 'SDRNM']
['WOLKS', 'PKGDQ', 'UPXWI', 'UBINE', 'KLVPU', 'QRCPH', 'ZDAFS', 'TDOLY', 'RRVLT', 'YQXTS']
['GXAHJ', 'AESTR', 'TLIDL', 'ZWKQR', 'CKCFC', 'PQALR', 'NRCLV', 'TQMWM', 'JCPLD', 'QOEXD']
['UIICZ', 'UQIAC', 'REMSC', 'CLBDL', 'FADFD', 'NQMEX', 'TIFHQ', 'COVDL', 'JUVFB', 'XISCW']
['WNNEC', 'DAWIJ', 'CSSQB', 'RXRJO', 'MRGXW', 'ASKFR', 'BBYJW', 'ARPYF', 'YHTFJ', 'UUIHY']
['WFGMY', 'MREZF', 'ERYBS', 'SSAIB', 'KZPMV', 'IBYFN', 'MJJHU', 'MHLTE', 'FRRXR', 'CTDMQ']
['UGAZW', 'URTRV', 'JGQHX', 'ADVXJ', 'NJJSC', 'SWRYB', 'TAXAX', 'HNATA', 'JGQTB', 'UCRIM']
['IMFLK', 'ZSBJK', 'BUNVF', 'WLPRL', 'QWEDW', 'RPHQM', 'LVBCL', 'NAZXF', 'YUULN', 'PVBBK']
['MKPWN', 'OOSUZ', 'BVWOT', 'KPRIC', 'XCXCB', 'PRMXU', 'PFWIA', 'OKQWW', 'FUXEC', 'OFZAA']
['FWNUC', 'CHIPP', 'OJKBQ', 'PBCXQ', 'HFMGI', 'CXNPQ', 'VDQAT', 'CQHQK']
['KEWYM', 'ZRCYK', 'RIMEB', 'TTZZN', 'YMFZM', 'GHUZZ', 'DCEYP', 'TOHAQ', 'UTEJK']
['RGFSF', 'IMSCS', 'QNVVO', 'DETQL', 'ZBODB', 'YXMTZ', 'XUYLG', 'RIVEE', 'PKRIG', 'DHGRA']
['WRUCU', 'GNZHM', 'QLOAH', 'TRQKE', 'DSEMO', 'LXHLT', 'KMQJE', 'GVPBI', 'YDIPB', 'WNNFV']
['XMBIJ', 'SKCIG', 'CLSGV', 'UVXWG', 'CPGOX', 'YXPCN', 'RTMTX']
['VZADQ', 'BLLLQ', 'UDRIH', 'ZPNLU', 'OIPOS', 'ZDTLT', 'XLSCM', 'EMESV', 'ZMKKB']
['AEMCJ', 'RXKYU', 'BMHHU', 'POWIF', 'KSGLM']
['XMGHV', 'WKNMS', 'IZZBY', 'FJWYX', 'PDYPU', 'CGIVE', 'FXJAU']
['MPTBE', 'BSNVX', 'KGXSV', 'HCEKV', 'HERYQ', 'ROTKO', 'AGTLF', 'TVQBW', 'EAGYI', 'PTXVH']
['ZZEDT', 'GQTGE', 'TQGMI', 'HNBQL', 'SIAVE', 'VRWNN', 'UAIKK', 'OXPUU', 'TYGUS']
['OZWGF', 'JKWPJ', 'RPXDU', 'VCSMG', 'PDPDU', 'XRFWJ']
['AOWXA', 'XLMYO', 'PCYOB', 'ETKEV', 'POUVH', 'RZJCK', 'JDSJE', 'IIQQB', 'BEBMO', 'PUTFF']
['QJHDL', 'ZZQMC', 'LRNVS', 'VSTRH', 'HHZNP', 'KWEMO', 'CGMNL', 'LETWR', 'ZAHDX']
['IDTSI', 'LROLT', 'ZHZLM', 'XLRVA', 'EOPNL', 'DZKCC', 'XOBKS', 'CMBKG', 'KVFTD', 'XKMLB']
['GXHXX', 'NMIZY', 'QDIFE', 'FXDQL', 'FRSDT', 'QIZIJ', 'STCNL', 'QXAHE', 'FDNYE']
['EBVJB', 'SYBVG', 'QIAYT', 'EKGXM', 'GWFOY', 'AUFZQ']
['EPIBE', 'QTJCH', 'TDLVX', 'MSEWQ', 'WMWQB', 'DTDBN', 'WWPVV', 'LHBZA', 'LUNEY', 'DJOSK']
['FEFVK', 'OEVYP', 'SFAVI', 'AAYOF', 'STUAK', 'ZLPHK']
['QXJTO', 'VKCSA', 'GKQLT', 'WRUYL', 'LQFAQ']
['ALTMO', 'ESWGL', 'VJJKH', 'DIVHU', 'RDXHX', 'IPTKZ', 'DKJGQ', 'GWTMT', 'IVOSS', 'EJQMA']
['OIDQE', 'WTNHR', 'SSSVC', 'YVARI', 'EEXMY', 'ELDRD', 'GLSCM', 'ILEDJ', 'ADXGC', 'AWDVH']
['AAHFV', 'YRIIU', 'JRPFX', 'UEWOD', 'XDDSL']
['POCBR', 'KAGBO', 'NCALC', 'DNPGF', 'AZJXS', 'HMVEC', 'TOYKG', 'YOQLK', 'FKSEU', 'IVWQL']
['UAWVE', 'MAUVR', 'FKAKX', 'URNVQ', 'KEBOC', 'FRPER', 'AVKQA']
['PXXAO', 'OKSAB', 'RBUCG']
['CBMQH', 'GECQI', 'XPXLN', 'UWXPJ']
['LQEXY', 'TRCAB', 'WYGPN', 'TDBXF', 'PBKGH', 'TNXMJ', 'WIKBK']
['NYCWZ', 'FJWVG', 'ONOYQ', 'IAODO']
['TLWMU', 'OSLYV', 'EXEPM', 'TZZXP', 'HWMIS', 'ATVZF', 'QDJMB', 'VZJDI']
['JMKDA', 'JKSWY', 'DVTXD', 'PKLDE', 'HGEEI', 'VGQJA', 'GFVKF', 'WZJCH', 'EKGZF', 'DVUIP']
['DOLBV', 'CYBEJ', 'BXIQT', 'FXYDQ', 'WRZEL', 'FQYBH', 'ZAEZD']
['UFBWS', 'WZKZY', 'YGBGL', 'HJSEX', 'WMXHF', 'PCYSH']
['SCLPI', 'NNWNA', 'VQNEJ', 'MFFMW', 'NZDDV', 'WIGYH']
['QEWBB', 'RDVRA', 'DCTHN', 'CDSME']
['CBOLL', 'FIRWY', 'EJYCG', 'WVQED', 'CIGRV', 'DSAOR', 'MOEQL', 'WMFHO', 'TWGJJ', 'PUJUB']
['XVWBM', 'CSKLY', 'UIDWQ', 'VKJNN', 'VIDXZ', 'OWZHW', 'OIYVR']
['JOZSN', 'ICVCV', 'JMXDM', 'BPMJU', 'APFKB']
['HFYQS', 'RBXLI', 'MCDZG', 'RGOCU', 'ITKNZ', 'BKFWU']
['GLBXD', 'MLFIO', 'TTVJB', 'OXWTH', 'ICWIR', 'GRYRL', 'CRCFC', 'WAFAF', 'ZFKMZ', 'UNLNF']
['BIAYS', 'VMXWY', 'CXNLK', 'VISVG']
['BMUNA', 'EDCKZ', 'MLWTR', 'GZAPY', 'PDLQZ', 'BJKWH', 'AJCRR', 'VOZKK', 'HSSBE', 'RGEJU']
['UAKQE', 'XEBMW', 'MYEHL', 'CPCYX', 'WOEMK', 'AORUP', 'GVESY', 'XFPAP', 'LDPSY', 'KQLVH']
['ROMIA', 'IBOYJ', 'KNOIV', 'FZCHB', 'LIRIR', 'JNMLL', 'ZHGIM']
['JVARE', 'AFLVP', 'BIQKP', 'SLYLT', 'DURZW', 'UCVHS']
['SFQXZ', 'JEZTJ', 'LZYGC', 'AQEFX', 'DJIZH', 'UATFB', 'ONANR', 'IFBWW']
['LYDSY', 'KHKLC', 'XFOHV', 'YCMON', 'BSAQI', 'ITYOV', 'BHEJD']
['AXSMW', 'SYNTO', 'IJSKE', 'CVWTX', 'AGFRR']
['ZRLXS', 'TPSBD', 'XBZEA', 'BJPBE', 'IGFGL', 'TAGJP', 'SUZIU']
['OQGTF', 'DPANJ', 'OLZGU', 'IXPFI', 'OLAXZ', 'DETHN', 'YWYQC', 'ZPJDK', 'BPVDQ', 'VNZJW']
['MBPCZ', 'SKJDB', 'QPJMV', 'FJELG', 'IREQO', 'FBMKB']
['PDPOJ', 'UGYSZ', 'QDIGG', 'FYCXB']
['PBOJE']
['TFGAC', 'GNMBM', 'VXCXL', 'MECOG', 'ECBJA', 'SBFIP', 'AFIDT', 'BYPBT', 'YPEOA', 'XYOWD']
['YZJZD', 'SENMT', 'VGGYH', 'RIMIU', 'OZHVM', 'DQAJW', 'OEUPL', 'JHZTD', 'BSTWJ', 'PZPJL']
['JKPSF', 'ERXLX', 'GVWDY', 'NMBKG', 'ZPUTG', 'GJUFG']
['SWWJT', 'PITFW', 'KNGQN', 'ATWEN', 'MMKNM', 'LQPKU', 'XBSTP', 'ZKAEP', 'NFYGH']
['OQYLK', 'TFELX', 'JTEVI', 'WUCUE', 'IOZKJ', 'MIATK', 'MVZNG', 'OCVZJ', 'ADQWV', 'JSKRL']
['DPXMT', 'WAJXO', 'HIALX', 'CVNTZ', 'XSUVN']
['CUFPW', 'MOTXU', 'OZRFF', 'BSQXH', 'JUUEH']
['SEWFY', 'KLCKP', 'HRBCQ', 'RPPDG', 'VIZKN']
['JYTNS', 'REMHH', 'ZFBIT', 'VGUDB', 'TTNOM', 'LQTXG', 'JAUDH', 'MTZAI', 'MIFHN', 'HFAEA']
['YNVDL']
['KEHIM', 'WWMZS', 'YGXFP', 'RRNZT', 'BNSMF', 'OOHGE']
['HYBJW', 'VKUJZ', 'NGGLC']
['CLZVT', 'USXPK', 'LFXPB', 'LWYNR', 'LJMUY', 'YBLSA']
['HAWDD', 'BDSSH', 'VBNIU', 'UKWYH', 'TSVUU', 'GWBBA', 'XUWEA', 'AZKKU', 'WOFDB', 'NIFYU']
['KLQNR', 'WAYVD', 'YRFGH', 'AXFPT']
['KXCEZ', 'QDBXO', 'GRDFF', 'ASLYL', 'FBFHM', 'TVTUO', 'USDOH', 'BALCF', 'KVQPW', 'LMQCE']
['DYWKJ', 'NVJQB', 'ZCBVJ', 'WWDSG', 'RNREF', 'OQDQI', 'NNUDO', 'UTAKW']
['UQJIW', 'SGPBM', 'AHQNI', 'VOKDV']
['PCTHW', 'DSOMP', 'PLBXQ', 'VLIUC', 'VPKPA', 'FQPJY', 'XICJJ', 'YZHQX', 'XUSYT', 'IWRNR']
['BKWGR', 'MRTBJ', 'LCQQT', 'ZHZZQ', 'HQVYV', 'GBEFS']
['BBOHG', 'YZUCZ', 'WYEAX', 'KDFTP']
['GBGJW', 'AGLPL', 'JGMBR', 'BKQWX', 'WWAGV', 'WCOKD', 'KUZEM', 'ELZCG', 'SLRBD']
['VNISG', 'VGAKU', 'FLUUK', 'SRWDH', 'DEPUQ']
['MSKGV', 'ITHLN', 'FDUJJ', 'UGIAC', 'NWBYQ', 'PELAC', 'RLEOV', 'QDOUT']
['JMXRQ', 'PQDFR', 'LORDZ', 'FZVRO', 'XCINV']
['LFJIK', 'ZEUMQ', 'JMIIR', 'ECBOS', 'XACAU', 'ZGSVE']
['WHGJY', 'LXHXJ', 'KIXMT', 'SKAHW', 'PSJHT', 'TZDDG']
['RXCNM', 'IKFPP', 'JYARZ', 'FAKTV', 'PKZAS', 'MCBPI', 'HPLUB']
['REMBW', 'WFPEG', 'FGXFT', 'KYYWQ']
['APQJM', 'PVDZJ', 'UIJMD']
['WUWQG', 'WKWYN', 'RIQYR', 'ZNPED', 'ROHJV']
['GBXDS', 'DLAFR', 'ANGZU', 'JRBLE', 'GSOQU', 'GTQFF', 'UUOMX', 'WEWVD']
['TNJDV', 'BKBYK', 'IUZPB', 'KDIXJ', 'YHNYF', 'FJQPC', 'UILGO']
['HWVYL', 'OSFUY', 'SABFK', 'VLZSX', 'TWUJD', 'CFQXR', 'NBVQA', 'BESHM', 'NAGRG', 'NBQUY']
['XFRMF', 'OIYAY', 'QCSFX', 'MGNDB', 'UNFKS', 'BGFSQ', 'WZWVE', 'UCKGO', 'EJKLM']
['MUDCM', 'LVCWP', 'KWDAI', 'XWFRQ', 'VDQOF', 'SZIGJ', 'LGQTX', 'IRTQX']
['UWWSO', 'RZVUX', 'YGIVT', 'JCCIK', 'EKUZU']
['CKTYP', 'SPCGF', 'KHRMY', 'TMSPN']
['KANFJ', 'ACXRZ', 'MWVEY', 'VWYCA', 'LROHM', 'BNGOH', 'ZCJUL', 'CFXJX']
['PPZVJ', 'ADVTN', 'MSNDL', 'VBXQI', 'QEPZL', 'TMTHF', 'KGFLO', 'YWUWK', 'HASZF']
['WZYCN', 'TVJPS', 'AQVEK', 'OQAIU', 'SDYFL', 'OKKOP', 'ZVDQY', 'WGRZW']
['NNYKG', 'SYHQM', 'BCEBB', 'QHFXR', 'VQVIM']
['TZIEO', 'FLLSR', 'DNMXZ', 'WSXGL']
['ZIGCF', 'DDPKV', 'ZAWKU', 'QUCHP', 'EDTOA', 'WXIFJ']
['UPGRQ', 'LXDSQ', 'ASMNR', 'EADWV']
['MNTLT', 'OEYCP', 'DQLNA', 'PJJQQ']
['YXUSW', 'WPOTQ', 'MOIWP', 'JJSQB', 'GKVKE', 'FJASK', 'RIPUU', 'DHAAQ', 'BEOYY', 'TMNVY']
['KQLOM', 'JSSRW', 'YEGYY', 'ETCUM', 'BYXGP', 'WLQMV', 'EOPLD', 'USTLW']
