['BHC', 'AMO', 'AML', 'BLJ', 'ASU', 'AMM', 'AOA', 'BIP', 'AAQ', 'AOD', 'AVI', 'AMN', 'BLY', 'AOF', 'AAI', 'AJC', 'AJF', 'BGK', 'ABJ', 'AOP', 'BDH', 'AXD', 'ALF', 'AOW', 'BDP', 'BGJ']
['AIE', 'ADY', 'AMK', 'AZO', 'AHL', 'AVV', 'BEG', 'APF', 'BED', 'BJH', 'BIQ', 'BBA', 'AID', 'BKW', 'BJF', 'AGM', 'BEK', 'AHF', 'BIU', 'ALJ', 'AGE', 'BJG', 'ABK', 'ACT', 'AWB', 'BHQ']
['AIF', 'BHA', 'ASA', 'ARO', 'BKG', 'AGT', 'AGW', 'BDB', 'ALD', 'AGU', 'ASZ', 'BKU', 'BFB', 'BAV', 'ALH', 'AHZ', 'AEM', 'ANO', 'BBT', 'ADC', 'AAL', 'AHA', 'AGV', 'BFC', 'AWY', 'BHK']
['AME', 'AJQ', 'AVM', 'APL', 'BKQ', 'AEZ', 'AVO', 'AVK', 'AVL', 'ADA', 'AFY', 'AVP', 'AVR', 'AVN', 'AJS', 'AGR', 'APB', 'BJV', 'AVQ', 'BFV', 'BBV', 'BJM', 'AND', 'BEJ', 'AVJ', 'AER']
['ARV', 'ABM', 'AMD', 'ARW', 'BEN', 'ADZ', 'AOL', 'BII', 'AMY', 'ART', 'ALB', 'ABW', 'AWH', 'AJU', 'BCO', 'ANZ', 'BER', 'BEZ', 'ACR', 'AKT', 'AHU', 'AAY', 'ARU', 'BBH', 'BKM', 'ASR']
['ARX', 'AUB', 'AXM', 'BLG', 'ANC', 'AIR', 'ANI', 'AWV', 'AUZ', 'AVF', 'AWN', 'ALT', 'AUW', 'AUX', 'BEX', 'AOQ', 'AGP', 'AXI', 'BKA', 'AUA', 'AWZ', 'ACU', 'BHL', 'AUY', 'BBE', 'BKJ']
['BLB', 'BAH', 'ACK', 'BDO', 'APM', 'BBR', 'BDM', 'BHW', 'ADD', 'AIG', 'AYG', 'ACN', 'BKT', 'BCN', 'AXL', 'AZI', 'AAW', 'AVY', 'AVG', 'ARK', 'AAC', 'AGK', 'BFP', 'AGX', 'BDN', 'BJU']
['APV', 'BHY', 'AEX', 'BCE', 'AEQ', 'APT', 'AWA', 'AEP', 'BCY', 'ALS', 'AVU', 'BDX', 'AGD', 'BBZ', 'AYT', 'AES', 'ATC', 'APW', 'BKO', 'APU', 'AJP', 'AJG', 'AJW', 'ACY', 'AWS', 'APS']
['AAO', 'BCU', 'AQE', 'AOY', 'ALG', 'BBY', 'BAC', 'BCS', 'BCV', 'AAB', 'BCT', 'BLM', 'BHJ', 'BKY', 'BDC', 'ASY', 'AAX', 'AXH', 'AUC', 'AIY', 'ASW', 'AHO', 'BEP', 'AZT', 'BCR', 'BIZ']
['BDT', 'BFK', 'BAM', 'AIW', 'APG', 'AXB', 'AUE', 'BFM', 'AQF', 'AYP', 'AEE', 'BBS', 'BAR', 'BIX', 'APZ', 'BBL', 'AGC', 'BAN', 'ALQ', 'BFL', 'BIB', 'AYU', 'AWI', 'AMA', 'BAU', 'AVB']
['AKZ', 'AJX', 'ADB', 'AKV', 'AKA', 'BBJ', 'AKX', 'AFE', 'AZJ', 'AMJ', 'BLP', 'AQO', 'ALN', 'AXO', 'AKY', 'AWX', 'BJI', 'AQD', 'AKU', 'AWD', 'AKW', 'AWT', 'BBM', 'AHD', 'AIB', 'AMQ']
['ABD', 'BAJ', 'BKI', 'BBB', 'AIV', 'BDY', 'AFA', 'AFC', 'ABI', 'AKN', 'APP', 'BLS', 'BBK', 'BFZ', 'AFZ', 'BKF', 'AFO', 'AAZ', 'ADP', 'BBD', 'AVX', 'ACS', 'AHW', 'BGB', 'AFB', 'AFD']
['ADL', 'AZE', 'AGN', 'AFG', 'AEA', 'ALA', 'AWL', 'AGA', 'AZF', 'AZG', 'AIQ', 'AOR', 'ARR', 'BFW', 'AZD', 'BBI', 'AUD', 'BCP', 'AEW', 'ACH', 'ACW', 'AIM', 'ARS', 'ADX', 'AXA', 'BKK']
['AGQ', 'BKP', 'AUF', 'BHH', 'AHE', 'AKL', 'BGN', 'AKI', 'AAP', 'ANS', 'AEB', 'ALE', 'AFN', 'ACJ', 'ADK', 'BHF', 'AWG', 'ATI', 'BEW', 'BHG', 'ABF', 'APR', 'BJY', 'ADW', 'BHI', 'AWC']
['ADS', 'AGI', 'AMS', 'BKB', 'AQH', 'ATB', 'BJJ', 'BIS', 'AHM', 'BEY', 'BEV', 'ADI', 'ADE', 'AZU', 'AZS', 'BEH', 'ADG', 'ADH', 'ADF', 'BCQ', 'ALZ', 'ANW', 'BCK', 'BGM', 'ANK', 'ADJ']
['BID', 'ARQ', 'ASJ', 'ANM', 'ABE', 'BBN', 'AXF', 'BGH', 'BGG', 'AWQ', 'BGF', 'ALY', 'ADN', 'BIY', 'BGQ', 'AZW', 'AYH', 'AZA', 'ATS', 'AAG', 'BGI', 'BJD', 'AHV', 'BLQ', 'AOZ', 'AZL']
['AQJ', 'ADM', 'ANL', 'APN', 'AYC', 'BLO', 'ACA', 'AJE', 'AJZ', 'AAJ', 'AFF', 'AXP', 'ALX', 'AJB', 'ALC', 'AWO', 'BLW', 'AHB', 'BBC', 'BFN', 'BCL', 'AMF', 'AJA', 'AAF', 'BLI', 'AOC']
['AAU', 'AON', 'APQ', 'AAS', 'AIJ', 'AWE', 'AOU', 'AYY', 'ANJ', 'AIP', 'AAR', 'ACG', 'BDR', 'AUO', 'ABY', 'ARZ', 'AZK', 'AKK', 'ABR', 'BKD', 'BCG', 'AFR', 'ANQ', 'AST', 'BKL', 'AAT']
['BHZ', 'AXY', 'ARB', 'BAE', 'AKP', 'AYE', 'ABB', 'BBW', 'AGH', 'AOE', 'ANX', 'ATG', 'ARD', 'ARE', 'BIK', 'AIL', 'AVD', 'AHR', 'ARC', 'AYX', 'AAE', 'ARA', 'AYM', 'BBG', 'BIA', 'AEH']
['BKN', 'ATN', 'AVT', 'AHI', 'AOM', 'AXC', 'AWF', 'ACO', 'BFS', 'AXQ', 'AEN', 'BDW', 'BHM', 'BGC', 'BGP', 'AHH', 'AIZ', 'ATR', 'AOS', 'AHJ', 'AGO', 'BBX', 'ARM', 'APE', 'AKO', 'AHG']
['BBU', 'BHE', 'ASP', 'ABV', 'ATH', 'AOK', 'BIN', 'ASH', 'AEF', 'APO', 'AFW', 'BHD', 'ASL', 'ASO', 'ASM', 'BJC', 'BDL', 'AFU', 'BCJ', 'ANV', 'ASN', 'AYO', 'ADO', 'ABC', 'AQP', 'API']
['AHY', 'AMW', 'AMU', 'AJO', 'BEF', 'APJ', 'BIE', 'BAO', 'ADU', 'AIN', 'AQZ', 'BAI', 'BJN', 'AFQ', 'AYK', 'BCF', 'AVA', 'AXW', 'AKR', 'BIF', 'ASF', 'BIG', 'AGF', 'AYR', 'ASC', 'BBP']
['AQL', 'AMG', 'AVW', 'AAH', 'AMX', 'BDI', 'AHT', 'AUG', 'BLU', 'ALK', 'AZX', 'AUI', 'ATF', 'AEI', 'AKQ', 'AMZ', 'AKG', 'AOO', 'AEJ', 'AEL', 'AKM', 'ASG', 'BFU', 'ATP', 'AEK', 'AIA']
['BFJ', 'BCW', 'ANR', 'AGS', 'APY', 'AGB', 'ASB', 'AZC', 'BFH', 'AFX', 'AEU', 'BFI', 'BFG', 'BIW', 'ACI', 'AXS', 'BJE', 'BFF', 'AYI', 'ARY', 'BIR', 'BCM', 'AEG', 'ADQ', 'ABA', 'BFE']
['BJK', 'BHN', 'AWJ', 'BKV', 'AAN', 'ALL', 'AYA', 'AYS', 'ABP', 'AZB', 'BBQ', 'AUQ', 'ABN', 'ACP', 'ABQ', 'AKF', 'AXJ', 'ABX', 'ATK', 'BDU', 'AKC', 'BAP', 'ABO', 'AZP', 'BCH', 'AGJ']
['BFO', 'AKE', 'BHB', 'AQM', 'ALM', 'AXU', 'BKC', 'ATT', 'BLA', 'BFD', 'AXK', 'AUJ', 'BFA', 'AOB', 'ARP', 'AXR', 'AXN', 'AJR', 'ASD', 'AUK', 'BGD', 'AUM', 'AED', 'AUL', 'AGL', 'AQK']
['AJN', 'ANU', 'APC', 'AJH', 'BEO', 'ASI', 'AFT', 'BFR', 'AJM', 'BBO', 'AJL', 'BLV', 'AJK', 'AMB', 'BJB', 'BFT', 'AOX', 'BDZ', 'BGA', 'AZY', 'AIS', 'ACV', 'AHK', 'AVC', 'AJI', 'AJJ']
['ALU', 'ANF', 'BLT', 'AJD', 'ALW', 'BGL', 'ANH', 'AWU', 'ATZ', 'ANE', 'BAS', 'ASQ', 'ADR', 'ATO', 'AVE', 'AET', 'BIM', 'BGW', 'BGU', 'ALI', 'AGZ', 'ASE', 'AMP', 'AAA', 'AAV', 'ANG']
['AZN', 'ALP', 'AMC', 'BDJ', 'BAK', 'BAX', 'BIH', 'BAA', 'AEY', 'AIO', 'BAZ', 'BAY', 'AKH', 'BAW', 'BKX', 'AQC', 'BFQ', 'ABU', 'BCX', 'AYD', 'ABL', 'AJT', 'ABT', 'BDK', 'APA', 'ATD']
['AYN', 'BIL', 'BJA', 'BEU', 'ATV', 'BLF', 'ATX', 'BLN', 'AEO', 'AJY', 'AEC', 'BHO', 'BEB', 'BIJ', 'AAM', 'AKB', 'AQY', 'BGS', 'ABH', 'ATW', 'AHN', 'APD', 'ACQ', 'AQI', 'ATY', 'AVZ']
['BDA', 'AXG', 'BES', 'ARL', 'AMR', 'ATL', 'AFS', 'BAT', 'ACD', 'AUV', 'AYJ', 'ACE', 'AAD', 'AOV', 'ACC', 'ABZ', 'BLE', 'ARH', 'BFY', 'BKS', 'AZQ', 'AOG', 'AKS', 'AMI', 'ABS', 'ACB']
['BDF', 'BBF', 'ANN', 'BKZ', 'AZZ', 'BET', 'AOJ', 'AUP', 'BFX', 'AEV', 'ASS', 'BDE', 'BDG', 'BDD', 'BLL', 'AAK', 'BIV', 'BLK', 'AYF', 'BDQ', 'ASX', 'ATJ', 'AWK', 'ACL', 'BGO', 'AWP']
['ACX', 'BKR', 'ANA', 'BLX', 'AIK', 'AZH', 'AIU', 'BIC', 'BAF', 'AIH', 'AYZ', 'ATU', 'AQU', 'BLC', 'ARJ', 'AQX', 'AQV', 'AQW', 'BJW', 'BCI', 'AQR', 'AQS', 'AQQ', 'BLZ', 'AQT', 'ALV']
['BGR', 'BHP', 'BAD', 'BLD', 'ADV', 'BGV', 'BEL', 'AJV', 'AUT', 'AYQ', 'ARI', 'BCD', 'BJT', 'AMH', 'AUS', 'AGY', 'BKH', 'AUR', 'AYB', 'BKE', 'AOI', 'AUU', 'BLR', 'AZV', 'ATM', 'AZM']
['APK', 'AIX', 'BIO', 'BIT', 'BHS', 'AHX', 'BGY', 'BHT', 'BLH', 'BHR', 'AHC', 'AVH', 'AZR', 'BHV', 'APX', 'BJX', 'APH', 'AXZ', 'AOT', 'ATQ', 'BGZ', 'BHU', 'BEC', 'ANY', 'BAL', 'BHX']
['AYW', 'ASV', 'BJR', 'AMT', 'ACM', 'BAG', 'BGE', 'ATA', 'BEA', 'AIC', 'AKD', 'ABG', 'AQN', 'ASK', 'BDV', 'BEM', 'BJO', 'BJQ', 'AXE', 'ARN', 'BJP', 'AHP', 'BJS', 'BAQ', 'AFV', 'AWR']
['BAB', 'AFM', 'BCZ', 'ACZ', 'ALR', 'AVS', 'BEQ', 'AFP', 'BCC', 'AII', 'ARF', 'AHQ', 'BDS', 'ANB', 'AXX', 'BCA', 'BEE', 'ANT', 'AOH', 'BCB', 'BGT', 'AHS', 'AUH', 'AKJ', 'AWM', 'ADT']
['AFJ', 'ARG', 'AYL', 'AIT', 'AYV', 'AFL', 'AMV', 'ACF', 'BGX', 'AWW', 'BEI', 'BJZ', 'AXT', 'AFI', 'AQB', 'AQG', 'ANP', 'AQA', 'AFH', 'AGG', 'BJL', 'ALO', 'AXV', 'AUN', 'ATE', 'AFK']
