['962', '215', '860', '600', '549', '729', '905', '544', '48', '37', '816', '425', '275', '298', '562', '833', '902', '99', '201', '829', '791', '160', '208', '399', '959', '743', '692']
['654', '712', '548', '195', '118', '312', '117', '81', '948', '678', '283', '787', '175', '572', '150', '222', '775', '141', '2', '71', '476', '289', '265', '663', '801', '575', '144']
['413', '486', '311', '142', '73', '46', '782', '550', '512', '331', '323', '172', '219', '714', '164', '372', '527', '929', '184', '270', '696', '897', '67', '401', '4', '826', '126']
['490', '383', '317', '581', '111', '11', '154', '447', '361', '89', '926', '857', '138', '818', '699', '132', '636', '507', '385', '167', '620', '199', '578', '529', '928']
['859', '786', '858', '130', '969', '989', '998', '896', '434', '131', '349', '715', '100', '820', '781', '272', '378', '250', '418', '700', '688', '918', '433', '642', '885', '158', '52']
['463', '3', '94', '733', '559', '661', '444', '79', '599', '63', '536', '480', '236', '258', '359', '227', '497', '200', '365', '831', '939', '764', '95', '290', '26', '31', '143']
['763', '779', '941', '949', '667', '930', '622', '253', '223', '579', '368', '774', '790', '976', '785', '914', '295', '468', '783', '58', '367', '984', '598', '288', '784', '841', '356']
['10', '657', '459', '477', '732', '721', '466', '363', '414', '376', '14', '797', '45', '232', '371', '738', '726', '285', '264', '602', '951', '768', '765', '286', '569']
['338', '120', '523', '125', '605', '963', '538', '577', '106', '571', '915', '472', '637', '731', '277', '752', '146', '467', '5', '341', '479', '524', '516', '592', '525', '521']
['179', '34', '894', '887', '452', '646', '975', '93', '942', '7', '616', '300', '705', '515', '392', '382', '925', '86', '932', '934', '613', '397', '681', '8', '842', '228', '88']
['402', '737', '252', '974', '403', '828', '805', '794', '541', '407', '759', '417', '493', '740', '945', '156', '180', '710', '307', '210', '907', '573', '151', '39', '614', '625', '704']
['134', '937', '324', '319', '652', '966', '470', '922', '77', '980', '278', '796', '806', '15', '973', '803', '248', '576', '244', '297', '315', '202', '748', '624', '296', '484', '566']
['638', '604', '213', '870', '745', '108', '815', '960', '246', '513', '666', '819', '988', '724', '655', '632', '971', '991', '553', '643', '821', '190']
['337', '648', '758', '432', '453', '400', '619', '921', '839', '584', '301', '919', '105', '422', '567', '292', '746', '374', '22', '668', '992', '343']
['188', '970', '409', '334', '57', '211', '155', '835', '603', '610', '615', '92', '384', '694', '612', '50', '754', '722', '438', '618', '551', '171', '443', '350', '362', '500', '730']
['65', '196', '528', '634', '420', '182', '811', '543', '560', '628', '868', '287', '798', '647', '814', '723', '247', '596', '113', '87', '995', '469', '545', '795']
['999', '145', '854', '903', '586', '321', '756', '251', '12', '271', '424', '488', '261', '44', '633', '686', '863', '16', '749', '669', '982', '304', '753', '458', '177', '680', '478']
['427', '360', '408', '197', '864', '212', '75', '205', '862', '123', '412', '519', '540', '627', '166', '13', '505', '273', '810', '503', '353', '35', '711', '487', '464', '357', '813']
['70', '446', '750', '9', '537', '533', '717', '152', '630', '682', '778', '135', '429', '884', '74', '727', '329', '174', '944', '901', '53', '161', '535']
['389', '751', '305', '552', '590', '309', '281', '881', '241', '892', '237', '280', '19', '491', '462', '836', '698', '176', '719', '895', '684', '187', '556', '847', '531', '510', '499']
['849', '760', '102', '886', '923', '284', '644', '825', '405', '230', '124', '877', '979', '276', '690', '906', '21', '254', '851', '564', '718', '24', '876']
['947', '687', '891', '395', '235', '931', '181', '517', '912', '964', '27', '874', '591', '935', '685', '69', '674', '101', '54', '36', '33', '259', '518', '565', '335', '709', '848']
['601', '333', '231', '379', '147', '735', '938', '808', '66', '838', '904', '987', '364', '322', '880', '706', '104', '128', '456', '683', '83', '465', '660', '239', '739', '506']
['767', '221', '832', '133', '725', '352', '342', '958', '546', '346', '878', '734', '792', '823', '274', '670', '428', '677', '114', '990', '716', '85', '471', '191', '607', '658', '30']
['890', '406', '68', '728', '76', '207', '697', '498', '580', '502', '109', '56', '473', '574', '240', '168', '852', '869', '245', '169', '185', '547', '318', '967', '437', '193', '777']
['404', '380', '294', '940', '345', '910', '325', '186', '299', '416', '42', '339', '582', '762', '344', '256', '561', '439', '6', '736', '879']
['595', '263', '308', '293', '55', '421', '606', '651', '888', '243', '898', '621', '411', '900', '587', '589', '673', '809', '532', '899', '220', '824', '701', '80', '449', '229', '218']
['608', '326', '122', '744', '162', '64', '163', '957', '834', '812', '492', '0', '377', '804', '332', '542', '977', '703', '645', '568', '530', '1', '460', '593']
['340', '875', '419', '60', '495', '623', '693', '916', '626', '189', '909', '257', '137', '20', '993', '198', '51', '23']
['203', '631', '431', '316', '107', '226', '206', '707', '386', '178', '656', '351', '320', '266', '249', '40', '955', '943', '676', '455', '204', '961']
['366', '504', '328', '501', '388', '136', '741', '149', '827', '423', '116', '494', '889']
['757', '799', '153', '391', '856', '233', '28', '91', '255', '489', '570', '866', '41', '72', '920', '217', '475', '214', '594', '234', '755', '742', '802', '883', '639', '927', '303']
['279', '482', '183', '448', '38', '387', '770', '410', '978', '148', '224', '82', '393', '563', '855', '394', '509', '440', '968', '865', '18', '609', '629', '672', '720', '157', '511']
['771', '780', '78', '956', '121', '461', '450', '291', '139', '986', '800', '112', '679', '313', '17', '159', '347', '981']
['807', '282', '953', '398', '776', '933', '555', '29', '310', '262', '47', '140', '649', '269', '653', '913', '539', '435', '330', '908', '996', '260', '216']
['496', '689', '793', '32', '691', '617', '355', '314', '165', '789', '474', '911', '695', '225', '997', '508', '983']
['853', '354', '662', '837', '129', '173', '336', '348', '396', '664', '426', '950', '772', '861', '267', '390', '585', '954', '170', '59', '481', '373']
['840', '192', '457', '946', '769', '665', '514', '873', '640', '867', '708']
['445', '702', '713', '936', '965', '671', '844', '557', '485', '90', '451', '635', '972', '415', '483', '520', '534', '302', '558', '369']
['84', '442', '454', '526', '436', '773', '49', '554', '61', '871', '268', '588', '522', '985', '583']
['917', '115', '43', '98', '238', '766', '110', '242', '62', '882', '327', '306', '441', '872', '358', '830', '659', '822', '25', '994', '675', '850', '209', '97']
['194', '103', '817', '924', '375', '761', '843', '893', '846', '747', '96', '370', '611', '788', '381', '641', '650', '597', '845', '119', '127', '952', '430']
