['252', '317', '212', '552', '582', '502', '526', '294', '366', '79', '189', '421', '72', '517', '117', '574', '505', '439', '96', '370', '562', '44', '227', '86', '138', '45', '596', '171', '232', '332', '248', '290', '185', '597', '78', '210', '187', '139', '208', '296', '525', '500', '199', '177', '193', '575', '432', '545', '593', '190']
['153', '463', '389', '49', '183', '398', '352', '448', '404', '549', '46', '231', '555', '102', '400', '64', '419', '246', '472', '513', '386', '579', '473', '74', '451', '331', '422', '329', '364', '200', '405', '249', '372', '132', '551', '589', '522', '371', '202', '302', '95', '104', '250', '8', '401', '151', '88', '460', '510', '534']
['179', '427', '345', '413', '215', '279', '125', '28', '486', '115', '108', '342', '38', '538', '395', '118', '11', '580', '147', '540', '56', '512', '306', '243', '358', '347', '217', '32', '175', '234', '322', '426', '416', '201', '16', '367', '443', '276', '25', '21', '479', '456', '22', '42', '573', '357', '458', '157', '256', '578']
['445', '380', '383', '194', '533', '197', '91', '129', '548', '344', '205', '600', '319', '162', '308', '148', '541', '223', '312', '62', '544', '480', '236', '51', '273', '19', '376', '436', '492', '150', '320', '174', '435', '40', '598', '341', '532', '31', '330', '285', '564', '36', '418', '87', '267', '24', '85', '225', '561', '529']
['446', '537', '391', '120', '196', '122', '403', '333', '98', '369', '498', '570', '110', '192', '237', '109', '310', '47', '363', '82', '278', '425', '543', '531', '493', '434', '584', '429', '424', '168', '258', '475', '172', '61', '35', '69', '101', '362', '530', '67', '464', '585', '399', '80', '565', '356', '481', '52', '6', '535']
['490', '70', '337', '134', '282', '354', '528', '136', '75', '346', '107', '586', '238', '489', '379', '293', '57', '55', '155', '375', '7', '393', '140', '447', '166', '81', '361', '198', '299', '240', '462', '222', '245', '438', '247', '428', '476', '26', '455', '524', '288', '270', '127', '556', '1', '4', '239', '97', '144', '170']
['496', '221', '402', '338', '213', '482', '499', '590', '431', '546', '577', '195', '235', '123', '454', '182', '163', '211', '135', '224', '66', '414', '251', '37', '560', '583', '105', '146', '442', '50', '295', '468', '554', '557', '164', '274', '587', '576', '264', '84', '128', '304', '83', '209', '259', '228', '143', '433', '494', '126']
['94', '60', '65', '408', '145', '595', '459', '514', '173', '420', '309', '409', '508', '262', '396', '271', '441', '300', '430', '89', '382', '14', '392', '351', '359', '495', '594', '365', '124', '388', '504', '137', '381', '467', '588', '244', '527', '116', '184', '113', '121', '516', '450', '291', '167', '220', '303', '423', '161', '569']
['203', '457', '360', '311', '477', '263', '43', '142', '410', '73', '206', '470', '106', '29', '599', '181', '328', '48', '368', '313', '27', '277', '515', '563', '216', '567', '261', '491', '485', '314', '353', '474', '397', '440', '2', '315', '542', '159', '350', '374', '307', '390', '191', '90', '260', '335', '17', '566', '298', '30']
['3', '10', '186', '233', '581', '130', '226', '412', '334', '407', '154', '242', '348', '519', '444', '550', '41', '501', '327', '149', '92', '275', '156', '340', '488', '572', '539', '497', '394', '58', '219', '507', '5', '71', '272', '59', '487', '33', '471', '20', '511', '469', '286', '229', '415', '158', '373']
['326', '188', '133', '305', '336', '559', '152', '387', '316', '93', '321', '63', '112', '13', '384', '520', '283', '15', '292', '214', '461', '355', '0', '503', '411', '257', '176', '483', '254', '385', '204', '592', '553', '165', '568', '449', '521', '218']
['325', '100', '119', '323', '77', '523', '280', '269', '536', '377', '452', '39', '484', '76', '558', '297', '207', '287', '289', '478', '343']
['547', '18', '180', '465', '266', '230', '591', '339', '284', '417', '12', '518', '53', '141', '281']
['9', '406', '103', '437', '506', '169', '131', '349', '255']
['34', '509', '265', '241', '378']
['23', '114', '268', '160']
['453', '301', '466', '318']
['99']
['54']
['111']
['324']
['571', '178']
['68']
['253']
