['154', '638', '923', '68', '830', '743', '663', '152', '664', '52', '913', '231']
['524', '304', '164', '228', '741', '458', '344', '107', '319', '652', '867', '478']
['221', '989', '93', '147', '340', '533', '544', '208', '610', '473', '801', '356']
['750', '537', '215', '317', '831', '267', '811', '585', '847', '4', '272', '876']
['94', '320', '712', '22', '907', '189', '268', '781', '548', '43', '681', '706']
['840', '647', '859', '138', '893', '24', '618', '173', '726', '680', '692', '795']
['802', '539', '629', '832', '354', '136', '452', '40', '673', '650', '448', '746']
['982', '457', '497', '761', '594', '108', '453', '69', '335', '341', '879', '343']
['624', '682', '175', '769', '67', '394', '388', '178', '358', '170', '289', '983']
['496', '337', '703', '318', '450', '645', '120', '509', '133', '967', '5', '972']
['348', '707', '182', '364', '516', '172', '66', '864', '48', '912', '762', '53']
['490', '977', '918', '393', '58', '974', '606', '271', '898', '826', '439', '32']
['732', '463', '60', '710', '41', '390', '284', '658', '538', '101', '676', '498']
['886', '973', '44', '197', '122', '836', '115', '660', '939', '480', '565', '515']
['334', '492', '932', '408', '145', '305', '327', '819', '815', '13', '236', '545']
['70', '793', '875', '763', '188', '82', '552', '536', '90', '350', '118', '185']
['787', '50', '784', '540', '468', '360', '804', '824', '470', '301', '825', '593']
['969', '617', '786', '691', '655', '180', '665', '140', '377', '361', '493', '930']
['407', '737', '165', '557', '28', '333', '229', '874', '945', '226', '960', '162']
['689', '402', '844', '65', '797', '870', '517', '613', '755', '656', '21', '855']
['571', '905', '186', '83', '722', '504', '435', '433', '920', '749', '583', '677']
['622', '951', '411', '220', '947', '39', '607', '651', '659', '511', '404', '862']
['422', '654', '121', '803', '686', '639', '551', '177', '38', '772', '26', '330']
['734', '47', '73', '471', '620', '839', '543', '507', '955', '432', '508', '240']
['489', '442', '994', '998', '942', '486', '259', '467', '949', '518', '514', '207']
['307', '940', '155', '426', '291', '312', '869', '16', '641', '698', '352', '46']
['446', '270', '210', '246', '0', '338', '723', '56', '282', '441', '950', '102']
['865', '34', '700', '843', '554', '213', '183', '901', '447', '239', '244', '409']
['971', '242', '406', '556', '112', '143', '306', '646', '928', '218', '742', '487']
['694', '114', '990', '758', '181', '85', '880', '788', '313', '88', '823', '15']
['564', '295', '820', '485', '591', '129', '525', '628', '332', '858', '872', '642']
['597', '702', '64', '807', '211', '33', '587', '559', '943', '481', '373', '777']
['929', '648', '163', '42', '1', '245', '398', '829', '423', '561', '992', '968']
['325', '18', '389', '195', '915', '890', '278', '800', '717', '410', '906', '479']
['721', '204', '988', '845', '637', '568', '808', '599', '414', '209', '157', '798']
['562', '391', '214', '889', '135', '560', '521', '791', '674', '669', '287', '158']
['917', '604', '261', '131', '495', '817', '438', '522', '205', '966', '299', '708']
['427', '412', '100', '219', '980', '466', '760', '615', '720', '959', '963', '202']
['632', '856', '174', '326', '792', '167', '863', '283', '440', '255', '586', '730']
['376', '729', '290', '8', '714', '896', '699', '401', '80', '828', '116', '424']
['203', '771', '852', '671', '321', '417', '770', '89', '520', '899', '715', '111']
['555', '233', '728', '280', '324', '744', '403', '149', '303', '822', '919', '378']
['184', '200', '877', '501', '582', '759', '970', '434', '105', '430', '25', '206']
['814', '488', '345', '853', '601', '595', '248', '342', '576', '598', '527', '6']
['633', '366', '187', '61', '328', '837', '311', '75', '580', '286', '709', '123']
['799', '609', '751', '675', '835', '416', '846', '902', '882', '368', '596', '169']
['148', '547', '956', '657', '310', '866', '127', '731', '437', '605', '933', '861']
['444', '871', '860', '76', '260', '166', '141', '92', '661', '841', '678', '494']
['84', '351', '375', '936', '405', '528', '725', '396', '904', '640', '978', '697']
['454', '294', '237', '472', '413', '850', '883', '573', '542', '888', '232', '868']
['541', '910', '55', '262', '224', '421', '662', '35', '171', '549', '782', '126']
['29', '789', '7', '783', '995', '577', '269', '484', '891', '277', '309', '985']
['113', '36', '778', '266', '957', '363', '745', '449', '198', '776', '431', '948']
['908', '718', '550', '900', '474', '151', '500', '399', '477', '558', '529', '400']
['773', '608', '735', '249', '854', '247', '952', '740', '428', '578', '54', '805']
['264', '767', '780', '779', '132', '579', '425', '935', '981', '451']
['57', '194', '513', '976', '921', '381', '315', '727', '298']
['292', '134', '683', '222', '212', '649', '927', '37', '531', '705', '884', '563']
['168', '753', '857', '818', '897', '314', '523', '353', '443', '161', '575', '241']
['146', '362', '965', '349', '137', '909', '993', '193', '512', '584', '895', '31']
['612', '894', '79', '339', '670', '397', '667', '460', '505', '281', '987', '429']
['436', '355', '77', '274', '251', '384', '566', '848']
['602', '383', '192', '611', '768', '834', '701', '614', '71', '415', '785', '217']
['766', '926', '10', '938', '125', '679', '827', '600', '159']
['733', '623', '887', '257', '256', '810', '690', '535']
['250', '78', '483', '944', '230', '775', '346', '19', '975']
['380', '98', '234', '934', '464', '99', '821', '371', '395']
['570', '958', '365', '941', '711', '903', '2', '254']
['119', '323', '534', '696', '465', '964', '199', '625', '764', '532', '238', '288']
['179', '475', '293', '914', '491', '462', '372', '201', '911', '590']
['526', '519', '946', '885', '191', '506', '459', '813', '476']
['757', '937', '672', '631', '62', '97']
['445', '124', '91', '979', '643', '510', '285']
['713', '747', '687', '635', '273', '347']
['160', '49', '530', '81', '954', '809', '392', '235', '455']
['572', '322', '87', '693', '196', '878', '420', '17', '812', '374']
['258', '931', '592', '553', '482', '503', '589', '469']
['142', '308', '695']
['359', '925', '253', '922', '924', '316']
['14', '419', '716', '842', '103', '588', '685', '276', '569', '156']
['104', '567', '139', '986', '45', '20', '644', '739', '275', '297', '74']
['110', '3', '227', '367', '816', '300', '369']
['748', '370', '806', '754', '849', '796', '357', '51', '668', '216']
['418', '223', '626', '386', '574', '581', '263']
['774']
['456', '627', '279', '252', '916', '636', '23', '719']
['153', '382', '984', '634', '738', '385']
['688', '176', '109']
['329', '873']
['59', '851', '379', '653', '243', '892', '752', '997', '736']
['666', '546']
['603', '833', '953', '499', '630']
['12', '724', '621']
['962', '150', '616', '265', '765', '387', '106', '794', '96']
['756', '296']
['302']
['128', '991', '86', '996', '72', '27']
['331', '999', '30', '461', '190', '117', '63', '336', '130', '225', '684', '11']
['502', '838', '619', '704']
['9', '961', '881', '144', '95', '790']
