['490', '194', '406', '213', '693', '326', '508', '375', '617', '691', '616', '224', '112', '747', '92', '283', '19', '295', '274', '367', '670', '598', '16', '522', '428', '669', '307', '564', '573', '701', '97']
['427', '134', '457', '252', '125', '212', '581', '431', '420', '558', '319', '226', '238', '470', '622', '623', '466', '140', '63', '649', '756', '51', '358', '347', '439', '583', '329', '364', '655', '138', '462', '320', '554', '635', '738', '289', '677', '185', '160', '703', '465', '209', '259', '177', '469', '303', '531', '170']
['648', '733', '10', '215', '133', '344', '46', '586', '102', '580', '334', '64', '147', '181', '149', '695', '271', '678', '105', '563', '217', '567', '359', '200', '180', '86', '322', '365', '222', '372', '416', '561', '681', '297', '202', '285', '204', '362', '688', '8', '556', '42', '390', '464', '20', '228', '658', '415', '566', '753']
['317', '408', '311', '136', '452', '725', '590', '76', '514', '118', '707', '293', '666', '610', '441', '705', '429', '32', '376', '240', '671', '507', '676', '184', '748', '318', '399', '88', '218', '642']
['496', '380', '221', '282', '403', '745', '115', '398', '108', '477', '207', '732', '526', '294', '242', '148', '472', '637', '135', '47', '280', '501', '579', '284', '425', '13', '27', '644', '236', '434', '273', '349', '287', '405', '230', '668', '201', '711', '613', '116', '547', '516', '165', '645', '220', '458', '286', '23', '593']
['9', '482', '183', '43', '321', '7', '81', '368', '653', '424', '340', '351', '50', '713', '394', '245', '5', '479', '455', '418', '127', '720', '432', '52']
['179', '750', '186', '346', '571', '106', '502', '251', '628', '560', '451', '488', '44', '214', '234', '388', '699', '132', '443', '726', '54', '290', '87', '39', '260', '239', '739', '575', '704', '736', '499']
['604', '463', '91', '728', '387', '600', '98', '630', '549', '409', '498', '379', '93', '79', '66', '262', '414', '278', '615', '473', '447', '82', '243', '384', '520', '227', '495', '61', '474', '698', '141', '171', '467', '71', '673', '636', '69', '742', '706', '609', '250', '104', '83', '1', '679', '511', '53', '229', '510', '692']
['305', '577', '541', '29', '393', '328', '543', '258', '724', '323', '355', '266', '754', '124', '611', '618', '719', '749', '378', '456', '267', '265', '525', '652', '343']
['413', '28', '744', '528', '129', '453', '352', '38', '546', '395', '11', '77', '536', '327', '515', '292', '150', '539', '172', '377', '35', '176', '685', '532', '36', '187', '675', '530', '90', '585', '4', '521', '565', '199', '356', '640']
['3', '354', '122', '605', '459', '448', '281', '182', '721', '41', '651', '178', '300', '301', '727', '715', '14', '562', '175', '572', '491', '58', '353', '137', '332', '542', '374', '21', '113', '143', '518', '460', '569']
['446', '537', '391', '712', '486', '717', '75', '687', '342', '152', '667', '316', '107', '206', '111', '400', '489', '123', '682', '419', '237', '155', '729', '310', '48', '392', '331', '461', '314', '426', '626', '232', '755', '746', '101', '674', '483', '95', '385', '18', '78', '291', '672', '296', '500', '643', '423', '529', '161', '126']
['70', '445', '654', '17', '657', '533', '751', '120', '197', '103', '404', '646', '570', '348', '154', '735', '312', '386', '421', '117', '752', '485', '503', '411', '381', '588', '330', '128', '304', '743', '59', '578']
['203', '94', '595', '333', '559', '538', '195', '369', '231', '519', '734', '513', '599', '189', '269', '37', '417', '493', '131', '422', '475', '100', '612', '0', '594', '504', '435', '641', '247', '248', '397', '341', '276', '302', '26', '31', '114', '270', '119', '553', '339', '660', '357', '607', '193', '545', '730']
['34', '402', '49', '279', '608', '68', '552', '145', '225', '130', '309', '235', '619', '407', '57', '55', '246', '627', '198', '306', '584', '664', '299', '382', '168', '146', '442', '492', '497', '659', '272', '371', '159', '350', '210', '716', '24', '268', '151', '449', '741', '430', '144', '481', '709', '478', '30']
['555', '121', '444', '366', '188', '631', '606', '401', '438', '257', '589', '480', '551', '663', '740', '216', '45', '661', '410', '162']
['383', '60', '360', '523', '324', '662', '582', '173', '308', '689', '110', '62', '72', '731', '361', '621', '370', '325', '633', '468', '723', '557', '714', '249', '686', '587', '40', '596', '440', '169', '244', '2', '527', '288', '602', '624', '718', '22', '167', '208', '191', '639', '437', '157', '484', '680', '190']
['638', '338', '233', '601', '665', '737', '634', '205', '142', '73', '241', '454', '192', '540', '211', '253', '223', '550', '363', '517', '313', '512', '277', '89', '15', '647', '694', '436', '632', '722', '650', '576', '690', '25', '254', '487', '708', '264', '84', '702', '592', '696', '139', '614', '433', '158', '6', '535']
['337', '153', '345', '389', '65', '196', '256', '548', '336', '255', '697', '412', '163', '56', '603', '574', '12', '275', '505', '298', '96', '156', '710', '174', '219', '164', '315', '684', '597', '524', '683', '629', '568', '67', '85', '471', '620', '80', '506', '335', '494']
['476', '261', '700', '109', '450', '33', '591', '509', '544', '166', '99', '625', '396', '263', '656', '74', '534', '373']
