['973lol', '286lol', '590lol', '17lol', '820lol', '264lol', '898lol', '116lol', '742lol', '666lol', '71lol', '952lol', '292lol', '514lol', '440lol', '582lol', '565lol', '986lol', '774lol', '663lol', '272lol', '404lol', '679lol', '364lol', '907lol', '290lol', '987lol', '692lol', '599lol', '92lol', '623lol', '309lol', '333lol', '52lol', '265lol', '35lol', '382lol', '574lol', '895lol', '881lol', '482lol', '107lol', '524lol', '814lol', '841lol', '144lol', '926lol', '800lol', '585lol', '218lol', '923lol', '956lol', '747lol', '22lol', '554lol', '420lol', '395lol', '32lol', '976lol', '113lol', '594lol', '230lol', '706lol', '306lol', '675lol', '788lol', '587lol', '193lol', '346lol', '323lol', '778lol', '303lol', '767lol', '628lol', '405lol', '878lol', '48lol', '786lol', '324lol', '816lol', '366lol', '21lol', '82lol', '671lol', '406lol', '830lol', '284lol', '28lol', '338lol', '515lol', '854lol', '525lol', '409lol', '803lol', '136lol', '997lol', '2lol', '781lol', '432lol', '159lol', '799lol', '624lol', '120lol', '221lol', '256lol', '134lol', '164lol', '635lol', '329lol', '840lol', '310lol', '375lol', '392lol', '730lol', '216lol', '872lol', '693lol', '147lol', '775lol', '445lol', '465lol', '636lol', '287lol', '158lol', '38lol', '467lol', '363lol', '132lol', '983lol', '539lol', '934lol', '64lol', '231lol', '885lol', '89lol', '869lol', '947lol', '177lol', '463lol', '535lol', '519lol', '751lol', '298lol', '472lol', '199lol', '721lol', '626lol', '965lol', '765lol', '45lol', '610lol', '374lol', '36lol', '73lol', '423lol', '611lol', '453lol', '606lol', '815lol', '489lol', '40lol', '680lol', '418lol', '91lol', '826lol', '8lol', '39lol', '203lol', '731lol', '604lol', '644lol', '848lol', '118lol', '694lol', '152lol', '979lol', '50lol', '996lol', '4lol', '843lol', '791lol', '417lol', '769lol', '246lol', '126lol', '167lol', '646lol', '510lol', '353lol', '670lol', '493lol', '426lol', '920lol', '51lol', '220lol', '974lol', '701lol', '832lol', '367lol', '825lol', '849lol', '127lol', '757lol', '709lol', '776lol', '988lol', '155lol', '16lol', '913lol', '969lol', '602lol', '981lol', '927lol', '293lol', '104lol', '859lol', '760lol', '58lol', '311lol', '686lol', '351lol', '630lol', '74lol', '214lol', '829lol', '497lol', '484lol', '490lol', '68lol', '196lol', '674lol', '874lol', '271lol', '99lol', '508lol', '665lol', '44lol', '251lol', '741lol', '673lol', '533lol', '23lol', '225lol', '858lol', '437lol', '614lol', '696lol', '980lol', '797lol', '613lol', '989lol', '10lol', '26lol', '640lol', '416lol', '809lol', '228lol', '928lol', '359lol', '332lol', '253lol', '156lol', '96lol', '295lol', '856lol', '998lol', '133lol', '169lol', '247lol', '944lol', '772lol', '568lol', '732lol', '615lol', '653lol', '894lol', '491lol', '584lol', '977lol', '322lol', '321lol', '59lol', '263lol', '154lol', '123lol', '802lol', '921lol', '991lol', '146lol', '294lol', '62lol', '213lol', '270lol', '616lol', '195lol', '702lol', '697lol', '759lol', '560lol', '451lol', '588lol', '735lol', '603lol', '527lol', '618lol', '622lol', '435lol', '282lol', '354lol', '652lol', '647lol', '631lol', '291lol', '330lol', '953lol', '343lol', '792lol', '170lol', '85lol', '937lol', '717lol', '737lol', '900lol', '886lol', '939lol', '462lol', '162lol', '779lol', '798lol', '827lol', '252lol', '194lol', '651lol', '537lol', '288lol', '341lol', '410lol', '621lol', '211lol', '789lol', '857lol', '459lol', '619lol', '951lol', '269lol', '534lol', '355lol', '34lol', '174lol', '502lol', '550lol', '183lol', '197lol', '783lol', '178lol', '46lol', '700lol', '84lol', '607lol', '597lol', '172lol', '176lol', '705lol', '422lol', '69lol', '844lol', '240lol', '112lol', '553lol', '839lol', '304lol', '924lol', '868lol', '796lol', '495lol', '903lol', '185lol', '142lol', '479lol', '678lol', '771lol', '512lol', '400lol', '301lol', '713lol', '690lol', '29lol', '766lol', '266lol', '316lol', '838lol', '397lol', '217lol', '223lol', '471lol', '589lol']
['580lol', '564lol', '424lol', '984lol', '274lol', '601lol', '847lol', '90lol', '536lol', '936lol', '669lol', '181lol', '677lol', '787lol', '434lol', '496lol', '412lol', '388lol', '846lol', '357lol', '7lol', '572lol', '633lol', '654lol', '63lol', '103lol', '641lol', '60lol', '163lol', '431lol', '808lol', '79lol', '561lol', '254lol', '625lol', '559lol', '139lol', '204lol', '180lol', '729lol', '897lol', '239lol', '972lol', '852lol', '487lol', '555lol', '946lol', '764lol', '842lol', '470lol', '492lol', '259lol', '566lol', '97lol', '710lol', '959lol', '42lol', '109lol', '86lol', '818lol', '758lol', '415lol', '960lol', '243lol', '773lol', '579lol', '950lol', '538lol', '617lol', '884lol', '824lol', '233lol', '880lol', '457lol', '768lol', '238lol', '753lol', '13lol', '65lol', '258lol', '712lol', '308lol', '785lol', '131lol', '906lol', '522lol', '726lol', '860lol', '468lol', '442lol', '150lol', '433lol', '461lol', '541lol', '1lol', '448lol', '966lol', '41lol', '110lol', '545lol', '30lol', '970lol', '828lol', '201lol', '642lol', '141lol', '888lol', '57lol', '761lol', '578lol', '281lol', '399lol', '393lol', '464lol', '18lol', '3lol', '722lol', '188lol', '634lol', '682lol', '76lol', '421lol', '887lol', '72lol', '925lol', '458lol', '279lol', '173lol', '67lol', '657lol', '918lol', '995lol', '202lol', '391lol', '436lol', '819lol', '151lol', '736lol', '609lol', '648lol', '215lol', '531lol', '98lol', '961lol', '384lol', '831lol', '190lol', '892lol', '350lol', '111lol', '915lol', '386lol', '739lol', '600lol', '817lol', '687lol', '473lol', '75lol', '114lol', '398lol', '720lol', '476lol', '656lol', '889lol', '940lol', '552lol', '948lol', '206lol', '658lol', '699lol', '904lol', '901lol', '108lol', '33lol', '106lol', '102lol', '962lol', '184lol', '378lol', '280lol', '485lol', '985lol', '47lol', '558lol', '466lol', '738lol', '905lol', '427lol', '337lol', '224lol', '53lol', '360lol', '503lol', '567lol', '556lol', '498lol', '469lol', '179lol', '543lol', '474lol', '661lol', '929lol', '232lol', '121lol', '863lol', '708lol', '877lol', '685lol', '866lol', '835lol', '81lol', '982lol', '511lol', '15lol', '822lol', '724lol', '313lol', '278lol', '43lol']
['289lol', '443lol', '762lol', '662lol', '115lol', '719lol', '807lol', '268lol', '339lol', '210lol', '455lol', '596lol', '562lol', '14lol', '867lol', '305lol', '88lol', '523lol', '326lol', '11lol', '454lol', '161lol', '569lol', '249lol', '6lol', '811lol', '356lol', '542lol', '782lol', '865lol', '368lol', '755lol', '20lol', '689lol', '70lol', '748lol', '518lol', '576lol', '851lol', '749lol', '370lol', '105lol', '506lol', '319lol', '192lol', '83lol', '241lol', '551lol', '520lol', '756lol', '9lol', '548lol', '165lol', '208lol', '528lol', '379lol', '801lol', '380lol', '938lol', '990lol', '744lol', '438lol', '441lol', '37lol', '276lol', '790lol', '834lol', '529lol', '883lol', '655lol', '629lol', '639lol', '175lol', '612lol', '255lol', '361lol', '605lol', '810lol', '403lol', '394lol', '684lol', '967lol', '248lol', '56lol', '850lol', '945lol', '583lol', '335lol', '780lol', '222lol', '191lol', '668lol', '777lol', '129lol', '968lol', '93lol', '153lol', '595lol', '917lol', '728lol']
['949lol', '328lol', '932lol', '349lol', '546lol', '941lol', '513lol', '723lol', '49lol', '402lol', '975lol', '450lol', '340lol', '750lol', '334lol', '672lol', '862lol', '504lol', '297lol', '54lol', '557lol', '200lol', '186lol', '236lol', '707lol', '148lol', '821lol', '688lol', '171lol', '5lol', '676lol', '149lol', '813lol', '262lol', '430lol', '711lol', '189lol', '664lol', '516lol', '992lol', '902lol', '733lol', '452lol', '77lol', '439lol', '910lol', '449lol', '909lol', '428lol', '875lol', '483lol', '317lol', '912lol', '143lol', '117lol', '408lol', '571lol', '649lol']
['182lol', '234lol', '501lol', '345lol', '795lol', '540lol', '823lol', '419lol', '477lol', '377lol', '314lol', '879lol', '805lol', '229lol', '499lol', '80lol', '207lol', '95lol', '876lol', '128lol', '260lol', '754lol', '381lol', '140lol', '478lol', '703lol', '627lol', '407lol']
['714lol', '145lol', '638lol', '683lol', '344lol', '740lol', '242lol', '870lol', '958lol', '250lol', '209lol', '993lol', '130lol', '315lol', '704lol', '376lol', '336lol', '943lol']
['598lol', '31lol', '122lol', '12lol', '168lol', '637lol', '891lol']
['994lol', '957lol', '87lol', '509lol']
['573lol']
['94lol']
['890lol', '964lol']
['695lol']
['447lol']
['931lol']
['226lol']
['734lol']
['896lol']
['481lol']
['135lol']
['999lol']
['312lol']
['101lol']
['521lol']
['861lol']
['362lol']
['198lol']
['930lol']
['919lol']
['318lol']
['933lol']
['911lol']
['205lol']
['138lol']
['446lol']
['794lol']
['331lol']
['718lol']
['660lol']
['804lol']
['299lol']
['547lol']
['244lol']
['784lol']
['307lol']
['645lol']
['494lol']
['770lol']
['563lol']
['507lol']
['261lol']
['55lol']
['488lol']
['371lol']
['0lol']
['871lol']
['119lol']
['632lol']
['914lol']
['532lol']
['591lol']
['893lol']
['78lol']
['124lol']
['837lol']
['806lol']
['302lol']
['691lol']
['283lol']
['352lol']
['586lol']
['549lol']
['480lol']
['833lol']
['716lol']
['237lol']
['667lol']
['899lol']
['383lol']
['66lol']
['27lol']
['643lol']
['935lol']
['530lol']
['325lol']
['864lol']
['257lol']
['187lol']
['411lol']
['369lol']
['347lol']
['812lol']
['592lol']
['456lol']
['486lol']
['698lol']
['320lol']
['608lol']
['544lol']
['273lol']
['372lol']
['373lol']
['746lol']
['275lol']
['235lol']
['581lol']
['460lol']
['137lol']
['763lol']
['358lol']
['793lol']
['715lol']
['575lol']
['505lol']
['836lol']
['267lol']
['413lol']
['752lol']
['577lol']
['853lol']
['908lol']
['873lol']
['444lol']
['963lol']
['743lol']
['166lol']
['570lol']
['650lol']
['348lol']
['942lol']
['285lol']
['342lol']
['157lol']
['855lol']
['517lol']
['978lol']
['922lol']
['429lol']
['526lol']
['500lol']
['414lol']
['727lol']
['954lol']
['300lol']
['845lol']
['125lol']
['389lol']
['100lol']
['19lol']
['725lol']
['219lol']
['681lol']
['475lol']
['296lol']
['396lol']
['327lol']
['277lol']
['955lol']
['390lol']
['659lol']
['401lol']
['425lol']
['25lol']
['245lol']
['882lol']
['61lol']
['387lol']
['745lol']
['160lol']
['620lol']
['365lol']
['385lol']
['212lol']
['593lol']
['227lol']
['24lol']
['971lol']
['916lol']
