['851', '713', '544', '90', '367', '397']
['412', '419', '3', '754', '79', '883', '891', '409']
['769', '629', '901', '834', '921', '35', '2']
['325', '733', '293', '503', '797', '501', '458', '80', '336', '198', '904', '241']
['500', '659', '237', '745']
['399', '282']
['505', '309', '64', '792', '123']
['200', '322', '686', '135', '836', '930', '878', '545']
['462', '327', '242', '902', '213']
['557', '228', '356', '439', '283', '508']
['555', '258', '400', '998', '685']
['224', '791']
['110', '881', '145', '574', '51', '681']
['983', '114', '832', '323', '30']
['934', '728']
['612', '180', '775', '986', '725', '605', '588', '231']
['44', '175', '366', '124', '432', '880', '449', '828', '521', '152', '511', '25']
['814', '475', '886', '778', '942', '596', '177', '205', '218']
['362', '467', '238', '976']
['751', '165', '831', '916', '296', '507']
['104', '890', '772', '194']
['446', '994', '530', '390', '585', '949', '244']
['259', '882', '979', '62', '777']
['609', '718', '988', '509']
['284', '703', '523', '117']
['100', '857', '779', '438', '452', '646', '968']
['597', '376', '513', '339', '598', '335', '118', '975']
['485', '980', '133', '610', '543', '236', '430', '73']
['36', '405', '846', '850', '720', '401', '201', '600', '813', '98']
['222', '783', '747', '493', '978', '308']
['210', '413', '450', '844', '811', '342', '149', '512']
['17', '578', '954', '53']
['214']
['211', '491', '48', '157', '286', '216', '347']
['427', '839', '562', '709', '465']
['974', '699', '357']
['541', '488', '61', '760', '522', '111']
['496', '229']
['636', '548', '66', '537', '582']
['384', '69']
['638', '969', '461', '421', '333', '815', '92']
['59', '346', '936']
['184', '748', '393', '63', '642', '378']
['14', '40', '580']
['84', '58', '756', '838', '27', '131', '520', '343']
['794', '353', '247', '736', '855']
['866', '990', '864', '15', '31']
['317', '970', '169', '810', '273', '281', '95', '621']
['147', '922', '447', '178', '332', '895', '96']
['840', '340', '944', '546']
['358', '776', '633', '856']
['967', '380', '476', '591']
['329', '407', '937', '785', '338', '255', '575', '981', '848']
['272', '634', '852', '661']
['331', '192', '389', '631', '208', '474', '717', '705', '32']
['129', '437', '658', '7', '991']
['868', '306', '363', '234']
['608', '581', '589', '215', '285']
['22', '559', '457']
['732', '553', '67', '595', '542', '300', '316']
['266', '77', '254', '227', '455']
['374', '960', '262', '556']
['113', '497', '849', '714', '670', '993', '644', '6']
['146', '334', '550', '847', '532', '825', '569']
['161', '875', '302', '122', '889']
['929', '898', '128', '91', '495']
['771', '723', '637', '716', '249', '606', '788', '790']
['781', '651', '660']
['701', '924', '519', '289', '931']
['391', '112', '263', '429', '225', '102']
['379', '142', '805', '418']
['996', '869', '691', '470', '630']
['617', '174', '416', '328', '434', '566', '798']
['657', '155', '918', '618', '105', '494']
['789', '939', '183']
['473', '487', '313', '199', '613', '481', '928']
['130', '158', '877', '377']
['640', '373', '909', '731']
['221', '484', '576', '853', '387']
['307', '106', '248', '568', '536']
['34', '93', '49', '654', '549', '870', '698', '514', '54']
['572', '314', '426', '1', '13', '806', '479']
['620', '683', '478']
['422', '351', '956', '735', '280', '403', '171', '740', '697', '892']
['802', '552']
['65', '197', '927', '525', '628', '614', '663', '739', '558', '746', '920', '719']
['89', '47', '963', '827', '528']
['800', '722', '431', '137']
['822', '159', '529', '196', '444']
['29', '303']
['425', '774', '24', '914']
['947', '404']
['933', '950', '375', '761']
['154', '992', '599', '515']
['653', '516', '82', '677', '150']
['264', '911', '176', '667', '708', '156']
['835', '645', '841', '305']
['962', '345', '807', '410', '919', '46']
['737', '186']
['4', '876', '843']
['350', '436', '269', '615']
['203', '910', '863', '573', '168']
['134', '611', '662', '251', '824', '435', '801', '256', '101', '987', '235']
['304', '81', '650', '460', '207', '26']
['86', '355', '601', '953', '759', '948', '319']
['577', '510', '9', '913']
['143', '984', '712', '715', '972']
['490', '632', '42', '441', '958', '593', '730']
['584', '361', '561']
['267', '957']
['655', '721', '12', '290', '795']
['451', '965', '268', '10', '871']
['526', '923', '938', '8', '354', '887', '531']
['279', '337', '420', '867', '809']
['570', '738', '153', '626', '37']
['477', '209']
['372', '603', '540']
['643', '163', '744', '837']
['780', '926', '842', '816', '352', '888', '527', '190']
['50', '492', '318', '765', '276', '862']
['707', '625']
['402', '604', '803', '820', '796', '959', '371', '826']
['671', '417', '995', '320']
['246', '985', '321', '188', '181', '690']
['897', '694', '232', '103', '240']
['563', '535']
['860', '466', '858']
['179', '18', '442', '498']
['799', '692']
['583', '72']
['287', '115']
['865', '874']
['456']
['1000', '786', '126', '482', '414', '311', '368', '903', '271', '684', '727', '392']
['726', '579']
['554', '193', '743', '673']
['912', '348', '406', '83']
['592', '312', '504', '108', '635', '695', '423', '74']
['70', '138', '623', '952', '518', '506', '396', '21', '782']
['773', '896', '551', '560', '764', '669']
['750', '729', '172', '71', '945', '107', '664']
['908', '471']
['233', '125', '627']
['415', '872', '845']
['20', '359', '277', '33']
['57', '724', '94', '408', '274', '687', '819', '469', '755']
['884', '299']
['808', '665', '219', '132', '191', '607', '141', '674', '885']
['349', '428', '148', '594']
['170', '295', '433']
['315', '693', '19', '144', '260']
['641', '539', '11']
['502', '324', '752']
['682', '5']
['326', '85', '38', '616', '468']
['757', '524', '121', '768', '136', '873', '195']
['647', '793', '78', '894', '56', '166', '424']
['463', '997', '753', '804']
['989', '602', '230', '140', '639', '854', '821']
['116', '120', '586', '448', '220']
['689', '173', '97']
['99', '917', '973', '480', '292']
['75']
['696', '398', '60', '55']
['999', '951', '291', '265', '41', '459', '955', '288']
['833', '893', '486', '45', '239', '906']
['564', '624', '977', '382']
['489', '369', '770', '270']
['622', '710', '672', '245', '587', '861']
['250', '381', '454']
['971', '700', '310', '87', '68', '223', '394', '900', '565']
['766', '648', '907', '966']
['567', '702', '160', '675', '411', '679', '935']
['341', '164', '668', '666', '656']
['151', '453', '162', '946', '445']
['360', '830', '915', '879']
['619', '297', '767']
['964', '818']
['859', '652', '812', '823']
['23', '676', '472']
['547', '226', '189', '905']
['590']
['688', '294', '253', '538']
['182', '204', '734', '758', '139', '385']
['187', '52', '330']
['749', '212', '499']
['206', '16', '741', '43', '298', '185']
['763', '517', '243', '275']
['982', '678', '961']
['370', '109']
['252', '28', '649']
['571', '943', '742']
['925', '932', '941', '464', '257', '762', '704', '217']
['202', '119']
['301', '388', '88', '261']
['787', '940', '383', '364', '395', '278', '167', '76', '440', '483', '534', '680']
['127']
['533', '784', '829', '443', '817']
['711', '344', '39', '706']
['365', '899', '386']
