['J5c', 'QFL', 'zTO', 'sdQ', 'rUR', 'nOo', 'WZ0', '6TB', 'w7X', 'bOO', '7S1', 'xba', 't5B', 'hbl']
['mCb', 'I5T', 'OWx', 'fpG', 'Nq2', 'X9x', 'ioX', 'bC7', 'kts', 'M83', 'aIQ', 'unf', 'F4O', '2N4']
['xtE', 'SbT', 'mtP', 's9g', 'Ski', 'ZwA', 'xT6', 'dlm', '0gN', 'cuP', 'aB1', 'nnl', 'ZKD', '8Ge']
['yz9', 'm4B', 'zhc', 'Cjz', 'Vmf', '6ah', 'Ni3', 'XDn', 'dBi', 'uGu', 'YSr', '4QY', 'lJB', 'a4T']
['fkx', 'tIj', 'Ocl', 'KjJ', 'Y2h', 'RUq', 'fgU', 'HqB', 'gHm', 'hjs', 'mfl', 'jfO', 'fqH', 'NXa']
['KZn', 'zN9', 'D92', 'MX4', 'Aac', 'Jax', 'hxI', 'Fcj', '1ak', 'S2b', 'hkM', 'NhW', 'gSg', '4QL']
['AKl', 'ubx', 'CUr', '7Wg', 'l14', 'aPs', 'xwk', 'HuQ', 'K9I', 'Th7', 'Wq1', 'Y1y', 'ZHa', 'nBj']
['yjq', '51j', 'eoA', '9Yh', 'qYZ', 'AT0', 'd5R', '9km', 'IU6', 'WnO', 'BjQ', 'STu', 'G1u', 'CGv']
['5n7', 'gnV', '7us', 'Y9L', 'e3L', '1c8', 'GVP', 'u21', 'd6T', 'IJR', 'b5M', 'DUy', '1af', '9Ye']
['GqO', 'rSz', 'd31', 'hKB', 'pya', 'Nxo', 'tMU', 'Wei', '5dA', '4yj', 'MDx', 'fJd', 'rFT', 'NYm']
['h9B', 'A4D', 'hrw', 'NJR', 'vXW', '5yL', 'NZH', 'W1v', 'lDt', 's5U', 'b4Z', 'f4C', 'fyw', 'fiS']
['3Vt', 't7E', 'MUo', 'cZC', 'SAS', 'Ict', 'ZTh', 'a7h', 'EQu', 'zDr', 'PeZ', 'UhF', '2bJ', 'BME']
['DxE', 'wTH', 'vJn', 'MWt', 'mkh', '4Uu', 'Lhm', 'gaE', 'BUt', 'OQf', '2EZ', 'MJd', 'ozk', 'PPL']
['5DP', 'rI7', 'LrH', '5tS', 'tFs', 'Bz0', '0Bu', 'Hxd', 'lQ0', 'nPd', 'oax', '6e7', 'oNy', '3oN']
['gGS', 'Fqy', 'EA5', 'OYR', 'FT3', 'bJh', 'yYX', 'A3U', 'm0k', 'r9i', 'STE', 'yUR', 'dB1', 'WcX']
['WTx', 'mzp', 'hV6', 'u2Z', 'kFd', 'C46', 'YLx', 'afw', 'PAK', 'bBn', '6HP', 'BOl', 'P6C', 'MZE']
['dRG', 'Yqp', 'np3', 'LC6', 'Rdl', 'fYE', 'hIr', 'w4O', 'Zsu', '5e4', 'ToD', 'eqN', 'nho', 'dLP']
['KhJ', 'JqU', 'N5I', 'lG5', '2Lz', 'eWi', 'eZA', 'J26', 'arg', 'gO2', '7ge', 'gSv', 'S1g', 'nh5']
['FLR', 'ktC', 'AHl', 'NIi', 'zMJ', 'qEv', 'TMD', 'd22', '5Ns', '2JO', 'ZGX', 'PzU', 'nhM', 'XEh']
['kHi', 'K07', 'wUv', 'hn5', '4LJ', 'YRW', 'CRQ', 'wkU', 'nQu', 'VGh', 'BWH', 'p6i', 'LzC', 'n6E']
['bra', '78Z', '4uq', 'vyw', 'K32', 'XWB', 'PJx', 'Nsq', '7eF', '9Qr', 'f0e', 'qgk', 'cVV', 'txd']
['sYx', 'jML', '2f6', 'lvA', 'CZe', 'IOc', '9kE', 'BFo', 'ywF', 'yYa', 'njc', '2Sw', '4KC', 'jFd']
['LiY', 'SlE', '44l', 't4i', 'IhT', 'Rcq', '3Xt', '3Xd', 'nFq', 'A9M', 'PrW', 'WyA', 'Wa1', 'QUA']
['S3R', 'QXI', '6lA', 'JPb', 'lUg', 'uZ6', 'rgc', 'Iwq', 'lFC', '8qA', 'oNg', 'wac', 'pSI', 'fes']
['pN1', 'yMP', 'Zpy', 'qoT', 'YWJ', 'Zvx', 'uo2', 'kO2', '3hV', 'cGe', 'ktd', 'fsw', 'qOE', 'uci']
['jDP', 'jn6', 'vtj', 'DAH', 'bZQ', 'mCu', 'DSn', 'saC', '2QS', '0me', 'tAh', '4zd', '0yK', 'dLV']
['1pz', 'eS1', 'QVL', 'maf', 'y74', 'zGQ', 'hAD', 'tgv', 'WeL', 'Sv7', 'WGV', 'TE6', 'c11', '31E']
['qP1', 'oGW', 'kQ0', 'QkW', 'tph', 'jkO', 'zAn', 'zo8', 'UET', 'RVV', 'oDu', 'JQh', 'Ttf', 'lxq']
['1J5', 'kFp', 'hSn', 'Ddq', 'j61', 'ovp', '41z', 'JYC', 'XJ8', 'rHA', 'yUh', '2RF', 'sbn', 'Eab']
['jLQ', '3aH', 'l6D', 'yDC', 'poB', 'nKE', 'HhO', 'AqR', 'IYj', 'FeY', 'PRM', 'NK1', 'bXT', 'U9P']
['CO5', 'Vgt', 'LDM', 'SkA', 'CI7', 'O1j', 'mwy', 'X5I', 'mra', 'XKL', '6dm', '6oI', 'hQQ', 'PNQ']
['Pxa', 'Ei5', 'O2Y', 'yLH', 'ASb', 'u3q', 'fd3', 'xld', '2dZ', 'xLh', 'xin', 'laN', 'vug', '919']
['mwx', 'g5u', '7yy', 'lVq', 'sSK', 'BAA', 'rg3', 'jWg', 'q9b', 'PM7', '1Mp', 'WGM', '0Hd', 'tls']
['eFm', 'icK', 'pXg', 'lv8', '9ul', 'i3x', 'SZi', 'UEA', 'npC', 'Yoj', 'bP8', 'mgt', 'MFJ', 'JlL']
['9VG', '0IB', 'G4Q', '4ps', 'vyz', '9CZ', 'aOg', 'uFa', '0jF', 'emo', 'pXb', 'WD8', 'L3o', 'khn']
['ttl', 'Tjd', 'Pbm', 'HIl', 'aMi', 'YS1', 'ooP', '9Ys', 'SjL', 'uKL', 'Tqt', 'dHU', 'YMH', 'iLv']
['MUr', 'eM5', 'JSO', 'WGf', 'kVs', 'Ted', 'Fqs', 'j3r', 'q76', 'uXk', 'Ai7', 'vSm', 'HLj', '5m1']
['NC3', '9zD', '4QM', 'ViR', 'nIw', 'pdu', 'bWE', 'r83', 'txn', 'K6h', 'HJ6', 'HeA', 'sRe', '58x']
['2w4', 'JoQ', 'WNU', 'OHk', 'TsJ', 'nui', 'R2N', 's2I', '1CH', 'Lcw', 'OOe', 'MyS', 'rWh', 'I4q']
['W97', 'fYL', '7mD', '4vG', 'LnE', 'Gco', 'WLf', 'gJK', 'ddY', 'sal', 'YNN', 'A50', 'xLj', '7Mc']
['hP1', 'Vnn', 'KEc', 'u5i', 'BYb', 'plT', 'Nuj', 'LsI', 'ET0', 'GQG', 'fTC', 'z7z', 'dKO', 'Tcm']
['4nm', 'wqU', 'Th2', 'Ka6', 'sgb', 'CsX', 'gmz', 'zMw', '5NA', 'FqG', 'Z7f', 'dF2', 'mYG', 'MtM']
['ynz', 'j5Q', 'ol3', '5R2', 'gZn', 'FVQ', 'LEf', 'dJR', 'oX4', 'gIW', 'yGe', 'HWQ', 'qpd', '16O']
['tnb', '0GZ', '9NC', 'XaK', 'ae7', 'eu8', 'jDJ', 'pwU', 'Bnu', 'AWr', 'PC6', 'gpO', 'Sru', 'PUK']
['Zyo', 'liM', 'tFz', 'pUv', '7Sm', 'Yuu', '4ZT', '43q', 'Ffc', 'ddO', 'v0k', 'may', 'Shf', 'tdl']
['KG7', 'RUS', 'lmh', 'apT', 'XaB', 'OXi', 'mNx', 'OD8', 'rAN', 'cu2', 'ZIH', 's58', 'fGu', 'Cvx']
['gEl', '9mo', 'qGq', 'nK2', 'vbq', '0LW', 'pXl', '4Hw', 'LhI', 'o7Y', 'crX', 'W7t', 'FWu', 'Hmk']
['WG7', 'rw3', 'JR1', 'cDS', 'Wlt', 'AO2', 'hz6', 'tVs', 'hIj', 'lNF', 'bzV', 'Dz4', 'SR5', '9IP']
['3Ag', 'RlQ', 'eYl', 'ekZ', 's7d', '7S6', 'rSE', 'sbj', 'ylE', 'lH0', 'rzH', 'm6v', 'BrF', 'LAd']
['jo2', '9lP', 'hak', 'Vfu', 'qAc', 'R7X', 'nlp', 'enl', 'jWp', 'EBx', 'Ujw', 'zoY', 'z9e', 'mbB']
['onK', 'rN7', '0H7', 'W1M', 'Gjs', 'okX', 'Ky4', 'WjA', 'EMw', 'fax', 'BCw', '9yS', 'RGr', '79G']
['eeH', '1Sy', 'yaj', '1dm', 'JeV', 'DUA', 'DIm', 'gjs', '3Uy', 'Ehn', 'XYV', '7jK', '439', '28H']
['aml', '7df', 'gz8', 'evV', 'zGa', '8W9', 'gye', '4yO', 'DC7', 'EE4', 'krw', 'pzP', 'mIR', 'A2l']
['yO6', 'kQr', '2qA', 'GMU', '4Mn', 'Thn', 'XwM', 'Aj3', 'OSO', 'wCA', 'JxG', 'irU', '6yD', '5Co']
['zya', 'vl3', 'LMs', 'mMy', 'R5h', 'RON', 'RCL', '9Id', '02G', 'lsW', 'iY3', '7IB', 'gQE', 'N0C']
['TES', 'iBf', 'akZ', 'rx8', 'EwN', 'sNU', 'yXf', 'Ug4', 'HE4', 'Ml8', 'CNJ', '0q1', 'QAx', 'oQw']
['fbf', '2ye', 'p20', '8ie', '77o', 'Tkp', 'DMx', 'VpP', 'NiA', 'qnc', 'xbc', 'OHB', 'uL9', 'pN2']
['eK8', '1Kn', 'SgL', 'LVD', '5Hk', 'NA1', 'DRe', 'Yb0', 'm2L', 'bJW', 'Sw6', 'd3n', 'q3C', 'j1P']
['VN1', 'd8K', 'Rk1', 'qj0', 'gyz', 'xG2', 'cCZ', 'SL9', 'bvp', 'U32', '243', '28b', 'e00', 'LPO']
['EZt', 'q6h', 'vdt', 'S9z', 'N45', 'Giz', '6ka', 'CIk', '1VI', 'ifk', 'yAq']
['7Ra', '2r1', 'TKn', 'Zt2', 'p3g', 'Vl3', 'n1R', 'zlE', 'RVs', 'adJ', 'yA4', 'js2']
['tcm', '89P', 'wOt', 'sXB', 'MvS', 'xNV', 'FDH', 'G2O', 'JcF', 'jVD', 'Z1r']
['SE6', 'mqV', 'XaM', 'nOQ', '7k7', 'WNm', 'Vsl']
['yey', '7Ih', 'jjU']
['gY6', 'G0D']
['g1Z', 'ChE', 'Ee4']
['xhH']
['nxV']
