['221', '49', '28', '91', '453', '559', '420', '558', '241', '407', '294', '242', '163', '246', '109', '425', '217', '442', '227', '485', '222', '219', '388', '245', '587', '16', '955', '272', '350', '95', '676', '897', '743', '229', '561']
['380', '402', '282', '482', '115', '398', '395', '148', '570', '375', '735', '808', '393', '756', '447', '574', '384', '19', '382', '376', '392', '86', '394', '372', '377', '381', '935', '176', '374', '385', '291', '401', '20', '88', '566']
['203', '446', '186', '408', '403', '949', '891', '205', '930', '106', '878', '206', '235', '412', '192', '761', '190', '189', '328', '198', '774', '100', '495', '880', '26', '288', '840', '304', '139', '208', '432', '126']
['773', '457', '391', '354', '581', '352', '344', '316', '410', '46', '118', '369', '226', '766', '348', '938', '7', '41', '386', '361', '584', '105', '32', '353', '800', '670', '428', '677', '564', '362', '841', '663', '460', '578', '730']
['445', '345', '360', '233', '486', '311', '858', '404', '366', '62', '363', '306', '904', '349', '96', '790', '370', '325', '422', '793', '365', '426', '714', '411', '474', '341', '202', '742', '845', '67', '672', '357', '449', '481', '343']
['496', '859', '856', '252', '737', '523', '760', '129', '38', '697', '111', '502', '541', '334', '110', '623', '513', '882', '560', '512', '505', '520', '515', '335', '295', '503', '762', '522', '483', '542', '289', '285', '516', '521', '216']
['153', '134', '870', '133', '717', '136', '548', '75', '152', '600', '142', '549', '555', '154', '147', '135', '140', '149', '884', '146', '351', '416', '137', '132', '141', '659', '755', '749', '128', '918', '151', '607', '739', '415', '876']
['936', '763', '197', '728', '631', '794', '862', '400', '707', '886', '544', '579', '473', '695', '705', '898', '983', '461', '710', '932', '435', '698', '685', '690', '684', '290', '708', '78', '683', '556', '191', '585', '701', '679', '692']
['215', '665', '860', '667', '958', '238', '892', '721', '237', '178', '819', '74', '451', '323', '257', '588', '873', '748', '307', '104', '165', '883', '765', '220', '639', '228', '720', '225', '709']
['807', '894', '194', '213', '817', '108', '828', '263', '946', '846', '224', '811', '117', '327', '823', '429', '868', '812', '825', '14', '814', '833', '818', '943', '822', '302', '597', '114', '951', '675', '768', '954', '668', '885']
['60', '832', '125', '212', '76', '881', '960', '107', '102', '931', '444', '942', '616', '262', '280', '834', '112', '816', '948', '752', '583', '830', '889', '769', '829', '950', '185', '940', '267', '24', '821', '810', '510', '298', '535']
['638', '648', '634', '646', '580', '526', '622', '627', '649', '628', '644', '27', '243', '727', '621', '671', '916', '626', '35', '438', '641', '636', '650', '979', '791', '297', '624', '629', '645', '568', '620', '625', '643', '469', '640']
['337', '338', '317', '326', '324', '953', '595', '145', '336', '409', '586', '308', '782', '310', '321', '312', '181', '82', '653', '313', '13', '340', '780', '322', '314', '332', '576', '738', '726', '18', '530', '8', '339', '143', '484']
['786', '537', '538', '519', '843', '866', '550', '536', '517', '651', '51', '529', '358', '567', '0', '405', '554', '572', '557', '397', '746', '982', '875', '450', '553', '716', '718', '573', '296', '518', '506', '17', '430', '534', '545']
['383', '183', '173', '182', '379', '155', '637', '957', '414', '731', '166', '284', '656', '283', '156', '168', '647', '292', '180', '172', '174', '164', '171', '159', '764', '158', '119', '157', '239', '303', '23', '170', '161']
['179', '604', '389', '608', '68', '65', '122', '333', '605', '431', '130', '73', '123', '619', '540', '253', '79', '223', '603', '615', '839', '271', '287', '594', '788', '598', '613', '467', '719', '330', '456', '592', '87', '1', '593']
['799', '427', '937', '601', '693', '854', '725', '508', '211', '905', '666', '980', '599', '466', '606', '912', '543', '15', '299', '632', '934', '591', '618', '589', '596', '635', '443', '487', '609', '602', '127', '464', '660', '952', '736']
['70', '279', '406', '188', '941', '582', '590', '514', '770', '346', '577', '162', '64', '965', '77', '66', '72', '63', '81', '92', '945', '89', '664', '359', '820', '266', '468', '551', '440', '84', '85', '90', '80', '218', '30']
['533', '890', '758', '779', '776', '805', '778', '93', '293', '792', '501', '796', '610', '421', '300', '798', '240', '787', '436', '200', '789', '797', '775', '783', '804', '869', '504', '781', '479', '777', '802', '209', '658', '373', '795']
['767', '94', '528', '43', '309', '498', '57', '55', '56', '47', '48', '37', '493', '740', '434', '872', '563', '488', '44', '150', '61', '58', '877', '45', '680', '71', '54', '31', '160', '36', '42', '39', '53', '59', '52']
['657', '196', '459', '630', '470', '11', '617', '923', '909', '871', '921', '920', '913', '987', '475', '925', '914', '492', '723', '754', '900', '99', '201', '69', '527', '101', '455', '929', '318', '901', '907', '927', '437', '494', '928']
['552', '305', '947', '837', '342', '963', '661', '98', '985', '195', '966', '975', '729', '964', '301', '678', '976', '724', '320', '234', '539', '5', '681', '971', '184', '547', '187', '83', '33', '22', '458', '511', '286', '801', '575']
['9', '751', '887', '387', '255', '319', '689', '419', '835', '893', '888', '806', '981', '785', '175', '831', '722', '249', '939', '673', '476', '861', '524', '771', '121', '210', '418', '824', '4', '959', '433', '813', '867', '753', '569']
['757', '917', '744', '911', '924', '903', '281', '489', '915', '29', '922', '747', '919', '424', '331', '329', '926', '910', '214', '655', '230', '863', '902', '169', '669', '899', '906', '908', '956', '167', '390', '399', '847', '565', '423']
['733', '853', '849', '120', '864', '745', '815', '970', '546', '838', '759', '417', '441', '855', '852', '364', '497', '462', '124', '611', '509', '836', '809', '827', '851', '865', '844', '850', '842', '741', '193', '531', '826', '848', '499']
['962', '34', '3', '448', '207', '978', '231', '12', '439', '562', '973', '50', '984', '40', '895', '116', '977', '991', '471', '259', '97', '177', '961', '6']
['490', '654', '413', '10', '103', '662', '454', '896', '480', '396', '236', '347', '879', '713', '633', '355', '857', '803', '367', '247', '507', '2', '371', '25', '21', '772', '113', '204', '784', '944', '525', '199', '642', '652', '478']
['974', '452', '969', '989', '472', '734', '278', '269', '251', '277', '972', '275', '273', '715', '258', '261', '988', '274', '248', '276', '674', '532', '254', '968', '264', '250', '270', '990', '265', '986', '268', '967', '260', '256', '144']
['750', '463', '712', '687', '477', '933', '571', '732', '682', '691', '368', '874', '131', '694', '612', '138', '491', '686', '699', '711', '232', '244', '315', '378', '706', '702', '703', '700', '465', '696', '688', '500', '614', '356', '704']
