['799', '454', '564', '78', '700', '150', '465', '252', '629', '416', '328', '759', '484', '13', '514', '373', '715', '185']
['370', '612', '139', '533', '482', '197', '792', '212', '765', '552', '4', '452', '449', '614', '477', '646', '30']
['153', '608', '408', '555', '666', '386', '140', '517', '74', '329', '261', '86', '394', '274', '202', '285', '264', '702', '128', '210', '286', '216', '415']
['767', '654', '49', '537', '712', '728', '152', '111', '379', '627', '550', '363', '628', '488', '44', '781', '381', '507', '25', '187', '696', '87', '357', '481', '535']
['52', '334', '444', '418', '175', '134', '291', '65', '599', '448', '520', '676', '302', '298', '11']
['325', '146', '242', '227', '751', '79', '616', '296', '615', '260', '344', '440', '510', '54', '21', '231']
['391', '758', '745', '103', '161', '43', '782', '241', '93', '246', '280', '131', '424', '217', '567', '793', '234', '353', '626', '726', '114', '267', '225', '534', '692']
['446', '402', '10', '459', '316', '46', '102', '147', '262', '312', '536', '713', '214', '655', '266', '699', '247', '2', '547', '597', '573', '228', '437', '494', '593']
['786', '68', '486', '305', '744', '770', '346', '508', '206', '375', '55', '47', '414', '361', '12', '243', '451', '365', '174', '411', '297', '764', '720', '620']
['215', '354', '725', '630', '400', '619', '253', '747', '434', '505', '727', '515', '0', '244', '483', '742', '602', '160', '36', '716', '339', '390', '85', '80', '795']
['179', '221', '183', '196', '559', '29', '181', '740', '92', '236', '347', '301', '780', '50', '426', '116', '184', '703', '640', '556', '399', '506', '642']
['750', '335', '323', '194', '491', '61', '735', '693', '722', '366', '723', '115', '209', '649', '367', '313', '576', '303', '387']
['657', '145', '453', '776', '309', '235', '734', '761', '62', '447', '81', '554', '124', '435', '589', '171', '719', '26', '158', '524', '304', '191', '432', '569']
['34', '787', '492', '270', '318', '688', '779', '557', '22', '189', '464', '72', '314', '368', '398', '327', '653', '680', '752', '289', '123']
['757', '380', '351', '721', '359', '570', '164', '137', '521', '650', '674', '428', '684', '238', '299', '583', '455']
['489', '682', '200', '769', '317', '730', '48', '311', '40', '625', '300', '319', '107', '330']
['766', '204', '186', '265', '574', '201', '106', '17', '159', '690', '772', '392']
['250', '526', '138', '450', '278', '1', '257', '474', '35', '687', '636', '548', '698', '476', '382']
['519', '237', '530', '374', '662', '582', '525', '581', '598', '498', '169', '51', '668', '681', '561', '73', '283', '708', '343']
['413', '188', '523', '431', '667', '226', '348', '117', '606', '579', '37', '441', '384', '105', '340', '180', '397', '527', '121', '199', '743', '144']
['427', '94', '601', '360', '282', '760', '605', '404', '207', '409', '154', '623', '785', '621', '562', '222', '509', '371', '749', '669', '177', '423', '566', '529']
['463', '125', '595', '133', '634', '546', '255', '697', '369', '293', '251', '112', '178', '396', '774', '364', '219', '714', '551', '232', '659', '151', '679', '709', '499']
['338', '320', '513', '230', '256', '76', '639', '239', '16', '306', '613', '600', '275', '341', '469', '27', '15']
['203', '609', '182', '541', '691', '773', '497', '789', '223', '797', '224', '53', '443', '420', '460', '677', '706']
['100', '57', '389', '362', '710', '321', '645', '796', '220', '136', '268', '430', '558', '59', '738', '470']
['445', '638', '28', '91', '173', '586', '211', '56', '603', '756', '543', '429', '32', '376', '686', '783', '503', '467', '683', '675', '660', '259', '658', '739', '663']
['70', '648', '129', '75', '342', '205', '407', '707', '417', '656', '273', '19', '694', '591', '388', '587', '596', '176', '746', '542', '39', '643', '704', '6', '126']
['110', '383', '163', '461', '540', '67', '544', '167', '24', '208', '701', '108', '522', '89', '678', '378']
['419', '622', '405', '172', '310', '568', '324', '99', '425', '90', '198', '98', '254']
['422', '412', '233', '77', '611', '249', '763', '631', '127', '438', '500', '143', '560', '45', '511', '791', '538', '276', '218', '142']
['337', '604', '345', '60', '571', '281', '549', '155', '473', '149', '258', '594', '322', '462', '775', '132', '588', '755', '101', '31', '672', '607', '88', '229', '753']
['436', '624', '292', '355', '33', '737', '439', '213', '372', '466', '504', '69', '762', '565', '287', '263', '71', '577', '356', '290']
['8', '120', '731', '166', '717', '480', '673', '635', '584', '190']
['490', '617', '633', '572', '119', '66', '768', '269', '585', '193', '38', '277', '531', '349', '664', '479', '240']
['689', '113', '64', '3', '442', '472', '457', '671', '83', '539', '406', '610', '528', '651', '518', '644', '97', '695', '84', '95', '736']
['733', '9', '403', '590', '130', '148', '729', '82', '284', '493', '705', '798', '156', '754', '377', '245', '350', '487', '748', '516', '784', '165', '20', '433', '777']
['732', '771', '456', '168', '307', '104', '592', '545', '485', '326', '42', '641', '5', '315', '162', '794', '478', '580']
['333', '352', '395', '195', '192', '109', '135', '41', '7', '501', '393', '512', '96', '563', '295', '468', '332', '685', '385', '718', '401', '458', '23', '578', '170']
['279', '665', '122', '410', '118', '308', '294', '637', '271', '358', '790', '647', '724', '632', '58', '788', '618', '711', '141', '272', '288', '471']
['502', '18', '331', '778', '475', '496', '14', '495', '553', '421', '63', '670', '157', '741', '336', '248', '661', '575', '652', '532']
