['179', '427', '203', '496', '134', '120', '188', '486', '68', '129', '75', '76', '431', '448', '205', '404', '319', '316', '73', '409', '195', '235', '379', '419', '93', '163', '155', '55', '310', '242', '223', '262', '72', '251', '327', '13', '396', '149', '74', '283', '96', '451', '392', '32', '325', '370', '156', '44', '227', '266', '411', '40', '176', '244', '202', '21', '26', '455', '184', '288', '456', '204', '250', '121', '318', '450', '267', '291', '22', '265', '127', '460', '220', '80', '199', '484', '469', '193', '177', '17', '430', '343']
['34', '9', '10', '326', '125', '212', '133', '103', '136', '152', '263', '387', '255', '420', '107', '207', '308', '11', '123', '412', '366', '321', '386', '82', '48', '27', '384', '429', '424', '299', '217', '14', '168', '436', '329', '442', '258', '61', '230', '249', '438', '381', '248', '440', '71', '350', '487', '185', '264', '330', '113', '160', '128', '114', '39', '157', '437', '216', '225']
['221', '463', '3', '413', '186', '215', '317', '65', '279', '354', '196', '115', '403', '333', '453', '43', '281', '142', '241', '489', '454', '334', '294', '192', '293', '154', '109', '41', '278', '280', '63', '37', '277', '131', '349', '347', '240', '146', '475', '100', '0', '320', '172', '365', '219', '372', '174', '234', '137', '474', '132', '388', '99', '232', '5', '2', '159', '116', '285', '31', '36', '362', '270', '165', '390', '268', '259', '229', '303', '218']
['194', '482', '91', '324', '311', '395', '410', '238', '369', '400', '444', '79', '135', '269', '447', '473', '368', '313', '480', '92', '441', '300', '243', '236', '15', '376', '492', '214', '150', '314', '45', '367', '467', '332', '169', '171', '276', '104', '78', '210', '33', '465', '8', '464', '191', '90', '239', '449', '458', '423', '144', '30']
['445', '457', '391', '213', '452', '352', '342', '162', '111', '375', '57', '246', '237', '189', '425', '178', '261', '355', '295', '491', '138', '462', '274', '35', '443', '101', '315', '374', '378', '119', '139', '339', '167', '24', '296', '4', '1', '151', '88', '356', '432', '190']
['490', '94', '60', '345', '408', '28', '130', '309', '148', '407', '29', '253', '66', '421', '198', '493', '488', '485', '164', '394', '272', '483', '476', '289', '42', '399', '143', '256']
['337', '110', '380', '50', '418', '180', '211', '351', '416', '209', '257', '97', '226', '102']
['49', '338', '360', '406', '122', '344', '38', '336', '98', '46', '470', '472', '56', '77', '224', '181', '328', '7', '284', '417', '12', '364', '323', '497', '222', '124', '297', '479', '25', '307', '187', '208', '401', '228', '260', '298']
['282', '173', '106', '206', '182', '312', '140', '361', '271', '358', '287', '439', '19', '340', '461', '426', '245', '201', '247', '371', '254', '385', '18', '67', '357', '59', '6']
['402', '58', '62', '471', '398', '286', '397', '341', '498', '126']
['304', '175', '147', '305', '81', '433', '415', '170', '494', '382']
['70', '84', '331', '405', '233', '197', '353', '393', '145', '112', '377', '108', '346', '183', '69', '89', '52', '478', '499']
['153', '383', '105', '495', '468', '252', '302', '83', '166', '435', '16', '459', '53', '335', '273', '95', '373', '118', '54']
['422', '477', '301', '481', '389']
['231', '446', '348', '434', '275']
['23', '322', '306', '51']
['292', '141']
['359', '200', '87', '466', '117', '47', '414', '428', '290']
['20', '64', '363', '86']
['158', '85', '161']
