['s264', 's444', 's220', 's18', 's956', 's231', 's797', 's91', 's424', 's852', 's130', 's57', 's577', 's721', 's121', 's930', 's434', 's117', 's583', 's628', 's791', 's42', 's522', 's112', 's255', 's136', 's711', 's218', 's53', 's243', 's905', 's848', 's342', 's229', 's206', 's265', 's887', 's921', 's638', 's629', 's679', 's846', 's450', 's639', 's77', 's825', 's485', 's496', 's738', 's387']
['s877', 's11', 's994', 's595', 's803', 's740', 's806', 's242', 's914', 's443', 's538', 's274', 's343', 's182', 's196', 's3', 's531', 's536', 's51', 's295', 's74', 's532', 's316', 's551', 's158', 's131', 's417', 's62', 's935', 's620', 's513', 's572', 's341', 's233', 's382', 's581', 's614', 's978', 's919', 's874', 's469', 's527', 's891', 's86', 's88', 's691', 's660', 's256', 's529', 's734']
['s824', 's468', 's129', 's9', 's560', 's340', 's189', 's0', 's592', 's783', 's143', 's993', 's46', 's301', 's552', 's1', 's40', 's159', 's591', 's696', 's704', 's605', 's809', 's690', 's578', 's17', 's164', 's920', 's893', 's114', 's147', 's80', 's39', 's788', 's568', 's322', 's202', 's729', 's128', 's663', 's289', 's680', 's252', 's599', 's671', 's789', 's979', 's681', 's866', 's224']
['s32', 's297', 's910', 's826', 's931', 's27', 's41', 's63', 's352', 's968', 's939', 's241', 's882', 's524', 's257', 's222', 's991', 's356', 's724', 's355', 's519', 's698', 's85', 's845', 's774', 's330', 's181', 's50', 's111', 's863', 's30', 's92', 's281', 's549', 's682', 's947', 's667', 's958', 's533', 's379', 's741', 's640', 's425', 's225', 's107', 's397']
['s248', 's884', 's357', 's33', 's422', 's647', 's310', 's535', 's47', 's135', 's539', 's937', 's334', 's399', 's616', 's571', 's854', 's521', 's794', 's251', 's290', 's28', 's489', 's688', 's306', 's714', 's812', 's700', 's288', 's694', 's204', 's336', 's416', 's65', 's394', 's718', 's199', 's856', 's964', 's590', 's372', 's768', 's750', 's311', 's929', 's134', 's72', 's167', 's762', 's871']
['s438', 's785', 's294', 's907', 's928', 's832', 's753', 's983', 's828', 's719', 's911', 's351', 's328', 's569', 's915', 's201', 's585', 's873', 's427', 's986', 's624', 's632', 's948', 's934', 's238', 's961', 's913', 's763', 's756', 's975', 's376', 's304', 's926', 's932', 's374']
['s974', 's759', 's162', 's338', 's139', 's155', 's66', 's839', 's912', 's113', 's840', 's315', 's850', 's865', 's23', 's226', 's475', 's437', 's579', 's52', 's346', 's881', 's619', 's118', 's115', 's460', 's258', 's156', 's784', 's528', 's361', 's150', 's686', 's309', 's764', 's772', 's576', 's160', 's697', 's562', 's447']
['s347', 's36', 's285', 's723', 's127', 's386', 's923', 's603', 's186', 's367', 's246', 's124', 's678', 's21', 's178', 's597', 's314', 's716', 's820', 's608', 's625', 's965', 's751', 's35', 's598', 's452', 's626', 's81', 's689', 's418', 's456', 's622', 's353', 's79', 's739', 's554', 's188', 's193', 's132']
['s474', 's64', 's693', 's864', 's927', 's637', 's501', 's398', 's19', 's34', 's942', 's510', 's771', 's407', 's391', 's635', 's500', 's933', 's793', 's757', 's766', 's745', 's872', 's480', 's730', 's699', 's594', 's925', 's6', 's512', 's216', 's941', 's728', 's95', 's441', 's208', 's732', 's557', 's810', 's957', 's940', 's883']
['s505', 's610', 's270', 's860', 's685', 's275', 's918', 's875', 's433', 's670', 's687', 's665', 's465', 's401', 's10', 's561', 's412', 's197', 's666', 's879', 's463', 's472', 's537', 's312', 's575', 's950', 's369', 's973', 's176', 's559', 's435', 's909', 's869', 's106', 's967', 's439', 's727', 's661', 's897']
['s354', 's331', 's377', 's841', 's816', 's755', 's431', 's706', 's710', 's546', 's327', 's409', 's525', 's380', 's459', 's743', 's861', 's701', 's84', 's191', 's133', 's752', 's938', 's94', 's997', 's773', 's642', 's165', 's787', 's898', 's675', 's414']
['s776', 's440', 's777', 's408', 's641', 's987', 's481', 's761', 's37', 's446', 's388', 's470', 's151', 's319', 's989', 's556', 's423', 's300', 's747', 's105', 's161', 's908', 's540', 's185', 's332', 's230', 's120', 's244', 's844']
['s360', 's350', 's906', 's479', 's683', 's811', 's604', 's996', 's436', 's836', 's827', 's348', 's952', 's299', 's14', 's498', 's104', 's817', 's221', 's207', 's966']
['s335', 's504', 's564', 's760', 's266', 's146', 's227', 's16', 's263', 's717', 's190', 's972', 's494', 's707', 's633', 's389', 's894', 's103', 's712', 's411', 's363', 's758', 's344', 's618', 's292', 's24', 's646', 's746', 's748', 's421', 's48', 's461']
['s523', 's61', 's534', 's210', 's515', 's390', 's649', 's851', 's284', 's215', 's240', 's383', 's984', 's223', 's329', 's75', 's415', 's31', 's55', 's126', 's722', 's507', 's580', 's20', 's703', 's963']
['s144', 's323', 's173', 's602', 's765', 's586', 's490', 's25', 's715', 's650', 's813', 's563', 's708', 's175', 's786', 's100', 's278', 's467', 's565', 's916', 's936', 's668', 's471', 's38', 's508']
['s566', 's26', 's410', 's955', 's815', 's853', 's153', 's526', 's767', 's365', 's168', 's833', 's487', 's93', 's885', 's946', 's799', 's804', 's339', 's493', 's458', 's333', 's187']
['s442', 's432', 's195', 's643', 's653', 's473', 's896', 's550', 's298', 's749', 's400', 's169', 's49', 's808', 's403', 's137', 's775', 's262', 's976', 's430', 's296', 's819', 's676', 's73']
['s800', 's495', 's239', 's448', 's4', 's518', 's22', 's267', 's324', 's782', 's943', 's795', 's68', 's634', 's904', 's219', 's792', 's902', 's613', 's313', 's2']
['s659', 's211', 's177', 's179', 's477', 's835', 's392', 's543', 's254', 's596', 's308', 's486', 's250', 's152', 's713', 's287', 's593', 's402', 's317', 's954', 's87', 's318', 's125', 's781', 's651']
['s674', 's455', 's644', 's736', 's235', 's273', 's419', 's998', 's692', 's163', 's271', 's733', 's969', 's12', 's170', 's362', 's116', 's277', 's413', 's705', 's922', 's770', 's174']
['s796', 's744', 's384', 's276', 's818', 's280', 's451', 's303', 's995', 's652', 's801', 's70']
['s520', 's867', 's293', 's953', 's302', 's645', 's69', 's655', 's110', 's325', 's478', 's627', 's108']
['s555', 's754', 's631', 's892', 's843', 's291', 's971']
['s735', 's366', 's656', 's358', 's992', 's831', 's497', 's184', 's282', 's807', 's886', 's205', 's725', 's13', 's482', 's847', 's429', 's359']
['s695', 's516', 's709', 's43', 's868', 's890', 's726', 's345', 's203', 's858', 's44', 's228', 's272', 's420', 's849', 's395', 's951']
['s464', 's71', 's261', 's488', 's123', 's78', 's371', 's375', 's517', 's453', 's183', 's449', 's457', 's805', 's802', 's484']
['s237', 's731', 's648', 's876', 's615', 's428', 's368', 's814', 's67', 's589', 's58', 's623', 's582']
['s454', 's769', 's544', 's171', 's142', 's720']
['s326', 's502', 's154', 's5', 's503', 's321', 's198', 's307', 's514', 's842', 's822']
['s587', 's959', 's790', 's962', 's157', 's212', 's364', 's702']
['s601', 's8', 's990', 's90', 's426', 's677', 's662', 's567', 's780', 's194', 's558', 's236']
['s283', 's548', 's672', 's985', 's268', 's286', 's305', 's778', 's491', 's279', 's483', 's779', 's7']
['s209', 's530', 's917', 's980', 's200', 's381', 's609', 's141', 's98', 's97', 's830', 's574', 's320', 's172']
['s406', 's213', 's506', 's83', 's924']
['s385', 's499', 's445', 's370', 's545', 's542', 's862', 's895', 's878', 's889', 's880', 's838']
['s82', 's54', 's654', 's570', 's903', 's742', 's837', 's180', 's476', 's798']
['s636', 's492', 's511', 's607', 's166', 's109', 's888']
['s349', 's378', 's541', 's829', 's269', 's99', 's821', 's192', 's234', 's859', 's553']
['s373', 's823']
['s214', 's669', 's149', 's217', 's621', 's573', 's466']
['s15', 's60', 's588', 's101', 's102', 's606', 's982', 's462', 's673', 's617', 's140']
['s901', 's119', 's253', 's988', 's76', 's247']
['s56', 's148', 's900', 's977', 's405', 's260', 's949']
['s857', 's630', 's737', 's970', 's834', 's684', 's611', 's145', 's960', 's393']
['s245', 's855', 's337', 's29', 's664']
['s584', 's870', 's899', 's45', 's138', 's981']
['s658', 's96', 's59', 's945', 's404', 's122']
['s509', 's600', 's259', 's547', 's249']
['s89', 's944', 's612', 's657', 's999', 's396', 's232']
