['a529', 'a800', 'a908', 'a234', 'a771', 'a362', 'a41', 'a286', 'a715', 'a330', 'a504', 'a219', 'a154', 'a440', 'a202', 'a128', 'a855', 'a72', 'a598', 'a68', 'a354', 'a621', 'a766', 'a236', 'a604', 'a830', 'a278', 'a874', 'a722', 'a273', 'a856', 'a3', 'a8', 'a75', 'a295', 'a436', 'a728', 'a320', 'a701', 'a52']
['a718', 'a400', 'a238', 'a87', 'a287', 'a104', 'a391', 'a417', 'a158', 'a634', 'a515', 'a886', 'a35', 'a307', 'a90', 'a693', 'a736', 'a459', 'a497', 'a609', 'a778', 'a696', 'a419', 'a89', 'a820', 'a663', 'a144', 'a478', 'a470', 'a175', 'a223', 'a347', 'a516', 'a835', 'a427', 'a594', 'a249', 'a110', 'a457', 'a449']
['a201', 'a662', 'a890', 'a803', 'a407', 'a904', 'a590', 'a572', 'a899', 'a639', 'a358', 'a672', 'a138', 'a77', 'a686', 'a844', 'a86', 'a607', 'a915', 'a531', 'a870', 'a251', 'a603', 'a762', 'a694', 'a602', 'a177', 'a682', 'a252', 'a723', 'a945', 'a625', 'a355', 'a279', 'a170', 'a56', 'a944', 'a401', 'a326', 'a418']
['a702', 'a955', 'a919', 'a272', 'a405', 'a667', 'a437', 'a825', 'a551', 'a117', 'a779', 'a118', 'a961', 'a872', 'a747', 'a517', 'a103', 'a181', 'a108', 'a120', 'a734', 'a453', 'a557', 'a291', 'a14', 'a7', 'a685', 'a57', 'a805', 'a911', 'a258', 'a356', 'a353', 'a677', 'a450', 'a38', 'a765', 'a760', 'a314', 'a113']
['a214', 'a81', 'a846', 'a159', 'a292', 'a544', 'a167', 'a469', 'a434', 'a823', 'a306', 'a352', 'a907', 'a315', 'a542', 'a421', 'a148', 'a406', 'a1', 'a321', 'a506', 'a73', 'a173', 'a647', 'a775', 'a641', 'a171', 'a433', 'a60', 'a967', 'a191', 'a399', 'a28', 'a296', 'a836', 'a853', 'a726', 'a438', 'a235', 'a656']
['a193', 'a873', 'a25', 'a582', 'a684', 'a165', 'a804', 'a396', 'a748', 'a188', 'a280', 'a350', 'a37', 'a548', 'a960', 'a222', 'a881', 'a67', 'a521', 'a821', 'a930', 'a878', 'a954', 'a18', 'a545', 'a655', 'a366', 'a564', 'a799', 'a860', 'a208', 'a184', 'a6', 'a250', 'a299', 'a787', 'a423', 'a218', 'a30', 'a535']
['a519', 'a646', 'a938', 'a66', 'a579', 'a568', 'a700', 'a956', 'a82', 'a388', 'a151', 'a832', 'a966', 'a638', 'a752', 'a789', 'a263', 'a488', 'a669', 'a581', 'a317', 'a471', 'a623', 'a861', 'a274', 'a943', 'a923', 'a540', 'a88', 'a769', 'a50', 'a475', 'a384', 'a190', 'a933', 'a618', 'a950', 'a200', 'a65', 'a917']
['a559', 'a511', 'a798', 'a717', 'a547', 'a143', 'a316', 'a240', 'a94', 'a524', 'a313', 'a725', 'a731', 'a178', 'a99', 'a473', 'a611', 'a267', 'a730', 'a707', 'a71', 'a738', 'a47', 'a281', 'a814', 'a100', 'a499', 'a339', 'a255', 'a95', 'a482', 'a791', 'a840', 'a477', 'a179', 'a428', 'a673', 'a847', 'a91', 'a340']
['a868', 'a155', 'a232', 'a216', 'a953', 'a221', 'a902', 'a941', 'a348', 'a239', 'a5', 'a826', 'a389', 'a742', 'a380', 'a850', 'a745', 'a763', 'a31', 'a538', 'a781', 'a546', 'a40', 'a565', 'a891', 'a365', 'a452', 'a972', 'a739', 'a688', 'a33', 'a203', 'a13', 'a187', 'a724', 'a665', 'a442', 'a283', 'a276', 'a918']
['a24', 'a764', 'a424', 'a927', 'a277', 'a754', 'a575', 'a303', 'a404', 'a512', 'a393', 'a364', 'a973', 'a615', 'a225', 'a601', 'a756', 'a34', 'a357', 'a573', 'a633', 'a541', 'a58', 'a376', 'a21', 'a898', 'a788', 'a139', 'a122', 'a336', 'a867', 'a443', 'a790', 'a500', 'a922', 'a288', 'a182', 'a213', 'a648', 'a420']
['a211', 'a818', 'a308', 'a115', 'a176', 'a93', 'a831', 'a456', 'a206', 'a293', 'a587', 'a520', 'a231', 'a536', 'a871', 'a150', 'a792', 'a481', 'a687', 'a629', 'a246', 'a689', 'a819', 'a903', 'a680', 'a294', 'a837', 'a392', 'a753', 'a327', 'a794', 'a912', 'a942', 'a884', 'a439', 'a711', 'a913', 'a957', 'a854', 'a39']
['a620', 'a740', 'a309', 'a793', 'a284', 'a879', 'a147', 'a812', 'a403', 'a112', 'a549', 'a36', 'a811', 'a543', 'a361', 'a885', 'a866', 'a940', 'a162', 'a27', 'a719', 'a297', 'a969', 'a567', 'a11', 'a124', 'a160', 'a920', 'a372', 'a96', 'a591', 'a896', 'a761', 'a776']
['a463', 'a23', 'a378', 'a262', 'a958', 'a260', 'a679', 'a777', 'a876', 'a772', 'a301', 'a576', 'a571', 'a532', 'a905', 'a652', 'a328', 'a643', 'a829', 'a192', 'a901', 'a659', 'a588', 'a183', 'a241', 'a474', 'a209', 'a189', 'a126', 'a869', 'a653', 'a484', 'a370', 'a597', 'a26', 'a583', 'a493']
['a936', 'a569', 'a374', 'a552', 'a54', 'a135', 'a578', 'a650', 'a897', 'a645', 'a642', 'a256', 'a692', 'a895', 'a502', 'a114', 'a451', 'a371', 'a508', 'a79', 'a691', 'a461', 'a501', 'a485', 'a257', 'a637', 'a539', 'a446', 'a705', 'a4', 'a592', 'a824', 'a185', 'a10', 'a851', 'a833', 'a888', 'a409', 'a161']
['a312', 'a429', 'a379', 'a247', 'a585', 'a631', 'a342', 'a965', 'a827', 'a445', 'a345', 'a166', 'a527', 'a703', 'a480', 'a695', 'a947', 'a627', 'a329', 'a880', 'a589', 'a708', 'a102', 'a69', 'a494', 'a795', 'a76', 'a741', 'a111', 'a2', 'a302', 'a196']
['a413', 'a64', 'a877', 'a710', 'a412', 'a595', 'a883', 'a697', 'a624', 'a59', 'a289', 'a486', 'a116', 'a48', 'a632', 'a713', 'a822', 'a15', 'a593', 'a834', 'a254', 'a744', 'a198', 'a556', 'a770', 'a721', 'a614', 'a16']
['a733', 'a534', 'a732', 'a782', 'a858', 'a489', 'a510', 'a894', 'a359', 'a523', 'a460', 'a333', 'a906', 'a300', 'a387', 'a616', 'a157', 'a893', 'a509', 'a505', 'a319', 'a554', 'a666', 'a377', 'a714', 'a796', 'a892', 'a600', 'a84', 'a349', 'a566', 'a285', 'a530', 'a458', 'a210', 'a635', 'a613', 'a651']
['a584', 'a926', 'a335', 'a334', 'a270', 'a432', 'a525', 'a550', 'a487', 'a146', 'a774', 'a74', 'a217', 'a498', 'a465', 'a931', 'a305', 'a959', 'a17', 'a468', 'a845', 'a537', 'a298', 'a416', 'a408', 'a346', 'a970', 'a773', 'a865', 'a674', 'a204', 'a430', 'a644', 'a951']
['a661', 'a61', 'a676', 'a555', 'a194', 'a106', 'a971', 'a483', 'a395', 'a129', 'a447', 'a386', 'a720', 'a149', 'a381', 'a490', 'a233', 'a921', 'a136', 'a130', 'a757', 'a180']
['a817', 'a914', 'a671', 'a784', 'a622', 'a749', 'a435', 'a141', 'a698', 'a132', 'a248', 'a496', 'a808', 'a237', 'a729', 'a608', 'a382', 'a45', 'a455', 'a322']
['a398', 'a561', 'a925', 'a900', 'a750', 'a678', 'a55', 'a807', 'a816', 'a243', 'a290', 'a426', 'a657']
['a343', 'a670', 'a29', 'a596', 'a683', 'a801', 'a163', 'a630', 'a134', 'a668', 'a809', 'a125', 'a636', 'a325', 'a924', 'a528', 'a245', 'a932', 'a491', 'a226', 'a19', 'a265', 'a949']
['a53', 'a229', 'a174', 'a205', 'a612', 'a390', 'a51', 'a514', 'a617', 'a533']
['a207', 'a727', 'a199', 'a843', 'a410', 'a574', 'a464', 'a431', 'a658', 'a140', 'a751', 'a802', 'a244', 'a606', 'a928', 'a864', 'a282', 'a261', 'a20', 'a119', 'a746', 'a441', 'a44']
['a32', 'a560', 'a492', 'a253', 'a22', 'a467', 'a810', 'a332', 'a156', 'a454', 'a862', 'a43', 'a131', 'a383', 'a507', 'a962', 'a586', 'a107', 'a479', 'a109', 'a526', 'a422', 'a929', 'a889', 'a857', 'a311', 'a934', 'a946', 'a660', 'a675', 'a681']
['a152', 'a164', 'a786', 'a215', 'a838', 'a145', 'a712', 'a411', 'a626', 'a916', 'a425', 'a259', 'a619', 'a324', 'a351', 'a168', 'a397', 'a755', 'a264', 'a963', 'a758', 'a97', 'a852', 'a704', 'a448']
['a360', 'a169', 'a813', 'a12', 'a562', 'a513', 'a63', 'a310', 'a599', 'a70', 'a910', 'a735', 'a318', 'a271', 'a495']
['a518', 'a783', 'a466', 'a195', 'a85', 'a331', 'a385', 'a875', 'a78', 'a859', 'a269', 'a759']
['a42', 'a503', 'a230', 'a628', 'a394', 'a848', 'a558', 'a563', 'a780', 'a338', 'a842', 'a227', 'a948', 'a228', 'a522']
['a123', 'a414', 'a952', 'a935', 'a268', 'a83', 'a605', 'a806']
['a580', 'a367', 'a709', 'a105', 'a49', 'a402', 'a142', 'a462', 'a909', 'a649', 'a369']
['a887', 'a785', 'a476', 'a472', 'a242', 'a664', 'a212', 'a275', 'a743', 'a415', 'a553', 'a610', 'a706']
['a121', 'a80', 'a654', 'a224', 'a690', 'a101', 'a815', 'a839']
['a62', 'a570', 'a939', 'a153', 'a797', 'a172']
['a186', 'a46', 'a266', 'a220', 'a323', 'a373']
['a863', 'a344', 'a137', 'a92', 'a98', 'a937', 'a964']
['a127', 'a577', 'a304', 'a9', 'a768', 'a640']
['a716', 'a828', 'a197', 'a767', 'a375', 'a341']
['a368', 'a337', 'a133', 'a737', 'a882']
['a444', 'a363', 'a699', 'a841', 'a849', 'a968']
