['757', '383', '894', '233', '832', '91', '837', '860', '634', '571', '206', '619', '294', '192', '691', '544', '181', '251', '512', '790', '217', '240', '914', '789', '274', '822', '54', '270', '683', '824', '847', '260', '658', '286', '343']
['221', '408', '745', '828', '477', '319', '106', '502', '334', '886', '29', '328', '414', '48', '579', '368', '480', '396', '505', '583', '713', '230', '40', '507', '169', '895', '25', '302', '289', '742', '18', '875', '465', '629', '768']
['648', '601', '136', '776', '152', '661', '346', '498', '379', '472', '729', '866', '178', '92', '96', '340', '214', '61', '474', '596', '440', '809', '746', '330', '861', '547', '688', '553', '556', '660', '471', '191', '469', '545', '593']
['49', '537', '344', '448', '930', '241', '57', '623', '253', '846', '224', '649', '830', '715', '793', '780', '926', '44', '820', '320', '365', '831', '276', '297', '116', '114', '33', '291', '67', '927', '813', '170', '692', '795', '730']
['807', '728', '311', '815', '903', '559', '107', '526', '541', '444', '163', '835', '501', '731', '882', '816', '651', '13', '89', '138', '234', '86', '394', '788', '201', '873', '690', '95', '487', '185', '702', '802', '718', '139', '6']
['890', '887', '293', '637', '77', '896', '41', '574', '370', '562', '50', '364', '174', '222', '699', '132', '711', '551', '467', '332', '670', '176', '71', '159', '476', '676', '21', '307', '304', '897', '24', '399', '193', '739', '575']
['786', '665', '188', '28', '548', '336', '933', '231', '348', '407', '93', '622', '366', '223', '421', '140', '610', '327', '695', '300', '349', '803', '818', '769', '504', '381', '589', '522', '371', '83', '944', '209', '228', '511', '256']
['799', '380', '712', '196', '404', '630', '73', '627', '66', '278', '312', '447', '313', '74', '451', '855', '14', '621', '124', '783', '869', '137', '542', '677', '597', '165', '645', '842', '716', '573', '821', '229', '529', '52', '848']
['638', '34', '406', '65', '744', '552', '725', '558', '881', '162', '410', '536', '273', '868', '563', '156', '329', '787', '292', '405', '722', '509', '377', '902', '880', '675', '850', '901', '620', '143', '458', '643', '303', '561', '680']
['445', '773', '853', '282', '183', '197', '870', '420', '130', '782', '778', '237', '942', '79', '361', '819', '904', '277', '105', '15', '495', '710', '468', '829', '5', '674', '113', '78', '703', '85', '151', '39', '177', '59', '876']
['70', '3', '849', '717', '459', '98', '118', '519', '915', '55', '117', '493', '198', '656', '872', '874', '664', '515', '798', '295', '594', '461', '754', '58', '863', '35', '588', '479', '31', '516', '390', '259', '801', '161', '736']
['457', '657', '533', '482', '125', '115', '514', '263', '255', '11', '64', '246', '112', '838', '434', '51', '236', '376', '647', '925', '833', '492', '557', '249', '591', '836', '708', '418', '208', '720', '90', '4', '841', '218', '510']
['427', '120', '941', '324', '667', '238', '409', '195', '508', '732', '555', '211', '155', '834', '644', '283', '694', '852', '323', '723', '611', '668', '698', '635', '748', '250', '357', '401', '20', '701', '614', '506', '335', '23', '534']
['337', '345', '279', '595', '76', '453', '911', '46', '794', '454', '603', '72', '543', '628', '301', '919', '0', '539', '180', '900', '45', '341', '428', '749', '726', '899', '290', '772', '264', '362', '568', '1', '500', '521', '499']
['179', '203', '854', '352', '687', '47', '811', '823', '520', '424', '168', '351', '857', '686', '438', '618', '99', '367', '681', '101', '684', '26', '104', '929', '84', '36', '851', '167', '741', '663', '356', '810', '481', '709', '478']
['446', '94', '937', '360', '75', '452', '102', '182', '931', '147', '666', '321', '7', '756', '912', '747', '898', '150', '16', '636', '613', '827', '350', '845', '696', '450', '22', '672', '127', '907', '42', '639', '239', '460', '566']
['134', '194', '252', '631', '129', '581', '697', '580', '148', '123', '682', '843', '599', '796', '473', '417', '131', '825', '392', '879', '671', '172', '257', '939', '315', '764', '532', '943', '385', '285', '602', '449', '80', '415', '144']
['153', '758', '779', '523', '662', '333', '173', '546', '395', '570', '689', '707', '761', '938', '466', '280', '363', '921', '275', '884', '812', '727', '442', '932', '426', '877', '641', '443', '483', '908', '119', '339', '531', '158', '753']
['60', '186', '693', '133', '108', '924', '369', '308', '489', '922', '792', '909', '517', '653', '271', '705', '261', '462', '775', '659', '171', '272', '527', '378', '840', '865', '184', '765', '607', '157', '53', '625', '17', '642', '190']
['496', '389', '413', '215', '68', '213', '864', '305', '431', '891', '309', '862', '721', '310', '735', '12', '287', '785', '382', '146', '714', '800', '762', '650', '397', '598', '244', '232', '738', '669', '254', '455', '706', '187', '265']
['654', '317', '326', '538', '205', '577', '316', '142', '652', '375', '946', '269', '888', '243', '429', '299', '826', '19', '422', '258', '175', '655', '355', '416', '411', '916', '576', '128', '784', '700', '918', '525', '423', '578', '373']
['917', '9', '737', '763', '403', '398', '858', '600', '235', '111', '56', '606', '27', '384', '774', '32', '567', '100', '724', '485', '503', '164', '372', '934', '245', '685', '719', '456', '160', '318', '592', '8', '437', '432', '777']
['10', '145', '582', '817', '617', '734', '513', '923', '808', '135', '82', '615', '871', '425', '441', '584', '913', '325', '612', '910', '632', '491', '219', '626', '248', '2', '202', '288', '940', '844', '464', '268', '88', '640', '928']
['750', '604', '391', '608', '212', '605', '342', '549', '154', '242', '262', '166', '81', '560', '306', '806', '347', '678', '475', '633', '572', '227', '200', '322', '388', '587', '435', '673', '69', '374', '624', '883', '518', '430', '885']
['859', '936', '338', '856', '103', '760', '528', '38', '586', '892', '540', '905', '386', '189', '284', '740', '945', '358', '752', '439', '331', '554', '141', '524', '609', '210', '87', '267', '679', '484', '704', '867']
['110', '402', '314', '266', '893', '486', '353', '354', '37', '781', '199', '149', '97', '755', '43', '920', '906', '535', '216']
['767', '770', '387', '207', '226', '766', '419', '393', '63', '359', '497', '804', '247', '935', '791', '771', '564', '204', '296', '585', '565', '298']
['490', '436', '733', '488', '109', '751', '616', '122', '839', '433', '225', '878', '805', '470', '126']
['814', '400', '530', '550', '220', '590', '743', '646', '281', '494', '30']
['412', '121', '463', '797', '62', '759', '569', '889']
