['929', '496', '376', '492', '956', '87', '831', '411', '909', '257', '151', '37', '964', '610', '286', '975', '301', '981', '862', '382']
['70', '750', '442', '50', '946', '965', '265', '262', '140', '115', '953', '473', '92', '243', '433', '17', '930', '755', '943', '753']
['647', '182', '689', '624', '488', '853', '780', '295', '355', '846', '135', '189', '728', '720', '398', '770', '801', '395', '785', '185']
['787', '622', '55', '802', '629', '51', '818', '611', '234', '553', '532', '623', '42', '268', '854', '874', '749', '774', '254', '569']
['654', '612', '703', '194', '61', '165', '65', '550', '393', '377', '932', '834', '984', '313', '480', '177', '695', '71', '810', '586']
['331', '18', '153', '799', '933', '843', '120', '561', '91', '595', '587', '882', '518', '935', '23', '341', '98', '895', '287', '410']
['851', '204', '200', '729', '637', '938', '944', '980', '792', '482', '386', '197', '129', '248', '506', '374', '899', '848', '487', '621']
['571', '419', '481', '856', '534', '6', '124', '139', '665', '830', '269', '311', '80', '232', '13', '546', '898', '439', '96', '288']
['502', '168', '713', '988', '323', '119', '261', '485', '693', '41', '209', '775', '687', '149', '823', '205', '43', '884', '684', '299']
['142', '9', '432', '47', '837', '817', '435', '437', '453', '459', '512', '663', '229', '705', '738', '350', '669', '195', '241', '795']
['562', '940', '375', '683', '237', '807', '696', '633', '213', '640', '251', '781', '239', '628', '658', '441', '746', '764', '566', '378']
['184', '407', '84', '840', '345', '163', '175', '491', '515', '66', '85', '860', '711', '949', '303', '961', '584', '273', '976', '777']
['148', '379', '857', '310', '751', '916', '24', '813', '836', '551', '25', '171', '903', '656', '505', '281', '529', '563', '369', '343']
['146', '334', '925', '519', '875', '919', '86', '125', '82', '145', '403', '259', '912', '16', '361', '643', '275', '674', '878', '861']
['422', '337', '436', '778', '321', '56', '893', '486', '877', '474', '89', '725', '327', '955', '559', '668', '423', '545', '913', '330']
['597', '541', '833', '10', '302', '230', '709', '745', '660', '90', '582', '333', '731', '193', '38', '401', '107', '95', '373', '736']
['489', '113', '733', '362', '359', '820', '322', '326', '996', '399', '417', '948', '88', '484', '952', '598', '945', '868', '772', '978']
['250', '292', '383', '0', '712', '722', '339', '699', '649', '662', '525', '20', '471', '169', '904', '806', '681', '690', '508', '706']
['971', '982', '994', '845', '497', '655', '688', '923', '155', '372', '811', '196', '653', '939', '260', '630', '371', '226', '290', '879']
['547', '427', '989', '702', '49', '540', '114', '389', '462', '503', '523', '62', '864', '626', '45', '618', '809', '652', '424', '892']
['34', '214', '990', '735', '957', '68', '901', '22', '808', '718', '871', '73', '69', '306', '819', '53', '216', '719', '997', '400']
['370', '160', '94', '215', '723', '533', '79', '164', '995', '219', '756', '220', '744', '81', '449', '178', '574', '152', '440', '255']
['179', '221', '969', '773', '556', '117', '312', '103', '324', '620', '641', '829', '565', '397', '277', '347', '742', '494', '26', '123']
['412', '325', '320', '252', '666', '426', '782', '354', '280', '760', '99', '447', '40', '112', '434', '236', '218', '794', '206', '499']
['104', '128', '270', '915', '138', '150', '616', '883', '416', '183', '72', '950', '838', '839', '963', '420', '460', '646', '430', '207']
['766', '476', '881', '100', '885', '468', '934', '167', '796', '902', '639', '1', '993', '12', '891', '173', '607', '309', '144', '825']
['886', '908', '134', '131', '724', '33', '568', '414', '208', '517', '101', '605', '636', '589', '522', '685', '297', '356', '987', '708']
['258', '771', '147', '734', '109', '314', '789', '77', '318', '554', '63', '585', '247', '979', '701', '97', '927', '315', '54', '19']
['264', '814', '203', '380', '936', '937', '657', '897', '797', '960', '967', '452', '590', '75', '201', '105', '542', '992', '409', '161']
['757', '694', '475', '767', '601', '779', '67', '608', '394', '922', '599', '947', '581', '458', '521', '352', '141', '827', '920', '285']
['454', '351', '44', '413', '186', '223', '941', '274', '425', '284', '634', '560', '272', '661', '467', '198', '650', '954', '202', '510']
['490', '977', '604', '192', '456', '29', '211', '172', '338', '296', '367', '548', '543', '271', '300', '600', '346', '906', '798', '240']
['619', '526', '962', '931', '472', '627', '450', '714', '591', '28', '788', '4', '924', '776', '469', '680', '985', '664', '289', '118']
['384', '78', '700', '360', '520', '408', '406', '509', '390', '245', '716', '824', '759', '157', '328', '507', '319', '428', '106', '580']
['682', '852', '461', '758', '276', '557', '212', '137', '528', '35', '747', '841', '514', '429', '170', '872', '966', '790', '498', '32']
['415', '242', '786', '349', '316', '222', '58', '282', '768', '305', '579', '464', '635', '448', '404', '59', '575', '74', '867', '677']
['748', '307', '402', '14', '364', '737', '249', '188', '143', '438', '614', '625', '762', '821', '5', '477', '483', '876', '217', '730']
['555', '227', '391', '513', '761', '763', '8', '844', '466', '850', '133', '48', '880', '911', '921', '181', '511', '537', '726', '968']
['859', '564', '648', '308', '294', '784', '926', '914', '769', '631', '863', '76', '679', '816', '673', '396', '805', '392', '451', '31']
['732', '64', '999', '156', '803', '465', '267', '365', '918', '887', '615', '199', '588', '972', '958', '231', '727', '478', '470', '116']
['154', '793', '348', '444', '246', '710', '279', '317', '754', '869', '832', '896', '804', '741', '576', '667', '159', '162', '52', '15']
['445', '93', '463', '457', '594', '866', '671', '672', '544', '606', '986', '536', '651', '596', '970', '27', '739', '256', '479', '558']
['865', '446', '707', '617', '973', '910', '366', '293', '835', '842', '224', '692', '847', '828', '336', '332', '698', '158', '697', '983']
['570', '602', '405', '549', '238', '174', '900', '765', '191', '166', '122', '959', '357', '263', '225', '676', '583', '298', '111', '11']
['609', '721', '30', '495', '126', '675', '890', '83', '783', '501', '136', '228', '704', '431', '176', '527', '812', '21', '928', '190']
['638', '57', '894', '3', '942', '253', '60', '127', '572', '388', '907', '278', '573', '39', '381', '815', '858', '791', '715', '385']
['329', '567', '304', '998', '826', '266', '7', '530', '644', '642', '577', '678', '283', '593']
['36', '121', '233', '686', '603', '800', '344', '342', '387']
['752', '822', '743', '632']
['500', '691', '180']
['291']
['670']
['951']
['740']
['244']
['368']
['130']
['873']
['516']
['524']
['187']
['578']
['504']
['421']
['108']
['717']
['335']
['535']
['917']
['539']
['210']
['552']
['455']
['132']
['340']
['849']
['991']
['889']
['102']
['358']
['613']
['110']
['592']
['46']
['443']
['493']
['974']
['855']
['418']
['2']
['538']
['905']
['645']
['363']
['659']
['531']
['235']
['888']
['353']
['870']
