['840', '780', '370', '30', '845', '175', '655', '985', '990', '230', '530', '190', '140', '595', '970', '5', '630', '960', '795', '975']
['584', '93', '3', '465', '186', '372', '744', '837', '801', '651', '634', '791', '558', '930', '303', '678']
['813', '361', '722', '19']
['470', '940', '94', '10', '657', '188', '47', '916', '4', '20', '2', '235']
['113', '956', '386', '717', '653', '239', '658', '742', '478']
['967', '997']
['489', '257', '579', '525', '521', '809']
['292', '362', '724', '905', '683', '181', '166', '452', '543', '605', '919', '195', '424']
['502', '994', '497', '710', '923', '355', '426', '213', '568', '639', '781', '701', '598', '71', '142', '439', '6', '730']
['14', '210', '126', '616', '686', '196', '280', '756', '714', '854', '42', '952', '588', '336', '448', '420', '644', '532', '798', '392']
['221', '442', '34', '689', '737', '68', '665', '741', '566', '13', '663', '477', '17', '884', '52', '26']
['359', '322', '7', '282', '587', '437', '698', '483', '805', '161', '966']
['865', '654', '436', '872', '627', '109', '763', '981', '327', '511', '218', '669', '545']
['184', '989', '713', '345', '138', '276', '897', '253', '368', '828', '506', '92', '667', '874', '23', '575', '529', '782', '736', '621']
['194', '485', '291', '995', '907', '631', '582', '679', '97', '776', '873', '815', '933', '73', '772']
['293', '393', '542', '664', '586', '879']
['402', '134', '67', '901', '603', '804', '201', '898', '978']
['917', '121', '127', '523', '381', '762', '635', '514', '350', '254', '508', '889']
['307', '492', '246', '533', '779', '41', '615', '574', '984', '123', '738', '287', '943', '697', '369', '861']
['258', '602', '946', '86', '215', '688', '172', '731', '860', '129', '817', '473', '903', '559', '344', '387', '43', '430', '301', '774']
['203', '638', '29', '754', '406', '58', '870', '145', '377', '464', '725', '841', '551', '232', '319', '510', '116', '290', '928', '580']
['757', '786', '823']
['969', '886', '617', '57', '323', '599', '565', '51', '764', '241']
['778', '119', '321', '577', '871', '398', '829', '963', '642', '107', '727']
['570', '114', '9', '513', '536', '342', '171', '272', '255', '684']
['131', '623', '414', '552', '281', '759', '263', '69', '681', '690', '207']
['855', '415', '270', '540', '180', '405', '675', '450', '135', '843', '900', '765', '45', '585', '90', '810', '225', '95', '15', '285']
['423', '160', '320', '761', '8', '556', '800', '16', '80', '480', '640', '709', '32']
['233', '751', '991', '449', '499']
['329', '128', '64', '56', '896', '224', '112', '199', '512', '659', '256', '101', '374', '283', '848']
['490', '70', '463', '49', '735', '980', '245', '35', '613', '494']
['482', '139', '278', '262', '834', '417', '904', '371']
['168', '84', '476', '971', '347', '784', '700', '859', '252', '932', '541', '28', '728', '504', '672', '838', '924', '560', '538', '812']
['668', '317', '334', '167', '796']
['771', '50', '419', '850', '85', '212', '581', '170', '25', '487']
['694', '773', '853', '388', '191', '955']
['750', '250', '375', '875', '150', '125', '249', '311', '75', '500', '548', '625', '349']
['326', '447', '986', '839', '493', '396', '298']
['496', '682', '155', '310', '124', '62', '775', '403', '341', '620', '573', '589', '248', '961', '806', '527', '992', '899', '217', '31']
['454', '908', '227', '353', '674', '238', '862']
['982', '802', '491']
['11', '110', '242', '55', '495', '33', '671', '165', '693', '726', '363', '660', '847', '352', '979', '561', '825', '968', '583', '330']
['351', '831', '516', '277']
['18', '702', '594', '234', '846', '22', '66', '486', '468', '72', '378', '99', '108', '198', '27', '972', '216', '297', '54', '162']
['788', '394', '197', '591']
['148', '592', '938', '797', '296', '74']
['446', '807', '223', '399', '739', '685', '505', '878', '892']
['412', '721', '515', '103', '251', '824', '618', '927', '229', '309', '409', '206']
['977', '519', '554', '747', '178', '868']
['379', '187', '219', '268', '641', '935', '397', '881', '983']
['852', '947', '284', '12', '356', '830', '535']
['154', '564', '44', '539', '462', '77', '401', '770', '231', '704', '308', '385']
['767', '826', '295', '413', '769', '944', '354', '649', '749', '590', '177', '531', '59', '236', '885', '118', '708']
['104', '936', '832', '416', '208', '911', '746']
['526', '926', '914', '894', '457', '909', '443']
['314', '157', '628', '785', '942']
['179', '537', '601', '716', '974', '358', '895', '876']
['718', '544', '269', '247', '193', '434', '433', '343']
['835', '614', '677', '115', '460']
['732', '793', '427', '488', '733', '915', '366', '61', '922', '183', '117', '122', '305', '610', '244', '549', '976']
['937', '382']
['264', '266', '893', '712', '24', '792', '132', '528', '176', '88', '752', '289', '593']
['652', '691', '461', '471', '404']
['331', '325', '910', '65', '265', '390', '260', '650', '149', '130']
['555', '814', '851', '703', '444', '777', '407', '925', '999', '666', '222', '259', '37', '333', '518', '888', '740', '481', '111', '185']
['567', '648', '729', '324', '921', '81', '891', '243']
['619', '383', '503', '607', '141', '643']
['647', '707', '645', '611', '695', '226', '479']
['612', '36', '153', '204', '918', '306', '821', '102']
['318', '509', '636', '53', '954', '159', '106']
['597', '962', '941', '421', '484', '578']
['294', '147', '953', '882', '993', '441', '98', '21']
['445', '89', '373', '748', '890']
['267', '996', '902', '451', '958', '498']
['338', '39', '949', '169', '507', '676']
['100', '200', '60', '466', '501', '827', '220', '431', '300', '534', '987', '400']
['422', '633', '211', '844', '313', '687']
['931', '389', '803', '550', '959', '275']
['719', '811', '857', '887', '517']
['192', '83', '288', '864', '768', '48', '912', '720', '816', '576', '661', '384', '144', '432', '96', '240']
['337', '622', '164', '82', '328', '606', '863', '656']
['1000', '562', '360', '120', '808', '760', '880', '40', '440', '600', '520', '680', '563']
['799', '380', '304', '456', '988', '418', '608', '789', '209', '836', '745', '76', '228', '939', '38', '152']
['189', '63', '596', '945', '315', '105']
['604', '906', '662', '151', '453', '755', '571', '302', '299']
['766', '934', '467', '913', '271']
['78', '973', '163', '572', '629', '842', '143', '286', '858', '429', '715']
['818', '883', '626', '425', '743', '646']
['609', '348', '335', '261', '696', '87', '957', '783', '174', '866', '435', '522', '202', '753', '569']
['312', '624', '156']
['877', '458', '410', '205', '820']
['136', '670', '173', '346', '867', '692']
['279', '357', '699', '706']
['929', '524', '734', '849', '920', '46']
['182', '340', '364', '833', '723', '637', '408', '91', '339', '367', '819', '469', '546', '705', '273', '455']
['391', '758', '557', '411', '274', '133', '137', '964', '332', '822']
['547', '376', '214', '856', '365', '673', '459', '428']
['438', '965', '951', '472']
['950', '475', '146']
['787', '632', '237', '998', '553', '79', '869', '474', '711', '948', '395', '316', '158', '794', '790']
