['419', '417', '416', '418', '423']
['701', '702', '703', '700', '199']
['666', '665', '664', '667']
['687', '684', '686', '685']
['8', '676', '9', '10', '796']
['126', '125', '492', '494', '289']
['571', '568', '577', '579', '576', '575', '578']
['435', '432', '434']
['146', '307', '147', '145', '144', '586']
['14', '12', '13', '46', '15', '11']
['281', '282', '283', '280', '194']
['781', '154', '153', '152', '155']
['239', '238', '237', '236']
['705', '711', '707', '206', '129']
['738', '739', '736', '517']
['258', '257', '259', '263', '256', '255', '476']
['549', '548', '550', '551', '32']
['230', '493', '44', '215']
['348', '351', '347', '355', '349', '350']
['442', '440', '443', '441']
['717', '716', '718']
['148', '124', '149', '151', '150']
['640', '641', '642']
['519', '523', '521', '477', '522', '520']
['138', '139', '626', '137']
['143', '142', '141', '140', '288']
['387', '384', '386', '385']
['127', '596', '598', '599', '595']
['573', '574', '572']
['415', '412', '413', '414']
['337', '336', '468']
['114', '501', '112']
['262', '261', '93']
['436', '439', '437']
['637', '638', '636', '639', '332']
['250', '246', '249', '251', '245', '247', '248']
['163', '165', '164', '167', '166', '171', '161']
['329', '25', '24', '26']
['70', '68', '69', '71']
['310', '309', '172', '308', '311']
['789', '790']
['395', '394', '393']
['333', '120', '122', '724', '123']
['589', '590', '591', '588']
['252', '253', '254']
['343', '339', '269', '335']
['325', '327', '324', '326']
['729', '728', '274', '731', '198', '730']
['379', '383', '377', '378']
['438', '219', '627']
['767', '761', '763', '760', '759', '228', '762']
['292', '294', '293', '295']
['41', '42', '47', '39', '40', '43']
['76', '77', '79', '584', '83']
['121', '697']
['619', '612', '614', '613', '615']
['496', '498', '497', '499']
['19', '22', '20', '23', '21', '798']
['482', '481']
['780', '787', '786', '784', '782', '783', '785']
['179', '182', '570', '175', '180', '183', '181']
['94', '774', '772', '773', '205']
['458', '456', '457']
['462', '463', '461', '460']
['48', '50', '49', '51']
['757', '407', '402', '403', '401', '399', '400']
['788']
['61', '62', '60', '63', '216']
['668', '669', '671']
['682', '683', '727', '500', '681', '680']
['17', '18', '16', '696']
['473', '475', '677', '472', '474']
['495']
['467', '466', '471']
['607', '605', '606', '604']
['306', '510', '509', '511', '304']
['57', '55', '56', '53', '59', '54', '52']
['360', '361', '362', '363']
['656', '3', '1', '0', '2']
['371', '374', '375', '373', '372']
['694', '567', '564', '565', '566', '563']
['663', '661', '660']
['4', '6', '5']
['322', '291', '323', '320']
['459', '455']
['737']
['648', '503', '649', '651', '650', '158']
['794', '726', '793', '792', '795']
['31', '29', '28', '518', '173', '30']
['732', '331', '734', '735', '201', '37', '569']
['338']
['184', '186', '187', '191', '38', '185']
['218', '380', '381', '382']
['675', '719', '723']
['741', '743', '740', '742']
['530', '531', '529', '593', '528']
['445', '446', '444', '305']
['264', '267', '265', '266', '756']
['27', '469']
['688', '689', '690']
['778', '533', '779', '775', '776', '777']
['647', '190', '643', '585', '330']
['672', '516', '658', '706']
['370', '368', '369']
['653', '654', '652', '659', '655']
['733']
['620', '622', '623', '621']
['34', '227', '223', '224', '679', '225', '231']
['284', '178', '177', '92', '176']
['464']
['406', '405', '404']
['766', '764', '189', '765']
['480']
['609', '608', '611', '610']
['174', '226', '594']
['233', '232', '195', '235', '35']
['662']
['429', '430', '431', '428']
['136', '673']
['483', '562', '479', '487']
['321']
['632', '631', '634', '635', '633']
['709', '708', '710']
['592', '212', '587', '582', '581', '583', '580']
['427', '426', '45', '425', '561', '424']
['408', '410', '411']
['58', '217', '465']
['168', '204', '170', '169']
['409']
['713', '712', '714', '715', '286']
['209', '211', '208']
['67', '64', '66', '65']
['799', '296', '298', '299']
['670']
['674', '301', '302', '303', '300']
['358', '356', '421', '357']
['200', '91', '90', '88', '272', '89']
['541', '540', '543', '542', '532', '285']
['646', '645', '624', '644']
['600', '601', '602', '33', '693']
['618', '616', '617', '273']
['422', '221', '222', '220']
['754', '207', '753', '752', '755']
['110', '108', '109']
['113']
['508']
['678', '359']
['557', '556', '559', '558']
['725', '78', '229']
['512', '515', '514', '513']
['721', '722', '720']
['130', '769', '768', '770']
['420', '470', '392']
['452', '453', '454']
['99', '98', '95', '97', '96']
['135', '134', '132', '133', '131']
['352', '353', '354']
['101', '100', '193', '103', '102']
['698', '196', '210']
['388', '389', '390', '391', '625']
['203', '214', '197', '72', '75', '74', '478']
['484', '486', '657']
['81', '80', '82']
['260']
['376']
['489', '490', '488', '491', '268', '290', '156']
['505', '506', '534', '504', '507']
['433']
['692', '128', '691', '328', '695']
['547', '545', '544', '546']
['345', '346', '344']
['450', '447', '157', '449', '448', '451']
['244']
['771']
['242', '188', '241', '243', '240']
['270', '628', '629', '630']
['7', '192']
['319', '317', '316', '315', '318']
['107', '111']
['524', '527', '525', '526', '271']
['485']
['159', '791']
['104', '213', '105', '106', '162', '287']
['160', '84', '87', '85', '86']
['746', '747', '745', '744']
['704']
['279', '276', '278', '277', '275']
['751', '750', '749', '748']
['297']
['538', '536', '537', '535', '539']
['699', '234']
['314', '313', '312']
['73']
['597']
['398', '334', '397', '396', '758']
['118', '117', '119', '115', '116']
['341', '340', '560', '342', '502']
['603']
['555', '553', '554', '552', '36']
['364', '366', '365', '797', '367', '202']
