['799', '807', '817', '815', '805', '808', '811', '813', '796', '816', '819', '823', '812', '825', '814', '803', '818', '820', '797', '804', '800', '809', '827', '822', '802', '824', '821', '801', '810', '826', '795']
['757', '750', '733', '737', '751', '728', '744', '760', '745', '732', '729', '761', '735', '756', '731', '747', '759', '740', '752', '727', '754', '738', '749', '726', '742', '748', '741', '739', '753', '736', '730']
['859', '890', '864', '887', '870', '891', '858', '881', '862', '892', '886', '866', '893', '871', '882', '888', '874', '872', '884', '879', '889', '877', '863', '880', '873', '865', '875', '883', '885', '867', '876']
['917', '856', '317', '125', '837', '970', '448', '575', '123', '570', '502', '905', '313', '301', '567', '351', '587', '788', '248', '116', '104', '450', '850', '556', '430']
['776', '770', '387', '316', '586', '989', '379', '472', '834', '300', '236', '981', '913', '790', '382', '583', '258', '175', '769', '322', '462', '984', '378', '968', '285', '982', '908', '918', '518', '954', '578']
['282', '281', '294', '278', '280', '269', '284', '271', '277', '275', '273', '287', '283', '299', '292', '266', '274', '272', '276', '297', '289', '288', '264', '270', '267', '291', '265', '296', '268', '286', '298']
['962', '936', '937', '953', '947', '924', '949', '963', '958', '930', '960', '931', '946', '965', '938', '964', '948', '945', '925', '926', '932', '939', '935', '955', '943', '929', '951', '959', '952', '961', '928']
['638', '654', '648', '657', '631', '605', '634', '630', '646', '627', '637', '649', '653', '628', '644', '656', '647', '633', '641', '636', '650', '659', '635', '613', '645', '640', '639', '658', '643', '642', '652']
['337', '360', '354', '352', '342', '336', '344', '346', '348', '334', '363', '361', '349', '358', '347', '356', '331', '340', '359', '364', '355', '353', '332', '341', '350', '330', '362', '339', '357', '335', '343']
['153', '134', '133', '145', '136', '152', '142', '162', '148', '147', '163', '135', '140', '166', '149', '156', '146', '138', '150', '164', '132', '137', '141', '160', '139', '151', '143', '157', '144', '158', '161']
['427', '402', '413', '406', '408', '403', '398', '420', '404', '410', '409', '400', '407', '412', '419', '421', '414', '425', '417', '429', '424', '422', '426', '416', '411', '397', '428', '418', '401', '399', '415']
['490', '496', '463', '482', '477', '470', '489', '494', '466', '473', '480', '475', '488', '492', '495', '497', '485', '491', '474', '467', '483', '476', '479', '487', '465', '464', '471', '484', '469', '481', '478']
['179', '786', '391', '779', '122', '459', '933', '241', '118', '454', '110', '868', '451', '370', '572', '124', '831', '377', '836', '588', '950', '772', '128', '568', '573', '39', '449', '521', '303']
['446', '279', '763', '263', '205', '571', '782', '526', '192', '843', '922', '957', '846', '909', '651', '306', '441', '857', '461', '174', '503', '367', '527', '899', '290', '840', '842', '390', '437', '170', '373']
['717', '725', '697', '721', '682', '707', '666', '705', '713', '724', '723', '710', '686', '714', '722', '711', '698', '719', '677', '708', '706', '702', '700', '696', '716', '718', '720', '701', '663', '704', '709']
['70', '94', '68', '76', '75', '98', '73', '93', '77', '79', '66', '82', '72', '81', '89', '74', '96', '86', '99', '69', '71', '95', '78', '83', '87', '67', '85', '90', '80', '88', '97']
['34', '3', '9', '10', '28', '11', '29', '7', '12', '13', '27', '15', '32', '14', '0', '35', '5', '2', '25', '21', '26', '31', '18', '8', '24', '1', '4', '20', '17', '6', '30']
['380', '452', '985', '195', '978', '975', '519', '444', '623', '251', '493', '384', '898', '785', '910', '833', '388', '247', '507', '244', '895', '184', '771', '994', '956', '995', '765', '500', '239', '193', '126']
['338', '252', '941', '974', '486', '196', '582', '115', '581', '453', '107', '966', '154', '182', '293', '155', '942', '321', '112', '240', '780', '787', '509', '900', '440', '159', '977', '703', '165', '167', '593']
['773', '326', '333', '508', '308', '366', '109', '312', '328', '579', '912', '512', '396', '920', '520', '632', '934', '783', '394', '781', '443', '302', '254', '385', '564', '119', '525', '260', '848']
['712', '832', '911', '319', '577', '369', '102', '766', '375', '513', '923', '262', '117', '574', '838', '997', '105', '855', '325', '988', '468', '591', '438', '201', '791', '54', '250', '456', '907', '967', '433']
['203', '221', '215', '213', '212', '207', '226', '206', '231', '211', '223', '198', '217', '200', '214', '227', '219', '222', '230', '232', '204', '210', '209', '208', '220', '228', '199', '229', '216', '218', '225']
['767', '345', '197', '188', '129', '854', '514', '130', '106', '878', '794', '310', '792', '189', '327', '243', '972', '806', '798', '329', '793', '436', '916', '372', '699', '257', '979', '114', '516', '844', '585']
['894', '194', '183', '324', '828', '238', '111', '224', '447', '434', '584', '439', '919', '830', '983', '392', '442', '405', '762', '764', '861', '940', '784', '990', '592', '897', '566']
['693', '665', '662', '687', '661', '667', '689', '691', '695', '664', '678', '694', '671', '670', '673', '685', '681', '674', '690', '676', '669', '684', '683', '675', '688', '672', '660', '679', '668', '680', '692']
['120', '91', '395', '498', '778', '998', '835', '92', '904', '505', '515', '100', '973', '261', '234', '172', '245', '902', '381', '589', '176', '101', '906', '455', '524', '84', '845', '191', '847', '565', '190']
['758', '233', '523', '860', '590', '580', '237', '734', '246', '501', '517', '376', '914', '852', '295', '180', '504', '755', '746', '944', '986', '743', '511', '499']
['537', '533', '552', '528', '548', '559', '538', '558', '549', '555', '541', '540', '550', '544', '536', '543', '560', '563', '562', '539', '554', '551', '542', '532', '547', '553', '530', '531', '561', '534', '535']
['445', '389', '311', '903', '309', '915', '980', '368', '715', '987', '323', '320', '314', '789', '869', '775', '829', '169', '576', '522', '371', '315', '851', '307', '113', '187', '993', '460', '423', '992', '569']
['383', '457', '853', '186', '103', '305', '108', '431', '255', '235', '242', '57', '253', '181', '921', '131', '976', '202', '185', '971', '991', '121', '304', '901', '996', '259', '458', '506', '177', '510']
['604', '608', '601', '595', '600', '619', '617', '622', '616', '603', '599', '610', '615', '606', '621', '612', '594', '611', '626', '618', '598', '596', '597', '609', '602', '624', '629', '620', '607', '614', '625']
['49', '60', '65', '23', '38', '43', '46', '64', '55', '56', '41', '62', '47', '63', '37', '51', '19', '50', '44', '61', '58', '45', '40', '16', '36', '33', '22', '42', '53', '59', '52']
['849', '173', '546', '969', '896', '386', '393', '48', '178', '839', '529', '774', '168', '655', '365', '557', '249', '435', '171', '374', '318', '127', '768', '927', '841', '256', '432', '545', '777']
