['221', '786', '413', '282', '864', '953', '76', '452', '815', '459', '558', '319', '619', '348', '721', '931', '155', '321', '414', '48', '651', '505', '358', '439', '283', '879', '376', '655', '572', '164', '245', '589', '596', '244', '690', '899', '564', '78', '927', '193']
['338', '662', '595', '590', '431', '903', '661', '891', '281', '519', '444', '93', '109', '923', '253', '792', '328', '756', '473', '361', '884', '647', '50', '497', '416', '232', '476', '374', '18', '36', '844', '8', '464', '208', '296', '399', '500', '967', '954', '813']
['496', '408', '760', '108', '514', '881', '226', '878', '805', '334', '163', '189', '921', '425', '243', '872', '240', '14', '983', '787', '612', '492', '214', '710', '372', '877', '274', '438', '788', '880', '738', '677', '250', '696', '918', '944', '143', '741', '229', '692']
['380', '34', '733', '345', '197', '523', '38', '541', '379', '64', '682', '540', '579', '112', '615', '882', '838', '131', '429', '273', '74', '997', '972', '790', '19', '351', '175', '461', '491', '900', '804', '636', '332', '684', '645', '67', '952', '642', '161', '126']
['179', '799', '533', '581', '687', '924', '398', '43', '892', '231', '778', '211', '905', '310', '893', '79', '278', '181', '694', '462', '394', '503', '611', '699', '836', '800', '201', '873', '71', '674', '21', '748', '609', '771', '362', '629', '995', '525', '821', '640']
['389', '537', '183', '196', '344', '152', '98', '162', '978', '102', '154', '617', '729', '501', '269', '81', '480', '396', '727', '976', '988', '554', '671', '686', '934', '775', '711', '827', '950', '95', '54', '285', '185', '307', '683', '471', '401', '4', '867', '30']
['859', '427', '153', '832', '103', '453', '911', '634', '173', '586', '29', '964', '12', '839', '236', '752', '300', '825', '715', '798', '32', '292', '227', '587', '670', '598', '613', '443', '829', '791', '822', '895', '119', '450', '765', '449', '437', '511', '663', '753']
['391', '279', '693', '870', '311', '717', '817', '448', '316', '794', '148', '998', '62', '37', '178', '51', '520', '919', '168', '814', '258', '852', '495', '539', '365', '353', '979', '341', '749', '114', '688', '87', '90', '228', '607', '847', '680', '430', '432', '545']
['337', '194', '665', '552', '854', '949', '559', '106', '238', '697', '498', '7', '616', '421', '731', '904', '656', '920', '424', '713', '266', '172', '124', '219', '591', '797', '248', '272', '113', '977', '802', '951', '22', '907', '167', '390', '268', '566', '158', '777']
['807', '894', '317', '336', '549', '732', '734', '761', '190', '386', '82', '312', '912', '417', '441', '898', '347', '830', '769', '485', '174', '222', '916', '504', '863', '297', '159', '487', '994', '990', '718', '730', '157', '484', '993', '433', '578', '529', '373', '343']
['70', '134', '657', '974', '582', '477', '387', '546', '946', '623', '866', '846', '135', '117', '72', '574', '493', '512', '301', '774', '868', '451', '100', '789', '247', '673', '69', '719', '971', '524', '465', '187', '460', '24', '986', '357', '151', '335', '218', '848']
['383', '758', '631', '75', '828', '420', '770', '933', '130', '255', '73', '11', '294', '375', '192', '942', '544', '140', '816', '275', '89', '15', '913', '925', '359', '200', '411', '902', '474', '551', '467', '171', '764', '101', '906', '875', '908', '845', '672', '259']
['654', '962', '406', '779', '65', '849', '333', '930', '571', '241', '111', '975', '526', '835', '393', '368', '888', '313', '331', '793', '436', '780', '857', '426', '714', '561', '137', '176', '588', '315', '700', '592', '568', '209', '573', '679', '625', '216', '704', '593']
['917', '648', '608', '213', '136', '400', '989', '735', '550', '759', '92', '299', '567', '325', '803', '0', '132', '479', '116', '706', '330', '624', '210', '784', '33', '267', '530', '139', '127', '883', '842', '165', '720', '239', '286', '478', '531', '415', '510', '494']
['402', '999', '215', '486', '970', '263', '600', '985', '118', '235', '293', '57', '622', '77', '909', '536', '166', '834', '560', '584', '812', '563', '217', '621', '422', '475', '261', '914', '314', '783', '722', '367', '169', '982', '128', '304', '85', '458', '59', '736']
['445', '751', '68', '133', '129', '646', '960', '410', '689', '454', '843', '262', '543', '948', '149', '96', '382', '855', '44', '180', '230', '698', '659', '809', '522', '428', '708', '385', '456', '940', '956', '83', '553', '1', '660', '620', '961', '885', '52', '298']
['446', '457', '91', '548', '205', '862', '110', '242', '603', '363', '628', '370', '340', '442', '724', '932', '754', '869', '377', '257', '381', '371', '350', '726', '532', '676', '184', '597', '160', '929', '897', '850', '996', '220', '658', '743', '53', '739', '225', '652']
['490', '3', '936', '10', '856', '120', '122', '145', '963', '630', '577', '142', '309', '206', '570', '412', '56', '957', '980', '811', '271', '695', '287', '488', '320', '150', '234', '58', '40', '650', '440', '527', '840', '865', '703', '42', '506', '801', '876', '499']
['463', '853', '712', '115', '776', '538', '667', '489', '808', '66', '599', '447', '198', '705', '806', '562', '405', '557', '388', '99', '35', '435', '576', '542', '26', '288', '851', '861', '121', '265', '20', '841', '518', '565', '177', '826', '481', '709', '795', '992']
['604', '773', '188', '941', '887', '745', '305', '860', '605', '404', '107', '46', '502', '407', '627', '637', '938', '606', '306', '945', '664', '392', '818', '831', '618', '939', '141', '955', '746', '742', '254', '378', '204', '270', '318', '191', '701', '469', '534', '6']
['757', '94', '601', '763', '482', '28', '125', '528', '470', '580', '707', '147', '55', '224', '896', '819', '27', '874', '889', '156', '146', '295', '723', '641', '276', '669', '289', '25', '31', '455', '418', '716', '556', '291', '80', '521', '97', '614', '256', '928']
['750', '9', '737', '233', '326', '728', '535', '346', '409', '123', '766', '965', '691', '366', '41', '466', '280', '517', '327', '434', '785', '973', '364', '632', '820', '626', '16', '635', '507', '685', '943', '483', '772', '968', '104', '84', '991', '23', '170', '569']
['49', '60', '360', '890', '354', '403', '837', '744', '725', '342', '858', '207', '508', '966', '472', '223', '649', '796', '653', '284', '644', '13', '823', '384', '349', '678', '981', '105', '633', '86', '468', '61', '594', '138', '935', '5', '755', '339', '260', '144']
['937', '186', '947', '782', '369', '182', '969', '419', '886', '915', '47', '251', '747', '740', '277', '583', '987', '329', '926', '833', '810', '355', '668', '762', '397', '2', '681', '202', '302', '264', '602', '675', '901', '768', '824', '959', '199', '303', '356', '17']
['702', '666', '322', '610', '63', '45', '39', '352', '585', '88', '958', '423', '575', '290']
['555', '767', '547', '638', '246', '922', '252', '249', '509', '871', '781', '515']
['516', '323', '212', '639', '984', '195', '308']
['203', '910', '643', '513']
['237', '324']
['395']
