['337', '380', '446', '463', '215', '68', '282', '728', '136', '452', '333', '336', '142', '410', '470', '148', '348', '379', '57', '155', '923', '321', '223', '140', '63', '251', '473', '425', '421', '284', '112', '396', '361', '51', '131', '441', '347', '13', '583', '19', '240', '370', '100', '175', '86', '138', '180', '58', '411', '257', '45', '201', '367', '636', '176', '397', '381', '332', '374', '289', '116', '378', '455', '104', '250', '121', '139', '339', '167', '296', '357', '90', '239', '199', '80', '469', '437', '433', '161', '478', '499', '496', '179', '402', '34', '383', '389', '345', '233', '974', '324', '403', '459', '263', '255', '395', '107', '346', '162', '73', '489', '182', '540', '246', '109', '7', '189', '363', '181', '466', '368', '823', '236', '300', '874', '812', '287', '105', '424', '299', '14', '146', '567', '227', '234', '485', '462', '394', '314', '61', '137', '467', '141', '507', '71', '341', '297', '483', '95', '479', '290', '54', '185', '264', '114', '187', '8', '67', '291', '390', '208', '143', '399', '151', '259', '228', '53', '97', '356', '430', '432', '298', '30', '413', '10', '894', '120', '76', '448', '43', '46', '241', '400', '102', '541', '707', '375', '444', '294', '454', '253', '393', '117', '386', '72', '653', '178', '327', '277', '243', '384', '325', '436', '359', '497', '322', '230', '504', '274', '245', '474', '99', '248', '159', '302', '487', '385', '84', '18', '270', '78', '418', '703', '940', '128', '87', '20', '157', '449', '88', '481', '126', '221', '3', '60', '194', '186', '94', '65', '188', '196', '326', '115', '482', '108', '398', '173', '38', '477', '130', '281', '498', '123', '308', '154', '231', '93', '293', '419', '412', '407', '82', '328', '278', '811', '574', '12', '271', '349', '301', '621', '292', '475', '44', '295', '164', '372', '353', '836', '132', '35', '247', '16', '438', '171', '443', '232', '69', '276', '2', '476', '288', '330', '36', '210', '362', '33', '165', '209', '401', '4', '458', '177', '193', '286', '642', '170', '373', '494']
['526']
['758', '763', '744', '924', '387', '646', '805', '586', '555', '998', '839', '520', '855', '814', '594', '503', '869', '902', '677', '907', '639', '961', '578', '753', '777']
['831']
['773', '990', '846', '944', '553', '792', '660', '447', '817', '781', '895', '679', '630', '681', '561', '878', '545', '976', '736', '879']
['604', '581', '687', '949', '238', '862', '966', '975', '550', '980', '834', '912', '774', '925', '655', '932', '789', '626', '800', '764', '738', '952', '643', '810', '709']
['859']
['766', '732', '624', '623', '937', '406', '893', '665', '610', '950', '628', '673', '546', '505', '577', '992']
['721']
['767', '516', '853', '735', '877', '501', '103', '864', '500', '548', '954', '511', '821', '565', '979', '872', '798', '795']
['804']
['996']
['745']
['584', '519', '915', '723', '318', '849', '552', '847', '614', '512', '634', '829', '755', '930', '815', '515']
['682', '769', '572', '77', '711', '656', '697']
['168', '638', '612', '729', '832', '731', '701', '984', '543', '607', '613', '806', '885', '730']
['547', '564', '737', '941', '842', '863', '305', '939', '635']
['319', '822', '886', '532', '650']
['780']
['791']
['929', '787', '733', '587', '536', '229', '566']
['556']
['933']
['523', '149', '576', '891', '538', '664', '899']
['851']
['824']
['669']
['590', '508', '963', '861', '405']
['982', '957', '760', '350', '549', '906']
['956', '615', '788', '618', '40', '968']
['153', '617', '946', '801']
['670', '464', '533']
['970']
['597', '951', '922', '56', '671', '776', '600']
['134']
['258', '741', '747', '936', '882']
['700', '31']
['819']
['205']
['484', '883']
['901']
['620']
['920', '342']
['273', '684', '517', '938']
['897']
['896']
['904']
['160']
['918', '960', '64', '727', '591']
['676']
['943']
['686']
['603']
['873']
['843']
['784']
['644']
['959']
['978', '460']
['598']
['605']
['608']
['926']
['827']
['909']
['640', '48']
['674']
['9']
['714']
['616']
['593']
['986']
['404']
['875']
['125']
['183']
['575', '493']
['364']
['217']
['202']
['101']
['854']
['569']
['757']
['654']
['858']
['570']
['649']
['106']
['716']
['657']
['973']
['335']
['506']
['409']
['472']
['696']
['428', '699']
['739']
['659']
['892']
['260']
['37', '771']
['309']
['690']
['921']
['74']
['820']
['174']
['310']
['917']
['667']
['122']
['662']
['75']
['111']
['710']
['775']
['304']
['601']
['999']
['750']
['698']
['531']
['423']
['633']
['226']
['442']
['431']
['919']
['204']
['329']
['712']
['740']
['513']
['316']
['759']
['127']
['987']
['993']
['786']
['124']
['719']
['42']
['439']
['889']
['838']
['41']
['785']
['955']
['96']
['388']
['542']
['190']
['417']
['420']
['627']
['518']
['427']
['991']
['62']
['675']
['197']
['720']
['55']
['198']
['522']
['848']
['89']
['825']
['70']
['244']
['913']
['688']
['220']
['816']
['809']
['79']
['871']
['680']
['837']
['632']
['717']
['947']
['826']
['465']
['163']
['280']
['32']
['415']
['218']
['611']
['658']
['905']
['320']
['544']
['588']
['224']
['92']
['495']
['119']
['480']
['222']
['685']
['184']
['867']
['135']
['637']
['49']
['852']
['726']
['312']
['756']
['83']
['166']
['746']
['0']
['338']
['743']
['172']
['592']
['50']
['595']
['850']
['534']
['422']
['661']
['414']
['967']
['382']
['647']
['307']
['558']
['5']
['596']
['868']
['26']
['803']
['147']
['953']
['52']
['334']
['371']
['693']
['267']
['782']
['144']
['265']
['751']
['11']
['539']
['857']
['651']
['981']
['770']
['876']
['631']
['573']
['213']
['488']
['528']
['27']
['235']
['609']
['559']
['945']
['678']
['563']
['66']
['641']
['262']
['762']
['315']
['692']
['23']
['29']
['779']
['15']
['242']
['331']
['790']
['85']
['343']
['219']
['303']
['214']
['754']
['622']
['351']
['113']
['808']
['554']
['911']
['927']
['237']
['840']
['306']
['266']
['192']
['535']
['971']
['606']
['344']
['311']
['734']
['225']
['580']
['965']
['715']
['797']
['972']
['708']
['835']
['510']
['983']
['742']
['807']
['964']
['39']
['582']
['429']
['865']
['969']
['275']
['977']
['778']
['365']
['772']
['881']
['129']
['28']
['366']
['133']
['648']
['898']
['705']
['562']
['752']
['313']
['713']
['453']
['887']
['272']
['530']
['571']
['81']
['269']
['645']
['761']
['509']
['24']
['931']
['841']
['203']
['683']
['833']
['765']
['914']
['158']
['451']
['22']
['212']
['888']
['118']
['207']
['672']
['942']
['629']
['377']
['490']
['358']
['989']
['844']
['908']
['206']
['856']
['150']
['625']
['376']
['557']
['725']
['91']
['585']
['724']
['568']
['799']
['191']
['355']
['391']
['768']
['916']
['718']
['702']
['860']
['256']
['98']
['145']
['525']
['948']
['994']
['514']
['813']
['17']
['47']
['340']
['152']
['695']
['537']
['169']
['985']
['468']
['722']
['392']
['995']
['426']
['249']
['884']
['706']
['666']
['602']
['691']
['254']
['934']
['958']
['748']
['317']
['360']
['903']
['783']
['689']
['416']
['110']
['529']
['21']
['502']
['845']
['211']
['283']
['818']
['6']
['928']
['663']
['268']
['252']
['440']
['890']
['579']
['323']
['551']
['261']
['589']
['560']
['285']
['619']
['216']
['354']
['59']
['828']
['492']
['457']
['156']
['694']
['369']
['900']
['668']
['704']
['456']
['749']
['880']
['471']
['200']
['830']
['527']
['491']
['450']
['997']
['1']
['25']
['486']
['352']
['524']
['866']
['935']
['910']
['408']
['599']
['793']
['435']
['434']
['794']
['870']
['195']
['802']
['962']
['445']
['279']
['521']
['796']
['652']
['988']
['461']
