['183', '514', '395', '571', '195', '519', '7', '579', '536', '425', '653', '277', '647', '612', '635', '542', '254', '677', '250', '624', '629', '553', '556', '191', '399', '511', '23', '430', '478']
['602', '180', '533', '666', '310', '230', '120', '411', '372', '386', '620', '149', '152', '171', '169', '415', '385']
['258', '475', '29', '33', '249', '117', '388', '251', '72', '585', '398', '248', '512', '498', '336', '546', '535', '30']
['445', '360', '317', '122', '108', '634', '630', '226', '316', '241', '419', '79', '328', '48', '510', '429', '100', '50', '86', '322', '245', '45', '641', '596', '440', '374', '187', '645', '291', '209', '390', '471', '20', '177', '356', '144']
['98', '192', '389', '513', '253', '592', '124', '262', '357', '327', '551', '521', '381', '441', '477', '469', '548', '176', '343']
['345', '49', '94', '305', '452', '404', '502', '617', '57', '163', '544', '313', '12', '584', '636', '576', '669', '302', '84', '700', '151', '97']
['104', '3', '540', '155', '109', '554', '252', '1', '259', '157', '283', '705', '704', '378', '105']
['146', '494', '93', '270', '632', '657', '142', '134', '323', '125', '136', '361', '173', '459', '38', '107', '668', '207', '676', '21', '563']
['567', '541', '138', '206', '290', '320', '482', '139', '611', '363', '649', '208', '333', '658', '131', '287', '6', '231']
['153', '402', '383', '213', '196', '133', '348', '275', '217', '461', '539', '671', '491', '137', '673', '659', '685', '289', '264', '547', '593', '696', '675', '568', '239', '437', '506', '161', '569']
['570', '609', '456', '488', '463', '366', '655', '56', '67', '181', '257', '438', '352', '643', '397', '600', '308', '580']
['194', '608', '693', '28', '324', '558', '73', '162', '691', '637', '190', '284', '574', '417', '175', '495', '61', '54', '450', '85', '260', '449', '663', '423', '561', '534', '680', '499']
['537', '405', '174', '408', '197', '353', '426', '228', '581', '613', '507', '218', '460', '319', '664', '96']
['18', '34', '78', '638', '497', '391', '68', '220', '473', '500', '618', '76', '625', '646', '297']
['489', '380', '597', '118', '321', '22', '312', '66', '416', '4', '81', '644', '332', '263', '51', '341', '243', '532', '238', '515']
['179', '168', '70', '307', '337', '686', '421', '132', '414', '166', '435', '368', '346', '306', '661', '271', '424', '89', '15']
['555', '9', '219', '223', '62', '63', '99', '453', '687', '650', '708']
['331', '370', '113', '11', '185', '550', '278', '509', '268', '588', '565', '434', '315', '95', '126']
['552', '590', '586', '334', '606', '13', '384', '485', '172', '589', '467', '371', '706', '31', '127', '701', '80', '199', '53', '652', '170', '52']
['427', '115', '309', '410', '575', '369', '400', '111', '508', '294', '682', '237', '616', '41', '140', '280', '615', '299', '451', '156', '340', '557', '58', '35', '598', '141', '210', '465', '672', '229', '225']
['17', '326', '595', '538', '106', '466', '189', '447', '656', '481', '227', '367', '2', '276', '522', '71', '455', '524', '128', '362', '458', '59', '529', '545', '298']
['329', '184', '520', '233', '8', '603', '42', '91', '201', '566', '37', '578']
['648', '279', '212', '420', '205', '130', '577', '407', '55', '599', '269', '621', '694', '436', '442', '594', '274', '670', '443', '244', '202', '119', '165', '267', '90', '193']
['203', '526', '221', '204', '10', '318', '83', '164', '224', '178', '628', '27', '681', '301', '46', '19']
['496', '490', '406', '188', '354', '342', '154', '622', '211', '135', '82', '480', '300', '392', '351', '234', '474', '674', '36', '688', '24', '167', '573', '607']
['110', '412', '462', '265', '464', '145', '296', '525', '143', '40', '614', '272', '349', '358', '281', '373']
['338', '528', '559', '549', '102', '64', '242', '246', '627', '505', '74', '678', '325', '261', '698', '483', '476', '690', '479', '116', '418', '683', '660', '88', '286']
['292', '121', '160', '633', '623', '186', '468', '601', '222', '591', '147', '487', '396', '255', '527', '350', '158', '583', '470', '330']
['182', '654', '703', '444', '304', '472', '150', '501', '75', '651', '493', '232', '16', '26']
['689', '516', '428', '355', '77', '523', '699', '403', '582', '311', '112', '605', '431', '484', '587', '448', '159', '235', '123']
['14', '422', '60', '295', '215', '486', '610', '236', '101', '439', '409', '692', '25', '240']
['702', '335', '562', '200', '564', '0', '87', '65', '282', '626', '216', '103', '504', '631', '679', '303', '531', '43', '642', '285']
['148', '454', '114', '707', '619', '44', '665', '401', '39', '543', '560', '518', '273', '288']
['376', '604', '375', '359', '457', '572', '379', '365', '393', '256', '129', '639', '517', '198', '5', '69', '667', '695', '432']
['446', '413', '662', '344', '387', '697', '293', '47', '92', '347', '382', '32', '364', '492', '214', '314', '266', '394', '503', '377', '247', '684', '530', '339', '433', '640']
