['982', '721', '926', '416', '947', '398', '143', '272', '315', '566', '777', '580']
['767', '98', '682', '175', '362', '358', '666', '934', '278', '363', '864', '824', '480', '644', '335', '309', '919', '794', '31']
['427', '773', '894', '631', '305', '548', '958', '933', '646', '862', '379', '704', '306', '92', '301', '347', '884', '785', '217', '562', '925', '910', '405', '174', '916', '99', '698', '542', '54', '185', '971', '609', '602', '87', '339', '268', '518', '144']
['203', '654', '317', '665', '974', '849', '832', '263', '73', '11', '519', '109', '811', '501', '649', '48', '62', '574', '543', '920', '973', '818', '355', '249', '902', '979', '232', '809', '2', '702', '568', '918', '208', '4', '679', '151', '739', '286']
['9', '890', '122', '662', '911', '255', '989', '29', '623', '425', '327', '300', '287', '798', '889', '497', '686', '274', '880', '984', '589', '141', '169', '59', '21', '302', '772', '330', '899', '121', '8', '24', '521', '53', '531', '415', '225', '736']
['807', '853', '457', '324', '581', '142', '409', '975', '766', '348', '110', '555', '246', '47', '166', '178', '417', '520', '214', '172', '164', '935', '440', '738', '943', '516', '629', '530', '944', '167', '986', '720', '39', '228', '97', '430', '867', '190']
['445', '49', '737', '252', '256', '930', '881', '960', '878', '102', '570', '262', '112', '361', '529', '664', '678', '621', '168', '436', '591', '443', '522', '968', '250', '845', '951', '592', '620', '967', '259', '157', '614', '460', '423', '170', '6', '795']
['567', '991', '537', '187', '233', '797', '91', '900', '72', '717', '453', '954', '669', '378']
['722']
['204']
['799', '213', '961', '728', '854', '687', '805', '966', '886', '691', '540', '366', '55', '846', '312', '610', '13', '656', '384', '216', '340', '295', '180', '836', '596', '116', '285', '547', '184', '33', '696', '688', '390', '639', '437', '433', '810', '561']
['733', '999', '326', '745', '431', '404', '577', '316', '207', '206', '154', '526', '93', '734', '393', '280', '606', '198', '396', '277', '243', '945', '74', '913', '146', '633', '462', '222', '257', '297', '742', '700', '83', '995', '506', '511', '481', '161']
['713']
['597', '18', '723', '251', '136', '549']
['751', '681', '865']
['345', '953', '448', '858', '922', '834', '81', '816', '823', '349', '439', '825', '370', '323', '150', '762', '507', '71', '690', '684', '719', '929', '210', '471', '458', '575']
['179', '977', '843', '322', '938', '754', '282', '544', '831', '517', '628', '434', '546', '432', '240']
['917', '334', '988', '990', '310', '671', '67', '536', '333', '313', '993', '260', '821', '25', '343']
['446', '221', '657', '194', '120', '115', '103', '129', '924', '514', '107', '106', '235', '308', '969', '915', '729', '761', '211', '756', '236', '898', '156', '100', '488', '45', '371', '374', '708', '128', '318', '85', '220', '525', '847', '401', '88', '177']
['496', '724', '388', '90', '558', '746', '241']
['861']
['806', '373']
['659']
['22']
['465']
['456']
['391', '608', '964', '658', '588', '248', '5', '576', '906']
['201']
['709']
['367']
['828', '23', '152', '667', '205', '600', '985', '162', '619', '616', '189', '414', '731', '37', '904', '583', '987', '451', '0', '710', '314', '594', '320', '755', '159', '726', '476', '113', '802', '645', '718', '218']
['490', '94', '389', '941', '559', '502', '294', '293', '155', '41', '63', '615', '429', '774', '329', '325', '475', '852', '461', '365', '426', '869', '411', '670', '467', '483', '532', '524', '418', '127', '716', '357', '927', '80', '469', '652', '692', '535']
['505']
['538']
['494']
['976']
['359']
['790']
['804']
['227']
['653']
['101']
['550']
['84']
['346']
['569']
['230']
['747']
['541']
['650', '983']
['534']
['844']
['557']
['801']
['813']
['622']
['134', '595', '760', '776', '970', '963', '630', '281', '182', '419', '237', '637', '79', '579', '921', '882', '981', '266', '598', '673', '289', '114', '160', '119', '399', '239', '643']
['635', '447']
['883']
['181']
['244']
['627']
['685']
['784']
['402']
['638', '186', '523', '403', '528', '452', '634', '815', '342', '410', '46', '782', '697', '617', '942', '223', '838', '839', '888', '584', '382', '364', '554', '509', '504', '863', '438', '435', '641', '341', '350', '479', '36', '850', '303', '578', '753', '876']
['344', '397']
['871']
['193']
['408']
['553']
['238']
['130']
['712']
['111']
['133']
['527', '489', '851', '64', '192', '3', '905', '215', '61', '820', '135', '224', '212', '625', '822']
['66']
['885', '703']
['593']
['909']
['450', '835', '296', '14', '126']
['291']
['856', '866', '42', '590', '939', '791', '395']
['994']
['356']
['380', '369', '997', '892']
['292', '604', '808', '368', '605', '477']
['800']
['683']
['830']
['148']
['40']
['183']
['441']
['840', '793', '463', '803', '413', '468', '321', '219', '65', '603', '188', '711', '903', '740', '873', '69']
['275']
['940', '261', '1', '420']
['857']
['400']
['624']
['582']
['195']
['950']
['52']
['485']
['149']
['171']
['283']
['837']
['676']
['946']
['651']
['693']
['191']
['337']
['444']
['354']
['428']
['842']
['265']
['908']
['254']
['848']
['89']
['478']
['199']
['328']
['17', '38']
['725', '138', '30']
['331']
['780']
['76']
['972']
['35']
['607']
['253']
['655']
['868']
['383']
['764']
['855']
['552']
['123']
['661']
['962']
['386']
['750']
['197']
['372']
['545']
['454']
['796']
['980']
['145']
['819']
['672']
['585']
['787']
['872']
['196']
['827']
['735']
['923']
['758']
['147']
['118']
['158']
['51']
['513']
['533']
['304']
['680']
['234']
['998']
['768']
['907']
['406']
['486']
['749']
['124']
['792']
['996']
['473']
['271']
['599']
['56']
['412']
['887']
['668']
['86']
['730']
['642']
['952']
['663']
['60']
['26']
['95']
['763']
['859']
['96']
['229']
['132']
['163']
['743']
['10']
['377']
['226']
['258']
['231']
['140']
['279']
['498']
['202']
['311']
['812', '78', '699']
['137']
['914']
['464']
['783']
['965']
['298']
['694']
['732']
['564']
['75']
['459']
['58']
['978']
['551']
['12']
['299']
['34']
['937']
['319']
['512']
['487']
['392']
['381']
['611']
['422']
['870']
['744']
['689']
['273']
['587']
['632']
['474']
['338']
['264']
['269']
['351', '901', '503']
['897']
['16']
['267']
['727']
['173']
['572']
['748']
['789']
['707']
['500']
['68']
['27']
['560']
['515']
['879']
['376']
['165']
['781']
['375']
['510']
['956']
['675']
['442']
['44']
['833']
['814']
['618']
['493']
['601']
['82', '387']
['636']
['957']
['153']
['674', '449']
['765']
['424']
['741']
['108']
['695']
['539']
['563']
['336']
['385']
['771']
['959']
['353']
['284']
['290']
['499']
['626']
['788']
['877']
['209']
['932']
['860']
['786']
['288']
['7']
['466']
['779']
['20']
['648']
['817']
['874']
['28']
['270']
['706']
['307', '612', '571', '200', '769', '77', '714', '701', '949', '640', '470']
['472']
['613']
['556']
['896']
['495']
['586']
['104']
['32']
['705', '891']
['508']
['826']
['139']
['176']
['394']
['573']
['992']
['565']
['660']
['752']
['778']
['19']
['955']
['421']
['647']
['352']
['125']
['105']
['875']
['757', '332']
['715']
['912']
['677']
['829']
['276']
['242']
['893']
['492']
['948']
['928']
['775']
['57']
['117']
['936']
['841']
['455']
['895']
['770']
['484']
['50']
['759']
['360']
['70']
['482']
['407']
['43']
['245']
['491']
['247']
['931']
['15']
['131']
