['496', '486', '195', '118', '111', '123', '154', '419', '246', '109', '980', '603', '280', '606', '112', '480', '493', '434', '275', '920', '217', '44', '0', '495', '61', '124', '788', '483', '681', '289', '31', '184', '982', '104', '672', '471', '478']
['757', '258', '833', '413', '321', '587', '731', '986', '618', '170', '254', '753']
['383', '853', '120', '65', '103', '953', '559', '379', '792', '37', '178', '983', '376', '364', '491', '372', '377', '381', '176', '371', '524', '700', '897', '844', '1', '39', '158']
['445', '446', '490', '34', '94', '452', '448', '375', '734', '56', '269', '425', '349', '583', '32', '462', '426', '801', '443', '822', '956', '449', '484', '821', '460']
['331', '325', '334', '64', '971', '323', '689', '318', '360', '317', '276', '253', '996', '525', '319', '476', '586', '330']
['894', '870', '891', '130', '98', '878', '238', '886', '931', '211', '893', '251', '888', '131', '945', '889', '146', '554', '869', '775', '699', '880', '16', '40', '873', '5', '532', '26', '861', '597', '128', '208', '720', '876']
['647', '182', '622', '457', '637', '712', '561', '326', '145', '760', '132', '628', '644', '636', '229', '232', '511', '520']
['638', '648', '60', '937', '634', '735', '957', '48', '543', '243', '626', '257', '169', '315', '684', '185', '624', '802', '553', '842', '639', '741', '260', '216', '640']
['427', '604', '153', '196', '974', '552', '129', '924', '148', '110', '192', '55', '808', '517', '236', '752', '156', '475', '175', '769', '320', '314', '467', '596', '244', '950', '113', '33', '265', '296', '824', '518', '88', '743', '23', '373']
['337', '391', '354', '887', '744', '398', '570', '623', '7', '393', '386', '987', '351', '713', '200', '355', '461', '341', '350', '121', '87', '901', '24', '225', '566', '343']
['767', '733', '773', '608', '28', '776', '173', '241', '555', '617', '13', '740', '584', '976', '785', '926', '138', '781', '939', '272', '764', '690', '42', '658']
['526', '529', '463', '537', '539', '550', '544', '556', '181', '528', '536', '863', '548', '69', '970', '82', '768', '531', '698', '542', '549']
['264', '380', '292', '36', '134', '362', '93', '210', '242', '365', '718', '363', '20', '384', '439', '378', '369']
['807', '856', '279', '406', '197', '352', '281', '805', '707', '262', '649', '695', '510', '505', '621', '612', '818', '686', '416', '201', '641', '635', '332', '746', '116', '688', '645', '267', '228', '239', '643', '59', '578', '30']
['786', '122', '115', '837', '860', '477', '858', '546', '848', '155', '756', '284', '651', '277', '271', '705', '715', '100', '710', '394', '164', '509', '504', '374', '708', '851', '114', '703', '765', '620', '679', '437', '199', '625', '692', '126']
['750', '212', '432', '333', '725', '142', '46', '206', '862', '619', '732', '519', '729', '871', '747', '327', '81', '300', '898', '727', '19', '392', '736', '359', '934', '797', '804', '438', '659', '674', '895', '719', '899', '738', '527', '479', '748', '250', '883', '967', '614', '433', '218', '534', '867', '593']
['766', '502', '564', '402', '14', '450', '789', '716', '213', '811', '717', '598', '565', '397', '972', '226', '676', '290']
['787', '784', '723', '174', '408', '523', '245', '63', '579', '952', '739', '53', '51', '749', '680', '15', '470', '231']
['691', '338', '58', '76', '551', '12', '106', '955', '177', '74', '73', '978']
['282', '324', '420', '205', '316', '162', '489', '721', '366', '310', '599', '328', '421', '189', '816', '240', '329', '793', '557', '916', '800', '809', '609', '418', '629', '22', '67', '663', '286', '17', '430', '709', '494']
['203', '179', '194', '188', '133', '590', '514', '958', '600', '255', '102', '946', '198', '981', '988', '633', '831', '219', '71', '18', '84', '187', '465', '139', '335']
['779', '403', '581', '431', '571', '409', '62', '72', '921', '759', '313', '904', '227', '754', '411', '141', '440', '507', '685', '54', '772', '302', '602', '675', '291']
['929', '454', '50', '444', '936', '204', '466', '278', '85', '45', '453', '303', '356', '6', '451', '455']
['389', '854', '828', '235', '682', '513', '843', '610', '417', '774', '852', '468', '783', '589', '829', '522', '827', '202', '568', '850', '127', '464', '390', '191', '220', '521', '826', '161']
['890', '601', '183', '404', '395', '346', '892', '541', '866', '896', '361', '872', '814', '562', '388', '877', '35', '865', '607', '961', '423', '885']
['962', '657', '482', '661', '472', '656', '868', '678', '780', '724', '671', '230', '902', '248', '516', '683', '530', '660', '268', '847', '585', '97', '668']
['799', '917', '941', '911', '949', '881', '577', '57', '915', '905', '666', '117', '473', '912', '964', '919', '925', '910', '492', '932', '266', '900', '247', '935', '943', '906', '677', '270', '944', '907', '573', '927', '415', '928']
['233', '864', '605', '342', '387', '207', '580', '77', '938', '66', '501', '823', '874', '884', '340', '442', '594', '547', '940', '209', '357', '4', '80', '954', '810']
['160', '147', '3', '572', '820', '165', '693', '813', '582', '151', '259', '157', '399', '149', '152', '2', '806', '812', '558', '508', '966']
['252', '125', '305', '311', '75', '263', '794', '308', '400', '294', '293', '312', '301', '515', '299', '632', '295', '428', '304', '401', '481', '298']
['456', '908', '49', '83', '942', '922', '918', '923', '135', '215', '909', '997', '841', '903', '27', '646', '930', '992', '913', '569', '11']
['914', '857', '763', '288', '223', '47', '140', '595', '500', '498', '441', '630', '287', '283', '96', '95', '499']
['221', '832', '770', '43', '782', '412', '778', '89', '273', '790', '180', '172', '503', '722', '274', '762', '307', '777', '90', '458', '193', '469', '256', '575', '535']
['999', '345', '817', '344', '107', '348', '414', '948', '306', '358', '347', '855', '567', '436', '803', '591', '353', '99', '435', '613', '171', '25', '991', '875', '545', '795']
['758', '751', '728', '745', '336', '459', '960', '985', '975', '989', '965', '998', '224', '447', '574', '882', '368', '819', '396', '512', '563', '424', '879', '973', '214', '405', '611', '984', '979', '367', '968', '385', '977', '78', '994', '951', '990', '339', '167', '143', '959', '52', '730']
['737', '665', '631', '38', '309', '163', '237', '627', '79', '616', '615', '92', '370', '694', '168', '261', '588', '159', '21', '771', '642', '190']
['70', '533', '662', '136', '947', '933', '410', '407', '796', '429', '798', '105', '422', '488', '497', '234', '485', '137', '474', '101', '742', '285', '592', '993']
['859', '702', '696', '322', '714', '41', '91', '166', '711', '701', '687', '704', '669', '697', '706']
['9', '10', '849', '108', '815', '29', '761', '846', '835', '834', '838', '839', '560', '825', '830', '382', '86', '150', '249', '836', '650', '791', '755', '297', '840', '845', '119', '8', '995', '506', '144']
['969', '654', '540', '655', '186', '726', '68', '222', '670', '653', '673', '576', '667', '538', '963', '652', '664', '487']
