['964', '928', '857', '655', '311']
['826', '803']
['989', '959']
['463']
['952', '94', '115']
['506', '206', '57']
['3', '856', '437', '559', '898', '6']
['844', '734', '937']
['696', '106', '507', '821']
['283']
['143', '990']
['368', '294', '831']
['10']
['940', '708', '823']
['950', '159', '549', '797']
['781', '633', '454', '531']
['628', '355']
['237', '392', '525', '614', '976', '385']
['743', '581', '877', '335']
['602', '878', '728', '778']
['583']
['129', '292', '592']
['890', '882']
['570', '979', '296']
['639', '643', '600']
['517']
['698', '998', '308', '975']
['723', '122', '96']
['349', '944', '636']
['819', '243', '236']
['584', '289', '514', '649']
['415', '139', '870']
['228', '687', '785', '51']
['128', '213', '800', '178', '752', '790']
['860', '487', '23', '245']
['668', '995']
['84', '919', '954', '699']
['16', '965', '192']
['605']
['41', '467']
['738', '792']
['448', '138']
['788', '242']
['362', '460']
['398', '107', '120', '623']
['777', '513']
['840', '986', '644', '455', '433']
['637', '716', '313']
['642', '726', '997']
['252', '284', '278', '218']
['718', '286', '263']
['332', '177', '411']
['505', '416', '13']
['61', '479', '586', '470']
['297', '704', '985']
['90', '626']
['971', '838', '244', '836']
['169', '220']
['39', '622', '966', '499']
['266', '254', '459', '382']
['665', '889']
['646']
['929', '524', '190', '983']
['597', '680', '336']
['872', '377']
['52', '974', '444']
['702', '565', '719']
['946', '464']
['345', '963']
['374', '42', '118', '156']
['268', '893', '516', '248']
['621', '102']
['817']
['874', '33']
['712']
['828', '742']
['114', '887']
['151', '744', '405']
['76', '182', '879', '737']
['399', '553', '352']
['632', '494', '710']
['457']
['489', '880']
['551']
['18', '535', '546']
['925', '153', '50', '91', '575']
['113', '298', '31']
['911', '652', '548', '185']
['109', '837']
['158', '189', '869']
['897', '566', '119']
['422']
['886', '724']
['735', '375', '815']
['136', '713', '261']
['179', '510']
['562', '935', '773', '155']
['43', '707', '100', '533', '48', '810', '867']
['257']
['675', '977', '820']
['485', '733']
['439', '508']
['578']
['370', '849', '125']
['670']
['996', '765', '761']
['353', '818']
['779', '364', '19', '729']
['333', '884', '0']
['402', '488']
['673', '627']
['432', '599', '272', '216']
['659', '275']
['299', '269', '558']
['194']
['491', '616', '610', '205']
['973', '845', '613']
['359', '948']
['146', '611', '77']
['686', '232']
['46']
['219', '210', '873']
['502']
['4', '763', '211']
['347', '515', '303']
['56']
['968', '596', '858', '871']
['429', '391']
['717']
['255', '751', '227', '661']
['866', '483']
['63']
['754', '55', '414']
['276', '795']
['160', '987']
['410', '145']
['11', '760', '83']
['126']
['900', '618', '783', '915', '766']
['421']
['994', '560']
['705', '425', '732', '736', '541']
['671', '45', '664']
['846', '542', '497']
['484']
['168']
['326']
['418']
['124', '111']
['482']
['725']
['888']
['891', '804']
['295']
['543', '423', '589', '834']
['816']
['89', '907']
['430', '426']
['520']
['67', '591', '441']
['165', '456']
['585', '393']
['337', '458', '25', '390']
['947', '841', '624', '280', '246']
['351']
['967', '449', '794', '962']
['476']
['79', '170', '357']
['293', '469', '12', '569', '447']
['101', '750', '663']
['700', '747', '768', '443', '27']
['703']
['534']
['945', '999']
['401']
['917']
['923', '892']
['376']
['620', '805', '71']
['281', '64', '855']
['247', '38', '685']
['8']
['530', '727', '755']
['981']
['287', '829']
['921', '480', '197', '509']
['309', '536']
['920', '334', '47', '424']
['676', '691']
['653', '366', '465']
['461', '69', '798', '913', '320']
['387']
['379']
['301', '291', '209']
['635']
['196', '188', '396', '86']
['540']
['123']
['490', '683']
['340']
['203', '706']
['931', '224']
['789', '852']
['492', '161', '656']
['824', '315', '557', '693']
['523', '660']
['7', '356']
['435', '225', '420', '835']
['15']
['282', '53']
['938', '786']
['324']
['601']
['711', '631']
['842']
['99', '150']
['741']
['922', '629']
['526']
['395', '92']
['833', '195', '478']
['903']
['164', '532', '167']
['571']
['771', '740']
['358', '669']
['808', '941', '972']
['679', '787']
['365']
['500', '498', '471']
['933', '850']
['978']
['984']
['806', '34']
['955']
['554']
['212', '545', '452', '451']
['475', '625', '316']
['927', '381', '714', '863']
['951']
['550', '323']
['556']
['413']
['767']
['78', '472']
['81', '132']
['453', '288']
['801']
['274']
['450', '103', '942']
['108']
['607', '271']
['731']
['899', '60', '862']
['201', '434']
['346', '603']
['321', '267']
['748', '1']
['343']
['44', '394', '658', '306']
['176']
['59', '926', '802']
['813', '796']
['847']
['701', '528']
['35', '409']
['690']
['916', '215']
['934']
['62', '72']
['70', '397']
['37']
['617']
['200']
['133']
['9']
['233', '832', '544', '234']
['598', '580']
['371']
['918', '97']
['608', '943', '883', '163']
['127']
['88', '235']
['20']
['270', '486']
['184', '317', '756', '112']
['956']
['198', '187']
['811', '775', '378']
['672']
['230', '338']
['576']
['384', '442']
['939', '914']
['552']
['561', '54', '776', '121']
['689']
['647']
['462', '110']
['226', '30']
['166', '367']
['667']
['221', '895', '809', '961']
['473', '239']
['373', '853']
['36']
['593', '657', '582']
['538', '958']
['407', '638']
['253']
['74']
['481', '904']
['388']
['648', '342']
['881', '105']
['408', '149']
['131']
['341', '681', '431']
['574', '181', '73', '772', '116']
['264', '369', '26']
['350', '529']
['590', '21']
['260']
['694']
['692']
['527', '709']
['991']
['250', '749', '604']
['304', '223']
['87', '825']
['82']
['93', '389']
['24']
['868', '477']
['969']
['511', '137']
['249']
['970', '251']
['759']
['104']
['908']
['992']
['495']
['66']
['579']
['144']
['204']
['827']
['222']
['896']
['746', '400']
['172', '339', '615']
['68', '745']
['757']
['993']
['695']
['764', '142']
['780', '774']
['154', '830', '152']
['360']
['202']
['793']
['932', '512', '715']
['839']
['49', '949']
['666', '851', '32']
['468']
['412', '307', '180']
['619', '2']
['130']
['380']
['428', '238', '770']
['875', '730']
['173', '300']
['988', '953']
['906']
['865']
['29']
['594', '354', '403', '318']
['822']
['319', '503']
['445', '363']
['496', '674']
['406', '930']
['17']
['662']
['651', '58']
['720']
['859', '924']
['555', '807']
['641', '650', '80']
['372']
['645', '902']
['256']
['960', '383']
['782']
['446']
['312']
['504']
['262']
['630', '861']
['606']
['279']
['854', '885']
['302']
['314']
['474']
['568']
['174', '466']
['814', '258']
['721']
['285']
['588']
['640']
['141']
['207']
['547', '654', '214', '14']
['157']
['493', '440']
['186']
['386']
['28', '909']
['217']
['208']
['277']
['417', '330']
['305']
['322']
['175']
['331']
['905']
['684']
['193']
['609', '325']
['722']
['784']
['65']
['404']
['762']
['876', '135']
['791']
['799']
['419']
['140']
['427', '753']
['273', '117']
['259', '612', '812']
['843']
['148']
['171', '191']
['572']
['5']
['501']
['98']
['910']
['22', '162']
['678']
['682']
['539']
['677']
['697']
['537']
['521']
['199', '769']
['75']
['577']
['519']
['901']
['229']
['567']
['310']
['980', '85']
['848', '758']
['518']
['564']
['438', '587']
['240']
['982', '183']
['522']
['231']
['436']
['40', '739']
['595']
['265', '344']
['936']
['957']
['912']
['328']
['241']
['573']
['563']
['864']
['329', '894']
['147', '290']
['327']
['95']
['688', '634']
['348']
['134']
['361']
