['994', '926', '389', '424', '387', '165', '72', '199', '739', '149', '698', '71', '885', '73', '790', '308']
['700', '472', '990', '360', '474', '473', '166', '534', '118']
['612', '845', '537', '671', '181', '811', '157', '396', '809', '810', '583', '862']
['597', '814', '153', '766', '732', '784', '355', '338', '377', '300', '731', '151', '357', '574', '493', '152', '558', '571', '578', '515', '621']
['524', '57', '55', '391', '362', '172', '56', '223', '388', '306', '873']
['104', '694', '340', '624', '676', '291', '339', '117', '410', '369']
['148', '375', '617', '237', '314', '132', '986', '618', '701', '313', '759', '315', '960', '730']
['526', '977', '604', '540', '222', '869', '328', '827', '99', '984', '747', '404', '373', '976', '975']
['282', '722', '997', '952', '741', '12', '38', '643', '532', '742', '593']
['412', '134', '413', '998', '186', '238', '842', '414', '829', '630', '341', '798', '709', '586']
['457', '461', '468', '608', '870', '909', '469', '243', '470', '17', '25', '777']
['689', '713', '121', '34', '164', '197', '838', '352', '560', '559', '576', '131', '301', '102']
['965', '627', '629', '87', '939', '628', '588', '959', '531']
['331', '407', '724', '751', '726', '249', '582', '75', '651', '477', '332', '309', '566', '479', '825', '478', '330']
['767', '255', '195', '246', '253', '796', '168', '292', '100', '914', '261', '557', '372', '245', '169', '5', '254', '318', '167', '768', '927', '506', '256', '652']
['602', '886', '519', '194', '601', '66', '916', '603', '45', '37', '397', '92', '6', '190']
['329', '185', '915', '769', '539', '497', '278', '801', '620', '903', '271', '538', '727', '126']
['982', '981', '983']
['647', '383', '354', '501', '212', '81', '613', '743', '791', '384', '992', '46', '382']
['721', '989', '852', '951', '364', '320', '321', '269', '319', '830']
['971', '380', '50', '444', '230', '717', '458', '459', '272', '420', '985', '31']
['422', '894', '846', '907', '363', '16', '460', '415', '677', '966', '32']
['179', '849', '145', '634', '858', '454', '761', '666', '644', '277', '584', '884', '258', '180', '295', '831', '641', '762', '507', '159', '21', '250', '850', '228', '20', '848']
['875', '874']
['793', '93', '530', '544', '122', '500', '740', '244', '283', '392']
['376', '489', '345', '227', '119', '857', '988', '247', '178', '344', '346', '316', '288']
['402', '973', '379', '890', '720', '551', '335', '642', '719', '861']
['234', '124', '22', '24', '260', '381', '23', '692', '498']
['405', '371', '616', '837', '536', '615', '614', '97', '828', '695', '646', '813', '193', '207', '448', '795', '889']
['273']
['757', '155', '758', '808', '416', '775', '974', '756', '368', '367', '429', '89', '563']
['490', '685', '491']
['203', '908', '211', '572', '942', '623', '390', '573', '590', '40', '681', '299']
['442', '150', '67', '68', '8', '224', '196', '281', '481']
['931', '932', '365', '120', '251', '871', '882', '440', '535', '205', '575', '867', '569', '30']
['555', '294', '554', '660', '658', '659', '428', '95', '794']
['351', '128', '192', '923', '127', '125', '386', '509', '326', '599', '129', '816', '518', '53', '522', '782']
['456', '763', '82', '765', '220', '804', '417', '596', '239', '964', '945', '764', '476', '455']
['638', '154', '359', '936', '36', '304', '820', '789', '797', '305', '670', '542', '878', '753']
['564', '64', '786', '366', '495', '188', '854', '821', '664', '785']
['482', '693', '587', '653', '484', '441', '972', '483', '162', '206']
['940', '175', '44', '553', '143', '880', '815', '565', '656', '43', '350', '202', '11']
['348', '347', '452']
['733', '163', '632', '957', '504', '208', '993', '80', '625', '286', '970', '287']
['622', '200', '710', '310', '267', '213', '353', '35', '231', '423', '749', '680', '285']
['78', '26', '77', '645', '79', '579', '935', '232', '930', '142', '116', '987', '892']
['184', '182', '183']
['855', '856']
['337', '962', '648', '905', '33', '7', '783', '411', '860', '39', '521', '512', '963', '336', '105', '217']
['242', '241', '240']
['264', '325', '463', '210', '734', '265', '665', '324', '48', '517', '263', '933', '822', '226']
['910', '729', '85', '953', '4', '911', '888', '954', '955', '668']
['725', '776', '657']
['865', '562', '691', '9', '214', '853', '941', '280', '257', '800', '924', '236', '297', '690', '805', '451']
['445', '496', '446', '29', '10', '266', '408', '28', '42', '552', '76', '895', '27', '74']
['594', '779', '714', '877', '209', '606', '639', '276', '876', '111', '879']
['605']
['799', '110', '334', '780', '773', '109', '735', '508', '901', '464', '902', '947', '967', '361', '598', '667', '130', '289', '298']
['802', '737', '897', '696', '863', '435', '437', '425', '88', '342', '177', '176', '349', '607', '968']
['3', '866', '944', '58', '403', '581', '650', '59', '561', '529', '580']
['771', '682', '833', '215', '835', '836', '834', '356', '520']
['502', '370', '778', '683', '503', '139', '672', '140', '745', '817', '556', '864', '841', '686', '141', '610', '510', '545']
['969', '94', '83', '233', '513', '465', '525', '711', '201', '467', '514', '752', '527', '123']
['146', '147', '803', '655', '65', '41', '626', '274', '1', '718', '259', '90', '398', '275', '170', '715']
['669', '883']
['485', '432', '663']
['609', '84', '991', '868', '818', '843', '533', '688', '471', '112', '961', '872', '106', '409']
['781', '528']
['279', '679', '678']
['929', '567', '654', '859', '492', '999', '592', '728', '333', '585', '543', '958', '950']
['840', '541', '707', '995', '839', '673']
['70', '436', '488', '946', '938', '466', '649', '69', '433', '216']
['723', '343', '844', '394', '595', '401', '173', '577', '400']
['851', '787', '516', '918', '219', '191', '738', '290', '235']
['754', '262', '393', '91', '760', '921', '847', '438', '636', '635', '431', '823', '736']
['547', '917', '60', '546', '662', '103', '430', '2', '674', '812', '54', '899']
['189']
['18', '293', '204', '187', '296', '891', '904', '434', '19', '156']
['475', '174', '770', '101', '374', '499']
['925', '358', '716', '980', '135', '744', '447', '788', '979', '229', '303', '640', '439', '978']
['807', '426', '792', '487', '589', '480', '511', '708', '806', '898', '826', '928']
['86', '893', '327', '819', '98', '158', '943', '385']
['307', '419', '138', '900', '137', '136', '443', '755']
['221', '113', '418', '322', '568', '832', '284', '225']
['114', '323', '421', '115', '699', '548', '913']
['14', '13', '15']
['750']
['160', '161']
['637', '494']
['505', '920', '919']
['450', '896', '108', '449', '948', '949', '171', '453', '51', '378']
['49', '406', '312', '311', '661', '684', '697']
['748', '712', '912']
['523']
['675', '486', '302']
['570', '619', '462', '631', '63', '198', '600', '218', '144', '746']
['687']
['0', '61', '591', '62', '881', '107', '96']
['937', '887', '395', '550', '47', '705', '774', '633', '934', '248', '906', '706', '702', '703', '270', '956', '996', '399', '824', '268', '704', '52']
['427', '922', '252', '317', '611', '133', '549', '772']
