['34', '333', '38', '29', '224', '37', '32', '594', '35', '943', '25', '21', '26', '31', '36', '33', '22', '24', '20', '39', '23', '30']
['799', '786', '794', '782', '308', '792', '181', '790', '19', '798', '785', '780', '787', '793', '789', '783', '788', '781', '791', '971', '784', '741']
['969', '936', '194', '592', '266', '321', '462', '941', '209', '127', '327', '12', '970', '177', '404', '960', '289', '968', '216']
['689', '3', '55', '0', '9', '322', '119', '1', '167', '4', '166', '247', '559', '5', '2', '955', '303', '162', '118', '217', '123']
['70', '748', '402', '11', '502', '734', '186', '138', '403', '401', '838', '178', '542', '512', '469', '920', '884', '161', '400']
['753', '49', '44', '696', '556', '699', '255', '517', '16', '698', '254', '776', '695', '972', '17', '40', '272', '680', '697']
['562', '890', '938', '426', '751', '579', '967', '939', '590', '839', '823', '561', '283', '424']
['712', '717', '581', '707', '882', '705', '715', '713', '710', '714', '775', '711', '719', '708', '706', '702', '703', '700', '718', '716', '701', '709']
['182', '128', '207', '433', '310', '282', '280', '765', '311', '464', '829', '171', '300', '309', '281', '287', '299']
['648', '654', '657', '68', '646', '135', '649', '653', '651', '644', '656', '647', '655', '641', '650', '659', '645', '640', '658', '643', '642', '652']
['337', '962', '407', '320', '338', '174', '686', '416', '754', '165', '779', '585', '824', '828', '336', '821', '195']
['807', '120', '817', '805', '729', '808', '811', '813', '819', '806', '812', '515', '830', '818', '557', '804', '800', '809', '267', '768', '801', '810']
['864', '103', '860', '878', '978', '862', '866', '79', '112', '868', '879', '100', '503', '877', '863', '861', '865', '875', '516', '876', '867', '298']
['203', '331', '977', '204', '329', '200', '595', '425', '199', '949', '202', '231']
['64', '940', '946', '519', '134', '180', '318', '831', '164', '947', '313', '948', '506', '244', '945', '508']
['110', '427', '925', '733', '721', '472', '722', '122', '471', '133', '473', '260', '460', '218', '470', '889']
['258', '192', '60', '210', '215', '405', '288', '125', '411', '328', '257', '731', '259', '189', '924', '959', '954', '188', '881', '241', '240']
['814', '926', '965', '724', '465', '957', '67', '63', '837', '816', '815', '277', '961', '684', '742']
['490', '496', '482', '486', '498', '489', '480', '493', '488', '492', '497', '491', '495', '485', '461', '591', '483', '487', '484', '481', '494', '499']
['951', '897', '213', '896', '887', '245', '880', '725', '315', '598', '739', '511', '225', '286', '898', '899']
['767', '436', '307', '250', '294', '214', '761', '10', '314', '219', '65', '305', '953', '438', '201', '437', '420', '822', '439']
['665', '662', '661', '667', '111', '666', '664', '678', '671', '670', '673', '674', '690', '669', '676', '677', '675', '672', '660', '679', '663', '668']
['999', '985', '989', '998', '237', '980', '997', '981', '105', '987', '983', '988', '984', '982', '991', '994', '990', '996', '995', '986', '993', '992']
['345', '354', '352', '344', '342', '346', '348', '163', '349', '358', '347', '340', '351', '359', '355', '353', '341', '350', '330', '357', '356', '343']
['179', '638', '631', '634', '630', '622', '623', '627', '637', '628', '621', '632', '633', '626', '636', '635', '624', '629', '620', '639', '625', '593']
['604', '608', '601', '605', '600', '619', '617', '616', '603', '606', '610', '615', '747', '612', '611', '618', '596', '613', '609', '602', '607', '614']
['766', '683', '413', '295', '723', '28', '832', '58', '312', '927', '169', '27', '755', '101', '206']
['121', '428', '933', '61', '222', '124', '278', '8', '979', '431', '106', '69', '429', '430', '316', '432', '976', '285']
['750', '292', '293', '304', '942', '253', '291', '249', '466', '544', '42', '72', '414', '290']
['360', '107', '369', '975', '379', '375', '334', '366', '368', '505', '370', '376', '364', '365', '372', '377', '274', '367', '371', '374', '378', '373']
['380', '383', '398', '387', '43', '395', '57', '393', '386', '396', '51', '384', '752', '727', '382', '394', '836', '381', '397', '749', '385', '399']
['682', '131', '922', '685', '950', '687', '762', '543', '71', '681', '726', '774', '46', '730']
['234', '233', '230', '550', '599', '756', '220', '921', '232', '738', '74', '235']
['757', '389', '391', '728', '582', '558', '130', '102', '419', '62', '834', '284', '392', '388', '276', '270', '956', '390', '743', '335', '415', '126']
['94', '91', '98', '93', '82', '251', '81', '92', '271', '89', '96', '86', '99', '95', '84', '83', '87', '85', '90', '80', '97', '88']
['422', '325', '778', '246', '944', '797', '117', '796', '745', '759', '332', '193', '963', '764', '6', '795']
['537', '937', '533', '523', '528', '538', '409', '526', '536', '520', '534', '539', '522', '527', '532', '524', '530', '525', '521', '531', '529', '535']
['14', '475', '886', '758', '923', '934', '474', '248', '477', '243', '256', '423', '476', '478']
['445', '446', '457', '453', '452', '459', '448', '732', '454', '444', '447', '441', '451', '442', '935', '440', '443', '455', '456', '450', '449', '458']
['571', '577', '570', '541', '41', '574', '566', '560', '275', '563', '567', '572', '589', '467', '576', '564', '568', '573', '565', '575', '578', '569']
['694', '242', '691', '554', '553', '693', '262', '47', '324', '66', '952', '15', '54', '692', '928']
['917', '911', '903', '915', '905', '909', '48', '912', '904', '913', '914', '910', '916', '900', '902', '176', '906', '908', '187', '907', '500', '545']
['773', '737', '317', '408', '744', '760', '108', '173', '770', '211', '417', '888', '13', '301', '769', '172', '772', '771', '113', '339', '191', '510']
['859', '853', '856', '849', '870', '854', '858', '843', '846', '871', '855', '852', '857', '869', '840', '845', '844', '850', '842', '847', '841', '848']
['547', '555', '833', '540', '820', '735', '932', '77', '513', '212', '132', '720', '587', '548', '588', '546', '549', '302']
['264', '221', '59', '803', '802', '323', '279', '326', '509', '501', '964', '306', '827', '930', '826', '73']
['104', '160', '362', '261', '688', '196', '363', '208', '361', '551', '891', '263', '116']
['463', '252', '763', '197', '974', '76', '958', '586', '835', '7', '874', '872', '236', '175', '468', '873', '929', '851', '597', '184', '114', '53']
['153', '145', '152', '142', '148', '154', '147', '155', '140', '149', '273', '156', '146', '150', '141', '159', '158', '151', '143', '157', '144', '170']
['168', '777', '973', '50', '894', '78', '825', '893', '883', '421', '137', '518', '740', '895', '52', '892']
['109', '918', '901', '223', '183', '552', '296', '319', '75', '435', '514', '746', '885', '919', '238']
['418', '227', '406', '56', '190', '139', '269', '228', '198', '229', '434', '584', '226', '410', '583', '966', '185']
['412', '18', '931', '265', '504', '115', '129', '136', '268', '45', '239', '507', '205', '297', '704', '479', '736', '580']
