['463', '601', '548', '619', '623', '513', '637', '512', '505', '664', '633', '495', '503', '611', '591', '636', '522', '527', '532', '455', '484', '643', '668', '478', '499', '537', '631', '595', '582', '860', '590', '634', '459', '667', '546', '630', '502', '617', '466', '567', '461', '462', '626', '589', '467', '650', '598', '483', '479', '524', '450', '556', '500', '607', '663', '652', '648', '608', '523', '448', '454', '541', '472', '627', '550', '599', '501', '649', '536', '517', '653', '451', '647', '504', '474', '551', '641', '613', '487', '597', '592', '639', '640', '490', '486', '662', '453', '605', '477', '661', '600', '577', '519', '475', '491', '509', '618', '659', '476', '542', '609', '547', '602', '568', '518', '531', '566', '534', '494', '535']
['380', '282', '333', '235', '348', '280', '251', '421', '284', '425', '441', '411', '397', '378', '289', '267', '357', '437', '239', '423', '389', '338', '279', '360', '233', '324', '311', '420', '237', '246', '368', '417', '306', '429', '287', '283', '329', '351', '227', '323', '234', '426', '416', '377', '244', '341', '297', '428', '254', '264', '265', '1', '228', '229', '415', '298', '413', '252', '226', '241', '400', '334', '375', '312', '393', '384', '422', '340', '325', '436', '322', '266', '230', '249', '274', '245', '440', '302', '385', '307', '304', '270', '317', '326', '431', '344', '404', '281', '369', '231', '412', '407', '419', '293', '310', '328', '301', '382', '376', '331', '442', '295', '365', '247', '40', '232', '443', '272', '350', '288', '362', '401']
['859', '773', '728', '854', '843', '759', '678', '879', '855', '789', '783', '877', '804', '788', '791', '746', '706', '683', '765', '813', '885', '750', '737', '693', '712', '770', '756', '819', '823', '785', '833', '857', '775', '699', '880', '507', '809', '674', '726', '676', '700', '688', '701', '853', '849', '864', '760', '828', '782', '707', '886', '691', '729', '808', '792', '838', '806', '872', '830', '814', '803', '686', '698', '827', '719', '677', '675', '743', '680', '736', '757', '733', '887', '744', '745', '837', '717', '689', '682', '734', '811', '796', '731', '747', '888', '816', '740', '705', '774', '793', '713', '724', '820', '836', '800', '711', '829', '738', '749', '772', '708', '865', '845', '802', '844', '718', '768', '847', '841', '753', '730']
['715']
['842']
['723']
['215', '68', '197', '125', '106', '110', '64', '135', '41', '112', '166', '89', '19', '15', '100', '175', '180', '86', '45', '201', '101', '116', '104', '204', '139', '24', '167', '90', '80', '161', '179', '213', '122', '98', '162', '206', '111', '182', '109', '7', '181', '62', '189', '81', '105', '14', '200', '174', '222', '141', '169', '59', '95', '25', '31', '185', '83', '8', '42', '208', '53', '158', '6', '10', '120', '75', '152', '205', '207', '46', '102', '163', '211', '72', '37', '99', '184', '160', '78', '191', '20', '88', '218', '203', '153', '3', '60', '65', '28', '91', '145', '108', '173', '123', '154', '147', '82', '12', '96', '217', '372', '35', '16', '171', '26', '113', '210', '119', '33', '127', '85', '4', '177', '17', '170']
['625']
['11']
['456']
['276']
['655']
['695']
['387']
['408']
['319']
['795']
['807']
['720']
['359']
['817']
['565']
['606']
['364']
['514']
['435']
['666']
['381']
['352']
['349']
['103']
['776']
['449']
['560']
['347']
['469']
['622']
['862']
['574']
['571']
['825']
['584']
['848']
['256']
['36']
['588']
['21']
['223']
['596']
['371']
['516']
['47']
['150']
['157']
['354']
['585']
['38']
['388']
['373']
['236']
['703']
['374']
['812']
['579']
['635']
['702']
['55']
['253']
['882']
['741']
['49']
['315']
['510']
['76']
['480']
['216']
['129']
['151']
['866']
['569']
['117']
['673']
['146']
['834']
['654']
['144']
['165']
['578']
['658']
['32']
['183']
['263']
['604']
['128']
['225']
['305']
['240']
['353']
['545']
['815']
['114']
['194']
['594']
['51']
['332']
['521']
['27']
['748']
['493']
['430']
['496']
['424']
['721']
['405']
['358']
['549']
['769']
['850']
['168']
['61']
['107']
['257']
['335']
['126']
['346']
['44']
['196']
['628']
['883']
['764']
['356']
['603']
['670']
['576']
['142']
['539']
['258']
['414']
['406']
['367']
['43']
['614']
['92']
['810']
['593']
['313']
['572']
['70']
['159']
['587']
['573']
['660']
['580']
['427']
['199']
['481']
['646']
['704']
['525']
['651']
['831']
['138']
['786']
['342']
['219']
['758']
['464']
['115']
['294']
['148']
['543']
['884']
['130']
['69']
['732']
['526']
['801']
['193']
['621']
['692']
['363']
['439']
['143']
['762']
['632']
['192']
['318']
['583']
['485']
['18']
['824']
['124']
['871']
['763']
['445']
['696']
['739']
['779']
['58']
['84']
['767']
['488']
['555']
['52']
['402']
['438']
['561']
['403']
['260']
['839']
['316']
['716']
['355']
['497']
['238']
['875']
['131']
['629']
['275']
['766']
['278']
['873']
['570']
['262']
['220']
['780']
['861']
['529']
['63']
['656']
['856']
['395']
['339']
['697']
['290']
['787']
['433']
['386']
['581']
['868']
['336']
['725']
['511']
['242']
['889']
['559']
['277']
['30']
['396']
['690']
['471']
['554']
['778']
['684']
['742']
['186']
['50']
['557']
['751']
['754']
['863']
['410']
['669']
['840']
['390']
['66']
['458']
['93']
['248']
['520']
['799']
['321']
['530']
['473']
['73']
['562']
['255']
['77']
['858']
['870']
['710']
['771']
['209']
['616']
['638']
['878']
['575']
['140']
['330']
['188']
['370']
['498']
['492']
['468']
['874']
['876']
['835']
['172']
['164']
['446']
['134']
['685']
['761']
['198']
['452']
['460']
['794']
['447']
['320']
['9']
['418']
['383']
['224']
['314']
['409']
['212']
['694']
['121']
['391']
['271']
['755']
['852']
['308']
['432']
['292']
['261']
['846']
['612']
['867']
['285']
['67']
['881']
['777']
['822']
['515']
['457']
['269']
['826']
['781']
['29']
['869']
['392']
['470']
['564']
['398']
['709']
['94']
['300']
['624']
['361']
['2']
['798']
['851']
['544']
['132']
['296']
['202']
['506']
['243']
['299']
['722']
['136']
['671']
['644']
['645']
['259']
['735']
['752']
['71']
['309']
['74']
['34']
['286']
['23']
['97']
['221']
['465']
['87']
['366']
['214']
['156']
['268']
['821']
['291']
['615']
['178']
['790']
['552']
['137']
['118']
['250']
['187']
['586']
['434']
['48']
['22']
['176']
['56']
['379']
['190']
['610']
['714']
['13']
['57']
['620']
['327']
['538']
['343']
['832']
['679']
['784']
['642']
['155']
['508']
['482']
['5']
['399']
['528']
['337']
['303']
['39']
['444']
['672']
['727']
['797']
['665']
['558']
['681']
['133']
['195']
['687']
['394']
['149']
['54']
['273']
['540']
['805']
['553']
['345']
['533']
['657']
['818']
['489']
['563']
['79']
['890']
