['128', '931', '604', '683', '318', '474', '781', '970', '443', '963', '630', '477', '522']
['329', '427', '721', '110', '539', '321', '789', '406', '887', '336', '176', '481', '790']
['304', '444', '845', '537', '109', '890', '282', '907', '367', '232', '663', '303', '373']
['622', '835', '291', '783', '582', '964', '828', '327', '873', '144', '825', '498', '385']
['34', '842', '249', '796', '311', '747', '260', '459', '740', '205', '347', '785', '382']
['44', '200', '192', '428', '58', '941', '548', '5', '505', '738', '798', '369', '330']
['851', '936', '194', '918', '626', '880', '924', '88', '131', '872', '885', '19', '185']
['146', '627', '83', '666', '280', '112', '860', '16', '511', '273', '577', '676', '715']
['179', '307', '750', '766', '383', '917', '214', '87', '239', '12', '661', '289', '795']
['380', '516', '204', '60', '295', '938', '808', '8', '603', '521', '384', '678', '992']
['412', '977', '119', '734', '745', '500', '201', '939', '177', '395', '826', '805', '161']
['264', '682', '914', '180', '482', '117', '274', '552', '15', '667', '275', '515', '285']
['524', '490', '519', '632', '853', '637', '716', '416', '39', '566', '546', '642', '652']
['910', '253', '394', '183', '672', '947', '776', '695', '74', '510', '439', '680', '487']
['370', '211', '857', '631', '133', '927', '20', '725', '259', '458', '315', '301', '374']
['445', '463', '852', '723', '957', '174', '900', '579', '145', '587', '987', '455', '580']
['84', '886', '407', '94', '784', '252', '140', '191', '903', '563', '549', '302', '753']
['973', '163', '466', '208', '701', '839', '574', '590', '749', '809', '387', '684', '73']
['489', '334', '675', '909', '449', '381', '746', '507', '440', '685', '813', '170', '981']
['925', '237', '485', '944', '45', '888', '658', '518', '437', '243', '297', '542', '535']
['114', '778', '49', '884', '820', '671', '735', '869', '952', '558', '71', '32', '499']
['694', '689', '270', '186', '754', '365', '665', '616', '278', '645', '815', '764', '586']
['325', '803', '729', '554', '779', '503', '372', '7', '743', '673', '271', '656', '142']
['250', '969', '56', '611', '934', '354', '421', '504', '711', '948', '823', '335', '862']
['940', '78', '712', '262', '115', '882', '51', '584', '101', '432', '794', '575', '240']
['780', '402', '491', '322', '188', '870', '403', '717', '284', '644', '559', '470', '217']
['609', '182', '647', '999', '946', '693', '718', '212', '996', '251', '506', '256', '892']
['231', '492', '540', '338', '922', '266', '68', '921', '341', '681', '207', '878', '288']
['419', '488', '150', '267', '557', '438', '136', '484', '493', '286', '300', '241', '451']
['292', '908', '624', '623', '450', '426', '877', '660', '35', '453', '636', '635', '95']
['865', '982', '26', '710', '447', '871', '585', '979', '480', '272', '726', '906', '736']
['547', '748', '9', '530', '209', '181', '804', '257', '173', '218', '392', '111', '31']
['555', '446', '154', '688', '139', '42', '196', '390', '528', '589', '770', '356', '889']
['541', '36', '187', '901', '556', '501', '864', '788', '614', '531', '276', '107', '424']
['376', '14', '104', '227', '856', '310', '279', '844', '797', '360', '744', '854', '961']
['148', '379', '57', '633', '175', '465', '328', '425', '361', '967', '27', '263', '772']
['965', '468', '462', '599', '268', '847', '679', '762', '396', '434', '349', '532', '343']
['496', '404', '415', '472', '629', '893', '67', '974', '339', '81', '2', '255', '423']
['562', '418', '894', '86', '65', '91', '836', '97', '244', '106', '479', '899', '913']
['413', '951', '737', '932', '849', '618', '816', '801', '945', '669', '238', '593', '706']
['184', '929', '757', '454', '818', '846', '850', '916', '6', '72', '132', '755', '298']
['875', '375', '802', '592', '120', '550', '245', '824', '398', '739', '674', '96', '708']
['203', '933', '831', '41', '363', '137', '817', '228', '40', '588', '448', '429', '690']
['830', '393', '401', '99', '247', '731', '596', '659', '643', '342', '17', '960', '290']
['475', '147', '246', '760', '143', '435', '452', '431', '904', '806', '287', '283', '621']
['502', '771', '881', '733', '942', '568', '792', '296', '752', '159', '704', '727', '308']
['526', '337', '389', '985', '326', '980', '610', '653', '344', '38', '433', '476', '978']
['345', '156', '386', '719', '171', '169', '332', '874', '23', '98', '316', '299', '371']
['348', '988', '457', '572', '691', '608', '956', '22', '312', '935', '512', '130', '692']
['364', '122', '953', '281', '357', '37', '48', '469', '646', '895', '226', '21', '118']
['52', '3', '366', '495', '461', '222', '76', '417', '420', '898', '46', '478', '102']
['436', '160', '155', '866', '317', '517', '639', '525', '641', '954', '216', '527', '409']
['340', '915', '138', '24', '863', '129', '959', '248', '613', '958', '59', '920', '202']
['648', '261', '833', '224', '353', '63', '166', '198', '53', '152', '514', '997', '976']
['331', '113', '242', '761', '696', '124', '28', '85', '471', '800', '352', '565', '235']
['814', '724', '497', '172', '77', '832', '756', '581', '13', '441', '225', '378', '855']
['707', '989', '937', '213', '265', '728', '219', '414', '625', '430', '54', '966', '400']
['840', '991', '359', '82', '620', '368', '199', '576', '827', '346', '410', '742', '730']
['657', '640', '135', '896', '66', '649', '606', '605', '607', '313', '319', '309', '561']
['93', '320', '601', '553', '79', '509', '4', '399', '651', '560', '984', '229', '928']
['70', '962', '358', '165', '883', '544', '986', '950', '759', '89', '810', '822', '569']
['221', '655', '751', '923', '314', '408', '377', '103', '80', '467', '92', '943', '697']
['422', '116', '617', '64', '323', '990', '662', '829', '69', '571', '545', '583', '879']
['638', '773', '391', '29', '533', '714', '722', '765', '595', '834', '670', '812', '190']
['619', '355', '520', '230', '167', '333', '598', '141', '397', '858', '460', '578', '983']
['971', '442', '121', '703', '197', '775', '1', '551', '698', '972', '919', '105', '126']
['597', '793', '807', '843', '61', '164', '508', '189', '720', '687', '543', '306', '968']
['732', '18', '567', '859', '405', '513', '127', '486', '811', '388', '591', '821', '677']
['100', '210', '897', '709', '464', '573', '768', '628', '43', '868', '195', '206', '861']
['767', '713', '55', '769', '215', '995', '615', '220', '157', '277', '538', '705', '867']
['168', '602', '786', '763', '536', '837', '108', '993', '634', '819', '483', '30']
['787', '294', '134', '0', '223', '699', '269', '90', '75', '178', '774']
['11', '612', '926', '125', '523', '324', '741', '236', '975', '123']
['799', '153', '293', '362', '33', '233', '234', '686', '47', '955', '254']
['594', '702', '758']
['350', '25', '411', '494', '10']
['473', '838', '564', '50', '700']
['664', '654', '529']
['351', '841']
['912', '158', '668', '905']
['193', '149']
['151', '782', '570']
['911']
['258']
['876']
['534']
['994']
['650', '791']
['600']
['949']
['62']
['998']
['162']
['848']
['305']
['777']
['891']
['930']
['902']
['456']
