['Simon', 'Cindy', 'Bart', 'Shane', 'Odis', 'Alison', 'Marcellus', 'Freddy', 'Curt', 'Ollie', 'Harrison', 'Dane', 'Jamar', 'Clifford', 'Herminia', 'Mike', 'Roberta', 'Briana', 'Donnie', 'Sol']
['Candice', 'Jerrell', 'Geoffrey', 'Boyd', 'Muriel', 'Kari', 'Emma', 'Oren', 'Kendra', 'Curtis', 'Tiffany', 'Roxie', 'Mohamed', 'Rosanna', 'Bridget', 'Freeman', 'Ray', 'Garland', 'Terri', 'Luis']
['Mario', 'Leif', 'Reuben', 'Dustin', 'Evelyn', 'Pedro', 'Faustino', 'Josie', 'Karl', 'Corey', 'Collin', 'Bridgett', 'Ginger', 'Katharine', 'Alberta', 'Chang', 'Letitia', 'Alexander', 'Albert', 'Kayla']
['Monique', 'Doris', 'Raymond', 'Von', 'Meredith', 'Riley', 'Rosario', 'Sonia', 'Thomas', 'Claire', 'Heidi', 'Isaiah', 'Ladonna', 'Leanna', 'Scottie', 'Luther', 'Terrance', 'Wilford', 'Keisha', 'Dario']
['Conrad', 'Arlen', 'Ezra', 'Dudley', 'Chung', 'Deborah', 'Kelsey', 'Lino', 'Orlando', 'Cornelius', 'Rod', 'Andy', 'Preston', 'Fidel', 'Lenny', 'Rosetta', 'Neil', 'Grover', 'Stuart', 'Rory']
['Trinidad', 'Tara', 'Lawerence', 'Ernestine', 'Cara', 'Mai', 'Shelia', 'Matilda', 'Leonel', 'Candy', 'Sophie', 'Randi', 'Elise', 'Sherri', 'Sasha', 'Eddy', 'Lelia', 'Dorothy', 'Emilia', 'Selena']
['Christopher', 'Gregory', 'Sheena', 'Roy', 'Avery', 'Hilario', 'Darwin', 'Karen', 'Pansy', 'Jules', 'Sheri', 'Alvaro', 'Kristy', 'Mavis', 'Holly', 'Eugene', 'Robby', 'Caroline', 'Sharlene', 'Bert']
['Monroe', 'Trenton', 'Mandy', 'Lynnette', 'Benjamin', 'Jeff', 'Isabel', 'Raquel', 'Stacey', 'Lenard', 'Enrique', 'Frank', 'Rogelio', 'Phoebe', 'Sondra', 'Earline', 'Sammie', 'Imelda', 'Rhett', 'Lauren']
['Angel', 'Elmer', 'Lessie', 'Stanley', 'Irvin', 'Jarrett', 'Derick', 'Arnold', 'Marvin', 'Gabriel', 'Johnathan', 'Carmella', 'Arden', 'Kathryn', 'Simone', 'Stephen', 'Leann', 'Jannie', 'Jaclyn', 'Ofelia']
['Rudy', 'Otis', 'Tyrone', 'Guy', 'Ned', 'Palmer', 'Jarod', 'Sean', 'Adeline', 'Ahmed', 'Myra', 'Mara', 'Mac', 'Cordell', 'Marianne', 'Diane', 'Arthur', 'Tricia', 'Meagan', 'Hipolito']
['Carlo', 'Deana', 'Meghan', 'Ronda', 'Eloy', 'Tisha', 'Johanna', 'Carrie', 'Geneva', 'Tim', 'Son', 'Mathew', 'Alta', 'Annmarie', 'Wendi', 'Rex', 'Marty', 'Keven', 'Dominique', 'Louella']
['Ann', 'Colleen', 'Blaine', 'Thad', 'Ward', 'Michelle', 'Krista', 'Anibal', 'Milagros', 'Barrett', 'Thurman', 'Louis', 'Richie', 'Wiley', 'Lonnie', 'Neva', 'Deanna', 'Noe', 'Rufus', 'Nick']
['Brian', 'Ella', 'Sherrie', 'Ethan', 'Zack', 'Carla', 'Del', 'Vera', 'Genaro', 'Kent', 'Lesley', 'Scotty', 'Madge', 'Alfonzo', 'Amado', 'Miranda', 'Edgardo', 'Nola', 'Titus', 'Santos']
['Leah', 'Moses', 'Seymour', 'Fermin', 'Efren', 'Terrence', 'Arlene', 'Jeanie', 'Nell', 'Diann', 'Paris', 'Hubert', 'Jason', 'Winford', 'Mindy', 'Jerry', 'Virginia', 'Elijah', 'Issac', 'Chong']
['Manuel', 'Romeo', 'Waylon', 'Donny', 'Alonso', 'Numbers', 'Yvette', 'Ernesto', 'Silvia', 'Fredrick', 'Jenifer', 'Carter', 'Mose', 'Brenton', 'Ramona', 'Jeannie', 'Lacy', 'Matthew', 'Bridgette', 'Wilfredo']
['Nadine', 'Mohammad', 'Carly', 'Helene', 'Hannah', 'Audrey', 'Alana', 'Bo', 'Julie', 'Neal', 'Althea', 'Miquel', 'Bobbie', 'Prince', 'Brooks', 'Carmelo', 'Ronny', 'Brent', 'Bud', 'Rosie']
['Chi', 'Cathy', 'Tabatha', 'Lucio', 'Oliver', 'Hope', 'Kirk', 'Clint', 'Tommy', 'Tom', 'Allie', 'Kermit', 'Diana', 'Hosea', 'Marcel', 'Rosa', 'Lina', 'Rosalie', 'Consuelo', 'Mari']
['Edmundo', 'Rob', 'Alden', 'Jacqueline', 'Lavern', 'Leon', 'Gavin', 'Bertha', 'Juan', 'Britt', 'Jane', 'Maxine', 'Penny', 'Wendell', 'Tanisha', 'Beau', 'Florencio', 'Janette', 'Shayne', 'Clay']
['Claudette', 'Lucille', 'Polly', 'Victor', 'Sofia', 'Willis', 'Ramon', 'Allan', 'Sybil', 'Wm', 'Hayden', 'Blair', 'Dion', 'Dominick', 'Bertie', 'Carmen', 'Terrell', 'Tonia', 'Adela', 'Jody']
['Ila', 'Eileen', 'Porfirio', 'Billy', 'Paula', 'Elias', 'Chris', 'Lyle', 'Cheryl', 'Dorthy', 'Patricia', 'Doug', 'Dora', 'Omer', 'Jesus', 'Caleb', 'Galen', 'Jacklyn', 'Buster', 'Giuseppe']
['Robyn', 'Josefina', 'Ty', 'Marjorie', 'Justin', 'Isiah', 'Luz', 'Addie', 'Damian', 'Jillian', 'Fernando', 'Antwan', 'Sebastian', 'Tyree', 'Russel', 'Walker', 'Cathryn', 'Lakeisha', 'Charles', 'Truman']
['Noble', 'Augustine', 'Arlie', 'Eli', 'Graciela', 'Stevie', 'Evangelina', 'Brandi', 'Bernadine', 'Susanne', 'Rosella', 'Jefferey', 'Araceli', 'Leona', 'Georgina', 'Mckinley', 'Werner', 'Dawn', 'Rosalinda', 'Felton']
['Ed', 'Julia', 'Dianne', 'Minerva', 'Damon', 'Britney', 'Malcom', 'Roslyn', 'Susana', 'Toni', 'Terrie', 'Kristofer', 'Chasity', 'Kennith', 'Cameron', 'Hai', 'Danilo', 'Marquita', 'Josiah', 'Erasmo']
['Matt', 'Horace', 'Tina', 'Brad', 'Therese', 'Opal', 'William', 'Russell', 'Janis', 'Jared', 'Madeline', 'Randy', 'Mauro', 'Sally', 'Johnnie', 'Bryan', 'Vanessa', 'Aisha', 'Aimee', 'Ernest']
['Ellsworth', 'Anastasia', 'Gustavo', 'Dong', 'Reva', 'Olga', 'Rey', 'Reginald', 'Bryce', 'Molly', 'Sheryl', 'Rhoda', 'Willard', 'Natasha', 'Stefan', 'Joel', 'Angelita', 'Dusty', 'Juanita', 'Marylou']
['Dan', 'Lena', 'Toney', 'Kim', 'Lily', 'Emmett', 'Maryann', 'Joanna', 'Salvador', 'Edgar', 'George', 'Williams', 'Melva', 'Aubrey', 'Lourdes', 'Gilbert', 'Sandy', 'Sadie', 'Jacquelyn', 'Ashley']
['Lucas', 'Sergio', 'Janet', 'Guadalupe', 'Phil', 'Ida', 'Keneth', 'Calvin', 'Dixie', 'Christina', 'Leila', 'Patty', 'Omar', 'Mack', 'Tami', 'Colby', 'Emile', 'Mollie', 'Kelly', 'Brenda']
['Garret', 'Maude', 'Jamel', 'Odell', 'Roxanne', 'Hillary', 'Darrel', 'Winfred', 'Jaime', 'Nanette', 'Randell', 'Theresa', 'Lester', 'Norma', 'Garrett', 'Alexis', 'Ada', 'Doreen', 'Jayson', 'Franklyn']
['Jacinto', 'Charmaine', 'Lemuel', 'Jeanine', 'Mable', 'Kirsten', 'Katherine', 'Ilene', 'Joan', 'Timothy', 'Mattie', 'Lawanda', 'Rueben', 'Lenore', 'Mildred', 'Roger', 'Jorge', 'Kristie', 'Ricardo', 'Denis']
['Franklin', 'Charlotte', 'Jim', 'Eldon', 'Basil', 'Alyssa', 'Lucinda', 'Alec', 'Oscar', 'Ines', 'Ben', 'Pablo', 'Wilton', 'Earle', 'Antonia', 'Florentino', 'Clemente', 'Cleveland', 'Timmy', 'Adele']
['Duane', 'Valentine', 'Filiberto', 'Julian', 'Toby', 'Quincy', 'Owen', 'Lynwood', 'Marion', 'Daisy', 'Derek', 'Frances', 'Maura', 'Myron', 'Cecelia', 'Elisa', 'Marco', 'Abby', 'Rebekah', 'Armand']
['Maryellen', 'Kristine', 'Joy', 'Deloris', 'Roosevelt', 'King', 'Mikel', 'Gladys', 'Francesca', 'Andrea', 'Tyson', 'Rita', 'Florine', 'Freda', 'Herb', 'Sonny', 'Zachariah', 'Merrill', 'Charlie', 'Carlton']
['Houston', 'Nadia', 'Rachelle', 'Keenan', 'Jenny', 'Ferdinand', 'Wilbur', 'Reinaldo', 'Earlene', 'Carmine', 'Rich', 'Allyson', 'Valerie', 'Ricky', 'Herschel', 'Lane', 'Delores', 'Frederic', 'Delia', 'Nona']
['Amanda', 'Jerrold', 'Emilio', 'Josephine', 'Harlan', 'Tuan', 'Theodore', 'Tanner', 'Julius', 'Ignacio', 'Napoleon', 'Alton', 'Jerald', 'Rachael', 'Faye', 'Selma', 'Fran', 'Kitty', 'Mark', 'Marquis']
['Lolita', 'Shannon', 'Dale', 'Jan', 'Norris', 'Misty', 'Latasha', 'Austin', 'Joesph', 'Robbie', 'Keith', 'Minh', 'Jewell', 'Gaston', 'Elwood', 'Kieth', 'Geraldo', 'Ruthie', 'Eugenio', 'Josue']
['Ivy', 'Leonard', 'Bradly', 'Katelyn', 'Don', 'Lamont', 'Kerry', 'Tod', 'Hester', 'Iris', 'Herbert', 'Murray', 'Jonathan', 'Brain', 'Summer', 'Jake', 'Quentin', 'Dwight', 'Desmond', 'Nora']
['Rene', 'Adolph', 'Howard', 'Kathie', 'Eliza', 'Lora', 'Kay', 'Isabelle', 'Adriana', 'Marilyn', 'Gracie', 'Archie', 'Mason', 'Adrienne', 'Tanya', 'Phyllis', 'Nannie', 'Carlene', 'Fletcher', 'Valentin']
['Demarcus', 'Trina', 'Annie', 'Michele', 'Sharron', 'Katrina', 'Agustin', 'Daniel', 'Leandro', 'Barry', 'Jack', 'Elsa', 'Teresa', 'Marie', 'Cecilia', 'Elva', 'Adalberto', 'Antony', 'Donovan', 'Seth']
['Lidia', 'Wally', 'Pauline', 'Clarence', 'Jerrod', 'Bonnie', 'Noelle', 'Lindsey', 'Edwardo', 'Cassie', 'Ulysses', 'Twila', 'Harland', 'Melissa', 'Karina', 'Rashad', 'Claudine', 'Melinda', 'Tracie', 'Andres']
['Susie', 'Stella', 'Annabelle', 'Mallory', 'Lawrence', 'Fritz', 'Melanie', 'Elisabeth', 'Mauricio', 'Bernie', 'Cassandra', 'Lucia', 'Burton', 'Brittany', 'Demetrius', 'Millard', 'Santo', 'Jon', 'Samuel', 'Hung']
