['380', '60', '360', '120', '760', '860', '477', '514', '420', '600', '960', '508', '400', '502', '519', '540', '980', '501', '140', '517', '280', '480', '512', '560', '740', '300', '505', '920', '520', '515', '976', '240', '780', '340', '100', '200', '180', '0', '320', '820', '503', '509', '900', '800', '880', '40', '979', '507', '440', '840', '160', '940', '516', '700', '660', '220', '620', '500', '720', '518', '511', '506', '20', '460', '260', '640', '510', '680', '848']
['34', '36', '31', '475', '29', '33', '22', '28', '24', '35', '37', '39', '816', '38', '27', '23', '25', '21', '32', '30']
['179', '282', '482', '173', '162', '622', '163', '627', '808', '166', '178', '621', '168', '567', '175', '172', '174', '164', '176', '169', '171', '289', '165', '167', '464', '177', '170', '161']
['345', '354', '352', '344', '342', '346', '348', '349', '358', '347', '351', '359', '355', '491', '353', '341', '350', '918', '842', '357', '639', '565', '356', '298', '343']
['252', '854', '255', '241', '470', '242', '246', '253', '251', '731', '243', '972', '258', '442', '910', '461', '295', '249', '245', '257', '247', '248', '635', '244', '726', '254', '250', '259', '256', '578', '158', '499']
['767', '773', '763', '779', '776', '770', '766', '778', '761', '774', '769', '775', '762', '764', '772', '771', '907', '768', '765', '847', '739', '575', '777']
['203', '215', '213', '212', '205', '207', '206', '211', '451', '217', '214', '365', '219', '902', '201', '202', '204', '210', '209', '208', '216', '218']
['457', '623', '513', '288', '722', '467', '299', '156']
['279', '728', '263', '966', '444', '262', '278', '269', '271', '277', '273', '261', '723', '266', '274', '272', '276', '374', '264', '270', '265', '268']
['134', '125', '122', '133', '129', '136', '452', '453', '130', '123', '454', '135', '131', '138', '124', '137', '132', '128', '121', '127', '139', '561', '126']
['371', '154', '378', '846', '275']
['490', '733', '484', '149', '448', '813', '26']
['427', '431', '571', '148', '421', '425', '430', '434', '429', '439', '424', '422', '436', '914', '426', '916', '372', '438', '435', '428', '968', '285', '564', '437', '433', '423', '432']
['946', '958', '956', '942', '951', '957', '944', '941', '852', '953', '947', '367', '959', '948', '949', '955', '954', '952', '945', '950', '943']
['59', '50', '44', '57', '55', '49', '56', '58', '47', '42', '41', '48', '45', '466', '53', '46', '51', '43', '54', '52']
['647', '654', '648', '977', '566', '657', '655', '645', '649', '653', '651', '658', '650', '644', '641', '656', '646', '642', '652', '643', '659']
['115', '103', '577', '106', '107', '118', '111', '102', '489', '110', '109', '117', '105', '462', '101', '116', '104', '113', '114', '119', '469', '286']
['317', '974', '305', '311', '319', '309', '316', '308', '310', '312', '313', '306', '301', '376', '857', '314', '315', '302', '307', '318', '151', '303']
['665', '662', '661', '667', '969', '666', '735', '678', '664', '814', '633', '671', '670', '673', '674', '669', '676', '677', '802', '675', '672', '679', '625', '663', '961', '668']
['832', '837', '828', '965', '835', '834', '574', '839', '823', '825', '830', '488', '833', '803', '831', '836', '829', '827', '822', '824', '821', '826', '481', '494']
['552', '548', '559', '546', '558', '549', '555', '541', '366', '550', '544', '543', '562', '364', '554', '557', '551', '542', '547', '553', '291', '556']
['864', '870', '634', '878', '805', '862', '866', '363', '871', '874', '872', '868', '283', '879', '869', '877', '863', '873', '861', '865', '875', '876', '867', '736']
['999', '985', '989', '998', '905', '997', '981', '987', '983', '146', '988', '984', '809', '982', '994', '991', '845', '990', '850', '996', '995', '986', '992']
['712', '717', '630', '570', '707', '293', '361', '705', '812', '715', '713', '710', '714', '711', '719', '708', '706', '702', '703', '718', '716', '701', '704', '709']
['851', '304', '843', '150', '141', '810', '297']
['604', '601', '608', '605', '619', '617', '616', '603', '610', '615', '606', '909', '612', '611', '618', '613', '906', '609', '602', '362', '607', '614']
['886', '884', '894', '885', '897', '893', '890', '896', '883', '887', '898', '882', '888', '891', '881', '895', '899', '975', '892', '889']
['221', '856', '233', '226', '238', '978', '235', '231', '237', '223', '224', '579', '236', '227', '497', '230', '222', '232', '456', '228', '239', '229', '225']
['375', '492', '450', '145', '838', '487']
['970', '815', '234']
['9', '3', '10', '11', '7', '12', '13', '19', '15', '14', '632', '16', '5', '2', '18', '8', '901', '568', '1', '4', '17', '6']
['445', '936', '937', '924', '903', '930', '933', '369', '931', '922', '938', '923', '811', '921', '919', '926', '925', '932', '934', '626', '939', '935', '929', '927', '928']
['446', '595', '582', '581', '590', '586', '580', '599', '584', '583', '495', '594', '591', '589', '598', '588', '596', '443', '597', '624', '592', '585', '593', '730']
['267', '841', '819', '572', '471']
['757', '750', '748', '292', '758', '751', '754', '756', '744', '745', '759', '741', '747', '743', '964', '755', '752', '749', '746', '742', '753']
['94', '91', '98', '721', '93', '637', '82', '81', '92', '89', '96', '370', '86', '474', '99', '159', '95', '84', '908', '87', '85', '90', '80', '88', '97']
['818', '629', '631', '587', '157', '483']
['973', '967', '911', '545', '478', '855']
['799', '859', '786', '486', '794', '782', '792', '796', '493', '785', '790', '798', '793', '787', '485', '789', '783', '797', '788', '781', '576', '791', '784', '795']
['496', '962', '389', '383', '391', '807', '737', '398', '858', '387', '395', '393', '386', '396', '384', '392', '382', '394', '388', '381', '397', '385', '390', '399']
['108', '144', '287', '729', '447']
['379', '463', '112', '459', '801', '727']
['70', '153', '68', '65', '76', '75', '73', '64', '77', '79', '66', '62', '63', '72', '284', '74', '61', '377', '69', '71', '738', '476', '455', '78', '67', '458']
['147', '472', '504', '473', '368', '281', '913']
['402', '413', '406', '408', '403', '963', '404', '410', '409', '407', '412', '419', '294', '414', '417', '628', '904', '405', '468', '416', '411', '804', '479', '418', '401', '415']
['337', '338', '326', '324', '333', '336', '334', '321', '328', '327', '441', '331', '325', '329', '323', '322', '332', '330', '971', '339', '573', '335']
['155', '849', '993', '734']
['853', '194', '186', '183', '188', '196', '197', '142', '195', '182', '192', '189', '181', '198', '563', '636', '185', '184', '187', '191', '199', '193', '373', '190']
['915', '83', '817', '912', '449', '569']
['917', '537', '533', '523', '528', '725', '152', '538', '498', '732', '526', '536', '724', '539', '534', '522', '527', '532', '524', '530', '296', '525', '143', '521', '531', '529', '535']
['638', '693', '687', '697', '689', '682', '691', '695', '806', '694', '686', '699', '698', '685', '681', '690', '684', '290', '683', '465', '688', '696', '844', '692']
