['Paige', 'Lura', 'Jorie', 'Johna', 'Venita', 'Ranique', 'Martie', 'Yolanda', 'Cornie', 'Drusy', 'Katee', 'Larissa', 'Sibbie', 'Rosmunda', 'Ally', 'Phillie', 'Enrica', 'Allene', 'Elita', 'Grayce', 'Alyssa', 'Jessie', 'Hannie', 'Dolli', 'Haily', 'Gretel', 'Therine', 'Nataline', 'Brunhilde', 'Eleonora', 'Felita', 'Lauryn', 'Darrelle', 'Belva', 'Katina', 'Berni', 'Annice', 'Florance', 'Jacinthe', 'Rosie']
['Bee', 'Cherish', 'Raye', 'Wilow', 'Dore', 'Rivalee', 'Paulie', 'Bobbi', 'Nancey', 'Dacey', 'Sibella', 'Vere', 'Shena', 'Jenny', 'Evelina', 'Alikee', 'Vikky', 'Marian', 'Jori', 'Catha', 'Terza', 'Jenni', 'Sharlene', 'Imelda', 'Tiffani', 'Roobbie', 'Ranee', 'Gabi', 'Jyoti', 'Mallissa', 'Daria', 'Sally', 'Nessy', 'Loreen', 'Gerhardine', 'Willamina', 'Jacquenetta', 'Lorri', 'Trude', 'Illa']
['Maitilde', 'Meridith', 'Perl', 'Maia', 'Emily', 'Clem', 'Ermina', 'Dehlia', 'Aviva', 'Susann', 'Sibley', 'Kerrill', 'Andi', 'Karrah', 'Alexina', 'Coralie', 'Corliss', 'Melicent', 'Lilian', 'Pam', 'Aggie', 'Cristina', 'Karolina', 'Lelah', 'Wini', 'Blair', 'Gwennie', 'Christy', 'Aeriela', 'Aeriel', 'Kacy', 'Rochette', 'Nettie', 'Wileen', 'Bel', 'Rafaelia', 'Wendi', 'Mala', 'Kally', 'Laurianne']
['Bari', 'Ludovika', 'Hanni', 'Twila', 'Claresta', 'Philis', 'Viki', 'Pamella', 'Lusa', 'Tersina', 'Tildy', 'Neila', 'Belicia', 'Sheba', 'Margarete', 'Edi', 'Hedi', 'Gusta', 'Merla', 'Karin', 'Cristine', 'Shawnee', 'Clemence', 'Janna', 'Cherice', 'Valma', 'Ola', 'Kitti', 'Ralina', 'Lorelei', 'Madlin', 'Jeri', 'Lib', 'Lynne', 'Barbey', 'Isidora', 'Merilee', 'Lauralee', 'Glennie', 'Heidie']
['Kay', 'Maridel', 'Lilllie', 'Lydie', 'Valencia', 'Bea', 'Pauline', 'Cal', 'Robina', 'Prudence', 'Allx', 'Karina', 'Cissy', 'Bernice', 'Murial', 'Haley', 'Clarissa', 'Henryetta', 'Lorie', 'Marita', 'Allissa', 'Tansy', 'Randene', 'Delcine', 'Linnet', 'Margaretta', 'Deeyn', 'Robyn', 'Bird', 'Elfie', 'Tobi', 'Gale', 'Kaleena', 'Neala', 'Dagmar', 'Carmine', 'Adelle', 'Jeannie', 'Carine', 'Maddalena']
['Tova', 'Barrie', 'Niki', 'Felecia', 'Layney', 'Kirstyn', 'Cortney', 'Ania', 'Jayne', 'Bert', 'Eartha', 'Carolee', 'Bobette', 'Sybil', 'Fern', 'Philomena', 'Latisha', 'Eliza', 'Jacky', 'Cassandry', 'Odilia', 'Chandra', 'Jonell', 'Judi', 'Darlene', 'Jennee', 'Junie', 'Felicdad', 'Zitella', 'Susan', 'Alia', 'Lida', 'Minnie', 'Kirbee', 'Susannah', 'Eveline', 'Elana', 'Jilly', 'Liesa', 'Antonetta']
['Ailyn', 'Sofie', 'Martita', 'Georgiana', 'Ashia', 'Alex', 'Roxie', 'Gabriell', 'Nicola', 'Germain', 'Suzie', 'Gerry', 'Daniela', 'Mirabella', 'Adriaens', 'Jonie', 'Ainslie', 'Geralda', 'Bryn', 'Kyle', 'Milicent', 'Costanza', 'Crista', 'Tarrah', 'Vicki', 'Georgeta', 'Fannie', 'Marti', 'Sylvia', 'Elianora', 'Valentina', 'Sheena', 'Elsinore', 'Katya', 'Tiphani', 'Britni', 'Grace', 'Ailis', 'Ruth', 'Laural']
['Fina', 'Anya', 'Cherida', 'Daniella', 'Cheryl', 'Rubie', 'Dierdre', 'Veradis', 'Zabrina', 'Sandie', 'Ladonna', 'Tatum', 'Isobel', 'Phillida', 'Jennilee', 'Leontine', 'Violetta', 'Maryl', 'Angelita', 'Tami', 'Yoshiko', 'Cinnamon', 'Moina', 'Eyde', 'Doro', 'Fanchette', 'Coral', 'Aurilia', 'Goldy', 'Chery', 'Lisetta', 'Kettie', 'Konstanze', 'Andra', 'Rodie', 'Terra', 'Sharon', 'Vonni', 'Luelle', 'Oralia']
['Mariette', 'Tallou', 'Naoma', 'Elisabetta', 'Ranna', 'Kass', 'Linell', 'Juana', 'Marrilee', 'Shane', 'Joane', 'Celestine', 'Larine', 'Saree', 'Rorie', 'Catharina', 'Nathalia', 'Johnath', 'Denny', 'Raquela', 'Andrei', 'Dixie', 'Caroljean', 'Alyce', 'Arleen', 'Annamarie', 'Gae', 'Annabell', 'Aarika', 'Maybelle', 'Emeline', 'Belia', 'Gilligan', 'Glory', 'Allie', 'Valerie', 'Trix', 'Beulah', 'Ema', 'Louella']
['Jinny', 'Charleen', 'Lissie', 'Stormie', 'Georgette', 'Lillian', 'Raeann', 'Carmelita', 'Cecilia', 'Kandy', 'Katie', 'Fania', 'Farica', 'Janis', 'Caryl', 'Adore', 'Calli', 'Nerte', 'Gladi', 'Missie', 'Maude', 'Karlotte', 'Dyann', 'Ninon', 'Lorette', 'Vittoria', 'Emili', 'Tiffany', 'Annamaria', 'Kerstin', 'Aleece', 'Leshia', 'Marget', 'Bonita', 'Alison', 'Genna', 'Nanine', 'Rosa', 'Tracie', 'Kristel']
['Vivianne', 'Gertie', 'Cate', 'Darleen', 'Kalie', 'Reeba', 'Blinny', 'Tiphany', 'Flossie', 'Madeline', 'Donica', 'Betti', 'Bobbye', 'Karine', 'Kimberly', 'Jessi', 'Amargo', 'Charlotte', 'Netty', 'Darcie', 'Alanna', 'Verina', 'Lila', 'Nina', 'Hallie', 'Margaret', 'Betta', 'Robena', 'Gerladina', 'Blake', 'Naomi', 'Shayna', 'Myrilla', 'Daffy', 'Elaina', 'Estella', 'Marty', 'Vikki', 'Mollie', 'Consuelo']
['Jess', 'Annabal', 'Nissa', 'Cherrita', 'Faythe', 'Bernete', 'Tonya', 'Kaile', 'Darline', 'Mela', 'Aurelie', 'Vin', 'Allis', 'Gipsy', 'Nelle', 'Lethia', 'Samaria', 'Pauly', 'Constancy', 'Bekki', 'Ruthy', 'Virginia', 'Lyndsay', 'Ofella', 'Nicky', 'Eugine', 'Rebekah', 'Orelle', 'Leandra', 'Fan', 'Colly', 'Rochell', 'Malinda', 'Hortense', 'Winni', 'Luz', 'Stefania', 'Danice', 'Melinda', 'Carlynn']
['Abbye', 'Brittney', 'Britt', 'Laverne', 'Corinna', 'Flore', 'Candice', 'Leslie', 'Estrella', 'Hollyanne', 'Dorris', 'Irita', 'Irene', 'Tamiko', 'Vyky', 'Ree', 'Xena', 'Sharron', 'Clea', 'Dory', 'Cyndie', 'Jeannine', 'Cordi', 'Ethelyn', 'Brandie', 'Candie', 'Ray', 'Anna', 'Jobina', 'Valera', 'Ashlie', 'Hilde', 'Zenia', 'Manda', 'Glenda', 'Letta', 'Alane', 'Mareah', 'Susanne', 'Fredelia']
['Eloise', 'Luciana', 'Crystie', 'Indira', 'Kamilah', 'Marcille', 'Neysa', 'Isabel', 'Leigh', 'Adel', 'Celinda', 'Eadith', 'Gertrude', 'Lavena', 'Sibeal', 'Gaylene', 'Esme', 'Ardelle', 'Dennie', 'Almira', 'Grata', 'Nerita', 'Sarah', 'Dayle', 'Katleen', 'Valida', 'Antonie', 'Fayina', 'Audre', 'Casey', 'Linn', 'Elnore', 'Aleda', 'Dorthy', 'Laurena', 'Adrian', 'Deerdre', 'Marthena', 'Jessica', 'Savina']
['Trina', 'Tara', 'Darci', 'Melodie', 'Dollie', 'Emlyn', 'Caryn', 'Katlin', 'Elvera', 'Frankie', 'Merna', 'Zena', 'Odele', 'Marrissa', 'Caprice', 'Fawne', 'Rosamond', 'Dani', 'Shell', 'Clementine', 'Darelle', 'Grazia', 'Emma', 'Pansy', 'Tracey', 'Lisa', 'Martguerita', 'Paulette', 'Vally', 'JoAnn', 'Peria', 'Sharleen', 'Flor', 'Sarene', 'Jillian', 'Althea', 'Barbette', 'Kyla', 'Emyle', 'Arlena']
['Hildagarde', 'Emalia', 'Alida', 'Ava', 'Bonnee', 'Yvonne', 'Monah', 'Modesty', 'Kayla', 'Amelia', 'Kirsten', 'Layla', 'Fernande', 'Maiga', 'Rakel', 'Ardith', 'Viola', 'Lauree', 'Kellen', 'Koren', 'Nollie', 'Gabie', 'Lucky', 'Audrye', 'Rasla', 'Brittan', 'Marci', 'Steffie', 'Sarajane', 'Xylia', 'Vivienne', 'Emelita', 'Ange', 'Hedwiga', 'Audie', 'Sukey', 'Marcela', 'Rose', 'Clotilda', 'Morissa']
['Helen', 'Yolande', 'Faun', 'Minna', 'Min', 'Maryjane', 'Andromache', 'Maisie', 'Jacintha', 'Anastassia', 'Corene', 'Elfrieda', 'Robinett', 'Bettine', 'Evita', 'Philippe', 'Katherina', 'Cassey', 'Merrilee', 'Jania', 'Hildegarde', 'Nadia', 'Ronna', 'Blondy', 'Wynnie', 'Lauraine', 'Mellisent', 'Alene', 'Ki', 'Helaine', 'Jannel', 'Anette', 'Judith', 'Nanette', 'Portia', 'Annis', 'AnnaDiana', 'Eloisa', 'Barb', 'Lizbeth']
['Emmie', 'Lily', 'Marjie', 'Bren', 'Ros', 'Adoree', 'Astrix', 'Janean', 'Elmira', 'Angela', 'Reena', 'Elinore', 'Phyllida', 'Netta', 'Sheryl', 'Odetta', 'Papagena', 'Karrie', 'Evaleen', 'Manya', 'Orel', 'Lanna', 'Esmaria', 'BetteAnn', 'Norene', 'Clary', 'HollyAnne', 'Harriette', 'Dyan', 'Lana', 'Mathilda', 'Penny', 'Jeni', 'Margie', 'Corrianne', 'Ulla', 'Yevette', 'Dede', 'Teena', 'Meagan']
['Michal', 'Mady', 'Tisha', 'Elane', 'Ferdinanda', 'Kipp', 'Christiana', 'Melisenda', 'Elizabet', 'Donnamarie', 'Ardelia', 'Lynett', 'Barby', 'Tine', 'Mollee', 'Gladys', 'Martica', 'Cherey', 'Pearl', 'Nalani', 'Madonna', 'Sibby', 'Mercedes', 'Paula', 'Gusti', 'Rosalinde', 'Ernaline', 'Bree', 'Jaquenette', 'Zarla', 'Drusilla', 'Lorinda', 'Tonye', 'Lin', 'Ilyse', 'Lacy', 'Lissy', 'Jobi', 'Rosy', 'Allyce']
['Lanni', 'Shela', 'Diann', 'Onida', 'Nicolea', 'Eddie', 'Keeley', 'Vilhelmina', 'Idette', 'Shandie', 'Myrta', 'Aurelia', 'Tabbie', 'Jerrine', 'Gayle', 'Tammy', 'Pamelina', 'Kaja', 'Benetta', 'Doria', 'Rafaela', 'Ezmeralda', 'Marlyn', 'Olva', 'Roxana', 'Laina', 'Ardene', 'Honor', 'Mariejeanne', 'Zilvia', 'Gabrielle', 'Ronalda', 'Scarlett', 'Wallie', 'Fred', 'Golda', 'Gianna', 'Jolynn', 'Petrina', 'Corine']
['Berte', 'Tate', 'Lexy', 'Michelina', 'Cherin', 'Valry', 'Karie', 'Torey', 'Luci', 'Alaine', 'Korella', 'Margarette', 'Chrystel', 'Gennie', 'Rodina', 'Phil', 'Julianna', 'Gay', 'Demetria', 'Agathe', 'Imogen', 'Clarisse', 'Cindee', 'Dell', 'Timmi', 'Dyana', 'Zelda', 'Merilyn', 'SheilaKathryn', 'Iris', 'Freda', 'Deane', 'Else', 'Tori', 'Pollyanna', 'Clarabelle', 'Wandie', 'Gertrud', 'Auroora']
['Callida', 'Lou', 'Dosi', 'Anselma', 'Catlin', 'Hester', 'Ara', 'Carlina', 'Koral', 'Lauretta', 'Elyn', 'Leonelle', 'Maxi', 'Nonnah', 'Ettie', 'Delora', 'Letitia', 'Ayn', 'Faina', 'Marcelle', 'Augustina', 'Cleopatra', 'Emmey', 'Melisa', 'Kirstin', 'Pris', 'Lyndel', 'Giustina', 'Nadiya', 'Edyth', 'Brunhilda', 'Doralynn', 'Ruperta', 'Larisa', 'Sofia', 'Ddene', 'Celia', 'Corny', 'Candy', 'Christabella']
['Charis', 'Bobbette', 'Shayla', 'Caresse', 'Jermaine', 'Sioux', 'Marlee', 'Jaquenetta', 'Melba', 'Shaylah', 'Katrine', 'Farand', 'Rhea', 'Malissa', 'Siobhan', 'Annadiana', 'Donnie', 'Nevsa', 'Shannon', 'Jackelyn', 'Selie', 'Jany', 'Orly', 'Kiley', 'Hyacinthie', 'Meaghan', 'Wandis', 'Karol', 'Janice', 'Stacie', 'Stacey', 'Suzanna', 'Kate', 'Alice', 'Antonina']
['Vivian', 'Kristine', 'Sada', 'Annie', 'Helene', 'Chris', 'Ethelin', 'Nanni', 'Ilene', 'Emelyne', 'Aundrea', 'Rachael', 'Trudie', 'Shirlene', 'Maighdiln', 'Anestassia']
['Dannie', 'Tarra', 'Berthe', 'Myrah', 'Ainslee', 'Eddy', 'Darcee', 'Kakalina', 'Meredithe', 'Charlena', 'Margaretha', 'Ardath']
['Annette', 'Aubrie', 'Marsiella', 'Leta', 'Blanca', 'Pietra', 'Shanta', 'Joannes', 'Lindi', 'Norrie', 'Mindy', 'Minne', 'Trixy', 'Doloritas']
['Ardyth', 'Madelaine', 'Tommi', 'Ethelind', 'Cassy', 'Ericha', 'Koralle', 'Hailee', 'Anjanette', 'Brigitte', 'Chloe']
['Brynn', 'Jessika', 'Phoebe', 'Karlyn', 'Genevieve', 'Peggy']
['Berty', 'Noreen', 'Marchelle', 'Kinna']
['Tallia', 'Jodi', 'Dodi']
['Frieda', 'Jena', 'Tedra', 'Livia', 'Dorie', 'Merrile']
['Pooh', 'Dorothy']
['Antonella', 'Gweneth', 'Renelle', 'Natalya']
['Cosetta', 'Kathryne', 'Astrid', 'Sherri', 'Ericka', 'Gabrila']
['Monika', 'Carroll']
