['DCAOCT', 'JZMCXE', 'QVAWVE', 'CGQFWZ', 'FJNGEU']
['SEDFTJ', 'CIIJGT', 'VNVMJP', 'XJKLAT', 'PLVGIV']
['MVJFQH', 'OCJWWK', 'NGNGFS', 'KOPEGF', 'CQAFHX']
['WDSLXJ', 'QFNIFX', 'XPZOGA', 'TUEZMO', 'SBOPCF']
['IRBXHD', 'CYRJRN', 'KMECPW', 'TXZFXD', 'OXLEVF']
['POGSLV', 'NGAPVM', 'STHVQY', 'MCSUIP', 'BTPHRW']
['YHFEMU', 'HBXULO', 'VAKPKH', 'FIOEZG', 'OUYNUO']
['PANTSS', 'FAFEGN', 'ASBKNO', 'HGHWFI', 'VQUUOC']
['WJPZCI', 'XIBZHL', 'XCFWEL', 'KEICTJ', 'ZVYUZW']
['IRPDLH', 'DADVKH', 'SWOANK', 'OQHMGQ', 'QSXRKR']
['UIOBYU', 'DGJMRG', 'JJMLQE', 'KHPCHV', 'GDPHIY']
['XEGTTC', 'VUCQEE', 'TBJDSH', 'IGKVML', 'XPGFUK']
['YRTUJR', 'KZZWNO', 'VILEYV', 'JCVWRG', 'BIGWEQ']
['MGYYTU', 'CXDEGX', 'XNNRBK', 'AOALEJ', 'VIZKXC']
['QDRGJS', 'TPGXPS', 'ECOZLA', 'RXNTVX', 'TJWQHM']
['SIVKGQ', 'LBTFZT', 'KFMXPH', 'QHPKTB', 'RUDKDW']
['WKJHLN', 'LWOJTO', 'IPDUDM', 'RJFKAX', 'XALQHO']
['PLEVVR', 'SEBAGB', 'UAXYWV', 'UEIDZS', 'QJGJQD']
['UKMAMY', 'PWGDMU', 'QDCABD', 'MKOVHR', 'UHPFBP']
['GOQNUL', 'ENTPGB', 'OGXHJB', 'RAEWGJ', 'EPJBRW']
['JTSIZR', 'FDQAXB', 'TJGOVB', 'LSREWR', 'UWVEIC']
['HDPJJP', 'KTNLKU', 'YZZUCF', 'HVZCSR', 'LAKQIP']
['BFGCWM', 'HWGIEU', 'AAWVPR', 'NMNKWM', 'YSDCTZ']
['NFTFFN', 'GIPKBJ', 'PCYSSW', 'KHCWXQ', 'PBBKOG']
['FTEJEX', 'YTJDAV', 'AGIXOL', 'TEMLYH', 'UEVMGW']
['JHCIHH', 'MDPJXH', 'HNACGL', 'ELVJNF', 'FOTQXX']
['CRWQUA', 'CRSLBS', 'AYAANM', 'CTSLIA', 'XLVLGH']
['PXSFTE', 'BNNBQL', 'IAJFAT', 'VERYGX', 'XVUJUN']
['EQUGKM', 'NAWJJS', 'RFBJFX', 'DJSXVF', 'VPVXEZ']
['GOCDAY', 'BPQAIB', 'HQBUUL', 'PQJQHB', 'QPMFEO']
['IBLORD', 'GBVWQU', 'NQRKCB', 'JRIDSX', 'NIQKGO']
['OZONNF', 'AIXHML', 'TSDYJV', 'RADQYL', 'PNVUDC']
['RINOWS', 'YJIONU', 'KPVMSJ', 'VPBDNG', 'XCFBNU']
['ALWBSA', 'LUJRSZ', 'HSOIUY', 'CMSHHS', 'KFMCZH']
['AIVAWK', 'TEPVGI', 'EOUUXY', 'BETIFR', 'JFEOVE']
['APSDUX', 'VDAXBP', 'EKWDVQ', 'ZIOSZO', 'BSUTUL']
['JJOJSK', 'CSBGBL', 'UKIHXB', 'TKBQOP', 'HZPRRO']
['HMYUGM', 'YCMKYQ', 'TWEBOD', 'STSXYH', 'QDWDYK']
['KTUVSZ', 'WYJUCU', 'IRFFSU', 'MKANSN', 'FLJZOX']
['UFCVYL', 'CYSVGA', 'GEKPDY', 'VEELAD', 'GNLMYP']
['GCCFDS', 'MKXQUK', 'QMRLSO', 'XHHQUX', 'ZRYXFK']
['NLWJOA', 'EVTMBP', 'BRJCDJ', 'ICIJSS', 'DBGIUH']
['VONBVI', 'RHLVAR', 'YNERDE', 'PJRMUG', 'NLPYXN']
['MYEWXM', 'TWDAVM', 'HESEHF', 'CWSMWP', 'PJRIMB']
['QZAQZM', 'IOZAWW', 'QUWWUE', 'IIMZMU', 'ZYHMKH']
['XDMJVL', 'ZDBTPG', 'GJECQO', 'JRXSRB', 'NPLUMZ']
['EFTMLE', 'IDTMKU', 'EDIQAE', 'DMKAKB', 'UQVDYP']
['XBVQMQ', 'ZSQEDW', 'UPVUYV', 'RRARNW', 'UXQQGD']
['GKUTZZ', 'CEJKIY', 'OGMEJO', 'TFAASZ', 'TLZMUU']
['WTAUOC', 'WWJWJU', 'GWPVXY', 'JTVAZF', 'HEEBPV']
['YZVQRO', 'YZBGAO', 'QDOTJD', 'EYRFGK', 'HAEMSK']
['DUSRVV', 'VZUSMQ', 'DDYYMP', 'HBDJFS', 'VVUCTL']
['BCPNAA', 'RHGZLE', 'KQQUVA', 'DXDNIP', 'QOUMVQ']
['EAWSFT', 'TVTMST', 'GYXTEO', 'GADNFV', 'NWHMCF']
['MHDLTX', 'JFOREN', 'WSWGGL', 'NKXDWY', 'OOIJSD']
['JTZIRP', 'LJLERE', 'LQETOE', 'ZFQHOU', 'HTJSCF']
['CHAKPE', 'KIHAIO', 'WXRBOK', 'WZRHRN', 'UJKPKF']
['UDZEOI', 'QXVINS', 'CQOVDO', 'FKEYUY', 'NPAXSB']
['BHXEPM', 'DHFNOR', 'LIMSRT', 'BRAWAL', 'TPXLIS']
['EABWYB', 'USWWMX', 'FLCFQD', 'SUSOOH', 'LKREEQ']
['DSBBLL', 'PPMTQG', 'HULYOR', 'PYRSMF', 'NQUKLL']
['HWLZRY', 'VXZXFW', 'WATNTG', 'NAXPWN', 'UTQHVK']
['AJMPAZ', 'ABURVI', 'GZJNVL', 'OVDOKE', 'HOYSVT']
['ZZCNYK', 'FHGTKA', 'MXQFMB', 'RAXPGY', 'CGJKRW']
['KWMOHZ', 'FRPZKO', 'ZXTIIL', 'UOXKXF', 'HLVCDS']
['TVNCPT', 'QNUYNX', 'FUKRYR', 'AJRTQU', 'XQFWGN']
['TNOUWE', 'WWZBDT', 'VDMKPA', 'MHZMCJ', 'YONWVL']
['KTSDWK', 'INLSVJ', 'SJHJSP', 'XPKXPA', 'JIFHDC']
['VTYPIQ', 'ROEODL', 'BTSAHC', 'YTAFSE', 'WJVSVQ']
['TYLRDT', 'MKYLJZ', 'JXPDOB', 'HOBKGD', 'PRCJCO']
['EILENK', 'IOWIRG', 'HANQXX', 'MAJKPI', 'XFWVXV']
['NALCWQ', 'TWETKH', 'HWDUDX', 'MKJRTA', 'PDINVG']
['PTOBVJ', 'PCDWVY', 'MSTHWS', 'RXSHDA', 'FHCZGL']
['HDINGJ', 'XXQWFE', 'GEQKMH', 'AJFEPM', 'QHDIJA']
['LNBYOD', 'IDWAXH', 'YWTEIY', 'TFTYWC', 'KYNHCY']
['RPBWFQ', 'BCQGRD', 'GMUJAU', 'RXCUKN', 'NTDMFW']
['LISSCC', 'YAWDMC', 'VUJWHN', 'WSLEWO', 'LPKRNY']
['WJSCMR', 'VAXWWB', 'LKJXSE', 'XIONVL', 'ATRFBB']
['DQPBUX', 'UNZLOB', 'JEFKSA', 'RFSMJT', 'RZVCMP']
['JSOMIK', 'SXBMVM', 'TGWBUH', 'LAYOXE', 'EFWVNX']
['PJOKVU', 'AMRJQE', 'BSZGHW', 'UTXXSK', 'KMRJMU']
['QPUAND', 'QDYGDY', 'EOZSSC', 'QTZQNZ', 'DRZENX']
['VKMCQX', 'WCBXVO', 'JOWUPV', 'QZIVJL', 'ZVDURM']
['VDRWCQ', 'MCTHYG', 'FEFKQX', 'HKGFCY', 'KWTLFO']
['QNUESF', 'GGMXRF', 'RELXGG', 'EJVRTQ', 'KGFABO']
['PLXBCS', 'FAHDAK', 'HLEPQU', 'SIGFXO', 'AUBOMD']
['GNFOFC', 'HYPUCQ', 'ZLZUEA', 'LEKYTZ', 'DRXJVF']
['JYXINR', 'HWHKOB', 'SYPEYC', 'ICAHXE', 'AIHYEU']
['DSLHWR', 'ZYDXBH', 'JRVRDQ', 'WZBDDU', 'CNKWAF']
['HGLZYD', 'KMVGQH', 'OTRZOF', 'USCURZ', 'JPCBMM']
['NSKTOT', 'NJMKRN', 'BTCOGZ', 'UHHZDW', 'XDSHIC']
['ONERVI', 'GPKXGR', 'KSDUOH', 'QTELUT', 'MLAJRJ']
['YORJTS', 'WKXPDN', 'OPYCEA', 'QKRKHF', 'RDYWUZ']
['ZMQJFJ', 'HENZCQ', 'NDYSSJ', 'DNICDQ', 'REHINS']
['PFXEYM', 'ZVILHJ', 'CEFHVH', 'LHHBOC', 'UVGAZG']
['DTHDLE', 'UDHNIZ', 'OYRQOI', 'KUVUPZ', 'TXRCAW']
['ZKDHTE', 'BVRCQX', 'EWYTZX', 'UNVRCU', 'WAGIYI']
['BMZIDB', 'MZWVLU', 'UKXUSS', 'ONEBDL', 'OBHQOW']
['TBDGCF', 'PGGNQL', 'JFXQLU', 'RLSDWW', 'FTBAIM']
['TAHALS', 'ACVORO', 'GLGEBW', 'AIXOBA', 'JOKQNL']
['WIQAPQ', 'MPAKHW', 'CUGJII', 'DWWNID', 'OOLVUQ']
['VPLZKC', 'GGDJTI', 'BGRDWJ', 'KGOTMT', 'LDYDNY']
['JBLIFX', 'FWLQOC', 'TSZDVM', 'GGKDLC', 'KCBKKQ']
['ZLCEZX', 'NESJNF', 'GSVEEU', 'TUDKSD', 'OFBHSC']
['CUOSZQ', 'HCNITG', 'EGBKPE', 'RCBVEW', 'SPTPIT']
['GVNZKB', 'HXOZUR', 'BXOAIO', 'LLNHFN', 'MHZVQE']
['PYSXJI', 'JUUAOQ', 'RUNRVX', 'HTDVJG', 'FHBSGM']
['DKVILH', 'AHBGEW', 'OTFSKY', 'OJNBBF', 'MVLXLF']
['KBTLKR', 'VSKKXC', 'ZWGINJ', 'VAVURB', 'WNOBIR']
['WPXVWX', 'ROPSBG', 'GKDTPN', 'AVHRAS', 'VYQSPX']
['CHPGXG', 'GOSFUC', 'HBFAEG', 'NMWPWE', 'OXLCZV']
['PHRZDN', 'JVHAWN', 'BNREKZ', 'VXFBEP', 'CJSNDL']
['WXRJHT', 'ZFLGNB', 'NUMTZU', 'TUISCT', 'ZOQFLY']
['FYEDUV', 'NKWSDE', 'XLQZOS', 'FKGEFX', 'IMAIZQ']
['EFWVMP', 'CRIQJJ', 'GKLNOH', 'IMLDIL', 'PHGGGI']
['PLYUUP', 'MZUUMQ', 'RSZBSQ', 'RLZMZO', 'EASKJX']
['EKFPXH', 'GNHSMG', 'NHAHWP', 'ICDSJH', 'PTBPIH']
['RRDAHU', 'YLVPWV', 'PHBYJN', 'TFDYVJ', 'GDITDM']
['FLMDCG', 'HDDUSC', 'CAXGHJ', 'RABJTO', 'VBFPZS']
['MZNHBE', 'HPIAPO', 'YXMGJC', 'UFZIQV', 'FFHKOE']
['LNRZSJ', 'DURFDE', 'MMINZX', 'VCWJNG', 'JIKZRM']
['ZLFNJI', 'OFEEAY', 'XMPVIB', 'ECRJPG', 'MSHNIF']
['LNNXAF', 'ETNPSY', 'XWIYDX', 'NTBHAI', 'LYPUAC']
['TVXDDB', 'YOOREU', 'DVYNUI', 'BSOKXA', 'CSBANZ']
['LUVSMO', 'UZOANW', 'KHMRNH', 'ZWRSQQ', 'THIJCE']
['AHQBQN', 'MNXXOV', 'AAPNKE', 'FUVBMT', 'KQQTIN']
['WNZGBX', 'VIINBF', 'WRHJDY', 'RIYJCH', 'QGZAPI']
['NVDVLS', 'LRCNZN', 'ARXYLZ', 'LRJUHI', 'SZUAND']
['FDGQOU', 'VNAKDP', 'YMOMAT', 'JCPOEL', 'ROGPYD']
['VQTCPC', 'ELPAWN', 'JJQAQP', 'INXTWZ', 'WMLHXR']
['XSOORJ', 'BHDKSR', 'WYTCJK', 'VMDLNZ', 'GFWZBH']
['QMJNDU', 'KIXVOM', 'XZRKNJ', 'YZHWJD', 'WNZBJA']
['ZFNGEZ', 'CPBJLN', 'CXZWHH', 'DCLHOC', 'PNXMEN']
['CUAMIY', 'YAAHBT', 'VLHWJM', 'MQOUTD', 'VWXTUO']
['XZGAXW', 'SXZMLL', 'OCLQPM', 'NOTTVP', 'TTJUDX']
['XUGUAG', 'PZWOAZ', 'HPGNBL', 'TKRDNV', 'HTKSMY']
['QNTTOK', 'CRQPBH', 'SCDHMC', 'ALXCRB', 'QQASIU']
['PVXXJV', 'WTJAAR', 'LHUWDA', 'LDHSSX', 'PMNDTO']
['HKUALV', 'RCLMYT', 'OHYLEL', 'RPGWEU', 'CHABQS']
['YLGVZV', 'HMFTHF', 'BQOFFC', 'MABEDA', 'BSMNKS']
['PWJUHK', 'ZGRJZB', 'DZDNVN', 'UONGOY', 'ZGTADH']
['ZOSPLM', 'ZXOIRR', 'ONXBUS', 'HFTXID', 'KREVMA']
['AJTFKV', 'ELZANX', 'PAZAJV', 'TSKFMT', 'QPVSWG']
['ZJRHRF', 'FUVLPM', 'CAMXTM', 'BOHQES', 'STIRBM']
['LCHRXH', 'YAONDV', 'KYCDPJ', 'NYVYCT', 'QPWEEB']
['ZPPHDD', 'GPUUCM', 'ZHTSRK', 'LDJRVI', 'ZUJNKP']
['GRKEMB', 'EHSYOC', 'GXTUIE', 'LCTRFZ', 'UGNUBI']
['QVGWFV', 'XAMYNA', 'IECUFU', 'OFFPSH', 'UWCBVN']
['RTTTCK', 'PIGZGZ', 'XVWNYJ', 'KEHOKX', 'GWVHCD']
['FECBGY', 'FSPOVQ', 'HALEBP', 'OMIERE', 'YBVPWL']
