['689', '492', '705', '223', '587', '357', '829', '218', '825', '235']
['647', '334', '210', '322', '426', '504', '605', '673', '255', '669']
['110', '364', '60', '832', '421', '259', '417', '630', '346', '382']
['657', '320', '353', '620', '653', '467', '430', '89', '664', '385']
['814', '412', '242', '36', '700', '305', '220', '245', '635', '706']
['394', '8', '722', '1', '367', '841', '667', '668', '532', '6']
['564', '391', '623', '608', '728', '208', '800', '284', '437', '476']
['179', '301', '233', '164', '230', '390', '796', '137', '428', '281']
['59', '597', '365', '21', '157', '596', '23', '545', '677', '26']
['340', '78', '366', '363', '129', '398', '151', '236', '107', '195']
['707', '491', '501', '615', '480', '97', '460', '130', '738', '692']
['807', '200', '611', '58', '783', '438', '13', '806', '790', '126']
['496', '547', '766', '616', '42', '760', '16', '483', '812', '238']
['291', '665', '544', '122', '517', '368', '589', '816', '576', '586']
['694', '9', '237', '735', '626', '509', '551', '809', '158', '499']
['52', '70', '733', '833', '115', '644', '395', '74', '794', '116']
['648', '19', '214', '414', '579', '247', '725', '613', '522', '785']
['612', '436', '786', '163', '462', '797', '574', '634', '241', '392']
['540', '215', '666', '187', '582', '720', '20', '607', '53', '190']
['168', '454', '407', '135', '775', '660', '199', '636', '409', '217']
['840', '354', '63', '145', '536', '581', '588', '229', '429', '95']
['609', '154', '267', '77', '161', '275', '542', '73', '782', '580']
['602', '374', '716', '274', '425', '152', '202', '709', '424', '621']
['419', '155', '317', '72', '108', '759', '514', '5', '404', '300']
['104', '617', '24', '85', '377', '559', '770', '205', '826', '593']
['771', '86', '109', '533', '768', '399', '459', '38', '538', '101']
['456', '175', '758', '631', '699', '260', '193', '432', '772', '31']
['160', '457', '683', '165', '209', '639', '37', '506', '396', '566']
['380', '345', '633', '406', '252', '127', '197', '272', '774', '46']
['370', '562', '323', '418', '792', '595', '75', '651', '232', '308']
['50', '622', '763', '311', '166', '453', '484', '263', '755', '276']
['713', '270', '475', '751', '253', '482', '521', '169', '420', '254']
['422', '442', '64', '818', '779', '212', '643', '546', '106', '290']
['572', '150', '393', '836', '548', '171', '415', '410', '830', '330']
['231', '292', '703', '682', '82', '471', '458', '813', '455', '341']
['329', '793', '351', '541', '295', '45', '131', '144', '478', '185']
['519', '539', '83', '844', '372', '333', '518', '493', '440', '510']
['184', '803', '234', '557', '196', '149', '43', '111', '680', '535']
['767', '2', '843', '671', '553', '679', '687', '397', '256', '371']
['461', '465', '61', '360', '79', '756', '296', '349', '527', '719']
['445', '285', '710', '637', '136', '741', '821', '315', '715', '11']
['789', '22', '91', '464', '649', '569', '309', '287', '764', '676']
['3', '124', '28', '328', '474', '824', '306', '297', '578', '730']
['325', '321', '573', '837', '473', '133', '403', '239', '477', '30']
['194', '447', '698', '658', '448', '225', '433', '743', '577', '343']
['446', '261', '388', '411', '401', '81', '313', '565', '815', '434']
['203', '468', '56', '181', '745', '178', '614', '27', '507', '378']
['146', '702', '134', '537', '704', '659', '92', '823', '273', '749']
['524', '348', '526', '787', '773', '265', '302', '753', '795', '240']
['294', '98', '318', '712', '625', '663', '681', '162', '206', '156']
['516', '784', '65', '249', '714', '568', '268', '717', '76', '746']
['376', '221', '113', '802', '266', '7', '280', '817', '805', '742']
['139', '466', '324', '711', '361', '12', '80', '277', '520', '369']
['555', '513', '117', '269', '788', '381', '248', '271', '640', '226']
['33', '310', '485', '591', '842', '140', '278', '51', '15', '498']
['721', '192', '10', '222', '262', '503', '243', '531', '642', '487']
['757', '523', '103', '327', '598', '88', '819', '561', '25', '105']
['14', '94', '211', '246', '41', '618', '590', '336', '141', '439']
['732', '515', '831', '188', '727', '342', '316', '479', '283', '508']
['748', '359', '375', '724', '723', '405', '167', '511', '571', '118']
['138', '472', '737', '386', '319', '48', '834', '228', '449', '600']
['402', '383', '172', '189', '606', '198', '286', '558', '102']
['530', '339', '804', '552', '201', '739', '96']
['250', '604', '355', '450', '224', '603', '839', '244', '358', '207']
['100', '463', '413', '183', '744', '299']
['44', '761', '777', '32']
['822', '68', '326']
['331', '435']
['556', '180']
['384', '567']
['373']
['736', '494', '251']
['570']
['123']
['147']
['731']
['690']
['177']
['575']
['619']
['678']
['781']
['257']
['204']
['29']
['534']
['550']
['216']
['176']
['695']
['481']
['641']
['489']
['0']
['303']
['314']
['47']
['627']
['776']
['99']
['443']
['512']
['697']
['560']
['505']
['350']
['304']
['282']
['670']
['17']
['650']
['120']
['838']
['142']
['599']
['495']
['543']
['400']
['729']
['431']
['554']
['427']
['486']
['441']
['182']
['810']
['258']
['174']
['452']
['347']
['18']
['726']
['686']
['685']
['90']
['289']
['828']
['114']
['293']
['451']
['288']
['662']
['344']
['279']
['820']
['688']
['49']
['356']
['750']
['379']
['628']
['801']
['638']
['62']
['752']
['811']
['55']
['490']
['69']
['298']
['747']
['500']
['337']
['734']
['827']
['655']
['656']
['549']
['170']
['312']
['121']
['125']
['693']
['563']
['798']
['672']
['740']
['338']
['362']
['691']
['835']
['799']
['529']
['780']
['148']
['497']
['423']
['352']
['57']
['718']
['132']
['54']
['769']
['654']
['227']
['416']
['469']
['701']
['674']
['808']
['264']
['66']
['610']
['696']
['186']
['528']
['307']
['389']
['159']
['652']
['84']
['213']
['34']
['35']
['470']
['93']
['754']
['173']
['594']
['765']
['708']
['67']
['335']
['645']
['87']
['191']
['153']
['387']
['502']
['778']
['624']
['629']
['39']
['675']
['585']
['646']
['40']
['632']
['219']
['684']
['444']
['592']
['762']
['791']
['4']
['128']
['71']
['525']
['583']
['408']
['661']
['143']
['584']
['119']
['112']
['488']
['332']
['601']
