['413', '763', '120', '125', '263', '966', '732', '778', '808', '262', '363', '269', '731', '13', '92', '972', '15', '261', '295', '723', '266', '124', '742', '254', '264', '908', '267', '265', '268', '143', '260', '885']
['194', '712', '196', '197', '354', '745', '514', '630', '346', '960', '195', '766', '192', '109', '893', '834', '198', '695', '945', '715', '258', '200', '503', '714', '467', '276', '465', '191', '952', '199', '193', '190']
['604', '389', '849', '717', '687', '970', '958', '498', '689', '412', '682', '922', '792', '747', '653', '340', '497', '686', '797', '934', '699', '257', '71', '685', '681', '690', '684', '683', '187', '688', '768', '680']
['490', '380', '601', '631', '369', '502', '379', '375', '923', '414', '439', '392', '370', '376', '492', '372', '377', '435', '247', '507', '371', '374', '378', '26', '288', '487', '602', '229', '256', '23', '642', '373']
['890', '133', '342', '949', '770', '142', '985', '106', '154', '989', '110', '729', '980', '948', '904', '349', '884', '981', '987', '798', '983', '988', '984', '738', '202', '840', '982', '516', '675', '139', '986', '478']
['337', '34', '338', '326', '324', '333', '336', '805', '892', '334', '321', '637', '603', '328', '327', '149', '329', '325', '323', '320', '322', '132', '636', '332', '650', '330', '113', '556', '339', '296', '607', '335']
['49', '486', '911', '152', '43', '46', '57', '55', '965', '56', '41', '47', '909', '48', '112', '51', '806', '50', '44', '769', '426', '58', '783', '45', '40', '381', '54', '899', '42', '53', '59', '52']
['136', '652', '707', '366', '921', '705', '287', '14', '775', '746', '708', '706', '771', '702', '703', '700', '127', '464', '701', '511', '177', '460', '430', '704', '432', '709']
['807', '10', '595', '590', '431', '776', '98', '241', '782', '123', '231', '246', '310', '599', '386', '278', '384', '240', '632', '180', '594', '394', '591', '831', '598', '596', '597', '592', '696', '433', '692', '593']
['445', '446', '344', '448', '697', '444', '843', '135', '140', '649', '447', '473', '27', '441', '434', '790', '830', '647', '442', '436', '485', '230', '35', '248', '443', '440', '159', '471', '449', '518', '506', '643']
['496', '773', '383', '391', '737', '360', '728', '600', '978', '622', '627', '623', '734', '224', '882', '838', '628', '275', '105', '621', '787', '172', '626', '791', '809', '289', '624', '629', '844', '620', '500', '625']
['233', '559', '577', '570', '237', '735', '550', '579', '574', '566', '560', '480', '656', '273', '563', '567', '562', '910', '572', '569', '762', '576', '564', '36', '568', '578', '573', '565', '575', '561', '795', '499']
['203', '767', '693', '316', '619', '969', '494', '617', '93', '29', '513', '253', '616', '544', '610', '615', '424', '612', '491', '611', '618', '613', '479', '906', '31', '718', '90', '399', '614', '658', '298', '343']
['917', '463', '215', '213', '212', '646', '319', '489', '886', '211', '181', '82', '189', '284', '131', '898', '217', '889', '175', '214', '219', '137', '474', '95', '116', '104', '210', '209', '357', '216', '218', '510']
['188', '837', '924', '226', '162', '163', '835', '312', '166', '358', '168', '793', '164', '504', '711', '169', '772', '185', '84', '160', '270', '362', '418', '165', '167', '39', '423']
['859', '427', '853', '657', '856', '186', '854', '947', '858', '549', '519', '155', '938', '855', '780', '925', '852', '857', '803', '833', '174', '416', '274', '788', '939', '968', '851', '184', '850', '85', '765', '777']
['864', '860', '387', '862', '470', '294', '866', '393', '81', '512', '868', '292', '495', '355', '869', '863', '902', '880', '551', '659', '635', '272', '341', '861', '865', '645', '841', '80', '170', '415', '481', '867']
['221', '153', '134', '103', '420', '721', '242', '651', '740', '671', '554', '249', '411', '16', '674', '943', '350', '385', '609', '128', '204', '119', '220', '720', '286', '225', '161']
['665', '832', '662', '548', '661', '667', '38', '395', '235', '102', '541', '942', '666', '466', '501', '361', '347', '664', '96', '475', '150', '245', '781', '171', '950', '669', '22', '291', '1', '660', '663', '668']
['757', '750', '179', '758', '751', '252', '552', '744', '398', '605', '963', '915', '756', '759', '425', '12', '752', '678', '515', '32', '754', '462', '801', '755', '250', '259', '356', '17', '753', '736', '30']
['999', '9', '3', '206', '148', '998', '7', '896', '493', '236', '997', '351', '0', '900', '641', '5', '2', '297', '929', '18', '994', '991', '990', '8', '995', '996', '4', '151', '993', '992', '6', '928']
['402', '962', '94', '406', '408', '403', '115', '404', '409', '118', '400', '407', '293', '540', '761', '223', '644', '396', '429', '89', '19', '405', '836', '99', '201', '673', '542', '401', '20', '157', '967', '239']
['799', '733', '936', '937', '817', '815', '571', '410', '508', '811', '816', '178', '819', '812', '913', '814', '488', '973', '810', '818', '710', '367', '935', '141', '315', '749', '895', '547', '845', '956', '318', '813']
['537', '533', '941', '122', '538', '881', '207', '931', '147', '905', '536', '839', '727', '785', '694', '359', '724', '539', '365', '800', '532', '748', '951', '530', '842', '883', '390', '531', '534', '535']
['786', '582', '311', '581', '546', '933', '586', '580', '691', '946', '957', '846', '117', '606', '543', '505', '584', '583', '382', '138', '587', '589', '588', '955', '726', '977', '87', '585', '228', '437', '739', '469']
['279', '974', '477', '930', '878', '182', '419', '871', '517', '37', '964', '874', '872', '919', '283', '879', '146', '461', '877', '509', '979', '873', '428', '719', '285', '875', '679', '741', '484', '954', '876', '126']
['457', '482', '953', '452', '453', '459', '558', '255', '975', '11', '454', '280', '251', '271', '451', '331', '422', '914', '227', '633', '789', '722', '232', '455', '456', '114', '83', '450', '208', '639', '458', '88']
['638', '894', '608', '870', '887', '130', '796', '888', '920', '774', '100', '364', '926', '86', '314', '222', '397', '764', '676', '21', '784', '33', '897', '944', '24', '959', '545']
['648', '305', '352', '173', '903', '205', '309', '308', '421', '313', '306', '243', '300', '301', '299', '655', '234', '932', '388', '438', '670', '101', '25', '302', '307', '304', '716', '927', '97', '743', '303', '730']
['654', '317', '282', '523', '28', '145', '528', '107', '794', '111', '526', '912', '368', '520', '468', '916', '353', '804', '698', '522', '483', '527', '524', '121', '802', '918', '525', '521', '640', '144', '529', '848']
['70', '345', '60', '68', '65', '76', '75', '725', '73', '555', '64', '472', '77', '79', '66', '62', '63', '72', '74', '976', '61', '557', '176', '244', '69', '677', '78', '940', '553', '67', '901', '847']
['779', '183', '91', '760', '129', '108', '828', '634', '891', '281', '238', '348', '417', '823', '277', '825', '156', '713', '820', '829', '827', '822', '476', '290', '971', '672', '907', '824', '821', '961', '826', '158']
