['Amandie', 'Alie', 'Amalle', 'Benny', 'Beckie', 'Alisa', 'Berny', 'Audie', 'Carina', 'Bernardine']
['Ailsun', 'Andria', 'Cherianne', 'Analiese', 'Bobine', 'Antonie', 'Adrea', 'Atlanta', 'Annabella', 'Aimee']
['Berrie', 'Angie', 'Bee', 'Cody', 'Blondell', 'Cherlyn', 'Andi', 'Carry', 'Blakeley', 'Carlita']
['Christine', 'Cherida', 'Brunhilde', 'Ashly', 'Chloris', 'Annaliese', 'Annamaria', 'Catie', 'Adora', 'Bernetta']
['Alicia', 'Allyn', 'Carleen', 'Chelsey', 'Amalea', 'Andromache', 'Anjanette', 'Adrienne', 'Amabelle', 'Birdie']
['Charlot', 'Calypso', 'Ardyce', 'Caritta', 'Aura', 'Bella', 'Arabelle', 'Barbara', 'Benita', 'Ashley']
['Berthe', 'Averil', 'Anastassia', 'Ava', 'Bekki', 'Abbie', 'Callie', 'Carlene', 'Cher', 'Amara']
['Allina', 'Alene', 'Celestina', 'Agace', 'Arda', 'Alyda', 'Carmella', 'Abigail', 'Angelia', 'Adelheid']
['Blythe', 'Belicia', 'Ashlan', 'Anni', 'Chelsy', 'Cathee', 'Agnes', 'Brynne', 'Brenda', 'Charla']
['Adelaida', 'Ardith', 'Candra', 'Ardella', 'Andie', 'Carmela', 'Berta', 'Alexina', 'Carolyn', 'Anthiathia']
['Blancha', 'Carmel', 'Belle', 'Annabal', 'Betty', 'Arly', 'Cherilyn', 'Carlye', 'Celinka', 'Aurelea']
['Benetta', 'Amelia', 'Annora', 'Bobbi', 'Calli', 'Carlina', 'Cathryn', 'Biddy', 'Arliene', 'Angelica']
['Carri', 'Britta', 'Bobbette', 'Addy', 'Aridatha', 'Ashia', 'Aigneis', 'Adel', 'Arielle', 'Adoree']
['Arlina', 'Ainslee', 'Betteann', 'Ange', 'Adey', 'Brinn', 'Celine', 'Charlotte', 'Carmina']
['Christiane', 'Camellia', 'Arluene', 'Celie', 'Aggy', 'Bethany', 'Bernardina', 'Brandy', 'Bettina', 'Beulah']
['Ami', 'Annetta', 'Cammy', 'Bea', 'Bess', 'Catlaina', 'Ashlee', 'Celestine', 'Camila', 'Babette']
['Anett', 'Alayne', 'Catriona', 'Annadiane', 'Andee', 'Anderea', 'Beryl', 'Arabella', 'Alica', 'Babara']
['Ardisj', 'Brittne', 'Brande', 'Brit', 'Bobbye', 'Camile', 'Carolan', 'Arlyne', 'Amandi', 'Ayn']
['Antoinette', 'Briney', 'Bebe', 'Britney', 'Ali', 'Bobbee', 'Camel', 'Annalise', 'Cheslie', 'Ailey']
['Britni', 'Alex', 'Amii', 'Anselma', 'Alix', 'Celia', 'Carolina', 'Brittany', 'Aloise']
['Bari', 'Brear', 'Cammie', 'Andreana', 'Angil', 'Ainsley', 'Agneta', 'Betta', 'Amelita', 'Beverly']
['Caty', 'Betteanne', 'Ardis', 'Birgitta', 'Bonny', 'Cecilia', 'Bree', 'Carlotta', 'Albertine', 'Amalita']
['Aubrie', 'Cherye', 'Avrit', 'Carolee', 'Audrey', 'Bert', 'Beatrisa', 'Bernadene', 'Brittney', 'Bridie']
['Cathy', 'Brier', 'Arlie', 'Bobby', 'Cammi', 'Aurore', 'Benedikta', 'Andy', 'Beverley', 'Arlena']
['Adrian', 'Charmane', 'Aggie', 'Ailina', 'Alida', 'Charmion', 'Cassie', 'Blakelee', 'Aurelie', 'Abagael']
['Ardyth', 'Avis', 'Christean', 'Alanah', 'Barbi', 'Charmain', 'Arlinda', 'Abbi', 'Chad', 'Amberly']
['Andree', 'Caresse', 'Anette', 'Cassandry', 'Brook', 'Britte', 'Alyce', 'Annamarie', 'Christy', 'Ardelia']
['Adella', 'Carla', 'Chris', 'Alika', 'Cherin', 'Cele', 'Carlin', 'Penny', 'Alberta', 'Alis']
['Ann', 'Carly', 'Alane', 'Antonia', 'Cariotta', 'Cherri', 'Allegra']
['Alexa', 'Chloette', 'Blake', 'Charleen', 'Caye', 'Alyss', 'Bren', 'Binny', 'Beret', 'Ardenia']
['Cathrin', 'Andra', 'Ashlie', 'Adeline', 'Ana', 'Carlen', 'Chrissie', 'Adah', 'Agretha', 'Addi']
['Camella', 'Amitie', 'Aeriell', 'Alejandra', 'Brittni', 'Aloysia', 'Alexis', 'Aprilette', 'Brigid', 'Brina']
['Ambur', 'Ashli', 'Benoite', 'Belvia', 'Bertha', 'Cathe', 'Anitra', 'Alvina', 'Bette']
['Angy', 'Bethena', 'Abbey', 'Blanche', 'Aila', 'Benedicta', 'Allsun', 'Bernita', 'Annis', 'Carline']
['Cecil', 'Bambie', 'Charlotta', 'Bride', 'Bobbie', 'Barbabra', 'Ceciley', 'Anthe', 'Bridget']
['Annie', 'Adriane', 'Carmita', 'Ame', 'Bellanca', 'Abigael', 'Bathsheba']
['Anica', 'Abigale', 'Mary', 'Brandie', 'Christye', 'Catlin', 'Cecelia', 'Adrianna', 'Chandal', 'Alameda']
['Alikee', 'Cathleen', 'Carrissa', 'Chere', 'Alissa', 'Christiana', 'Bev', 'Allison', 'Adela', 'Caterina']
['Camala', 'Bobette', 'Arleyne', 'Caitrin', 'Auberta', 'Alverta', 'Anastasie', 'Amaleta', 'David', 'Charlena']
['Alecia', 'Caressa', 'Billye', 'Cate', 'Charlene', 'Carine', 'Christin', 'Breanne', 'Beth', 'Alexia']
['Ardys', 'Aile', 'Chrysler', 'Bettine', 'Cara', 'Aline', 'Carmelle', 'Babs', 'Christina', 'Carin']
['Annette', 'Billi', 'Bibbye', 'Amy', 'Bili', 'Adina', 'Casie', 'Adi', 'Amabel', 'Arlen']
['Aryn', 'Bryana', 'Alidia', 'Alexandra', 'Anthia', 'Bibby', 'Alice', 'Babb', 'Carlynne', 'Caryn']
['Augustine', 'Carma', 'Barry', 'Annalee', 'Billie', 'Candide', 'Cacilia', 'Aeriela', 'Christian', 'Ashla']
['Jean', 'Bettye', 'Audrie', 'Alanna', 'Austin', 'Bernadine', 'Ailis', 'Alma', 'Batsheva', 'Barbe']
['Cesya', 'Carilyn', 'Caryl', 'Atlante', 'Britt', 'Audre', 'Brinna', 'Brigida', 'Cathyleen', 'Bernadette']
['Candi', 'Betsey', 'Adelice', 'Audra', 'Carole', 'Alvera', 'Anetta', 'Casi', 'Ashleigh', 'Bill']
['Brandais', 'Alysa', 'Bambi', 'Aurilia', 'Annelise', 'Bryn', 'Alta', 'Caroline', 'Ashlen', 'Agata']
['Blondy', 'Cathie', 'Bonita', 'Agatha', 'Anne', 'Aurel', 'Amargo', 'Almira', 'Carroll', 'Alaine']
['Carley', 'Aliza', 'Caitlin', 'Binnie', 'Allyson', 'Ania', 'Cassondra', 'Amity', 'Cati', 'Beverlee']
['Anny', 'Angelique', 'Bonnie', 'Anatola', 'Bennie', 'Cassandra', 'Catha', 'Carlynn', 'Blithe', 'Brenna']
