['402', '832', '145', '499', '725', '404', '346', '226', '118', '64', '734', '627', '666', '189', '328', '313', '493', '560', '27', '584', '429', '347', '301', '32', '292', '803', '818', '138', '266', '686', '670', '719', '374', '254', '677', '742', '524', '564', '802', '83', '675', '267', '24', '765', '639', '679', '458', '810', '478', '126']
['648', '383', '60', '65', '486', '213', '103', '133', '336', '770', '106', '782', '407', '721', '237', '163', '109', '603', '47', '606', '277', '510', '236', '273', '325', '475', '488', '100', '320', '222', '416', '137', '247', '749', '532', '748', '307', '318', '688', '87', '8', '401', '143', '39', '449', '177', '663', '229', '460', '566']
['490', '153', '9', '601', '136', '129', '559', '448', '319', '206', '369', '231', '682', '691', '246', '57', '513', '386', '140', '834', '651', '178', '823', '825', '563', '632', '769', '462', '132', '836', '781', '762', '467', '397', '791', '681', '159', '26', '31', '597', '84', '304', '624', '784', '209', '53', '88', '640', '826', '709']
['757', '657', '758', '751', '763', '28', '125', '662', '352', '590', '477', '420', '558', '316', '238', '11', '555', '570', '622', '540', '7', '579', '447', '15', '451', '340', '180', '234', '754', '831', '714', '775', '626', '800', '438', '35', '141', '232', '244', '101', '95', '479', '290', '202', '330', '455', '210', '90', '643', '144']
['203', '767', '337', '380', '389', '533', '693', '196', '282', '122', '552', '817', '634', '38', '263', '43', '508', '519', '293', '79', '72', '756', '48', '417', '740', '678', '798', '156', '436', '351', '633', '655', '150', '509', '40', '829', '659', '673', '547', '264', '127', '151', '521', '506', '469', '625', '97', '17', '753', '730']
['70', '604', '10', '326', '712', '333', '548', '514', '697', '111', '400', '241', '182', '375', '419', '366', '223', '616', '466', '62', '112', '198', '396', '441', '300', '583', '258', '713', '572', '405', '789', '124', '230', '201', '636', '698', '827', '674', '690', '185', '18', '250', '121', '165', '42', '157', '430', '704', '692', '795']
['194', '252', '317', '188', '324', '837', '152', '395', '107', '46', '102', '619', '155', '735', '501', '421', '425', '283', '168', '370', '323', '86', '783', '797', '699', '804', '587', '99', '588', '332', '176', '371', '726', '21', '78', '36', '465', '265', '530', '573', '296', '620', '20', '614', '518', '193', '801', '668', '432', '298']
['179', '134', '233', '212', '115', '108', '255', '410', '766', '444', '41', '517', '327', '839', '384', '705', '774', '715', '424', '422', '14', '694', '793', '200', '353', '245', '435', '171', '635', '755', '276', '378', '706', '771', '516', '33', '450', '553', '339', '390', '191', '525', '268', '259', '80', '739', '511', '561', '494', '190']
['496', '94', '773', '338', '779', '183', '354', '311', '459', '23', '667', '130', '73', '379', '778', '29', '312', '262', '166', '747', '361', '480', '149', '243', '806', '439', '50', '175', '394', '274', '377', '507', '69', '669', '676', '25', '602', '418', '187', '85', '1', '228', '484', '199', '303', '216', '415', '652', '545', '593']
['799', '413', '457', '665', '120', '408', '453', '600', '586', '123', '689', '242', '472', '224', '82', '792', '63', '368', '12', '656', '356', '830', '217', '299', '647', '612', '468', '491', '594', '503', '569', '711', '596', '650', '576', '822', '542', '708', '288', '184', '609', '285', '270', '716', '585', '399', '256', '578', '52', '535']
['427', '49', '807', '737', '215', '581', '687', '828', '342', '205', '549', '794', '162', '502', '154', '294', '56', '135', '393', '269', '473', '306', '13', '434', '695', '287', '442', '261', '249', '411', '372', '551', '598', '16', '522', '764', '350', '738', '160', '702', '703', '291', '67', '167', '660', '4', '437', '225', '529', '736']
['221', '446', '3', '186', '523', '631', '744', '595', '431', '344', '538', '142', '281', '207', '148', '526', '707', '617', '550', '181', '278', '251', '644', '819', '92', '89', '785', '392', '146', '787', '485', '426', '257', '443', '297', '315', '116', '772', '568', '471', '824', '607', '741', '565', '821', '423', '481', '373', '161', '30']
['279', '406', '728', '760', '398', '605', '646', '409', '308', '454', '412', '110', '147', '55', '637', '835', '77', '117', '649', '615', '81', '543', '816', '19', '96', '376', '814', '227', '295', '820', '461', '591', '58', '641', '248', '169', '809', '2', '746', '272', '487', '645', '556', '768', '357', '701', '658', '286', '433', '575']
['34', '345', '360', '582', '661', '546', '630', '571', '309', '192', '761', '808', '66', '813', '414', '280', '653', '271', '275', '131', '790', '240', '621', '331', '780', '359', '492', '724', '355', '0', '554', '174', '611', '557', '322', '365', '474', '613', '71', '428', '128', '700', '696', '464', '720', '500', '170', '218', '158', '6']
['445', '654', '733', '391', '608', '482', '745', '717', '75', '173', '776', '387', '235', '580', '498', '348', '470', '93', '211', '623', '253', '544', '363', '536', '759', '838', '752', '358', '382', '214', '172', '722', '504', '381', '5', '685', '483', '684', '54', '289', '113', '362', '629', '718', '220', '239', '743', '343']
['750', '463', '786', '537', '91', '305', '452', '37', '628', '51', '520', '664', '727', '562', '539', '45', '367', '788', '476', '104', '456', '592', '22']
['567', '204', '119', '302', '321', '164', '811', '208', '403', '76', '284', '574', '618', '731', '440', '577', '74', '195']
['334', '335', '44', '833', '671', '61', '672', '815', '531', '515']
['489', '589', '680', '599', '329']
['139', '364', '683', '512']
['812', '219', '805']
['610']
['68']
['638']
['796']
['729']
['260']
['385']
['349']
['534']
['59']
['495']
['105']
['197']
['527']
['777']
['723']
['98']
['528']
['497']
['541']
['388']
['114']
['642']
['314']
['341']
['710']
['310']
['505']
['732']
