['179', '647', '93', '591', '11134', '582', '48', '618', '589', '361', '588', '598', '484', '89', '301', '684', '241', '400']
['370', '442', '622', '366', '11122', '665', '76', '368', '399']
['422', '50', '172', '41', '421', '112', '620', '425', '704', '69', '344', '108', '404', '423', '719', '664']
['184', '8', '464', '333', '332', '335']
['648', '1117', '413', '533', '186', '408', '164', '411', '42', '662', '297', '287', '409', '289']
['402', '153', '391', '125', '687', '420', '538', '667', '549', '11124', '691', '616', '166', '574', '11110', '644', '92', '434', '243', '277', '584', '11115', '529', '424', '613', '11135', '104', '418', '688', '4', '268', '260', '90', '430', '432']
['194', '87', '557', '189', '278', '269', '191', '447', '328', '543', '141', '342', '149', '11113', '159', '142', '392', '235', '11114']
['519', '180', '67', '181', '296', '585', '228', '40', '177', '176', '697']
['654', '655', '712', '599', '85', '251', '257', '717', '653', '438', '650', '205', '346', '652', '692']
['337', '3', '212', '552', '38', '558', '571', '238', '555', '148', '294', '649', '536', '1114', '517', '27', '567', '340', '554', '426', '341', '315', '11116', '144', '11133', '165', '568', '556', '267', '80', '625', '566', '11137']
['380', '379', '602', '382', '66', '363', '669', '195', '343']
['203', '597', '564', '204', '9', '49', '364', '314', '209', '208', '615', '145', '171', '303', '207', '52', '206']
['490', '638', '632', '495', '491', '299', '219', '188', '91', '493', '88', '630', '6']
['609', '570', '612', '682', '608', '611', '245', '610', '247', '170']
['338', '523', '354', '459', '586', '508', '444', '55', '11119', '560', '505', '678', '329', '331', '359', '175', '0', '295', '365', '503', '714', '504', '222', '378', '385', '1118', '288', '716', '339', '607', '506', '17', '569']
['537', '266', '223', '313', '634', '590', '316', '185']
['121', '7', '124', '305', '480', '477', '97', '173', '371', '483', '476', '481', '709', '478']
['168', '43', '541', '60', '61', '56', '249', '62', '139', '401', '11141', '59']
['221', '383', '601', '1115', '28', '486', '528', '581', '255', '46', '369', '11129', '11131', '375', '579', '284', '283', '1112', '258', '11111', '713', '572', '234', '230', '377', '367', '5', '2', '479', '36', '167', '11121', '151', '521', '593']
['488', '627', '318', '485', '487', '190']
['113', '242', '210', '187', '253', '215', '135', '302', '1', '12', '53', '11127', '244', '123', '640', '532', '254', '158']
['147', '323', '497', '360', '79', '197', '47', '501', '500', '531', '98', '161', '499']
['227', '211', '539', '119', '282', '224', '232', '1119', '229', '276', '225', '226']
['489', '492', '133', '11130', '143', '435', '115', '193', '522', '676', '494']
['412', '163', '11123', '183', '403', '471', '639', '39', '437', '248', '396', '410', '680', '580']
['109', '321', '317', '11117', '11118', '322', '265', '306', '565', '319', '642', '11136']
['264', '270', '51', '200', '246', '68', '274', '381', '467', '596', '272', '271', '275', '281']
['526', '128', '127', '132', '129', '417', '636', '131', '563', '126']
['445', '617', '150', '671', '675', '530', '672', '677', '544', '670', '698', '169', '236', '674', '11138', '11']
['547', '433', '637', '374', '550', '631', '606', '373', '548', '546', '681', '202', '545']
['376', '619', '463', '633', '33', '117', '35', '605', '534', '116']
['154', '160', '419', '155', '233', '45', '157', '239', '415', '577', '156']
['182', '436', '134', '389', '696', '22', '372', '24', '414', '573', '387', '23', '273', '347', '21', '298', '26']
['84', '261', '540', '629', '65', '262', '11132', '259', '199', '469', '263']
['114', '100', '44', '398', '651', '440', '656']
['689', '334', '604', '362', '237', '214', '122', '431', '575', '96', '330']
['496', '468', '140', '72', '352', '518', '635', '218', '498']
['70', '304', '138', '320', '406', '626', '595', '75', '643', '71', '101', '74', '535']
['325', '345', '10', '326', '718', '103', '473', '327', '286']
['592', '587', '449', '448', '356', '600', '358', '561']
['524', '307', '310', '311', '99', '220', '441', '300', '130', '309', '308']
['118', '516', '513', '594', '466', '511', '512', '514', '510', '515', '111', '621']
['707', '293', '710', '83', '11128', '711', '336', '576', '162', '708', '706']
['666', '553', '686', '196', '603', '474', '201', '178', '198', '1113', '216', '95']
['657', '645', '213', '120', '660', '357', '11143', '658', '659', '663', '661']
['146', '702', '703', '192', '700', '11140', '58', '699', '690', '701', '641', '673', '397', '705', '578', '715']
['348', '351', '102', '355', '312', '353', '386', '136', '525', '551', '614', '349', '350', '11120']
['502', '456', '624', '457', '461', '465', '285', '174', '458', '106', '11126', '460', '107', '240']
['427', '64', '86', '11142', '256', '429', '428', '54']
['1116', '110', '78', '94', '405', '77', '82', '280', '81', '679', '527', '11125', '32']
['454', '407', '450', '452', '453', '25', '152', '542', '73', '105', '451', '455']
['14', '18', '1111', '475', '562', '250', '292', '509', '324', '390', '20', '16', '15', '13', '19', '217']
['231', '446', '34', '31', '29', '279', '462', '482', '252', '388', '384', '439', '583', '30']
['683', '472', '623', '394', '393', '416', '63', '559', '507', '395', '520']
['694', '57', '693', '291', '668', '11139', '137', '11112', '37', '628', '443', '695', '685', '646', '290', '470']
