['70', '34', '733', '345', '213', '120', '665', '452', '891', '459', '514', '558', '308', '64', '29', '310', '882', '948', '27', '240', '146', '988', '724', '655', '462', '554', '394', '372', '397', '845', '592', '568', '42', '464', '986', '256', '575', '432', '190']
['496', '799', '693', '523', '744', '717', '815', '235', '541', '334', '893', '393', '363', '796', '48', '12', '740', '806', '997', '987', '855', '780', '694', '219', '783', '934', '99', '371', '674', '681', '36', '951', '918', '556', '265', '401', '625', '52', '30']
['490', '648', '604', '853', '252', '408', '631', '817', '646', '580', '732', '148', '617', '846', '550', '579', '313', '493', '816', '819', '889', '818', '132', '381', '762', '232', '297', '708', '114', '602', '1', '471', '458', '53', '643', '469', '356', '680', '126']
['203', '807', '389', '595', '552', '115', '319', '43', '206', '123', '682', '293', '155', '904', '105', '830', '261', '803', '172', '249', '596', '588', '935', '428', '684', '772', '285', '264', '982', '716', '824', '927', '228', '303', '961', '373', '478', '795', '499']
['757', '402', '94', '457', '233', '482', '864', '745', '559', '958', '930', '571', '922', '938', '166', '543', '396', '695', '812', '370', '647', '926', '925', '61', '230', '722', '509', '869', '435', '40', '527', '483', '950', '677', '330', '288', '771', '113', '607']
['974', '662', '582', '970', '770', '207', '410', '46', '526', '379', '55', '366', '756', '615', '529', '945', '563', '168', '329', '852', '495', '234', '754', '180', '503', '797', '16', '522', '350', '906', '158', '971', '597', '104', '777', '996', '813', '481', '928']
['936', '856', '197', '832', '324', '311', '590', '667', '600', '226', '707', '237', '246', '253', '616', '117', '140', '198', '236', '872', '785', '798', '15', '913', '973', '174', '222', '613', '2', '742', '851', '702', '78', '418', '901', '97', '801', '992', '343']
['445', '737', '903', '805', '586', '570', '555', '989', '444', '163', '627', '540', '761', '269', '149', '300', '89', '74', '439', '283', '331', '814', '557', '669', '95', '875', '956', '784', '850', '24', '768', '167', '90', '701', '518', '193', '506', '335', '23']
['751', '890', '858', '546', '195', '975', '400', '957', '223', '328', '704', '790', '217', '515', '793', '50', '833', '633', '323', '150', '175', '164', '900', '367', '781', '670', '809', '726', '184', '456', '624', '940', '908', '720', '4', '521', '876', '170', '709']
['279', '188', '687', '634', '881', '281', '965', '57', '147', '321', '262', '386', '834', '628', '441', '981', '485', '789', '714', '775', '247', '598', '341', '764', '690', '302', '524', '18', '696', '883', '296', '585', '199', '511', '88', '286', '433', '810', '885']
['638', '999', '608', '6', '133', '528', '538', '205', '98', '409', '369', '231', '294', '622', '109', '47', '871', '921', '306', '429', '442', '492', '632', '322', '877', '880', '738', '749', '21', '185', '977', '270', '700', '944', '847', '239', '20', '415', '753']
['427', '962', '215', '837', '828', '963', '933', '93', '734', '843', '637', '923', '79', '312', '135', '224', '649', '251', '731', '138', '295', '86', '388', '863', '245', '35', '467', '176', '719', '487', '31', '609', '865', '128', '660', '841', '177', '460', '534']
['917', '49', '413', '10', '212', '76', '453', '342', '73', '778', '915', '735', '603', '181', '606', '574', '368', '520', '884', '347', '424', '32', '14', '156', '351', '910', '723', '426', '274', '698', '659', '943', '54', '990', '450', '399', '39', '561', '494']
['179', '383', '657', '338', '763', '477', '263', '255', '106', '142', '498', '102', '969', '242', '835', '466', '82', '651', '512', '920', '287', '727', '678', '710', '377', '5', '276', '315', '746', '318', '718', '339', '390', '959', '658', '743', '821', '510', '730']
['859', '60', '758', '360', '305', '75', '924', '725', '346', '978', '11', '619', '41', '896', '280', '72', '473', '96', '382', '461', '214', '497', '686', '124', '916', '831', '353', '984', '248', '755', '465', '87', '967', '993', '80', '565', '229', '826', '298']
['380', '937', '406', '712', '887', '108', '911', '949', '162', '238', '111', '454', '519', '192', '942', '544', '112', '284', '888', '271', '384', '364', '200', '355', '491', '932', '58', '438', '822', '25', '991', '204', '83', '127', '907', '143', '437', '739', '430']
['337', '3', '65', '183', '91', '122', '125', '448', '782', '470', '689', '980', '414', '909', '243', '349', '774', '292', '857', '591', '699', '804', '201', '71', '895', '290', '840', '250', '516', '629', '67', '139', '85', '209', '620', '268', '260', '218', '225']
['537', '601', '68', '486', '130', '985', '960', '118', '766', '691', '623', '729', '666', '56', '472', '811', '501', '747', '838', '705', '392', '100', '914', '769', '411', '829', '141', '576', '636', '374', '254', '861', '307', '645', '191', '525', '741', '144', '593']
['391', '28', '870', '760', '854', '309', '508', '892', '502', '407', '77', '808', '62', '599', '63', '912', '656', '874', '273', '299', '365', '626', '45', '711', '641', '955', '244', '202', '479', '994', '362', '683', '187', '675', '151', '952', '216', '17', '692']
['750', '463', '403', '136', '333', '344', '387', '404', '577', '316', '154', '278', '421', '517', '178', '964', '92', '868', '664', '451', '879', '983', '340', '612', '436', '611', '589', '169', '69', '119', '530', '842', '573', '357', '679', '449', '954', '614', '652']
['9', '134', '605', '431', '336', '173', '420', '395', '107', '794', '489', '110', '348', '412', '886', '513', '66', '759', '752', '898', '504', '587', '137', '939', '635', '443', '791', '440', '159', '101', '26', '121', '703', '22', '672', '639', '259', '642', '736']
['654', '186', '779', '326', '196', '728', '941', '953', '776', '152', '697', '721', '447', '536', '417', '434', '584', '621', '376', '258', '713', '325', '488', '539', '320', '266', '650', '873', '378', '116', '547', '564', '160', '304', '500', '157', '566', '867', '569']
['767', '221', '773', '894', '317', '129', '398', '352', '548', '661', '38', '630', '878', '966', '931', '998', '7', '81', '327', '560', '13', '480', '505', '825', '227', '572', '594', '257', '474', '979', '476', '706', '748', '84', '33', '688', '208', '668', '848']
['446', '533', '849', '282', '947', '581', '182', '375', '419', '946', '610', '425', '277', '972', '131', '919', '19', '422', '567', '475', '44', '405', '671', '902', '800', '618', '171', '673', '532', '289', '676', '385', '844', '553', '995', '765', '220', '531', '578']
['153', '194', '860', '211', '905', '792', '653', '361', '275', '358', '976', '715', '787', '416', '551', '332', '272', '685', '827', '542', '899', '968', '455', '929', '210', '802', '267', '663', '59', '423', '161', '535']
['562', '359', '786', '820', '314', '291', '103', '145', '484', '823', '640', '549', '545', '241', '862']
['897', '839', '301', '51', '468']
['788', '165', '644', '583', '836']
['0', '866', '8', '189', '354', '37', '507']
