['A14', 'B14', 'C14']
['D67', 'B67', 'C50']
['D33', 'A33', 'B33']
['E79', 'G79', 'D79']
['B41', 'D41', 'A41']
['A106', 'H37', 'H38']
['C68', 'H27', 'D68']
['E35', 'H35', 'F35']
['H114', 'H113', 'E113']
['F65', 'E65', 'H79']
['H2', 'E2', 'G2']
['F81', 'E95', 'G95']
['A97', 'F97', 'B97']
['A19', 'C19', 'D19']
['C28', 'E28', 'D28']
['F26', 'A26', 'E26']
['F83', 'E83', 'G83']
['E67', 'F67', 'H67']
['G29', 'F60', 'A60']
['D76', 'B76', 'A76']
['E10', 'F10', 'D10']
['B113', 'C29', 'A29']
['H87', 'H81', 'H88']
['C65', 'B65', 'A65']
['H7', '62', 'E7']
['9', '46', '30']
['D63', 'B63', 'E63']
['C21', 'C20', 'A21']
['A71', 'C71', 'D71']
['H60', 'H59', 'E59']
['A22', 'C22', 'D22']
['G112', 'F16', 'E112']
['D101', 'E101', 'H101']
['G51', 'E51', 'H23']
['61', '58', '63']
['B72', 'G101', 'B61']
['H39', 'C96', 'C97']
['A72', 'C72', 'F72']
['A13', '67', 'B13']
['D45', 'A45', 'F45']
['D60', 'C60', 'B60']
['E33', 'G33', 'F33']
['B73', 'B82', 'G65']
['F59', 'A59', 'E105']
['D50', 'B50', 'A50']
['12', '15', '5']
['D104', 'C104', 'C105']
['A62', 'D62', 'B57']
['E4', 'F4', 'A4']
['B55', 'C55', 'D55']
['G110', 'G9', 'D21']
['E75', 'G75', 'B89']
['17', '7', '4']
['A36', 'D36', 'C36']
['C16', 'A16', 'D16']
['C102', 'C103', 'D102']
['H42', 'H41', 'E41']
['F115', 'B8', 'B104']
['A74', 'F74', 'B74']
['E54', 'C17', 'D72']
['F96', 'A96', 'B96']
['F68', 'C93', 'A68']
['B3', 'C3', 'D3']
['F105', 'A105', 'B105']
['A79', 'B79', 'F79']
['E103', 'G103', 'F103']
['H63', 'C10', 'H64']
['D115', 'E115', 'G115']
['C7', 'D7', 'A7']
['A35', 'D35', 'B35']
['E57', 'D57', 'A57']
['H112', 'C54', 'D88']
['C92', 'A92', 'F92']
['G73', 'E73', 'A56']
['D39', 'A39', 'C39']
['E70', 'H69', 'H70']
['E9', 'D9', 'F9']
['G24', 'H24', 'E24']
['F95', 'B70', 'A95']
['E107', 'E11', 'F107']
['A94', 'D94', 'B94']
['34', '1', '0']
['14', '41', '35']
['F51', 'A51', '53']
['E6', 'H6', 'G6']
['H4', 'C76', 'F113']
['D23', 'C23', 'A23']
['D52', 'A52', 'C52']
['D69', 'C69', 'D58']
['F21', 'E21', 'G21']
['H91', 'H92', 'E91']
['E19', 'H20', 'H19']
['B21', 'G46', 'H102']
['F11', 'B69', 'C112']
['D20', 'B20', 'A20']
['E69', 'G69', '52']
['G109', 'H104', 'H103']
['B107', 'C107', 'D107']
['H28', 'B19', 'F61']
['A99', 'B99', 'D99']
['3', '38', '21']
['G40', 'G58', 'D65']
['F85', 'E85', 'G8']
['D26', 'B26', 'C26']
['A54', 'B54', 'D54']
['18', '28', '26']
['F86', 'A86', 'C86']
['E42', 'B68']
['C38', 'F89', 'A89']
['F32', 'G42', 'G7']
['C34', 'G1', 'C35']
['F57', 'B28', 'C77']
['C108', 'D108', 'A108']
['A73', 'F34', '54']
['A25', 'F25', 'E25']
['D89', 'G89', 'E89']
['A109', 'B109', 'D109']
['G64', 'F64', 'E64']
['E97', 'H98', 'H97']
['D75', 'C75', 'A75']
['A44', 'D44', 'B44']
['D103', 'B103', 'A103']
['E31', 'A31', 'D31']
['A64', 'A11', 'B64']
['B34', 'C59', 'D34']
['A2', 'D2', 'C2']
['H32', 'E32', 'H31']
['F37', 'G37', 'E37']
['G81', 'E81', 'H26']
['H15', 'H82', 'E15']
['H94', 'E94', 'G94']
['22', '19', '2']
['E52', 'F52', 'G52']
['F40', 'C40', 'A40']
['C1', 'D1', 'B1']
['F73', 'G97', 'H25']
['D32', 'C115', 'C114']
['E84', 'H84', 'G84']
['C106', 'D106', 'B106']
['G5', 'G20', 'E20']
['68', 'A83', 'D83']
['E92', 'D92', 'G92']
['G57', 'D59', 'F2']
['C8', 'G14', 'B62']
['D110', 'B110', 'A110']
['D24', 'A24', 'C24']
['A48', 'B48', '71']
['G62', 'E62', 'F62']
['E71', 'G71', 'B52']
['A104', 'F104', 'E104']
['D18', 'C18', 'E18']
['F22', 'E22', '55']
['B98', 'F78', 'A98']
['A85', 'D85', 'B85']
['H11', 'G114', 'F20']
['B4', 'D4', 'C4']
['D86', 'B86', 'H66']
['C53', 'A53', 'D53']
['G28', 'C12', 'G27']
['G72', 'G106', 'E0']
['31', '42', '32']
['H105', 'H106', 'E106']
['D46', 'B46', 'A46']
['E76', 'H76', 'G76']
['F43', 'E43', 'G43']
['F49', 'D49', 'E49']
['E5', 'F106', 'G60']
['G23', 'E23', 'C90']
['70', 'C57', 'C56']
['H83', 'G18', 'H57']
['H46', 'E46', 'F46']
['G82', 'E82', 'F82']
['C0', 'A1', 'F1']
['20', '6', '10']
['A47', 'F47', 'B47']
['B17', 'F53', 'G68']
['A111', 'D111', 'B111']
['C84', 'E27', 'C85']
['F44', 'E44', 'G44']
['B40', 'H65', 'F19']
['D37', 'B37', 'A37']
['A34', 'H14', 'A107']
['A102', 'B102', 'F102']
['G113', 'C41', 'B38']
['F29', 'F55', 'E29']
['D113', 'C113', 'A113']
['B12', 'F110', 'E110']
['G34', 'E34', 'H9']
['C98', 'E98', 'D98']
['C82', 'A82', 'D82']
['D70', 'A70', 'C70']
['C47', 'C46', 'G93']
['H45', 'G45', 'E45']
['F69', 'H85', 'A69']
['H107', 'H108', 'A66']
['24', '25', '44']
['23', '29', '11']
['H30', 'E30', 'H29']
['C67', 'A67', 'C66']
['H22', 'F56', 'H21']
['F93', 'D93', 'E93']
['D11', 'G67', 'C109']
['C11', 'G0', 'B45']
['G36', 'C83', 'G22']
['D56', 'E56', 'B56']
['G107', 'A81', 'A114']
['66', 'E55', 'H3']
['H62', 'H61', 'B92']
['G77', 'E77', 'A10']
['F27', 'H78', 'B2']
['A17', 'F17', 'E17']
['D64', 'C64', 'F66']
['H93', 'C25', 'D25']
['B90', 'A90', 'D90']
['B100', 'D97', 'G50']
['B32', 'H72', 'E72']
['B93', 'B71', 'A93']
['A101', 'B101', 'F101']
['D6', 'C6', 'A6']
['G96', 'E96', 'D96']
['D29', 'B29', 'D38']
['C27', 'D27', 'A27']
['H18', 'H17', 'C9']
['G19', 'H75', 'G78']
['F90', 'C45', 'C44']
['E100', 'G100', 'H100']
['F31', 'G54', 'B78']
['E60', 'D73', 'F109']
['H109', 'E109', 'H110']
['G102', 'E102', '69']
['E99', 'H99', 'G99']
['B24', 'D12', 'B7']
['E88', 'F88', 'G88']
['G66', 'F99', '51']
['B0', 'A0', 'D0']
['H10', 'E39', 'F6']
['D84', 'B84', 'A84']
['C100', 'A100', 'D100']
['E50', 'F50', 'H50']
['B43', 'A43', 'D43']
['G108', 'E108', 'F114']
['E53', 'H53', 'H54']
['B53', 'G53', 'F36']
['C63', 'C37', 'G49']
['G35', 'D105', 'F71']
['G55', '57', 'F94']
['H71', 'B42', 'F98']
['E47', 'G47', 'D47']
['G17', 'B114', 'G26']
['A80', 'G111', 'E111']
['C62', 'G63']
['G56', 'G16', 'A55']
['E3', 'H1', 'F3']
['E78', 'H8', 'E8']
['D87', 'C87', 'A87']
['B66', 'D66', 'E66']
['C88', 'A88', 'B88']
['H86', 'G86', 'E86']
['A91', 'C91', 'F91']
['A77', 'D77', 'B77']
['G74', 'G39', 'B22']
['37', '40', '47']
['43', '45', '27']
['G48', 'E114', 'A3']
['D51', 'C51', 'B51']
['16', '13', 'D17']
['39', 'H77', 'F0']
['F13', 'E13', 'A32']
['A38', 'E38', 'F38']
['A42', 'C42', 'D42']
['H68', 'E68', 'C95']
['B9', 'F70', 'F111']
['E14', 'F14', 'D14']
['H56', 'H55', 'C5']
['H47', 'B59', 'H48']
['49', 'C99', 'G15']
['C33', 'B95', 'D95']
['H16', 'G4', 'E16']
['F80', 'E80', 'H80']
['56', 'F77', 'G61']
['F23', 'B25', 'G105']
['E90', 'G90', 'H90']
['36', 'B6', 'H40']
['E61', 'C61', 'D61']
['F48', 'A9', 'E48']
['B108', 'G10', 'F100']
['G98', 'F75', 'D5']
['G3', 'A49', 'H0']
['E74', 'H73', 'H74']
['E58', 'F58', 'A58']
['D80', 'C80', 'B80']
['C78', 'C79', 'A78']
['G12', 'E12', 'H12']
['D114', '65', 'G13']
['H43', 'A8', 'H44']
['H36', 'E36', 'B49']
['G11', 'G30', '33']
['H51', 'H52', 'D78']
['D8', 'G85', 'B39']
['F63', 'F54', 'A63']
['A61', 'F112', 'A112']
['H13', 'C32', 'G31']
['48', 'F12', 'A12']
['B11', 'B31', 'B58']
['B81', 'C81', 'D81']
['A18', 'B18', 'F18']
['F15', 'A15', 'C15']
['E87', 'G87', 'F87']
['F24', 'H58', 'C43']
['B27', 'F76', 'B87']
['C74', 'D74', 'C101']
['F8', 'B10', 'H111']
['D91', 'C73', 'B91']
['A30', 'F30', 'B30']
['F39', 'B75', 'H5']
['G38', 'D15', 'B15']
['H33', 'F42', 'H34']
['F7', 'C110', 'C111']
['G32', 'B83', '50']
['H89', '8', 'B23']
['G59', 'F108', 'D30']
['D112', 'C49', 'G80']
['B112', 'H96', 'H95']
['G70', 'D40', 'E40']
['D13', 'H49', 'C13']
['F5', 'B5', 'A5']
['C89', 'F28', 'A28']
['H115', 'B115', 'A115']
['D48', 'B36', 'C48']
['G104', 'G41', 'C94']
['G91', 'C31', 'C30']
['F84', 'C58', 'F41']
['E1', 'B16', 'G25']
['59', '64', '60']
