['638', '750', '601', '849', '120', '631', '642', '403', '947', '634', '559', '630', '646', '622', '472', '623', '637', '627', '501', '649', '628', '644', '740', '823', '300', '273', '563', '217', '621', '647', '258', '926', '852', '632', '633', '295', '44', '124', '626', '132', '474', '641', '636', '650', '635', '673', '26', '624', '362', '629', '645', '639', '500', '620', '625', '643', '640', '680']
['733', '737', '279', '751', '197', '728', '122', '717', '452', '725', '459', '107', '721', '237', '729', '734', '253', '56', '735', '414', '731', '306', '271', '347', '727', '715', '913', '392', '562', '713', '724', '86', '723', '671', '722', '714', '900', '569', '551', '829', '613', '738', '726', '719', '742', '302', '683', '716', '718', '464', '720', '741', '743', '739', '53', '216', '575', '736', '730']
['799', '807', '215', '832', '817', '828', '815', '782', '155', '835', '808', '312', '811', '813', '579', '834', '574', '816', '819', '806', '898', '358', '812', '825', '830', '814', '780', '340', '436', '833', '818', '820', '803', '769', '426', '831', '222', '699', '836', '440', '809', '827', '822', '895', '906', '706', '929', '84', '702', '113', '185', '700', '568', '824', '239', '821', '460', '810', '826', '534']
['859', '917', '856', '712', '582', '581', '558', '577', '571', '586', '892', '580', '570', '231', '921', '560', '493', '584', '920', '919', '583', '567', '572', '561', '587', '588', '576', '564', '845', '578', '573', '585', '841', '565', '566']
['936', '937', '665', '941', '91', '953', '311', '133', '129', '949', '958', '930', '933', '960', '162', '206', '154', '541', '931', '946', '938', '957', '178', '948', '480', '945', '754', '365', '934', '932', '775', '438', '939', '935', '232', '955', '467', '596', '276', '950', '674', '371', '943', '940', '956', '951', '850', '944', '952', '954', '959', '303']
['337', '338', '317', '326', '486', '324', '595', '333', '336', '319', '881', '316', '555', '412', '334', '761', '310', '321', '328', '313', '327', '752', '331', '325', '329', '323', '320', '322', '314', '539', '902', '435', '332', '315', '764', '330', '908', '318', '675', '556', '339', '847', '658', '335']
['533', '864', '837', '860', '854', '858', '862', '766', '163', '843', '866', '846', '922', '223', '838', '839', '855', '857', '863', '861', '865', '851', '840', '844', '918', '842', '867', '848']
['654', '463', '657', '523', '887', '662', '136', '924', '661', '667', '546', '130', '205', '152', '805', '470', '489', '666', '599', '615', '653', '651', '656', '678', '664', '798', '655', '880', '670', '247', '598', '659', '272', '2', '681', '676', '669', '677', '530', '672', '42', '660', '679', '663', '286', '668', '652']
['380', '402', '389', '383', '391', '482', '398', '387', '346', '395', '400', '379', '375', '393', '386', '544', '63', '361', '396', '51', '384', '131', '424', '382', '376', '200', '234', '394', '372', '388', '377', '381', '397', '244', '522', '483', '374', '378', '609', '18', '390', '357', '399', '401', '143', '373']
['490', '773', '49', '94', '758', '408', '103', '760', '115', '108', '903', '98', '106', '118', '111', '102', '123', '110', '93', '109', '117', '466', '112', '81', '27', '89', '96', '105', '785', '488', '100', '492', '468', '504', '99', '762', '101', '476', '532', '116', '95', '487', '104', '114', '121', '119', '465', '471', '228', '484', '97', '478', '6']
['3', '252', '763', '263', '255', '309', '600', '262', '278', '269', '251', '473', '756', '277', '275', '292', '261', '495', '266', '503', '249', '611', '274', '257', '245', '367', '248', '254', '264', '250', '270', '267', '265', '139', '296', '268', '259', '260', '256', '593']
['604', '608', '605', '590', '502', '182', '619', '617', '55', '616', '41', '603', '140', '610', '606', '425', '12', '612', '910', '594', '174', '591', '58', '618', '589', '171', '71', '597', '771', '128', '602', '592', '33', '607', '614']
['282', '305', '281', '308', '294', '293', '280', '284', '695', '301', '287', '283', '299', '879', '914', '788', '507', '297', '690', '289', '290', '285', '288', '307', '304', '688', '291', '298']
['693', '687', '697', '689', '707', '682', '691', '923', '224', '759', '904', '705', '790', '694', '710', '686', '711', '698', '746', '527', '684', '708', '703', '36', '696', '907', '701', '704', '709', '692', '343']
['547', '221', '545', '553', '65', '125', '909', '552', '536', '542', '543', '176', '385', '791', '520', '479', '794', '161', '240']
['757', '345', '894', '890', '183', '870', '744', '891', '535', '770', '878', '241', '886', '147', '893', '896', '62', '871', '517', '882', '888', '874', '872', '884', '868', '774', '515', '889', '50', '219', '869', '873', '749', '748', '875', '897', '883', '901', '765', '220', '151', '177', '885', '876']
['496', '427', '514', '508', '498', '526', '242', '519', '513', '512', '505', '0', '491', '497', '509', '35', '524', '516', '525', '518', '521', '506', '511', '423', '510', '494', '499']
['9', '17', '10', '28', '238', '11', '29', '77', '7', '550', '15', '19', '14', '475', '172', '16', '5', '25', '21', '8', '22', '24', '1', '4', '20', '433', '23', '30']
['853', '540', '802', '406', '804', '208', '415']
['445', '446', '457', '453', '448', '454', '444', '915', '135', '447', '434', '441', '439', '451', '442', '461', '462', '557', '916', '443', '455', '456', '450', '458', '437', '449', '481', '928']
['75', '173', '235', '419', '66', '166', '92', '243', '156', '168', '175', '227', '180', '230', '169', '685', '159', '160', '165', '167', '157', '531']
['422', '78', '942', '212', '181', '528', '80']
['148', '146', '351', '648', '153', '138', '126', '150', '213', '68', '145', '477', '141', '149', '142', '73', '772', '158']
['537', '360', '233', '354', '745', '352', '344', '342', '549', '369', '348', '778', '366', '82', '363', '72', '368', '236', '349', '370', '359', '364', '355', '554', '353', '201', '341', '350', '356', '218']
['70', '34', '60', '431', '38', '43', '46', '64', '57', '79', '47', '48', '37', '74', '32', '925', '61', '797', '45', '40', '755', '69', '54', '31', '184', '127', '85', '39', '59', '170', '52']
['179', '767', '793', '786', '777', '787', '784', '789', '779', '783', '792', '137', '796', '800', '781', '776', '801', '144', '795']
['413', '911', '548', '225', '420', '404', '410', '409', '407', '421', '417', '429', '405', '416', '411', '428', '418', '768', '927', '229', '430', '432', '753']
['134', '87', '90', '88', '13', '469', '529']
['203', '194', '186', '196', '188', '76', '207', '195', '192', '211', '905', '189', '912', '198', '214', '164', '202', '204', '210', '187', '83', '209', '191', '199', '193', '190']
['732', '67', '226', '246']
['485', '747', '899', '877', '538']
