['94', '336', '600', '255', '508', '379', '419', '691', '444', '109', '393', '421', '574', '178', '441', '664', '647', '442', '227', '86', '355', '426', '611', '232', '440', '443', '522', '18', '78', '83', '675', '267', '660', '260', '225', '158']
['337', '215', '279', '196', '630', '346', '410', '238', '498', '682', '7', '599', '284', '156', '694', '258', '261', '323', '174', '35', '641', '596', '598', '674', '676', '597', '209', '286', '229']
['648', '345', '693', '305', '129', '344', '586', '241', '308', '102', '64', '62', '280', '610', '112', '466', '543', '198', '439', '382', '655', '594', '322', '503', '40', '332', '25', '21', '290', '26', '479', '113', '128', '629', '22', '24', '20', '23', '680', '593']
['402', '338', '213', '103', '333', '108', '459', '667', '558', '281', '237', '540', '616', '27', '89', '180', '372', '504', '699', '132', '587', '670', '201', '650', '476', '669', '104', '556', '259', '88', '511', '460', '668', '494']
['496', '380', '537', '360', '608', '181', '361', '434', '656', '358', '105', '562', '359', '461', '405', '222', '416', '381', '71', '315', '289', '144', '362', '119', '8', '339', '357', '4', '218', '642', '578']
['604', '654', '406', '482', '486', '68', '354', '125', '448', '309', '106', '55', '606', '480', '493', '306', '560', '273', '563', '492', '200', '485', '171', '169', '635', '483', '101', '487', '264', '688', '87', '151', '484', '575', '481', '343']
['490', '34', '65', '523', '133', '352', '130', '369', '502', '526', '375', '617', '623', '366', '79', '74', '515', '621', '612', '462', '314', '388', '467', '659', '248', '5', '532', '524', '210', '33', '645', '127', '42', '85', '573', '525', '639', '643', '433', '59', '510']
['179', '76', '205', '316', '107', '549', '294', '293', '192', '57', '386', '140', '72', '283', '292', '295', '455', '288', '564', '291', '265', '90', '679', '449', '53', '561', '373', '6']
['463', '10', '145', '528', '582', '75', '662', '559', '38', '420', '661', '98', '142', '619', '251', '12', '96', '376', '100', '0', '234', '495', '219', '249', '377', '99', '673', '378', '677', '285', '36', '592', '268', '97', '469', '216']
['446', '221', '413', '212', '453', '412', '541', '414', '653', '236', '347', '240', '370', '351', '539', '468', '365', '411', '636', '613', '350', '374', '307', '84', '121', '401', '17', '432']
['9', '3', '91', '595', '398', '431', '73', '470', '278', '117', '328', '166', '37', '92', '277', '51', '275', '429', '243', '678', '392', '436', '175', '633', '172', '245', '247', '588', '276', '304', '696', '167', '191', '220', '228', '239', '521', '177', '478', '30']
['427', '457', '60', '120', '115', '136', '404', '400', '11', '182', '689', '154', '29', '135', '550', '224', '501', '579', '327', '301', '15', '299', '488', '50', '138', '150', '557', '353', '137', '176', '371', '95', '54', '330', '139', '208', '585', '458']
['445', '533', '252', '601', '581', '605', '634', '173', '263', '111', '348', '627', '269', '517', '425', '81', '628', '396', '271', '505', '520', '32', '340', '626', '507', '114', '624', '456', '165', '296', '500', '625', '423', '298']
['194', '326', '324', '452', '687', '226', '162', '454', '334', '110', '637', '363', '473', '313', '417', '512', '424', '217', '422', '497', '686', '591', '274', '576', '685', '341', '428', '690', '684', '302', '385', '516', '270', '67', '672', '1', '415', '430']
['203', '638', '383', '49', '548', '590', '546', '395', '195', '472', '513', '310', '77', '41', '544', '312', '13', '695', '349', '331', '214', '58', '438', '367', '589', '547', '80', '256', '545']
['70', '389', '282', '631', '499', '538', '571', '409', '570', '622', '66', '584', '583', '451', '325', '671', '61', '124', '618', '2', '681', '202', '250', '160', '568', '530', '518', '663', '335', '52', '569', '126']
['657', '186', '408', '188', '183', '28', '152', '319', '123', '489', '407', '242', '147', '321', '189', '649', '287', '14', '146', '475', '364', '320', '164', '257', '141', '397', '185', '184', '609', '31', '602', '683', '187', '390', '143', '39', '399', '199', '534', '190']
['153', '233', '665', '197', '122', '646', '207', '231', '148', '163', '155', '246', '666', '211', '262', '149', '300', '384', '529', '567', '394', '698', '244', '297', '159', '204', '471', '620', '157', '607', '565', '303', '356', '566', '170', '692', '535']
['391', '552', '403', '477', '577', '697', '206', '555', '93', '223', '536', '651', '644', '131', '19', '329', '168', '632', '572', '554', '509', '435', '551', '272', '527', '418', '465', '450', '553', '464', '437']
['134', '317', '311', '342', '514', '387', '43', '46', '118', '235', '580', '519', '253', '56', '47', '603', '63', '615', '48', '447', '368', '82', '44', '491', '266', '230', '474', '45', '16', '69', '542', '254', '116', '318', '658', '506', '193', '614', '531', '640', '652', '161']
