['456', '965', '998', '729', '405', '675', '726', '85', '921', '847', '417', '521', '819', '628', '437', '17', '430', '985', '432', '330']
['631', '108', '600', '346', '489', '379', '66', '189', '579', '747', '361', '724', '491', '539', '591', '16', '659', '674', '669', '865', '67', '996', '506', '298']
['402', '786', '68', '145', '98', '421', '72', '473', '543', '358', '503', '775', '99', '781', '955', '289', '288', '706', '977', '33', '696', '22', '614', '193', '23']
['524', '793', '886', '237', '683', '234', '513', '24', '333', '954', '511', '152', '396', '349', '158']
['129', '75', '828', '881', '980', '386', '649', '888', '27', '884', '798', '442', '797', '809', '276', '254', '748', '250', '845', '151', '663', '415', '928']
['570', '917', '612', '682', '128', '55', '391', '186', '937', '29', '228', '452', '342', '904', '2', '374']
['445', '113', '940', '914', '323', '194', '533', '322', '946', '578', '879', '725', '484', '438', '695', '826', '73', '424', '30']
['408', '842', '504', '82', '127', '582', '927', '717', '140', '201', '535', '441', '287', '487', '343']
['496', '160', '34', '622', '345', '419', '549', '686', '728', '741', '449', '970', '332', '873', '371', '878']
['84', '364', '540', '355', '433', '530', '124', '117', '63', '296', '166', '984', '157', '972', '395', '690', '373', '451']
['351', '926', '285', '214', '922', '666', '266', '532', '167', '817', '670', '816', '367', '821', '770', '874', '316', '919', '25', '156']
['168', '555', '648', '910', '295', '554', '751', '718', '224', '112', '964', '635', '176', '229']
['771', '567', '645', '326', '765', '368', '178', '469', '59', '640', '867', '730']
['104', '526', '114', '211', '515', '406', '87', '165', '568', '62', '215', '212', '596', '141', '303', '992', '968', '308', '455']
['564', '293', '57', '488', '733', '462', '35', '39', '431', '53', '571', '410', '241']
['767', '182', '359', '407', '389', '233', '79', '91', '685', '788', '574', '605', '12', '173', '625', '656', '95', '976', '593', '499']
['282', '760', '577', '142', '502', '294', '778', '253', '517', '871', '81', '240', '340', '787', '411', '137', '587', '746', '742', '208', '810', '423']
['454', '436', '307', '632', '594', '482', '693', '40', '248', '260', '43', '895', '825', '848']
['925', '366', '758', '65', '854', '701', '880', '97', '272', '429', '668', '885', '752', '400']
['49', '136', '911', '891', '309', '805', '147', '262', '912', '37', '818', '180', '722', '869', '509', '676', '906', '609', '875', '291', '90', '565', '753']
['541', '991', '9', '627', '187', '172', '544', '42', '660', '363', '824', '566', '613', '46', '801', '315', '301', '558']
['118', '988', '794', '856', '252', '941', '1', '909', '21', '493', '13', '827', '872', '920', '680', '15']
['697', '261', '754', '616', '249', '448', '385', '508', '31']
['974', '196', '662', '552', '226', '409', '498', '375', '637', '434', '384', '227', '230', '274', '673', '943', '542', '450', '850', '959', '286', '460', '478']
['331', '64', '270', '495', '710', '138', '938', '901', '900', '251', '610', '76', '618', '967', '514', '479', '899']
['153', '44', '957', '209', '447', '993', '51', '74', '283']
['320', '265', '125', '486', '672', '471', '745', '953', '916', '159', '216', '806', '101', '281', '302', '785', '235']
['179', '602', '334', '204', '894', '671', '213', '630', '470']
['547', '604', '773', '890', '831', '808', '573', '269', '935', '38']
['732', '18', '562', '780', '803', '7', '394', '712', '247', '273', '772']
['766', '325', '929', '655', '629', '557', '58', '372', '639', '924', '480', '652', '719', '170', '580']
['242', '802', '311', '48', '834', '658', '949', '404', '231', '642', '981', '861']
['584', '601', '317', '626', '887', '877', '759', '607', '458', '634', '581', '420', '930', '510']
['10', '932', '365', '720', '620', '527', '290', '392']
['36', '623', '312', '995', '305', '313', '232', '755', '275', '812', '195', '975']
['258', '110', '713', '483', '750', '843', '360', '550', '796', '4', '560', '661', '225', '822', '520', '583']
['971', '689', '463', '734', '592', '838', '650', '243', '271', '319']
['376', '757', '999', '779', '388', '692', '47', '191', '529', '545', '677', '708']
['619', '492', '465', '188', '653', '284', '711', '236', '764', '664', '11']
['859', '853', '109', '608', '893', '783', '181', '328', '590', '300', '341', '749', '126']
['735', '350', '990', '169', '820']
['721', '78', '723', '866', '267', '907', '606', '743', '107']
['14', '774', '864', '481', '597']
['956', '657', '497', '782', '556', '143', '477', '428', '709', '206']
['89', '519', '633', '103', '380']
['799', '154', '814', '93', '246', '41', '353', '149', '306', '667', '439', '6', '369']
['835', '352', '870', '132', '978']
['314', '714', '197', '501', '183', '641', '467', '177', '858', '507', '830', '569']
['427', '624', '915', '705', '585', '20', '933', '102']
['264', '292', '163', '60', '339', '464', '792', '589', '839', '92', '531', '987']
['329', '561', '278', '876', '997', '862', '217']
['370', '490', '203', '638', '83', '763', '882', '588', '144', '105']
['654', '973', '444', '457', '703', '279', '505', '896', '603', '800', '277', '945']
['446', '962', '348', '923', '699', '836', '860', '435', '453', '841', '512', '399']
['100', '761', '77', '56', '474', '518', '5']
['687', '523', '116']
['148', '707', '516', '80', '963', '559', '813', '378', '586']
['70', '184', '857', '769', '528', '903', '740', '88']
['119', '338', '944', '139', '414', '679', '425', '244', '161', '736']
['335', '362', '61', '466', '443', '71', '738']
['476', '844', '239', '198', '383']
['318', '849', '120', '599', '902', '534']
['851', '440', '715', '220']
['354', '377', '403', '199', '776', '130', '185']
['422', '461', '28', '122', '245', '947', '815']
['840', '908', '155', '468', '485', '426', '357', '268', '698', '459', '218', '347']
['702', '210', '611', '756', '898', '123']
['617', '192', '846', '135', '257', '381', '551', '546', '966', '855']
['413', '688', '651', '598', '791', '621']
['832', '804', '536', '45', '548', '576', '162']
['681', '222', '768', '219', '784']
['647', '694', '700', '86', '883', '595', '615', '986', '979', '961', '960']
['934', '390', '111', '356']
['50', '727', '795', '150']
['0', '897', '716', '525', '948', '739', '868']
['297', '146', '336', '387']
['500', '952', '344', '32', '889']
['321', '939', '202', '26']
['175', '572', '115', '259', '69', '207', '96']
['575', '704', '324', '263']
['106', '94', '863', '823']
['918', '164', '731', '829', '913', '983']
['472', '989', '833', '691', '133']
['171', '397', '777']
['790', '936', '537', '256']
['54', '134', '643', '190']
['418', '223', '538', '522', '255', '950', '678']
['221', '982', '807', '553', '665', '416', '837', '398', '646']
['8', '280']
['52', '401']
['994', '238', '644', '958']
['789', '327', '811', '905', '942']
['475', '636', '205', '684', '494', '892']
['337', '121', '762', '931', '131']
['174', '304', '563', '737']
['200']
['310', '951', '19', '299', '382']
['412', '852']
['393']
['969', '3', '744']
