['907', '122', '670', '247', '425', '565', '89']
['865', '778', '553', '693', '282', '817', '158']
['751', '528', '967', '387', '532', '116', '298']
['266', '557', '870', '352', '199', '933', '772']
['572', '849', '837', '453', '847', '806', '690']
['929', '767', '537', '200', '909', '437', '646']
['793', '189', '363', '720', '448', '663', '240']
['802', '645', '831', '447', '473', '588', '825']
['944', '722', '108', '874', '945', '876', '46']
['757', '729', '890', '61', '955', '534', '563']
['622', '234', '223', '636', '342', '531', '451']
['957', '595', '838', '248', '511', '356', '289']
['258', '688', '550', '573', '828', '508', '879']
['442', '564', '204', '227', '246', '582', '743']
['833', '138', '934', '728', '518', '705', '6']
['436', '940', '55', '288', '47', '790', '126']
['724', '754', '941', '558', '275', '54', '583']
['721', '78', '504', '854', '45', '99', '350']
['570', '748', '931', '875', '471', '367', '848']
['412', '411', '305', '903', '809', '107', '31']
['203', '519', '691', '150', '696', '262', '224']
['329', '594', '172', '846', '590', '273', '190']
['184', '337', '526', '163', '608', '360', '167']
['689', '683', '279', '310', '40', '635', '685']
['64', '516', '252', '103', '614', '643', '217']
['250', '114', '351', '844', '434', '873', '392']
['713', '119', '39', '711', '201', '299', '777']
['732', '110', '270', '269', '37', '244', '827']
['18', '233', '403', '658', '752', '535', '11']
['737', '491', '761', '22', '958', '545', '470']
['160', '274', '610', '804', '698', '673', '272']
['362', '192', '686', '135', '105', '668', '241']
['104', '372', '421', '500', '452', '596', '130']
['56', '368', '781', '341', '225', '753', '330']
['604', '383', '41', '139', '198', '101', '74']
['612', '402', '318', '486', '921', '948', '382']
['322', '213', '239', '88', '739', '73', '19']
['971', '784', '566', '726', '774', '830', '826']
['7', '381', '872', '395', '749', '862', '102']
['682', '632', '568', '143', '659', '98', '432']
['165', '591', '212', '899', '303', '656', '254']
['427', '100', '162', '285']
['331', '666', '249', '466', '765', '747', '346']
['707', '320', '503', '759', '276', '794', '782']
['541', '261', '186', '820', '268', '459', '316']
['488', '49', '215', '414', '812', '118', '708']
['399', '327', '544', '915', '220']
['50', '857', '0', '312', '24', '493', '420']
['221', '228', '284', '521', '625', '593', '861']
['703', '94', '733', '365', '76', '232', '527']
['14', '624', '293', '253', '954', '38', '494']
['851', '637', '789', '28', '145', '888', '515']
['379', '922', '77', '640', '469', '522', '575']
['148', '926', '763', '883', '112', '59', '123']
['780', '304', '366', '923', '972', '542', '680']
['154', '237', '797', '501', '75', '576', '920']
['799', '771', '908', '1', '841', '667', '913']
['140', '651', '548', '176', '514', '25', '302']
['325', '633', '769', '796', '912', '487']
['638', '657', '326', '653', '821', '676', '742']
['182', '937', '426', '397', '404', '281', '727']
['956', '495', '932', '745', '970', '441', '652']
['524', '601', '62', '90', '598', '384', '798']
['446', '626', '480', '776', '815', '791', '881']
['475', '34', '731', '178', '467', '309', '868']
['671', '716', '864', '679', '80', '111', '499']
['717', '701', '644', '85', '290']
['323', '818', '758', '536', '613', '159', '529']
['597', '292', '36', '965', '896', '170', '308']
['894', '278', '63', '800', '641', '551', '371']
['168', '533', '265', '770', '243', '479', '697']
['856', '775', '930', '106', '684', '906', '889']
['910', '175', '82', '871', '585', '428', '855']
['214', '472', '127', '902', '171', '300', '142']
['555', '419', '58', '144', '207', '677', '400']
['897', '267']
['3', '338', '191', '259', '20', '630', '571']
['735', '390', '208', '615', '398', '319', '32']
['496', '750', '616', '125', '136', '950', '238']
['84', '925', '83', '115', '417', '51', '315']
['211', '554', '353', '245', '639', '589', '505']
['93', '492', '599', '324', '257', '429', '669']
['380', '914', '627', '180', '174', '963', '205']
['461', '194', '744', '333', '332', '746', '283']
['853', '67', '196', '863', '823', '415', '202']
['407', '654', '391', '10', '72', '97', '277']
['389', '655', '66', '819', '755', '968', '795']
['52', '164', '477', '256']
['918', '416', '188', '579', '756', '443']
['917', '146', '602', '814', '260', '5', '430']
['445', '773', '540', '887', '618', '374', '692']
['307', '845', '901', '792', '311', '474', '607']
['340', '44', '355', '866', '230', '408', '578']
['787', '147', '210', '850', '788', '306', '373']
['942', '465', '893', '574', '949', '440', '715']
['567', '388', '662', '964', '839', '69', '349']
['128', '444', '714', '834', '506', '344', '904']
['454', '962', '109', '606', '53', '335', '287']
['314', '48', '650', '507', '813', '966', '30']
['179', '905', '406', '718', '149', '336', '498']
['348', '843', '435', '741', '2', '674', '15']
['345', '556', '687', '959', '961', '423', '943']
['242', '699', '882', '484', '885', '96', '385']
['413', '734', '916', '431', '378', '736', '455']
['60', '592', '393', '620', '891', '476', '439']
['70', '946', '33', '12', '661', '21', '231']
['124', '808', '712', '464', '65', '760', '960']
['9', '197', '251', '132', '560', '569', '156']
['418', '675', '79', '869', '460', '681', '664']
['672', '660', '361', '396', '297', '549', '928']
['609', '886', '482', '811', '328', '218', '805']
['502', '807', '485', '895', '919', '580']
['832', '509', '880', '600', '483', '586', '892']
['766', '405', '394', '924', '546', '738', '709']
['113', '513', '137', '229', '131', '678', '161']
['969', '462', '120', '42', '4', '947', '177']
['458', '121', '740', '953', '235']
['134', '450', '768', '824', '193', '409', '706']
['497', '631', '525', '81', '313', '584', '26']
['702', '468', '530', '783', '449', '173', '822']
['859', '463', '375', '779', '23', '719']
['422', '155', '629', '16', '816', '43', '185']
['264', '723', '280', '401', '169', '226', '343']
['370', '334', '951', '29', '187', '263', '538']
['490', '936', '295', '587', '438', '764', '481']
['364', '710', '842', '762', '512', '27', '410']
['456', '222', '801', '520', '95', '730']
['619', '321', '339', '117', '296', '35', '561']
['603', '357', '151', '935', '858', '236', '867']
['840', '376', '700', '577', '347', '478', '369']
['359', '219', '91', '860', '634', '878']
['725', '317', '611', '649', '835']
['623', '87', '68', '952', '829', '884', '206']
['547', '562', '183', '911', '433', '785']
['153', '377', '129', '152', '286', '17', '301']
['617', '457', '354', '133', '543', '605', '642']
['86', '166', '559', '216', '255', '704', '621']
['852', '803', '665', '8', '523', '695', '71']
['294', '57', '209', '517', '628', '358', '510']
['489', '694', '539', '581', '939', '92', '424']
['647', '552', '836', '13', '810', '898', '195']
['927', '938', '786', '386', '271']
['648', '291', '877', '900', '181', '157', '141']
