['757', '750', '402', '94', '194', '482', '28', '662', '559', '600', '412', '64', '181', '117', '909', '269', '328', '759', '368', '198', '904', '275', '301', '283', '19', '168', '814', '754', '650', '428', '330', '104', '36', '645', '620']
['654', '936', '186', '196', '173', '255', '316', '226', '409', '29', '321', '37', '27', '441', '505', '678', '156', '376', '331', '175', '411', '863', '377', '711', '781', '244', '746', '950', '802', '907', '768', '585', '640', '704', '158']
['767', '233', '188', '595', '528', '410', '182', '729', '501', '756', '872', '913', '855', '405', '322', '474', '40', '176', '764', '895', '290', '455', '753', '602', '951', '318', '701', '20', '286', '663', '469', '415', '545', '494', '777']
['486', '864', '324', '548', '319', '878', '241', '11', '407', '294', '444', '57', '905', '691', '41', '599', '466', '740', '236', '774', '422', '261', '497', '234', '164', '869', '45', '443', '674', '906', '772', '26', '516', '679', '876']
['34', '751', '941', '122', '744', '630', '43', '395', '881', '238', '978', '862', '975', '375', '957', '414', '251', '543', '816', '644', '621', '889', '462', '611', '245', '669', '254', '289', '861', '875', '553', '339', '399', '170', '795']
['203', '413', '523', '832', '145', '398', '453', '858', '206', '766', '886', '606', '921', '51', '919', '790', '292', '833', '323', '594', '671', '174', '932', '827', '542', '285', '845', '210', '592', '209', '90', '847', '157', '430', '593']
['917', '380', '657', '533', '360', '252', '817', '336', '558', '646', '207', '46', '154', '7', '278', '48', '912', '823', '392', '86', '172', '132', '367', '440', '2', '371', '341', '52', '977', '8', '720', '484', '565', '229', '709']
['496', '608', '924', '778', '544', '888', '358', '920', '298', '356', '451', '694', '925', '364', '468', '485', '365', '503', '877', '509', '788', '984', '588', '297', '676', '929', '994', '119', '267', '986', '521', '478', '961', '534', '692']
['120', '282', '887', '432', '333', '431', '891', '342', '263', '404', '98', '966', '843', '223', '386', '480', '529', '884', '567', '495', '789', '557', '831', '249', '71', '54', '677', '456', '67', '883', '220', '824', '193', '642', '481']
['179', '212', '958', '309', '985', '508', '498', '102', '310', '312', '811', '82', '396', '695', '131', '74', '910', '724', '150', '222', '416', '618', '935', '5', '522', '487', '185', '700', '83', '675', '944', '842', '927', '97', '23']
['221', '153', '344', '930', '211', '627', '66', '550', '747', '306', '656', '515', '987', '370', '562', '492', '632', '461', '295', '314', '58', '353', '35', '25', '706', '187', '990', '165', '716', '260', '614', '506']
['853', '937', '457', '763', '68', '354', '108', '903', '334', '761', '653', '493', '429', '705', '825', '787', '973', '852', '180', '137', '99', '201', '596', '659', '698', '684', '78', '121', '265', '127', '42', '460', '59', '578', '343']
['60', '890', '849', '213', '745', '129', '514', '205', '235', '682', '419', '915', '540', '792', '615', '425', '898', '798', '793', '227', '655', '668', '397', '749', '479', '378', '160', '844', '208', '191', '228', '518', '177', '743', '17']
['3', '389', '601', '125', '947', '130', '142', '73', '892', '570', '969', '628', '806', '15', '240', '340', '488', '214', '820', '900', '381', '171', '507', '755', '726', '532', '899', '204', '956', '291', '471', '143', '510', '6', '126']
['215', '75', '776', '107', '195', '782', '794', '379', '293', '155', '734', '735', '79', '140', '63', '300', '981', '382', '32', '436', '769', '266', '589', '332', '169', '681', '483', '690', '302', '128', '897', '672', '996', '739', '652']
['338', '693', '631', '911', '828', '152', '111', '732', '541', '454', '237', '666', '579', '834', '178', '313', '563', '217', '100', '200', '320', '426', '775', '955', '564', '850', '530', '22', '556', '568', '511', '643', '335', '810', '144']
['70', '859', '391', '115', '136', '949', '546', '400', '147', '922', '838', '12', '948', '347', '287', '424', '146', '803', '686', '916', '591', '274', '257', '587', '626', '232', '613', '101', '708', '784', '167', '525', '239', '433', '848']
['134', '773', '133', '311', '808', '135', '277', '727', '830', '715', '818', '797', '372', '880', '636', '248', '685', '159', '943', '31', '982', '18', '114', '464', '151', '39', '993', '607', '199', '161']
['799', '490', '786', '856', '758', '326', '582', '805', '989', '721', '55', '637', '896', '980', '517', '284', '839', '13', '972', '945', '647', '988', '355', '539', '219', '699', '141', '276', '84', '624', '683', '259', '268', '80', '928']
['383', '894', '406', '317', '665', '552', '605', '281', '162', '118', '697', '923', '56', '280', '112', '473', '92', '299', '879', '713', '857', '714', '388', '551', '829', '673', '576', '635', '350', '373', '547', '771', '4', '225', '867']
['183', '860', '815', '308', '472', '513', '109', '262', '47', '363', '536', '81', '882', '149', '271', '868', '976', '105', '325', '633', '783', '504', '836', '762', '738', '597', '702', '918', '139', '765', '401', '303', '813', '575', '680']
['604', '10', '837', '352', '369', '243', '584', '349', '812', '329', '394', '902', '670', '939', '467', '598', '476', '991', '696', '24', '500', '88', '218', '885']
['717', '38', '770', '661', '960', '470', '231', '616', '72', '166', '560', '612', '359', '435', '69', '95', '288', '250', '390', '952', '954', '561', '992', '30']
['446', '91', '103', '854', '420', '933', '619', '489', '242', '998', '942', '603', '62', '421', '574', '327', '384', '273', '780', '44', '572', '723', '710', '438', '247', '641', '527', '968', '385', '184', '688', '573', '959', '658', '499']
['49', '728', '725', '634', '459', '535', '346', '549', '123', '192', '393', '731', '417', '819', '512', '752', '664', '50', '926', '0', '124', '873', '719', '742', '840', '264', '703', '362', '33', '450', '967', '841', '423', '736', '190']
['638', '962', '807', '9', '953', '760', '452', '689', '617', '93', '163', '938', '447', '871', '964', '874', '583', '258', '475', '138', '116', '971', '865', '304', '270', '418', '901', '801']
['427', '345', '712', '76', '667', '571', '106', '580', '519', '931', '366', '866', '649', '361', '983', '14', '442', '491', '554', '230', '822', '374', '748', '629', '87', '1', '660', '216']
['337', '463', '537', '737', '408', '403', '687', '448', '538', '586', '502', '348', '707', '110', '946', '965', '846', '77', '224', '796', '434', '89', '785', '914', '979', '272', '202', '851', '307', '465', '85', '449', '821']
['648', '733', '581', '970', '477', '387', '577', '148', '555', '622', '253', '893', '835', '189', '610', '520', '997', '96', '826', '934', '722', '800', '791', '21', '609', '908', '296', '357', '741', '53', '625', '531', '566', '569', '730']
['445', '999', '279', '779', '65', '197', '974', '870', '305', '590', '963', '526', '246', '623', '651', '439', '351', '61', '804', '16', '809', '315', '524', '113', '940', '718', '995', '639', '437', '458', '256']
