['250', '50', '100', '200', '0', '450', '550', '339', '581', '431', '397', '350', '73', '116', '400']
['592', '230', '24', '274', '525', '574', '193']
['345', '180', '533', '530', '251', '201', '480', '580', '130', '430', '30']
['436', '36', '86', '186', '486', '386', '181', '536', '136', '443', '236', '31']
['221', '379', '121', '119', '62', '129', '521', '171', '371', '21']
['351', '265', '189', '1', '501', '311', '151', '551', '51', '101', '301', '161']
['179', '184', '304', '57', '7', '426', '79', '504', '357', '143', '112', '157', '507', '207']
['340', '562', '540', '29', '320', '190', '139', '390', '96', '90', '40', '590', '440', '534', '290', '240']
['110', '210', '60', '10', '360', '310', '452', '560', '336', '460', '273', '510', '410', '451']
['292', '242', '192', '93', '375', '42', '47', '342', '92', '335', '542', '289', '392']
['160', '66', '166', '589', '16', '423']
['307', '380', '147', '457', '557', '257', '552', '333', '39']
['490', '541', '291', '97', '441']
['597', '18', '270', '318', '462', '68', '582', '25', '586']
['258', '454', '461', '8', '58', '408', '324', '305', '45', '108', '458', '173', '152', '286', '558', '358', '202', '158', '508', '308']
['362', '317', '67', '213', '117', '167', '573', '517', '367', '417', '467', '17', '315', '217']
['182', '419', '163', '156', '539', '382', '482', '330', '132', '595', '232', '43', '532', '32']
['49', '366', '120', '249', '599', '432', '99', '399', '449', '199', '149', '349', '549', '299', '499']
['64', '391', '491', '56', '41', '591', '91', '280', '191', '81', '141', '341', '347', '241', '470']
['468', '568', '197', '447', '75', '218', '476']
['264', '14', '114', '564', '364', '325', '314', '61', '164', '464', '247', '514', '538', '89', '162', '231']
['203', '70', '153', '3', '261', '253', '553', '503', '266', '353', '252', '403', '103', '4', '453', '53', '303', '2', '527', '478']
['519', '246', '302', '321', '471', '225', '271', '531', '571', '578', '254', '343']
['337', '237', '55', '556', '37', '437', '387', '487']
['168', '418', '268', '284', '518', '588', '281', '593']
['323', '554', '523', '354', '421', '106', '177', '71', '316', '95']
['329', '526', '442', '516', '492', '326', '145', '543', '176', '26']
['389', '406', '416', '269', '245', '425', '169', '469', '69', '319', '19', '369']
['84', '34', '427', '134', '413', '295', '234', '338', '484', '434', '255', '584', '15', '126']
['570', '52', '128', '78', '28', '212', '328', '528', '228', '178', '506', '428', '378']
['488', '138', '188', '388', '438', '88', '38', '404', '206', '288']
['496', '146', '446', '238', '196', '579', '296', '596', '275', '396', '546', '346', '566', '46']
['547', '334', '393', '220', '473', '368', '248', '429', '577', '373', '118', '569']
['555', '407', '456', '155', '405', '355', '140', '5', '205', '505', '229', '243', '195', '105', '455']
['365', '282', '82', '6']
['154', '297', '497', '150', '500', '435', '300', '395', '439', '575', '123']
['502', '294', '142', '94', '44', '444', '594', '394', '414', '260', '244', '144', '494']
['489', '227', '215', '279', '77', '127', '377', '327', '477', '27', '277', '256', '102']
['411', '361', '511', '565', '385', '561', '54', '11']
['376', '76', '239', '493', '576', '276', '226']
['479', '83', '233', '33', '312', '133', '12', '512', '433', '483', '520', '481', '283', '583']
['344', '544', '131', '194', '356']
['567', '267', '65', '363', '208', '352']
['359', '9', '175', '214', '109', '165', '219', '223', '509', '209', '259', '459', '559', '309', '216', '59', '159', '409', '515']
['422', '415', '402', '383', '572', '472', '172', '322', '22', '372', '222', '122', '72', '262', '272', '522', '23']
['475', '204', '211', '285', '495', '485', '135', '125', '85', '137', '585', '35', '535', '235', '185']
['331', '412', '104', '537', '187', '87', '587', '420', '384', '287']
['148', '348', '370', '278', '48', '401', '548', '198', '598', '448', '80', '98', '170', '298', '498']
['113', '463', '513', '465', '183', '466', '63', '20', '313', '381', '13', '332', '263', '107', '529', '563', '111']
['524', '445', '293', '174', '124', '224', '115', '474', '398', '306', '74', '374', '545', '424']
