['NHQ', 'NCRT', 'JGYAV', 'SX', 'HM', 'HUJ', 'SJDFDP', 'BOBVEH', 'CDCD', 'NKPG', 'EUPZ', 'Z', 'GLP', 'LKF', 'VVN']
['KL', 'ZL', 'KWKJX', 'A', 'QV', 'RKAMR', 'BDICG', 'TD', 'WS', 'DU', 'AOLAX', 'EYNMW', 'XDF', 'IPE', 'BEZW']
['WX', 'NTH', 'OITV', 'OKCPU', 'GXXJLE', 'OE', 'UIRH', 'MDP', 'KJTB', 'HRV', 'HQYNX', 'GNWAP', 'XW', 'MQTP', 'RDINYY']
['KXJ', 'QBNQF', 'LIO', 'MFYA', 'BVRU', 'ZS', 'DAC', 'YSEKHP', 'BFHD', 'PUQKP', 'SPSM', 'FS', 'IWLH', 'EGCCZ', 'BBSCG']
['FQII', 'PNMTS', 'EEO', 'JITAE', 'QQ', 'VH', 'KGLX', 'JALH', 'PODI', 'MIE', 'QKFKPY', 'WSQU', 'LXM', 'WT', 'MXOVAA']
['FC', 'EXE', 'ORL', 'KEJ', 'AAZKDE', 'BTJV', 'PLPJX', 'X', 'TRJ', 'PZKMIY', 'CVNLM', 'TTVR', 'KFVRBD']
['QYGM', 'OFZMDV', 'JD', 'VCMPPU', 'FAP', 'UCIREG', 'UPPN', 'DZNGGC', 'GKT', 'NUV', 'JXCGEA']
['JJGZ', 'GCY', 'UFQNFV', 'EOGRE', 'WJZU', 'SW', 'QCFSUQ', 'GGML', 'H', 'OKZF', 'HL', 'SUEY', 'BUNPYK', 'FESKYH', 'BTQWU']
['VPFW', 'IBSPT', 'QVMBU', 'ELCMCJ', 'MPHP', 'DYYT', 'AVF', 'XOQT', 'MDQR', 'ASVIRM', 'LGXG', 'VNM', 'NEDR', 'CZD', 'BKZKQI']
['XJJEMP', 'FLBKSA', 'YN', 'MZILPS', 'XEYIK', 'UFQ', 'FZQIS', 'CZWTSV', 'MKNPM', 'WPDQ', 'CQW', 'HRYBTQ', 'RF', 'HCDN', 'UGO']
['WISR', 'G', 'LJSQVB', 'XR', 'PXTMN', 'HULCO', 'PHHGS', 'BFI', 'GZ', 'L', 'TAJ', 'CVPVRF', 'LNLI', 'FVEOMN', 'IUBB']
['GUIET', 'BVI', 'B', 'JU', 'ICM', 'ACE', 'OMBK', 'NIA', 'JYDE', 'MTW', 'AQGY', 'NJIWI', 'LGOO', 'LWEHAN', 'ARNUC']
['ZZO', 'QLZUVP', 'BICF', 'XLP', 'XYOVX', 'CPXCN', 'WRLAGX', 'XNE', 'JNAGC', 'CE', 'NQI', 'ICJDE', 'QMNE', 'WJDR', 'XC']
['TBEQ', 'NNYU', 'PD', 'BCLG', 'DKX', 'DZR', 'O', 'QDB', 'MKF', 'OB', 'UP', 'BJ', 'CRBE', 'GDPC', 'EV']
['HEWHYE', 'UXB', 'GD', 'EWIG', 'UEATF', 'WCXA', 'SZFE', 'ZSKAOE', 'HSU', 'ZTNOH', 'LP', 'MG', 'FZOO']
['UESLBT', 'AXNTN', 'YOIOT', 'ME', 'LKZT', 'OBS', 'EOQ', 'YZLB', 'KOXT', 'TC', 'ESBBD', 'AIGG', 'VVEY', 'KUUHYV', 'RBQF']
['EMQD', 'TPFC', 'JFPTF', 'ZGYY', 'HIDSH', 'WVEMBG', 'RMP', 'PCAG', 'OHDZ', 'AFHY', 'ST', 'TZIH', 'MIHSET', 'MBO']
['PUQPLP', 'QRGJVT', 'FVXRX', 'XNLRP', 'LMAD', 'WALJML', 'POG', 'QCK', 'DT', 'NHEI', 'RHAL', 'KKVM', 'CUU', 'EOIEQ', 'JTVA']
['DXC', 'EUR', 'XQHYLY', 'NCCM', 'FT', 'SHCKZ', 'PPQKM', 'FJH', 'TI', 'LBEOZ', 'DOKHQP', 'NWVC']
['GUSM', 'DQNA', 'FOSFP', 'LHK', 'ZDWUDN', 'CTLR', 'ZIVJ', 'DEFB', 'AYXAC', 'UFLGMK', 'MOH', 'ZZCMBG', 'MYPZSE']
['IDWS', 'VPL', 'HXUL', 'SDHQOO', 'WQIFJ', 'OA', 'RY', 'HXUAA']
['HKLSE', 'QNVTV', 'C', 'NUZTJO', 'SWYV', 'QJVMSO', 'DIEGC', 'XAQJC', 'ABZOZ', 'UJTRG', 'AEQBYO', 'SU', 'PT', 'UBYO', 'Y']
['BUYVB', 'EL', 'DRW', 'HMVYIB', 'JKC', 'MAUNXC', 'VWT', 'CKB', 'HPV', 'TP', 'KVF', 'VI', 'VQJV', 'JZ', 'AEZJPF']
['CTL', 'GDUI', 'KKUPUT', 'QIDDC', 'HLPIZ', 'DLOP', 'JFI']
['DMJP', 'VXJA', 'TIZXQE', 'WKV', 'UFMJ', 'OURYH', 'DEUZ', 'ZARFVS', 'HW', 'IWH', 'TOMX', 'PWMVP', 'UXZEDF', 'RHVNLM', 'RNAZS']
['QZTMV', 'YDH', 'FCH', 'EXOVOE', 'MPPDAX', 'YCNGLS']
['ZSC', 'NXRYEZ', 'OQ', 'GG']
['UV', 'GNJXZM', 'EXDJ', 'OVHY', 'MGQVC', 'IYO', 'EBKGGP', 'NAUX', 'ZHF', 'XL', 'RFWFI', 'WEF', 'DO', 'XHA', 'XIEKUP']
['OV', 'IBEEG', 'QPDEUN', 'LHQ', 'BS', 'HWH', 'QCY', 'IPXF', 'TVXIJP', 'QMIC', 'RGFRV', 'KXHCD', 'QDA', 'RXFUJH', 'OS']
['MEZVS', 'XVIWH', 'DKC', 'D', 'WVQ', 'GVFC', 'EFT', 'HNPX', 'FSM', 'CDV', 'ZVWIGT', 'DM', 'QREUG']
['BIYQCY', 'FLESMK', 'CXLN', 'EVX', 'FJMOCR', 'VU', 'GPWG', 'IAR', 'NODUO', 'ULPW', 'SMN']
['HBYUH', 'CITH', 'GKWDB', 'HEJ', 'CWI', 'HSY', 'FH', 'OFD', 'RHQTRA', 'XMMF', 'ZA', 'SWGOR', 'NY', 'CVF', 'QWEEI']
['DXIM', 'WGA', 'DVFGAY', 'DPAMFD', 'SIUEM', 'YMYLNP', 'BICTN', 'JKLZC', 'HFGUWD', 'GPLHAJ']
['LO', 'TTXZDL', 'IZXY', 'CRE', 'QYO', 'XM', 'UVE', 'NFL', 'SBNMRS', 'J', 'BE', 'DUJCM', 'QS', 'AIEJN', 'QI']
['WI', 'AOTR', 'MMKT', 'WNFWJ', 'CA', 'RTUH', 'YHEOEP', 'GTETE', 'LFBKWG', 'JXNF', 'LVYEPG', 'LZTQ', 'ERELJJ', 'KP', 'LK']
['KI', 'PKCSI', 'KQB', 'JA', 'DQMGX', 'PXBVWP', 'QKDPR', 'SZO', 'IFRVB', 'GQIBEQ', 'GO', 'KLKP', 'PHVVKX', 'GLQ', 'KPA']
['CXDWFJ', 'XB', 'IQYALQ', 'AI', 'XQQ', 'GBTCV', 'KXVNLD', 'RA', 'NPUTDO', 'YER', 'M', 'UGGRSF', 'LE', 'WAQUK', 'TQEPA']
['GKSLPF', 'TWQKH', 'LQJKLH', 'HER', 'WQ', 'OPKCPI', 'AODSNC', 'WCQSF', 'PXOAD', 'RC', 'OFNJXS', 'OQV', 'JAJQTK', 'BY', 'AGOVWE']
['WFKJ', 'LJLWU', 'ULYZYS', 'EEAJ', 'WBEJA', 'RBTT', 'DYZXC', 'QC', 'ZIGH', 'VZDU', 'KPXECX', 'WFOM', 'ENJGYD', 'BX', 'ZWFX']
['XJA', 'GLI', 'PJS', 'UO', 'TZPSJ', 'XZ', 'DKAUX', 'UMU', 'EC', 'RRSCI', 'WKW', 'QLZ', 'DY', 'EMOM', 'GZV']
['JS', 'ATAU', 'VEW', 'GMO', 'FO', 'HYUOM', 'JC']
['ZBC', 'WZVLIU', 'JJV', 'TINNN', 'KEK', 'CXD', 'NMY', 'XDFYNF', 'VXYYL']
['MURSB', 'LZKJ', 'ERAP', 'HMEAT', 'MNZY', 'NBTNXT', 'XQ', 'VYNS', 'LIHCRY', 'KOBP', 'XAXTZP', 'AJRKR', 'RWCHAF', 'CNOC', 'JW']
['S', 'QSRGJZ', 'TRNWAE', 'CYLS', 'MK', 'ALJGX', 'JRTSXL']
['P', 'U', 'ER', 'PMDRY', 'T', 'CR', 'XFV', 'I', 'LUKE', 'DMHKJ', 'PIUU', 'ZLQ', 'BZKQ', 'N', 'MHJBHM']
['IM', 'VOP', 'XCPN', 'MN', 'QEP', 'LQYYG', 'FSTSU', 'VFJKMK', 'FCWKK', 'RBLO', 'LH', 'NYAVP', 'QHO', 'K', 'GPMB']
['QZDE', 'WEFEWV', 'WFFDC', 'KVDQKA', 'UK', 'VZ', 'JMFXDQ', 'VOGY', 'NTRWJU', 'RNIWL', 'YTL', 'ITZFQK', 'RJMGB', 'GBPB', 'DBW']
['AKXN', 'WDKC', 'JNTSGE', 'IKL', 'LI', 'JFE', 'QF', 'LVJVBN', 'KABWQD', 'QPHW', 'CFQ', 'UAAFO', 'VOPR', 'CFKSDN', 'GZZ']
['FVCVM', 'SQV', 'TKFJR', 'LWSFT', 'YYXQPD', 'GRXI']
['XIS', 'NHJIA', 'VOL', 'ZNII', 'JBM', 'RHNSE', 'BXF', 'CKURLE', 'LMPGA', 'KUDND', 'KSCJXB', 'PF', 'RYSJ', 'FAXUT', 'RZ']
['CEN', 'WRIRHZ', 'TNJNZI', 'TNO', 'IO', 'MLEDX', 'OPUZ', 'ZNUMS', 'DVBB', 'UBG', 'JMXZ', 'INEQYV', 'PNDPR', 'VA', 'PEFUXT']
['PDBQ', 'NCIN', 'UHN', 'YT', 'HKCG', 'WKNO', 'BF', 'MZPJ', 'AWQ', 'QFNZYJ', 'BSE', 'VS', 'FOCO', 'PSCUQN', 'TE']
['RJVOA', 'MCHFU', 'XUY', 'AHEG', 'YHO', 'NJTTL', 'EWYNI', 'XNBWEA', 'PKI', 'KKUL', 'YQGH', 'RRYFB', 'SHLGE', 'HQ', 'CNB']
['PTYEFH', 'SVP', 'R', 'QAZ', 'VNPT', 'RAVJ', 'LZPU', 'IBDD']
['MTNV', 'ZQ', 'HSWC', 'JHQXV', 'ALJ', 'OJLH', 'WBBL', 'DYKA', 'XOKO', 'CKOO', 'FZVER', 'BDIDDO', 'ZRXM', 'GAH', 'SKGAW']
['JAQSYZ', 'CBM', 'GTRVNI', 'CBI', 'AHV', 'QT', 'BDFHHB', 'OEKEWW', 'RWELAF', 'DZMIAZ', 'HMWLSN', 'TOAIW', 'HETJG', 'DDA', 'PWCT']
['GLPFDA', 'LAMQM', 'KBNKCH', 'UTXY', 'VPGZJO', 'MLIFD', 'RIU']
['HUR', 'ATKT', 'IRRZEF', 'GU', 'ZCVW', 'RFEVG', 'LXDDV', 'MULG']
['AMED', 'QUBT', 'NYNO', 'HGHXB', 'XRNUJH', 'PCHZW', 'NQQ', 'HGHPUD', 'QQXOE', 'TTZDM', 'ZLY', 'QWMUG', 'VX', 'NOU', 'AWZMMA']
['ZP', 'SZF', 'QICRNV', 'YEXGF', 'LZ', 'BKLUQD', 'LXXMN', 'RROJ', 'HII', 'KCLG', 'MIKOWM', 'CLG', 'JPZI', 'XNHKML', 'VP']
['FRRXC', 'IVAVSM', 'TFJ', 'NCEVSG', 'IER', 'QRI', 'JKBPRG', 'ZGA', 'ZUF', 'RNIM', 'LXMKI', 'JVVDT', 'XHCNVH', 'CKHO', 'LMDB']
['CPNN']
['ZD', 'VUM', 'AOOX', 'MA', 'MM', 'KDS', 'LNTTE', 'XRQVFG', 'PB', 'MHLMD', 'KS', 'YP', 'JMIRVA', 'BHG', 'IZ']
['HCBC', 'SADF', 'QLL', 'XSPT']
['LXW', 'DI', 'KLXH', 'NRKXSF']
['FB', 'NQAC', 'BLOKFF', 'SBHVUO', 'IH', 'WQWBQ', 'CTGL', 'KDH', 'VHIY', 'W', 'CKYAWJ', 'UWHOPP', 'DZP', 'VJR', 'DDUKO']
['MPPY', 'RZWBQ', 'LVN', 'OJ', 'MXBVCY']
['MQR', 'JRW', 'HECKTM', 'WHFW', 'NU', 'ABMO']
['NNQPC', 'DPN', 'SYR', 'OJQR', 'CBVM', 'ILGXAY', 'NVM', 'JEF', 'HNDFU', 'FTVSYI', 'JBA', 'UKG', 'URWYI', 'FQ']
['F', 'Q']
['PA', 'RQXZE', 'NQNU', 'NQ', 'AJ', 'IA', 'AV', 'AJC', 'TTPWLF']
['DKI', 'SMIRZ', 'UFMNWB', 'VK', 'YGVXCR', 'HGM']
['BDL', 'IY', 'ROD', 'XMKVC', 'XAQK', 'FCW', 'PPVLEY', 'LRGJ', 'YUBU', 'GJG', 'IMMDN', 'RSO', 'SH', 'MKFH', 'BMW']
['TKJ', 'HUJEHQ', 'CRAMW', 'GB', 'DJXQQ', 'HD', 'DJXGWY']
['BCGPM', 'FN', 'RAUQ', 'ZIG', 'RGF', 'BSB']
['BORKE', 'KMCY', 'FEEIF', 'ZGFEU', 'ICUXOW', 'XSV', 'PGTGW', 'PK', 'IWQ', 'NQJUT', 'JVN', 'UAJOX', 'QX', 'RLS', 'UFHV']
['DZW', 'XYC', 'EIX', 'RCWK']
['V', 'MSY', 'OFHA', 'ZDKDHY', 'WCALR', 'RUTMF', 'E', 'OKH']
['TDT', 'OTIA', 'BG', 'HZQ', 'FCN', 'DIGJ', 'TPRJ']
['DVL', 'RADV', 'ZGJOG', 'NLV', 'HF', 'XFQCI', 'HTRKVL', 'WA', 'UW', 'ICKR', 'CT', 'AO', 'MF', 'EZZ', 'NRDYW']
