['337', '427', '282', '197', '183', '129', '452', '136', '336', '148', '64', '57', '242', '29', '155', '223', '41', '421', '140', '112', '425', '361', '493', '396', '51', '273', '89', '439', '15', '32', '392', '370', '100', '175', '495', '86', '58', '411', '201', '381', '367', '332', '397', '176', '101', '315', '202', '374', '21', '378', '455', '104', '116', '289', '121', '204', '267', '22', '339', '167', '24', '296', '268', '357', '484', '239', '80', '469', '433', '423', '52', '478', '499', '70', '496', '179', '402', '345', '9', '383', '134', '360', '338', '213', '233', '354', '122', '324', '212', '420', '263', '319', '98', '395', '162', '316', '111', '11', '489', '237', '246', '109', '55', '62', '363', '466', '48', '47', '81', '300', '275', '74', '287', '283', '424', '299', '14', '351', '50', '364', '227', '461', '200', '314', '462', '394', '222', '416', '485', '426', '467', '141', '169', '371', '483', '59', '479', '25', '290', '54', '185', '264', '187', '83', '450', '67', '291', '1', '208', '399', '228', '151', '259', '53', '97', '229', '356', '415', '225', '430', '432', '6', '298', '30', '10', '252', '408', '120', '76', '152', '205', '43', '309', '207', '195', '409', '46', '400', '454', '294', '375', '192', '211', '163', '444', '253', '393', '117', '72', '37', '178', '327', '480', '277', '243', '384', '422', '436', '359', '492', '355', '468', '266', '405', '172', '249', '322', '274', '245', '230', '99', '474', '248', '440', '159', '302', '487', '385', '285', '18', '128', '78', '160', '270', '87', '464', '220', '191', '20', '157', '449', '216', '256', '218', '144', '481', '126', '490', '203', '343', '445', '194', '186', '406', '391', '482', '188', '91', '486', '115', '145', '317', '108', '431', '342', '344', '173', '404', '130', '38', '281', '477', '308', '498', '123', '412', '231', '147', '366', '310', '77', '414', '328', '447', '12', '92', '434', '349', '96', '382', '376', '331', '442', '488', '44', '214', '150', '491', '164', '372', '353', '388', '132', '438', '16', '40', '171', '272', '443', '69', '2', '276', '476', '350', '26', '288', '113', '36', '362', '33', '471', '401', '39', '458', '260', '193', '177', '303', '335', '17', '373', '190']
['221', '153', '94', '413', '60', '68', '196', '403', '311', '226', '206', '241', '470', '102', '154', '182', '93', '7', '262', '386', '189', '251', '66', '284', '368', '13', '306', '347', '19', '451', '340', '325', '295', '497', '138', '320', '124', '257', '45', '244', '250', '307', '265', '8', '390', '199', '286']
['184', '234', '125', '453', '313', '352', '88', '27', '441', '236', '95']
['84', '3', '49', '139', '305', '90', '166', '143', '500', '131', '254']
['292', '304', '463', '135', '459', '107', '410', '118']
['4', '380', '106', '28', '165']
['473', '428', '255']
['75']
['215']
['448']
['110']
['61']
['56']
['261']
['323']
['437']
['301']
['312']
['330']
['161']
['379']
['247']
['460']
['235']
['297']
['377']
['326']
['168']
['417']
['435']
['63']
['149']
['35']
['209']
['73']
['224']
['280']
['156']
['137']
['446']
['71']
['34']
['494']
['181']
['465']
['429']
['472']
['23']
['42']
['133']
['258']
['5']
['269']
['85']
['146']
['105']
['418']
['31']
['457']
['119']
['334']
['321']
['103']
['217']
['240']
['358']
['365']
['398']
['82']
['65']
['232']
['127']
['456']
['79']
['170']
['278']
['475']
['389']
['114']
['158']
['198']
['180']
['210']
['142']
['407']
['329']
['238']
['293']
['387']
['346']
['341']
['369']
['333']
['318']
['174']
['271']
['348']
['219']
['419']
['279']
