['786', '737', '360', '196', '403', '255', '308', '606', '649', '236', '727', '216', '219', '372', '775', '711', '551', '443', '18', '771', '22', '658', '739', '801', '6', '343']
['380', '452', '453', '770', '546', '470', '284', '27', '277', '275', '429', '723', '863', '245', '670', '576', '302', '708', '330', '264', '706', '210', '645', '481', '161', '499']
['70', '213', '605', '477', '263', '558', '43', '346', '878', '782', '761', '653', '839', '424', '495', '880', '762', '588', '159', '749', '677', '524', '458', '303', '575', '494']
['654', '413', '420', '107', '570', '721', '57', '7', '616', '37', '89', '358', '678', '32', '44', '789', '591', '435', '374', '702', '362', '696', '165', '8', '660', '88']
['9', '817', '528', '281', '206', '93', '41', '278', '536', '574', '306', '695', '243', '790', '240', '724', '818', '377', '45', '532', '185', '456', '167', '720', '423', '736']
['337', '391', '197', '661', '667', '310', '811', '603', '615', '384', '785', '632', '320', '124', '222', '797', '332', '669', '104', '78', '784', '83', '90', '679', '268', '569']
['799', '733', '533', '406', '693', '581', '110', '691', '472', '417', '806', '830', '168', '633', '655', '164', '587', '132', '232', '507', '25', '296', '525', '437', '239', '561']
['30', '10', '608', '98', '366', '155', '637', '393', '425', '644', '131', '505', '261', '174', '438', '800', '116', '609', '450', '718', '1', '97', '510', '170', '777', '190']
['179', '648', '134', '856', '282', '577', '29', '79', '550', '517', '178', '493', '217', '468', '137', '315', '684', '378', '385', '464', '357', '607', '741', '821', '704', '680']
['194', '279', '68', '125', '28', '183', '634', '881', '123', '689', '348', '237', '627', '579', '327', '752', '621', '351', '787', '388', '21', '592', '765', '399', '177', '373']
['638', '631', '687', '344', '400', '502', '541', '407', '412', '866', '66', '599', '166', '694', '857', '227', '314', '722', '69', '2', '483', '701', '565', '810', '642', '730']
['427', '383', '120', '459', '387', '410', '111', '732', '334', '796', '301', '146', '405', '485', '322', '172', '554', '659', '822', '681', '67', '209', '260', '484', '229', '709']
['496', '326', '590', '342', '207', '195', '619', '379', '756', '610', '473', '882', '300', '583', '299', '19', '15', '138', '671', '247', '635', '288', '339', '511', '286', '535']
['750', '860', '404', '630', '226', '235', '224', '181', '140', '363', '731', '396', '780', '100', '641', '636', '276', '738', '95', '289', '84', '113', '675', '390', '585', '531']
['490', '457', '864', '133', '514', '152', '102', '182', '147', '729', '62', '328', '414', '480', '323', '769', '295', '365', '877', '99', '467', '685', '742', '265', '716', '566']
['221', '657', '233', '523', '744', '352', '776', '549', '238', '162', '555', '47', '63', '48', '560', '283', '563', '647', '442', '820', '234', '831', '101', '455', '31', '703']
['60', '758', '186', '46', '766', '293', '540', '109', '81', '368', '271', '798', '562', '754', '249', '598', '440', '755', '341', '479', '121', '700', '465', '228', '841', '534']
['445', '3', '601', '145', '115', '858', '148', '154', '835', '280', '269', '656', '359', '180', '150', '503', '873', '428', '418', '568', '85', '208', '824', '59', '826', '848']
['757', '712', '828', '409', '846', '808', '56', '819', '584', '872', '105', '331', '292', '394', '618', '698', '613', '169', '26', '285', '187', '220', '625', '158', '298', '795']
['324', '73', '707', '622', '843', '666', '312', '434', '349', '439', '96', '382', '475', '50', '491', '61', '557', '783', '668', '474', '596', '650', '547', '20', '23', '876']
['34', '665', '188', '91', '486', '548', '336', '794', '262', '82', '813', '774', '392', '16', '829', '297', '674', '676', '476', '840', '802', '639', '620', '506', '218', '430']
['446', '552', '305', '369', '489', '617', '163', '112', '747', '198', '740', '874', '812', '520', '715', '156', '567', '793', '803', '462', '626', '257', '851', '119', '80', '469']
['252', '849', '317', '482', '212', '595', '333', '398', '646', '309', '508', '447', '816', '325', '497', '781', '201', '248', '5', '597', '160', '629', '267', '139', '672', '144']
['153', '463', '389', '108', '448', '38', '11', '64', '211', '55', '223', '72', '628', '149', '433', '788', '204', '318', '127', '143', '847', '521', '256', '17', '753', '126']
['203', '537', '779', '662', '717', '316', '580', '454', '192', '421', '838', '436', '364', '699', '272', '809', '202', '114', '516', '688', '471', '39', '449', '53', '643', '356']
['345', '773', '763', '76', '75', '395', '142', '498', '375', '501', '651', '451', '488', '539', '266', '611', '416', '40', '589', '54', '254', '844', '401', '614', '335', '593']
['807', '49', '103', '559', '538', '130', '319', '682', '513', '77', '189', '544', '705', '664', '422', '214', '686', '397', '746', '371', '719', '291', '883', '42', '743', '867']
['859', '94', '853', '215', '854', '725', '571', '106', '759', '543', '823', '273', '329', '492', '869', '673', '350', '290', '250', '602', '304', '845', '683', '573', '652', '529']
['354', '760', '118', '253', '321', '466', '251', '313', '361', '512', '74', '825', '370', '612', '833', '852', '0', '572', '426', '176', '171', '827', '522', '157', '225', '692']
['832', '129', '815', '519', '242', '623', '734', '386', '117', '441', '51', '347', '258', '340', '594', '710', '509', '791', '527', '542', '726', '487', '128', '270', '33', '24']
['311', '205', '600', '697', '231', '735', '792', '376', '814', '86', '836', '367', '381', '141', '690', '861', '564', '875', '850', '556', '768', '500', '199', '193', '432', '478']
['870', '122', '526', '294', '419', '92', '868', '515', '855', '713', '175', '200', '353', '274', '411', '244', '71', '764', '52', '624', '842', '151', '518', '460', '415', '545']
['338', '65', '728', '136', '173', '586', '862', '805', '778', '246', '834', '13', '287', '879', '14', '230', '58', '35', '772', '184', '553', '530', '4', '663', '640', '578']
['865', '444', '135', '714', '871', '259', '12', '431']
['408', '36', '504']
['604', '461', '751', '87', '804', '837', '241']
['355', '191']
['745']
['748', '307']
['402']
['582']
['767']
