['456', '734', '33', '896', '16', '829', '428', '481', '697', '385']
['345', '779', '557', '995', '390', '108', '449', '762', '743', '431']
['601', '902', '847', '628', '141', '819', '152', '558', '395', '158']
['612', '463', '886', '996', '474', '717', '620', '993', '409', '161']
['773', '485', '426', '783', '596', '97', '963']
['982', '786', '632', '627', '150', '252', '523', '205', '636', '874']
['971', '771', '787', '121', '638', '267', '209', '212', '839', '968']
['647', '597', '160', '977', '250', '699', '157', '667', '273', '6']
['750', '526', '365', '716', '112', '698', '483', '749', '111', '861']
['654', '293', '936', '666', '900', '305', '959', '514', '448']
['962', '297', '67', '197', '599', '660', '788', '480', '546', '430']
['128', '64', '488', '242', '462', '792', '765', '45', '315', '439']
['502', '814', '182', '340', '530', '41', '447', '661', '371', '231']
['926', '362', '937', '138', '61', '172', '582', '888', '903', '906']
['179', '723', '849', '877', '122', '912', '643', '303', '885', '238']
['427', '436', '825', '468', '314', '486', '82', '386', '610', '586']
['793', '933', '285', '464', '536', '911', '945', '950', '746', '123']
['851', '114', '592', '266', '354', '860', '972', '350', '378', '830']
['36', '391', '890', '312', '85', '363', '745', '263', '753', '879']
['422', '492', '922', '645', '836', '20', '459', '243', '782', '535']
['184', '567', '991', '192', '754', '927', '171', '676', '19', '156']
['925', '513', '326', '135', '48', '984', '625', '106', '790', '330']
['18', '602', '261', '657', '265', '679', '939', '477', '301', '889']
['307', '334', '973', '637', '230', '188', '414', '891', '563', '32']
['495', '311', '35', '228', '525', '970', '958', '928']
['475', '998', '769', '247', '635', '356', '43', '892']
['604', '402', '34', '62', '149', '507', '344', '961']
['454', '146', '310', '317', '918', '591', '953', '871', '151', '286']
['845', '990', '117', '517', '882', '791', '578', '992', '777']
['694', '682', '852', '655', '864', '870', '99', '284', '239', '185']
['497', '534', '789', '887', '268', '673', '38', '522', '410']
['148', '380', '294', '893', '603', '909', '854', '580']
['932', '763', '124', '811', '208', '880', '658', '752', '881', '102']
['748', '969', '224', '711', '327', '560', '352', '618']
['490', '564', '988', '186', '728', '1', '796', '467', '74']
['496', '689', '372', '869', '804', '90', '69', '51', '415', '73']
['541', '989', '784', '539', '87', '921', '92', '652', '529', '805']
['702', '703', '366', '187', '360', '29', '394', '503', '585', '440']
['203', '894', '155', '944', '181', '167', '731', '651', '469', '545']
['833', '227', '279', '553', '850', '605', '216', '498']
['799', '733', '56', '282', '177', '868']
['914', '60', '461', '253', '398', '954', '588', '795', '206', '308']
['1000', '803', '194', '857', '219', '719', '981', '384', '542', '373']
['295', '608', '65', '278', '543', '199', '650', '346', '976', '736']
['630', '842', '641', '659', '229', '335', '23', '290']
['113', '79', '120', '482', '140', '306', '668', '527', '997', '217']
['840', '444', '965', '139', '824', '198', '441', '225', '726', '764']
['721', '700', '986', '590', '607', '821', '432', '52', '487']
['780', '153', '623', '491', '58', '506', '176', '271', '101']
['376', '78', '712', '974', '756', '299', '708']
['412', '418', '820', '213', '274', '425', '37', '434', '966', '369']
['691', '915', '509', '269', '528', '809', '5', '505', '569']
['622', '761', '675', '257', '453', '272', '470']
['465', '556', '251', '191', '770', '695', '276', '98', '144', '975']
['50', '364', '572', '21', '920', '162', '794', '515']
['609', '562', '707', '938', '832', '587', '967', '193', '943', '884']
['910', '640', '662', '518', '404', '577', '287', '709', '298']
['445', '258', '519', '688', '828', '27', '433', '738']
['40', '684', '132', '737']
['570', '853', '401', '438', '551', '521', '634', '207', '727', '235']
['405', '222', '367', '59', '898', '479', '105']
['446', '442', '296', '399', '538', '89', '774', '46', '15', '621']
['683', '86', '554', '7', '841', '13', '341', '202', '283', '255']
['648', '44', '55', '450', '288', '63', '615', '256', '742', '126']
['270', '710', '125', '91', '435', '75', '653', '873', '826', '730']
['956', '127', '934', '916', '504', '863', '817', '781', '663', '17']
['3', '49', '856', '83', '77', '595', '800', '510', '678', '876']
['865', '351', '810', '951', '714', '672', '948', '396', '705', '26']
['908', '200', '246', '28', '768', '760', '313', '300', '423', '190']
['331', '489', '321', '656', '901', '493', '336', '387', '226']
['147', '846', '548', '935', '690', '878']
['931', '355', '671', '291', '411', '96', '952', '169', '715', '400']
['57', '807', '540', '196', '189', '806', '429']
['923', '568', '393', '353', '649', '706', '361', '2', '642', '382']
['154', '471', '822', '681', '347', '54', '583', '913']
['547', '524', '164', '797', '631', '639', '581', '776', '823']
['130', '589', '617', '872', '245']
['70', '994', '134', '338', '183', '775', '924', '687', '309', '978']
['633', '533', '735', '611', '76', '947', '173', '827', '289']
['104', '110', '929', '389', '163', '802', '145', '740', '674', '25']
['500', '875', '843']
['985', '831', '4', '178', '739', '801', '476', '862']
['348', '214', '629', '249', '512', '930']
['264', '946', '844', '166', '458', '71', '575', '508', '983']
['143', '593']
['406', '494', '606']
['600', '39']
['325', '407', '211', '42', '137', '552', '571', '867']
['917', '304', '262']
['379', '22', '343']
['14', '168', '419', '10', '520', '437', '704', '680', '855', '31']
['778', '322', '8', '573', '744', '460', '358', '532', '116', '392']
['93', '234', '751', '941', '103', '759', '417', '248', '484', '692']
['342', '47']
['555', '452', '718', '942', '685']
['221', '713', '9', '323', '544', '834', '260']
['53', '815', '277']
['175', '665', '68', '747', '511', '584', '107', '302', '424', '499']
['329', '729', '320', '897', '280', '377', '220', '701', '420', '785']
['223', '24', '813', '598', '236', '349', '316', '960']
['81', '624', '443', '531']
['259', '999', '669', '626', '72']
['100', '119', '237', '758', '980', '466', '357', '720', '131']
['337', '949']
['537', '318', '233', '501', '565', '576', '559', '159']
['408', '772', '677', '332']
['457', '818', '883', '979', '549', '254', '478']
['210', '724', '109', '957', '324', '403', '333', '80', '798', '30']
['757', '619', '413', '416', '613', '904', '451', '240']
['616', '339', '670', '201', '899', '848']
['374', '905']
['767', '812', '664']
['858', '397']
['766', '516', '383', '472', '215', '696', '561', '722', '275', '142']
['741', '232', '11']
['940', '204', '907', '725', '816', '244']
['579', '566', '686', '133']
['614', '328']
['370', '174', '421', '550', '987']
['732', '84', '375', '835', '808', '368', '319', '919', '195']
['165', '388', '115', '837', '281', '473', '955', '755', '895', '95']
['866', '381', '170', '180']
['859', '292', '359', '136', '129', '574']
['94', '594', '66', '644', '646', '88', '218']
['693', '838', '964', '12', '241', '118', '455']
