['kkkkkkkkkkkkkkk', '8888888', 'YYYYYYYYYYYYYY', 'UUUUUUUUUUUUUUU', 'VVVVVVVVVVVVVV', '8', '5555', 'cccccccccc', 'HHHHHHHHHHHHHH', '8888888888', '88', 'AAA', '88888888888', '88888', '8888', 'CCCCCCCCC', '888888', 'BB', '888888888888']
['P', 'PPPPPPPPPPP', 'PPPPPPPPPPPP', 'C', 'B', 'PPP', 'PPPPPPPPPPPPP', 'DDDDDDDD', '33', '333', 'yyyyyy', 'PPPP', 'AAAAAAAAAAAAAAAA', 'CC', 'PPPPPP', 'PP', 'PPPPPPPPP']
['PPPPPPPPPPPPPPPP', 'PPPPPPP', 'HHHHHHHHHHHHHHH', 'PPPPPPPPPP', 'YYYYYYYYYYYYYYYY', 'ssssssss', 'KKKKKK', '111111111', 'PPPPP', 'NNNNNNNN', 'DDDDDDDDDDDD', 'PPPPPPPPPPPPPPP', 'BBBBBB']
['555', '555555555555555', '5555555', '55555555555', '55555555', '55', 'MMMMMMMMMMMM', 'nnnnnnnnnnnnnn', 'nn', 'mmm', '5', '55555555555555', '555555', '5555555555555', 'BBBBBBBBBBB', '55555', '555555555', '5555555555555555']
['JJ', 'JJJJJ', 'HHH', 'vvvvvvvvvv', 'JJJJJJJJJJJJJJJ', 'JJJ', 'JJJJJJJJJJJJJ', 'JJJJJJJ', 'QQQQQQQQQQQQQQQ', 'VVVVVVVVVVVVV', 'JJJJJJJJJJJJJJJJ', 'JJJJJJJJJJJ', 'J', 'ss', 'JJJJJJJJJJ', 'JJJJJJJJ', 'JJJJJJJJJJJJ', 'JJJJJJJJJ', 'JJJJJJJJJJJJJJ']
['TTT', 'TTTTTTTTTTTTT', 'nnnnnnnnnnnnnnn', 'TTTT', 'TTTTTTT', '3333', 'TTTTTTTT', 'uuuuuuuuuuu', 'AAAAAAAAAAAAAAA', 'TTTTTTTTTTTT', 'tttttttt', 'vvvvvvvvv', 'T', 'TTTTTTTTTT', 'DDDDDDDDDDDDDDD', 'KKKKKKK', 'KKKKKKKKK', 'TTTTTTTTT', 'TTTTTTTTTTT', 'TT', 'ssssssssssss', 'TTTTTT', 'TTTTTTTTTTTTTTT', 'iiiiiiii', 'TTTTTTTTTTTTTTTT', 'AA']
['v', 'vvvvvvvvvvv', 'IIIIIIIIIIIIII', 'IIIIIIII', 'YY', 'IIIIIIIIIIII', 'IIIIII', 'HHHHHHHHHH', 'III', '888', 'VVVV', 'nnnnnnnnn', 'uuuuuuuu', 'IIIIIIIIIIIIIII', 'II', 'IIIII', 'IIIIIIIIIII']
['wwwwwwwww', 'wwwwwwwwwwww', 'ddddddddddd', 'V', 'ssssssssssssssss', 'wwwwwwwwwwwwwwww', 'wwwwwwwwwww', 'wwwwwwwwwwwwwww', 'wwwwwwwwwwwwww', 'BBBBBBBBB', 'u', 'GGGGG', '5555555555', 'wwwwwww', 'H', 'mmmmmmmm', 'iiiii', 'w', 'wwwwwwwwww']
['ggg', 'eeeeeeeeeeee', 'gggggggggggggg', 'uuuuuuuuuuuuuuuu', 'iiiiiiiiiiii', 'ggggggggggggg', 'gggggg', 'ccccccccccc', 'ggggggggg', 'gggggggggggggggg', 'ggggggg', 'm', 'VVVVVVVVVVVVVVVV', 'xx', 'gggg', 'KKKKKKKK', 'gg', 'g']
['nnnnnnnnnnn', 'MMMMMM', 'nnnn', 'BBBBBBBBBBBB', 'MMM', 'MMMMMMMM', 'MMMMMMMMMM', 'MMMMMMMMMMMMMMMM', 'MMMMMMMMMMM', 'HHHHHHH', 'MMMM', 'MMMMMMMMMMMMM', 'ttttttttttt', 'CCCCCCCCCCCCCC', 'MM', 'VVVVVVVVVVV', 'MMMMMMM', 'uuuuuuuuu', 'MMMMMMMMMMMMMMM', 'MMMMMMMMMMMMMM', 'MMMMMMMMM']
['NNNNNNNNNNNN', 'BBBBBBBBBB', 'NNNN', 'rrrrrrrrrrrrrrr', 'NNNNN', 'NNNNNNN', 'NNNNNNNNNNNNNNNN', 'NNNNNNNNNN', 'NNNNNNNNN', 'NNNNNNNNNNN', 'KKKKKKKKKKKK', 'NNNNNNNNNNNNN', 'YYYYYYYYYY', 'NNNNNNNNNNNNNN', 'NN', 'YYYYYYYY', 'NNN', 'N']
['nnnnnnn', 'CCCCCCC', '6666666666', '6666', '666', '66', '6666666', 'VVVVVVVVVV', '666666666666666', '666666', '66666666', '66666', '666666666666', '66666666666666', '66666666666', '6666666666666666', '666666666', 'jjjjjjjjjjjjjjjj', '6', '6666666666666']
['111111111111111', '1111', '11111', 'sssssssssssssss', '111111111111', '1111111', '1111111111111111', '11111111111111', '11111111111', '1', 'ccc', '1111111111', 'AAAAA', 'ssssss', '111111', '11111111', '111', '11']
['vv', 'ggggg', 'OOOOOOOOOOO', '3333333', 'gggggggggggg', 'mmmmmmmmmmmm', 'ii', 'NNNNNNNNNNNNNNN', 'QQQQQ', 'DDDDDDDDDDDDD', 'TTTTTTTTTTTTTT']
['QQQQQQQQQQQ', 'QQQ', 'VVVVVVVVVVVVVVV', 'QQQQQQ', 'iiiiiiiii', 'QQ', 'AAAAAAAAAAA', 'Q', 'QQQQQQQQQQQQ', 'QQQQQQQQQ', 'CCCCCC', 'QQQQQQQQQQQQQQ', 'QQQQQQQQQQ', 'QQQQQQQ', 'QQQQQQQQQQQQQ', 'QQQQ']
['CCCCCCCCCCCCCCC', 'qqqqqq', 'jjjjjjjj', '88888888888888', 'qqqqq', 'qqqqqqqq', 'qqqqqqqqqqqqqqqq', 'qqqqqqqqqqqqqq', 'qqqqqqqqqq', 's', 'qq', 'sssssss', 'ffff', 'ggggggggggg', 'qqqqqqqqq', 'qqqqqqqqqqq', 'BBBBBBB', 'qqqqqqqqqqqqq']
['sss', 'kkkkkkkk', 'KKKKKKKKKKKKK', 'kkkk', 'cccccccccccccc', 'nnn', 'kkkkk', 'kkk', 'kkkkkkk', 'kkkkkkkkk', 'kk', 'ssssssssss', 'kkkkkkkkkk', 'dddddddddddddd', 'kkkkkk', 'dddddddddddd', 'k', 'kkkkkkkkkkkkk']
['S', 'SSSSSSSSSSSSSSS', 'SSSSSSSS', 'SSSSSSSSSSSSS', 'jjjjj', 'SSSSSSSSS', 'SS', 'SSSSSSSSSS', 'A', 'AAAAAAAAAAAA', 'D', 'NNNNNN', 'SSSSSSSSSSSSSSSS', 'SSSSSS', 'SSSS', 'SSSSSSS', 'SSSSSSSSSSSSSS', 'SSSSSSSSSSSS', 'SSSSSSSSSSS']
['tttttttttt', 'XXXXXXX', 'XXXXXXXXXXX', 'KKKKKKKKKKK', 'XXXX', 'XXX', 'CCCCCCCCCCCCC', '444444444', 'DDDDDDDDD', 'XXXXXX', 'XXXXXXXXXX']
['333333333333333', 'mmmmmmmmmmm', 'hhhhhhhhhhhhhhhh', 'PPPPPPPPPPPPPP', 'sssssssss', 'JJJJ', 'KKK', 'cccc', 'aa']
['ccccccccccccc', 'cccccc', 'XXXXXXXXXXXXXXXX', 'ttttttttt', 'XXXXXXXXXXXXXXX', 'XXXXXXXX', 'XXXXXXXXXXXXX', 'HH', 'XX', 'HHHHHHHHHHHHH', 'HHHHHHHHHHH', 'XXXXX', 'X']
['pppppppppppppp', 'VVVVVVVVVVVV', 'ppppppppppp', 'vvvvvv', 'pppppppppp', 'pp', 'pppppppp', 'ppppppppppppp', 'jjjjjjjjjjjjjjj', 'CCCCC', 'ppppp', 'ppppppp', 'pppppppppppp', 'pppppp', 'ppppppppp']
['rrrrrrr', 'rrrrrrrrrrrrrrrr', 'rrrr', 'mmmm', 'jjjjjjjjjjjjj', 'rrrrrrrrrrrrr', 'rrrrrrrrr', 'rrr', 'rrrrrrrr', 'rrrrrrrrrrrrrr', 'rr', 'rrrrrrrrrrrr', 'rrrrrrrrrrr', 'rrrrrrrrrr', 'RRRRRRRRRRRRR', 'hhhhhhhhh', 'ccccccccccccccc', 'BBBBBBBBBBBBB', 'r']
['RRRRRRRRR', 'PPPPPPPP', 'QQQQQQQQQQQQQQQQ', 'HHHHH', 'CCCC', 'hhhhhhhhhhhhhhh', 'iiiiiiiiiii', 'DD', 'HHHHHHHH']
['EEEEEEEEEEEEEEE', 'EEEEEEE', 'EEEE', 'VVVVVVVVV', 'EEEEEEEEEE', 'EEEEE', 'EEE', 'EEEEEEEEEEEEE', 'EEEEEEEEE', 'EEEEEEEEEEE', 'EEEEEEEEEEEEEE', 'EEEEEE', 'EEEEEEEE', 'nnnnnn', 'EEEEEEEEEEEE', 'EEEEEEEEEEEEEEEE', 'E']
['mmmmmmmmmmmmm', 'mmmmmmmmmmmmmmm', '33333333', 'qqqqqqqqqqqq', 'SSS', 'qqqqqqq', 'qqqq', 'qqq', 'q', 'qqqqqqqqqqqqqqq', 'CCCCCCCCCCCC', 'jjjjjjjjj']
['ttt', 'tttt', 'tttttt', 'ttttt', 'jjj', 'h', 'tttttttttttttttt', 'tttttttttttttt', 'VV', 'tt', 'ttttttt', 'bbbbb', 't', 'ttttttttttttt']
['ccccc', 'cc', 'x', 'xxxxxxxxx', 'xxxxxxxxxxxxxxxx', 'xxxxxxxx', 'xxxxxxxxxxxxxx', 'vvvvvvvvvvvvvvvv', 'xxxxxxxxxxxxxxx', 'xxx', 'xxxxxxxxxxx', 'xxxxxxxxxxxx', 'xxxxx', 'xxxxxxxxxxxxx', 'xxxxxxx', 'xxxxxxxxxx', 'VVVVVVV', 'xxxxxx', 'pppp', 'xxxx', 'UUUUUUU']
['GGGGGGGG', 'GGGGGGG', 'jjjjjjj', 'G', 'MMMMM', 'GGG', 'jjjjjjjjjj', 'GGGGGGGGGG', 'GGGGGGGGG', 'GGGGGG', 'GGGGGGGGGGGGGGGG', 'SSSSS', 'RRRRRRR', '33333333333333', 'nnnnnnnnnnnnn', 'WWW', 'KKKKKKKKKKKKKKK', 'GG']
['77777777', 'DDDDD', '777777', '77', '7', 'mmmmmmmmmm', '777777777777', 'DDDDDDD', 'fffffff', '7777777777', '7777', '7777777', 'pppppppppppppppp', '77777777777777', 'sssssssssss', '777', 'DDD']
['lllllll', 'llllll', 'OOO', 'lll', 'lllllllllllllll', 'llll', 'rrrrr', 'ppp', 'l', 'lllllllll', 'mmmmmmmmmmmmmm', 'QQQQQQQQ', 'lllllllllllll', 'llllllll', 'KKKKKKKKKKKKKKKK', 'll', 'llllllllllllll', 'llllllllllll', 'lllll', 'lllllllllll', 'I', 'iiii', 'llllllllllllllll']
['nnnnn', 'XXXXXXXXXXXX', 'uuuuuuuuuuuu', 'KKKKK', 'cccccccccccc', 'UUUUUUUUUUUUUU', 'XXXXXXXXXXXXXX', 'XXXXXXXXX']
['HHHHHH', 'FFFFFFFFFFFFFFF', 'FFFF', 'FFFFFFFF', 'FFF', 'FFFFFF', 'FF', 'FFFFFFFFFFFFFF', 'FFFFFFFFFFF', 'BBB', 'FFFFFFFFFFFFFFFF', 'FFFFFFFFFF', 'FFFFFFFFFFFF', 'ttttttttttttttt', 'FFFFF', 'F', '4444', 'FFFFFFF', 'FFFFFFFFFFFFF', 'TTTTT', '8888888888888']
['ZZZZZZZZZZ', 'ZZZZZZZZZZZZZ', 'ZZZZ', 'ZZZZZZZZZ', 'ZZZZZ', 'ZZZZZZZZZZZZZZ', 'ZZZZZZZZ', 'ZZZZZZZ', 'ZZZZZZ', '444444444444', 'ZZ', 'ZZZZZZZZZZZ', 'ZZZZZZZZZZZZ', 'ZZZZZZZZZZZZZZZZ', 'ZZZZZZZZZZZZZZZ', 'Z', 'AAAAAAAAAAAAA', 'ZZZ']
['ffffffffffffff', 'fffffffffffff', 'fffffffffff', 'ffffffff', 'ffffff', 'DDDDDDDDDDD', 'fff', '333333333333', 'YYYYYYYYYYY', '3333333333333333', 'ffffffffffffffff', 'mmmmmmm', 'f', 'fffff', 'ffffffffff', 'fffffffffffffff', 'fffffffff', 'ff', 'ffffffffffff']
['U', 'sssss', '1111111111111', '33333333333', 'UUUUUUUU', 'UUUU', 'UUUUUUUUUUUUU', 'UUUUUUUUUUU', 'UUUUUU', 'UUUUUUUUUUUU', 'vvv', 'UUUUUUUUU', 'vvvvvvvvvvvvv', 'gggggggg', 'UUUUUUUUUUUUUUUU', 'UUU', 'mmmmmmmmmmmmmmmm', 'n', 'UU', 'UUUUUUUUUU', 'cccccccc', 'KK']
['OOOOOOOOOOOOOOO', 'OOOOOOOOOOOOO', 'OOOOOOOOOO', 'OOOOOOOOOOOOOOOO', 'OOOO', 'OOOOOO', 'OOOOOOOO', 'OOOOO', 'OO', 'OOOOOOO', 'OOOOOOOOOOOOOO', 'OOOOOOOOOOOO', 'DDDDDDDDDD', 'O', 'OOOOOOOOO', 'vvvvv', 'hhhhhhhhhhhh']
['ccccccccc', 'p', 'bbbbbbbbbbbbbb', 'GGGGGGGGGGGGGGG', 'BBBBBBBBBBBBBBB', 'AAAAAA', 'DDDDDD', 'jjjj', 'GGGGGGGGGGGG', 'R', 'jjjjjjjjjjjj', 'GGGGGGGGGGGGGG', 'ccccccc', 'GGGG', 'GGGGGGGGGGG']
['444444444444444', '4444444444444444', '444', '44', '3', 'uuuu', '4444444444', '4', 'oooooo', '444444', '44444', '44444444444444', '4444444444444', '4444444']
['bbbbbbbbbbb', 'bb', 'AAAAAAAAA', 'b', 'BBBB', 'bbbbbbbbb', 'iiiiiiiiiiiii', 'AAAA', 'DDDDDDDDDDDDDD', 'bbbbbb', 'CCC']
['RRRRRRRRRRRRRR', 'vvvvvvvv', 'iiiiiiiiiiiiiiii', 'RRRR', 'RRRRRRRRRR', 'RRRRRRRRRRRR', 'RRRRRRRRRRR', 'RRRRR', 'DDDDDDDDDDDDDDDD', 'VVVVV', 'vvvvvvvvvvvv', 'ssss', 'RR', 'RRRRRRRRRRRRRRR', 'nnnnnnnnnnnnnnnn', 'RRRRRRRR', 'RRR']
['zz', 'AAAAAAAAAA', 'z', 'zzzzzzzzzzzzzzz', 'zzzzzzzzz', 'zzzzzz', 'zzzzz', 'zzzzzzzzzzzzzzzz', '3333333333333', 'BBBBB', 'zzzzzzzzzzz', 'zzzzzzz', 'zzzzzzzzzzzz', 'zzzzzzzzzz', 'zzzzzzzzzzzzz', 'zzzzzzzz', 'KKKK', 'zzzzzzzzzzzzzz', 'zzz', 'zzzz']
['bbbbbbbbbbbb', 'vvvvvvvvvvvvvv', 'YYYYYYYYYYYYY', 'EE', 'bbbbbbbbbbbbbbbb', 'BBBBBBBB', 'bbbb', 'bbbbbbbbbbbbbbb', 'mm', '333333333', 'bbb', 'bbbbbbb', 'K', 'YYY', 'bbbbbbbb', 'bbbbbbbbbb', 'bbbbbbbbbbbbb']
['2222222222222', '2222222', '22222222222222', '22222222222', '222', '22', '22222', '222222222222222', 'uuuuuuuuuuuuuu', '333333', '222222222222', '222222', '2222', '2', '2222222222', 'HHHH', '222222222', '22222222']
['yyyyyyyyyy', '888888888888888', 'jjjjjjjjjjjjjj', 'UUUUU', 'yyyy', 'yyyyyyyyyyyyyyyy', 'yyyyyyyyy', 'yyyyyyyyyyyy', 'nnnnnnnnnn', 'HHHHHHHHHHHH', 'yyyyyyyy', 'cccccccccccccccc', 'llllllllll', 'gggggggggg', 'VVVVVV']
['aaaaa', 'aaaaaaaaaaa', 'HHHHHHHHHHHHHHHH', 'AAAAAAA', 'aaa', 'aaaaaaaaaaaa', 'uuuuuu', 'a', 'aaaaaaaa', 'aaaaaaaaaaaaaaaa', 'aaaaaaaaaaaaaaa', 'aaaaaaaaaa', 'CCCCCCCCCCC', 'aaaaaa', 'aaaaaaa']
['hhhhhhh', 'hhhhhhhhhh', 'hhhhhhhhhhhhhh', 'hhhhhhhhhhhhh', 'hhhhhhhhhhh', 'JJJJJJ', 'BBBBBBBBBBBBBBBB', '3333333333', 'hhhhhhhh', 'hhhh', '44444444444', 'hh', 'hhh', '44444444']
['vvvvvvvvvvvvvvv', 'www', 'wwwwwwww', 'jj', 'ww', 'wwww', 'YYYYYYYYYYYY', 'CCCCCCCC', 'wwwww', 'wwwwww', 'CCCCCCCCCCCCCCCC', 'YYYYYY']
['jjjjjj', 'mmmmmmmmm', 'eeeeeeee', 'eeeeeeeeeeeee', 'eeeeeeeeeeeeeeee', 'eeeeeeeeeeeeeee', 'eeeeeeeee', 'hhhhh', 'VVV', 'e', 'iiiiiiiiii', 'eeeeeeeeeeeeee', 'eeeeeeeeee', 'eeeeee', 'nnnnnnnnnnnn']
['yyy', 'yyyyyyy', 'yy', 'ggggggggggggggg', 'yyyyyyyyyyyyyy', 'YYYY', 'yyyyyyyyyyyyy', 'yyyyy', '2222222222222222', 'y', 'rrrrrr', 'M', 'yyyyyyyyyyy', 'yyyyyyyyyyyyyyy', 'IIIIIIIIIIIII']
['LLLLLLLLLLLLL', 'uuuuuuu', 'IIIIIIIIII', 'YYYYYYYYYYYYYYY', 'sssssssssssss', 'IIIIIIIII', 'IIII', 'uu', 'IIIIIII', 'i', 'IIIIIIIIIIIIIIII']
['j', 'aaaa', '88888888', 'aaaaaaaaaaaaa', '555555555555', 'aaaaaaaaaaaaaa']
['ddddd', 'KKKKKKKKKKKKKK', 'ddd', 'dddddd', 'd', 'jjjjjjjjjjj', 'dd', 'dddddddd', 'dddddddddddddddd', 'ddddddddd', 'GGGGGGGGGGGGG', 'ddddddddddddddd', 'iiiiii', 'ddddddddddddd', 'dddd', 'dddddddddd', 'ddddddd']
['YYYYYYY', 'uuu', 'LL', 'LLLLLLLLLLLLLL', 'LLLLLLL', 'LLLLLLLLLLLLLLLL', 'LLLLLLLLLLLL', 'LLLLLLLLL', 'LLLLLLLLLLLLLLL', 'L', 'hhhhhh', 'LLLL', 'LLLLLLLLLL', 'LLL', 'iii', 'KKKKKKKKKK', 'LLLLL', 'LLLLLLLLLLL', 'LLLLLLLL', 'LLLLLL']
['uuuuuuuuuu', 'iiiiiii', 'kkkkkkkkkkk', 'eeee', 'ee', 'eeeeeeeeeee', 'nnnnnnnn', 'eee', 'aaaaaaaaa', 'uuuuu', 'eeeeeee', 'eeeee']
['tttttttttttt', 'wwwwwwwwwwwww', 'YYYYYYYYY', '33333', 'kkkkkkkkkkkkkkkk', 'vvvvvvv', 'iiiiiiiiiiiiiii']
['777777777777777', '7777777777777', 'RRRRRRRRRRRRRRRR', '7777777777777777', 'mmmmmm', 'FFFFFFFFF', '777777777', '77777', 'AAAAAAAA', '77777777777', 'mmmmm', 'uuuuuuuuuuuuuuu']
['oooooooooooo', 'oooooooooooooo', 'ooooooooooooooo', 'vvvv', 'ooooo', 'oooooooo', 'oooooooooooooooo', 'ooo', 'ooooooooooooo', 'o', 'oo', 'ooooooo', 'ooooooooo', 'BBBBBBBBBBBBBB', 'ssssssssssssss', 'oooo', 'uuuuuuuuuuuuu', 'oooooooooo', 'ooooooooooo', 'YYYYY']
['WW', '888888888', 'WWWWWWWWWWWWWW', 'WWWW', 'WWWWWWWWW', 'WWWWWWWW', 'ppppppppppppppp', 'RRRRRR', 'WWWWWWWWWWWWWWW', 'WWWWWW', 'DDDD', 'WWWWWWWWWWWWWWWW', 'W', 'WWWWWWWWWWWW', 'WWWWWWW', 'WWWWWWWWWWW', 'iiiiiiiiiiiiii', 'WWWWWWWWWW', 'HHHHHHHHH', 'WWWWW', 'WWWWWWWWWWWWW']
['kkkkkkkkkkkkkk', 'AAAAAAAAAAAAAA', 'c', '8888888888888888', 'kkkkkkkkkkkk', 'VVVVVVVV', 'CCCCCCCCCC', 'Y']
