['601', '665', '129', '687', '697', '623', '922', '637', '251', '615', '63', '628', '695', '505', '898', '678', '612', '852', '633', '789', '611', '591', '934', '257', '804', '670', '636', '673', '684', '645', '658', '643', '668', '712', '693', '631', '595', '582', '590', '634', '667', '630', '617', '622', '666', '7', '606', '81', '651', '656', '715', '424', '833', '594', '671', '626', '699', '589', '598', '650', '588', '676', '669', '700', '688', '1', '390', '720', '679', '607', '614', '625', '97', '663', '652', '593', '648', '608', '120', '581', '575', '580', '721', '707', '627', '599', '501', '649', '579', '653', '584', '976', '647', '710', '686', '714', '596', '613', '576', '698', '681', '690', '677', '597', '702', '624', '703', '592', '696', '675', '672', '639', '640', '692', '654', '662', '717', '646', '577', '689', '682', '310', '574', '12', '644', '705', '713', '724', '632', '723', '587', '711', '618', '659', '635', '708', '602', '210', '629', '716', '530', '718', '471', '573', '620', '585', '506', '642', '704', '709']
['750', '767', '733', '758', '751', '763', '737', '728', '953', '745', '860', '760', '459', '319', '98', '106', '43', '508', '732', '766', '489', '931', '989', '729', '734', '923', '761', '253', '980', '756', '731', '759', '747', '198', '819', '740', '384', '752', '727', '0', '491', '754', '426', '367', '16', '755', '746', '738', '726', '895', '476', '742', '840', '748', '187', '765', '4', '739', '469', '743', '753', '736', '730']
['445', '446', '496', '490', '463', '457', '186', '215', '482', '486', '188', '324', '75', '398', '453', '342', '559', '477', '558', '448', '794', '498', '470', '454', '472', '321', '386', '447', '473', '543', '493', '441', '131', '439', '451', '889', '983', '475', '436', '442', '495', '461', '295', '462', '230', '485', '474', '438', '939', '762', '440', '443', '873', '507', '483', '101', '674', '21', '290', '479', '487', '455', '114', '456', '128', '977', '465', '450', '165', '768', '824', '437', '458', '484', '460', '481', '494']
['337', '345', '317', '326', '125', '354', '311', '333', '256', '352', '344', '346', '46', '308', '400', '348', '334', '946', '163', '366', '513', '135', '312', '223', '363', '328', '313', '327', '306', '434', '236', '349', '347', '774', '356', '329', '325', '814', '359', '364', '323', '655', '320', '322', '365', '164', '314', '388', '353', '916', '641', '332', '341', '315', '350', '95', '822', '26', '330', '307', '304', '78', '362', '119', '951', '343', '318', '339', '357', '565', '53', '335', '566', '795', '190']
['859', '854', '903', '858', '892', '843', '866', '846', '41', '280', '884', '855', '879', '877', '902', '289', '883', '907', '239', '813', '885', '867', '49', '537', '974', '893', '56', '904', '857', '869', '863', '880', '899', '851', '908', '875', '897', '894', '853', '890', '849', '864', '870', '76', '891', '226', '878', '195', '960', '444', '905', '835', '79', '896', '839', '872', '685', '302', '285', '385', '861', '990', '87', '850', '842', '927', '876', '848', '936', '887', '933', '862', '293', '147', '909', '888', '376', '900', '836', '542', '865', '845', '844', '568', '847', '841']
['799', '962', '786', '773', '779', '115', '947', '776', '949', '770', '173', '410', '782', '148', '526', '778', '792', '82', '796', '512', '790', '798', '780', '787', '769', '557', '797', '775', '783', '788', '800', '781', '829', '791', '772', '929', '771', '784', '802', '286', '216', '225', '529']
['383', '452', '502', '466', '480', '271', '287', '515', '168', '488', '492', '803', '497', '405', '468', '467', '809', '71', '950', '428', '609', '204', '464', '268', '449', '993']
['279', '29', '808', '262', '278', '269', '277', '275', '273', '520', '258', '261', '539', '234', '266', '274', '979', '935', '272', '276', '264', '160', '270', '267', '265', '85', '259', '531', '6']
['380', '9', '152', '73', '969', '379', '242', '375', '942', '603', '368', '874', '96', '370', '422', '926', '175', '554', '372', '377', '137', '5', '371', '374', '209', '59', '510', '373']
['657', '338', '817', '725', '23', '38', '263', '661', '586', '619', '616', '189', '421', '610', '429', '664', '825', '583', '392', '621', '694', '925', '722', '40', '706', '940', '683', '660', '143', '701', '680', '578', '52']
['70', '917', '65', '963', '958', '985', '978', '966', '235', '975', '965', '998', '62', '48', '921', '284', '964', '27', '972', '868', '301', '981', '563', '987', '997', '146', '973', '988', '50', '58', '984', '69', '202', '906', '971', '982', '994', '547', '991', '995', '996', '986', '967', '959', '961', '992']
['203', '570', '44', '60', '820', '282', '67', '47', '811', '403', '260', '80', '232', '431', '605', '600', '107', '185']
['793', '541', '84', '64', '150', '291', '831', '111', '20', '397', '395', '534', '968', '369', '240']
['999', '937', '941', '136', '970', '420', '255', '930', '211', '938', '243', '945', '932', '99', '248', '943', '159', '18', '944', '139', '741', '518', '218', '478', '928']
['104', '100', '93', '94', '172', '103', '89', '425', '511', '171', '396', '2', '423', '158', '105', '102']
['233', '832', '196', '305', '108', '546', '238', '231', '237', '246', '544', '227', '249', '247', '244', '250', '127', '8', '39', '228', '821', '229', '170']
['757', '14', '956', '155', '126', '735', '91', '744', '749', '532', '54', '30']
['638', '57', '550', '24', '112', '35', '536', '823', '387', '522']
['516', '807', '200', '77', '957', '42', '411', '72', '504', '435', '911', '500', '514', '74', '162', '409', '15']
['402', '408', '399', '838', '952', '948', '521', '955', '954', '51', '499']
['412', '886', '604', '134', '36', '33', '22', '816', '815', '830']
['564', '419', '914', '915', '252', '918', '552', '912', '525', '924', '157', '920', '919', '545', '913', '156']
['910', '55', '856', '394', '901', '167', '871', '837', '882', '176', '881', '32']
['174', '834', '827', '806', '764', '432']
['86', '194', '83', '28', '245', '90', '381', '88', '92', '569', '11']
['154', '153', '166', '151', '149', '826', '161']
['294', '132', '169', '818']
['340', '192', '213', '208', '517', '433', '297', '719', '805', '118']
['221', '34', '214', '222', '219', '556', '224', '212', '220', '197', '201', '37', '417', '199', '205', '144', '207', '116', '217', '31']
['331', '351', '360', '361', '560', '336', '309', '300', '358', '316']
['427', '533', '523', '145', '528', '548', '828', '538', '404', '571', '549', '241', '206', '555', '540', '19', '567', '562', '572', '527', '524', '553', '561', '535']
['415', '407', '519', '389', '413', '391', '418', '406', '61', '393', '416', '66', '414', '401', '193', '17']
['777', '133']
['292', '355', '299', '503', '509', '140', '296', '303', '281', '283', '298', '288']
['691', '45', '13', '810', '812', '254', '382']
['184', '430', '124', '378']
['110', '113', '121', '138', '109', '68', '181', '122', '117', '551', '141', '130']
['179', '182', '180', '183', '191', '178', '177', '801']
['3', '785', '10']
['142', '25', '123']
