['134', '9', '737', '751', '745', '837', '860', '103', '891', '346', '419', '915', '211', '888', '27', '976', '913', '723', '230', '836', '781', '762', '272', '69', '54', '772', '706', '609', '564', '83', '390', '952', '126']
['859', '490', '221', '183', '431', '858', '226', '46', '369', '231', '966', '246', '938', '112', '921', '306', '429', '563', '567', '359', '818', '561', '428', '25', '202', '897', '291', '850', '339', '39', '53', '506', '144']
['947', '344', '514', '98', '281', '195', '206', '308', '154', '472', '393', '47', '610', '912', '705', '997', '983', '814', '258', '495', '249', '900', '248', '822', '101', '906', '908', '675', '220', '518', '578', '753', '499']
['648', '153', '807', '338', '459', '263', '400', '721', '513', '109', '909', '271', '545', '926', '789', '522', '764', '726', '719', '690', '676', '285', '52', '530', '918', '209', '768', '464', '4', '484', '511', '709', '535']
['760', '309', '118', '697', '348', '778', '792', '327', '480', '644', '105', '292', '174', '557', '245', '99', '247', '507', '71', '26', '264', '982', '128', '318', '842', '556', '993', '607', '739', '743', '658', '813', '30']
['799', '856', '763', '779', '864', '744', '817', '129', '111', '123', '766', '11', '540', '262', '178', '51', '727', '217', '261', '323', '394', '40', '598', '939', '443', '244', '265', '22', '986', '151', '954', '640', '736']
['413', '215', '233', '317', '849', '887', '634', '949', '420', '646', '107', '316', '526', '66', '544', '896', '796', '740', '89', '855', '146', '442', '910', '988', '934', '353', '800', '201', '840', '184', '20', '663', '730']
['604', '601', '477', '538', '387', '667', '577', '73', '580', '541', '989', '29', '846', '517', '166', '368', '651', '493', '520', '287', '987', '96', '475', '916', '509', '636', '159', '290', '718', '139', '765', '720', '199']
['496', '279', '120', '854', '238', '148', '619', '93', '734', '77', '616', '417', '92', '347', '785', '50', '355', '769', '539', '274', '801', '979', '176', '681', '971', '418', '696', '844', '157', '80', '460', '810', '478']
['445', '463', '49', '133', '953', '311', '108', '546', '600', '555', '334', '375', '56', '550', '599', '421', '277', '898', '451', '234', '671', '932', '124', '775', '137', '670', '381', '378', '597', '113', '568', '521', '17']
['941', '212', '595', '582', '207', '410', '57', '237', '922', '135', '603', '349', '562', '852', '438', '435', '467', '613', '673', '669', '254', '547', '991', '270', '956', '875', '602', '165', '42', '303', '335', '373', '593']
['34', '936', '832', '145', '933', '182', '223', '980', '140', '882', '695', '874', '806', '505', '715', '879', '376', '436', '925', '180', '869', '626', '257', '588', '276', '204', '940', '700', '401', '614', '193', '652', '343']
['179', '3', '657', '252', '432', '398', '687', '970', '969', '946', '761', '7', '811', '37', '964', '819', '396', '583', '32', '534', '169', '746', '950', '374', '31', '104', '771', '288', '851', '629', '847', '158', '692']
['70', '389', '457', '773', '894', '523', '528', '815', '235', '931', '366', '843', '623', '893', '615', '441', '830', '138', '468', '266', '591', '674', '542', '487', '865', '304', '119', '87', '8', '525', '741', '286', '225']
['402', '962', '213', '68', '605', '590', '173', '661', '963', '770', '881', '502', '407', '489', '379', '637', '224', '278', '189', '787', '172', '699', '132', '863', '596', '576', '791', '78', '36', '624', '296', '399', '668']
['203', '750', '94', '758', '360', '631', '75', '985', '691', '905', '41', '536', '838', '948', '904', '329', '227', '754', '831', '58', '372', '829', '332', '827', '483', '385', '330', '114', '907', '471', '208', '59', '642']
['757', '999', '194', '608', '712', '324', '333', '924', '342', '319', '878', '293', '444', '253', '312', '117', '816', '872', '774', '710', '411', '659', '685', '738', '749', '476', '968', '677', '708', '160', '645', '267', '469']
['282', '354', '395', '162', '361', '512', '243', '273', '798', '889', '168', '100', '633', '365', '611', '783', '714', '641', '755', '943', '532', '250', '121', '951', '883', '143', '228', '437', '259', '967', '961', '876', '848']
['638', '391', '890', '122', '115', '725', '559', '558', '978', '412', '729', '835', '181', '414', '280', '579', '425', '823', '358', '424', '632', '200', '426', '141', '297', '21', '899', '302', '85', '927', '97', '704', '992']
['136', '453', '498', '519', '328', '251', '48', '72', '678', '825', '694', '803', '295', '594', '462', '491', '587', '45', '341', '315', '350', '977', '33', '450', '592', '688', '268', '449', '88', '218', '423', '529', '298']
['337', '427', '662', '548', '571', '549', '508', '294', '627', '62', '649', '839', '198', '149', '13', '752', '664', '370', '325', '422', '618', '873', '895', '479', '185', '683', '191', '565', '821', '531', '415', '161', '569']
['767', '345', '196', '403', '892', '975', '707', '682', '242', '363', '269', '284', '628', '131', '656', '790', '19', '351', '612', '724', '86', '655', '219', '742', '84', '672', '996', '24', '585', '239', '959', '229', '928']
['728', '305', '76', '336', '448', '43', '794', '192', '386', '466', '606', '574', '868', '884', '461', '61', '504', '474', '880', '711', '551', '589', '698', '955', '116', '455', '929', '516', '716', '167', '660', '458', '826']
['10', '937', '406', '533', '326', '408', '197', '717', '38', '958', '409', '470', '102', '163', '666', '310', '313', '560', '12', '981', '515', '621', '647', '793', '340', '485', '861', '307', '845', '802', '995', '23', '885']
['654', '853', '665', '91', '452', '352', '903', '862', '81', '275', '920', '74', '439', '156', '331', '14', '382', '44', '572', '686', '877', '35', '397', '2', '527', '95', '289', '456', '465', '67', '90', '867', '777']
['733', '537', '186', '693', '552', '152', '205', '805', '454', '155', '866', '501', '871', '731', '473', '301', '392', '833', '0', '820', '797', '388', '804', '171', '650', '440', '524', '362', '944', '701', '625', '356', '481']
['917', '786', '911', '404', '142', '106', '586', '622', '923', '957', '735', '79', '834', '972', '945', '919', '283', '780', '488', '175', '364', '150', '503', '416', '722', '377', '902', '210', '553', '643', '433', '680', '795']
['60', '482', '125', '974', '930', '255', '960', '575', '732', '110', '998', '82', '756', '759', '236', '300', '812', '299', '497', '554', '984', '635', '5', '809', '748', '187', '620', '679', '841', '177', '256', '430', '170']
['486', '188', '870', '828', '689', '617', '55', '808', '63', '447', '543', '434', '584', '15', '914', '492', '857', '314', '222', '935', '232', '684', '702', '703', '994', '784', '127', '901', '573', '357', '510', '494', '190']
['380', '446', '776', '630', '782', '64', '147', '942', '321', '747', '384', '713', '973', '320', '405', '322', '164', '788', '367', '16', '371', '990', '824', '260', '216', '566', '6']
['570', '886', '965', '383', '214', '65', '28', '653', '241']
['639', '500', '18', '130']
['581', '1', '240']
