['Vertex503', 'Vertex911', 'Vertex1229', 'Vertex1009', 'Vertex1146', 'Vertex1161', 'Vertex1234', 'Vertex494', 'Vertex1008', 'Vertex1187', 'Vertex1123', 'Vertex636', 'Vertex1189', 'Vertex1158', 'Vertex732', 'Vertex926', 'Vertex963', 'Vertex878', 'Vertex904', 'Vertex762']
['Vertex592', 'Vertex1211', 'Vertex1082', 'Vertex942', 'Vertex840', 'Vertex629', 'Vertex667', 'Vertex669', 'Vertex1080', 'Vertex754', 'Vertex1092', 'Vertex1212', 'Vertex712', 'Vertex959', 'Vertex876', 'Vertex838', 'Vertex706', 'Vertex1084', 'Vertex914', 'Vertex763']
['Vertex647', 'Vertex557', 'Vertex699', 'Vertex731', 'Vertex604', 'Vertex989', 'Vertex577', 'Vertex617', 'Vertex852', 'Vertex867', 'Vertex930', 'Vertex459', 'Vertex490', 'Vertex916', 'Vertex740', 'Vertex722', 'Vertex952', 'Vertex535', 'Vertex574', 'Vertex899']
['Vertex601', 'Vertex1209', 'Vertex644', 'Vertex810', 'Vertex996', 'Vertex707', 'Vertex542', 'Vertex877', 'Vertex1038', 'Vertex753', 'Vertex982', 'Vertex863', 'Vertex993', 'Vertex1006', 'Vertex591', 'Vertex1110', 'Vertex1215', 'Vertex879', 'Vertex603', 'Vertex1127']
['Vertex955', 'Vertex941', 'Vertex1104', 'Vertex776', 'Vertex693', 'Vertex539', 'Vertex564', 'Vertex716', 'Vertex1199', 'Vertex599', 'Vertex1060', 'Vertex708', 'Vertex759', 'Vertex665', 'Vertex474', 'Vertex808', 'Vertex462', 'Vertex1159', 'Vertex1176', 'Vertex641']
['Vertex900', 'Vertex739', 'Vertex519', 'Vertex659', 'Vertex986', 'Vertex1186', 'Vertex589', 'Vertex460', 'Vertex848', 'Vertex1074', 'Vertex477', 'Vertex771', 'Vertex584', 'Vertex561', 'Vertex455', 'Vertex973', 'Vertex582', 'Vertex1010', 'Vertex703', 'Vertex1099']
['Vertex463', 'Vertex1011', 'Vertex1204', 'Vertex645', 'Vertex995', 'Vertex882', 'Vertex988', 'Vertex1205', 'Vertex662', 'Vertex709', 'Vertex441', 'Vertex1027', 'Vertex1058', 'Vertex787', 'Vertex1151', 'Vertex1231', 'Vertex668', 'Vertex849', 'Vertex1144', 'Vertex976']
['Vertex1043', 'Vertex850', 'Vertex682', 'Vertex626', 'Vertex881', 'Vertex672', 'Vertex824', 'Vertex1070', 'Vertex595', 'Vertex1239', 'Vertex1113', 'Vertex1065', 'Vertex1195', 'Vertex1224', 'Vertex1198', 'Vertex953', 'Vertex634', 'Vertex720', 'Vertex1206', 'Vertex684']
['Vertex1214', 'Vertex949', 'Vertex572', 'Vertex1207', 'Vertex891', 'Vertex620', 'Vertex1053', 'Vertex892', 'Vertex755', 'Vertex919', 'Vertex834', 'Vertex809', 'Vertex1190', 'Vertex868', 'Vertex725', 'Vertex780', 'Vertex485', 'Vertex1087', 'Vertex974', 'Vertex894']
['Vertex862', 'Vertex1086', 'Vertex1141', 'Vertex1035', 'Vertex814', 'Vertex1071', 'Vertex1139', 'Vertex805', 'Vertex1180', 'Vertex1125', 'Vertex915', 'Vertex1126', 'Vertex1149', 'Vertex585', 'Vertex525', 'Vertex951', 'Vertex896', 'Vertex906', 'Vertex799', 'Vertex845']
['Vertex616', 'Vertex1079', 'Vertex1040', 'Vertex1145', 'Vertex1136', 'Vertex969', 'Vertex512', 'Vertex1049', 'Vertex967', 'Vertex1013', 'Vertex800', 'Vertex1179', 'Vertex851', 'Vertex782', 'Vertex784', 'Vertex476', 'Vertex781', 'Vertex596', 'Vertex1233', 'Vertex1054']
['Vertex506', 'Vertex544', 'Vertex1100', 'Vertex627', 'Vertex980', 'Vertex743', 'Vertex555', 'Vertex1083', 'Vertex1047', 'Vertex660', 'Vertex1150', 'Vertex874', 'Vertex1094', 'Vertex1117', 'Vertex1184', 'Vertex449', 'Vertex802', 'Vertex1015', 'Vertex1196', 'Vertex480']
['Vertex639', 'Vertex675', 'Vertex504', 'Vertex818', 'Vertex666', 'Vertex655', 'Vertex752', 'Vertex909', 'Vertex548', 'Vertex677', 'Vertex777', 'Vertex903', 'Vertex563', 'Vertex947', 'Vertex1072', 'Vertex637', 'Vertex895', 'Vertex440', 'Vertex932', 'Vertex1173']
['Vertex615', 'Vertex618', 'Vertex954', 'Vertex1014', 'Vertex846', 'Vertex676', 'Vertex978', 'Vertex454', 'Vertex880', 'Vertex1129', 'Vertex452', 'Vertex893', 'Vertex778', 'Vertex606', 'Vertex1002', 'Vertex1067', 'Vertex1135', 'Vertex1157', 'Vertex1095', 'Vertex1237']
['Vertex1226', 'Vertex486', 'Vertex768', 'Vertex857', 'Vertex489', 'Vertex761', 'Vertex575', 'Vertex1162', 'Vertex516', 'Vertex502', 'Vertex565', 'Vertex922', 'Vertex1222', 'Vertex501', 'Vertex611', 'Vertex552', 'Vertex498', 'Vertex1183', 'Vertex836', 'Vertex1042']
['Vertex446', 'Vertex734', 'Vertex600', 'Vertex1025', 'Vertex765', 'Vertex461', 'Vertex614', 'Vertex1154', 'Vertex864', 'Vertex546', 'Vertex886', 'Vertex1024', 'Vertex971', 'Vertex965', 'Vertex831', 'Vertex795', 'Vertex783', 'Vertex1109', 'Vertex590', 'Vertex1012']
['Vertex756', 'Vertex1105', 'Vertex478', 'Vertex1093', 'Vertex961', 'Vertex1036', 'Vertex531', 'Vertex470', 'Vertex1174', 'Vertex1041', 'Vertex658', 'Vertex456', 'Vertex537', 'Vertex538', 'Vertex931', 'Vertex975', 'Vertex527', 'Vertex1130', 'Vertex1200', 'Vertex1193']
['Vertex1177', 'Vertex466', 'Vertex621', 'Vertex1119', 'Vertex493', 'Vertex1101', 'Vertex934', 'Vertex1197', 'Vertex536', 'Vertex775', 'Vertex674', 'Vertex785', 'Vertex793', 'Vertex558', 'Vertex1175', 'Vertex779', 'Vertex928', 'Vertex1178', 'Vertex467', 'Vertex729']
['Vertex943', 'Vertex608', 'Vertex885', 'Vertex1185', 'Vertex1051', 'Vertex690', 'Vertex678', 'Vertex497', 'Vertex1147', 'Vertex747', 'Vertex1001', 'Vertex573', 'Vertex917', 'Vertex458', 'Vertex679', 'Vertex760', 'Vertex1090', 'Vertex871', 'Vertex510', 'Vertex817']
['Vertex464', 'Vertex1103', 'Vertex509', 'Vertex807', 'Vertex652', 'Vertex790', 'Vertex748', 'Vertex757', 'Vertex657', 'Vertex1213', 'Vertex822', 'Vertex727', 'Vertex1120', 'Vertex718', 'Vertex897', 'Vertex663', 'Vertex1221', 'Vertex1022', 'Vertex499', 'Vertex1216']
['Vertex990', 'Vertex547', 'Vertex1182', 'Vertex830', 'Vertex1033', 'Vertex773', 'Vertex1031', 'Vertex935', 'Vertex861', 'Vertex801', 'Vertex488', 'Vertex1039', 'Vertex447', 'Vertex844', 'Vertex670', 'Vertex1106', 'Vertex1064', 'Vertex1236', 'Vertex533', 'Vertex1077']
['Vertex1108', 'Vertex936', 'Vertex1131', 'Vertex767', 'Vertex453', 'Vertex1171', 'Vertex587', 'Vertex1037', 'Vertex994', 'Vertex640', 'Vertex856', 'Vertex1055', 'Vertex1098', 'Vertex1220', 'Vertex594', 'Vertex680', 'Vertex683', 'Vertex788', 'Vertex602', 'Vertex646']
['Vertex855', 'Vertex898', 'Vertex1160', 'Vertex1045', 'Vertex945', 'Vertex998', 'Vertex1007', 'Vertex839', 'Vertex1085', 'Vertex889', 'Vertex860', 'Vertex1097', 'Vertex1118', 'Vertex929', 'Vertex992', 'Vertex968', 'Vertex1089', 'Vertex1030', 'Vertex1223', 'Vertex1152']
['Vertex689', 'Vertex902', 'Vertex1016', 'Vertex1230', 'Vertex875', 'Vertex733', 'Vertex705', 'Vertex568', 'Vertex829', 'Vertex960', 'Vertex545', 'Vertex1034', 'Vertex918', 'Vertex622', 'Vertex551', 'Vertex457', 'Vertex523', 'Vertex1153', 'Vertex1238', 'Vertex1102']
['Vertex524', 'Vertex1128', 'Vertex946', 'Vertex653', 'Vertex803', 'Vertex619', 'Vertex948', 'Vertex1192', 'Vertex1088', 'Vertex1203', 'Vertex1137', 'Vertex749', 'Vertex520', 'Vertex448', 'Vertex940', 'Vertex673', 'Vertex991', 'Vertex472', 'Vertex823', 'Vertex515']
['Vertex1018', 'Vertex517', 'Vertex984', 'Vertex1073', 'Vertex1112', 'Vertex1164', 'Vertex566', 'Vertex1005', 'Vertex1004', 'Vertex607', 'Vertex491', 'Vertex1232', 'Vertex865', 'Vertex624', 'Vertex553', 'Vertex1167', 'Vertex696', 'Vertex586', 'Vertex1063', 'Vertex700']
['Vertex719', 'Vertex570', 'Vertex505', 'Vertex1155', 'Vertex576', 'Vertex605', 'Vertex1228', 'Vertex1235', 'Vertex832', 'Vertex1121', 'Vertex883', 'Vertex685', 'Vertex713', 'Vertex866', 'Vertex913', 'Vertex704', 'Vertex526', 'Vertex813']
['Vertex728', 'Vertex1078', 'Vertex588', 'Vertex1156', 'Vertex924', 'Vertex724', 'Vertex1202', 'Vertex764', 'Vertex843', 'Vertex938', 'Vertex887', 'Vertex837', 'Vertex962', 'Vertex559', 'Vertex635', 'Vertex609', 'Vertex1081', 'Vertex473', 'Vertex549', 'Vertex826']
['Vertex1057', 'Vertex972', 'Vertex950', 'Vertex769', 'Vertex482', 'Vertex518', 'Vertex638', 'Vertex797', 'Vertex631', 'Vertex554', 'Vertex933', 'Vertex758', 'Vertex650', 'Vertex442', 'Vertex735', 'Vertex562', 'Vertex507', 'Vertex443', 'Vertex827']
['Vertex484', 'Vertex819', 'Vertex987', 'Vertex1181', 'Vertex1168', 'Vertex854', 'Vertex1052', 'Vertex1017', 'Vertex820', 'Vertex1044', 'Vertex920', 'Vertex842', 'Vertex1148', 'Vertex1023', 'Vertex1188', 'Vertex1170', 'Vertex511', 'Vertex1062']
['Vertex593', 'Vertex901', 'Vertex812', 'Vertex979', 'Vertex730', 'Vertex806', 'Vertex688', 'Vertex869', 'Vertex691', 'Vertex858', 'Vertex958', 'Vertex905', 'Vertex983', 'Vertex1091', 'Vertex1076', 'Vertex738', 'Vertex671', 'Vertex717']
['Vertex815', 'Vertex581', 'Vertex1194', 'Vertex1201', 'Vertex664', 'Vertex997', 'Vertex804', 'Vertex643', 'Vertex794', 'Vertex912', 'Vertex1116', 'Vertex500', 'Vertex1021', 'Vertex944', 'Vertex985', 'Vertex1026', 'Vertex923', 'Vertex1169', 'Vertex487']
['Vertex1028', 'Vertex835', 'Vertex560', 'Vertex694', 'Vertex529', 'Vertex1132', 'Vertex513', 'Vertex521', 'Vertex1191', 'Vertex847']
['Vertex1068', 'Vertex1111', 'Vertex939', 'Vertex468', 'Vertex543', 'Vertex981', 'Vertex1061', 'Vertex579', 'Vertex925', 'Vertex828', 'Vertex481']
['Vertex966', 'Vertex870', 'Vertex796', 'Vertex772', 'Vertex1210', 'Vertex686', 'Vertex957', 'Vertex825', 'Vertex1138', 'Vertex495', 'Vertex483', 'Vertex1003', 'Vertex816', 'Vertex1029']
['Vertex736', 'Vertex890', 'Vertex451', 'Vertex550', 'Vertex628']
['Vertex578', 'Vertex737', 'Vertex774', 'Vertex1114', 'Vertex1140', 'Vertex1056', 'Vertex580', 'Vertex711', 'Vertex888', 'Vertex841', 'Vertex1019', 'Vertex1066', 'Vertex977', 'Vertex625']
['Vertex798', 'Vertex766', 'Vertex569', 'Vertex598', 'Vertex496']
['Vertex445', 'Vertex741', 'Vertex1050', 'Vertex1133', 'Vertex710', 'Vertex821', 'Vertex872', 'Vertex1124', 'Vertex479', 'Vertex1208']
['Vertex534', 'Vertex1107', 'Vertex1217', 'Vertex702']
['Vertex873', 'Vertex714', 'Vertex1048', 'Vertex1227', 'Vertex508', 'Vertex744', 'Vertex649']
['Vertex532', 'Vertex1218', 'Vertex465', 'Vertex661', 'Vertex964', 'Vertex1046']
['Vertex1115', 'Vertex630', 'Vertex791']
['Vertex1032']
['Vertex556', 'Vertex656', 'Vertex723', 'Vertex450']
['Vertex633', 'Vertex681', 'Vertex597', 'Vertex1166']
['Vertex613', 'Vertex1172', 'Vertex833']
['Vertex853', 'Vertex770', 'Vertex715', 'Vertex697', 'Vertex654']
['Vertex692', 'Vertex1069']
['Vertex1020', 'Vertex1075', 'Vertex789']
['Vertex1122', 'Vertex444', 'Vertex859']
['Vertex907']
['Vertex970']
['Vertex745', 'Vertex910']
['Vertex956']
['Vertex648']
['Vertex530']
['Vertex522', 'Vertex1142']
['Vertex610']
['Vertex540']
['Vertex695']
['Vertex908']
['Vertex927', 'Vertex721']
['Vertex698']
['Vertex687']
['Vertex742']
['Vertex746', 'Vertex1163']
['Vertex726']
['Vertex1059']
['Vertex651']
['Vertex750', 'Vertex514']
['Vertex811']
['Vertex1134']
['Vertex528']
['Vertex921']
['Vertex1096']
['Vertex751']
['Vertex471']
['Vertex701']
['Vertex1143']
['Vertex469']
['Vertex937']
['Vertex1225']
['Vertex642']
['Vertex492']
['Vertex632']
['Vertex884']
['Vertex571']
['Vertex567']
['Vertex999']
['Vertex612']
['Vertex1000']
['Vertex583']
['Vertex475']
['Vertex786']
['Vertex541']
['Vertex792']
['Vertex1165']
['Vertex623']
['Vertex1219']
