['Jose', 'Rhys', 'Reid', 'Malik', 'Devin', 'Alexander', 'Cayden', 'Edgar', 'Zander', 'Kashton', 'Angelo', 'Samuel', 'Brycen', 'Bentley', 'Solomon', 'Johnathan', 'Ryder', 'Nash', 'Andre', 'Legend', 'Sam', 'Killian', 'Braden', 'Cohen', 'Bodhi']
['Bo', 'Calvin', 'Pablo', 'Chance', 'Dexter', 'Ezra', 'John', 'Owen', 'Derrick', 'Brandon', 'Roland', 'Micah', 'Adan', 'Christopher', 'Clark', 'Maxwell', 'Jaime', 'Arlo', 'Edwin', 'Phoenix', 'Alden', 'Francisco', 'Zaiden', 'Carter', 'Lucian']
['Tate', 'Mohammed', 'Alex', 'Nathaniel', 'Lincoln', 'Jayson', 'Holden', 'Drake', 'Jamison', 'Kason', 'Troy', 'Eden', 'Allen', 'Aaron', 'Darren', 'Miguel', 'Spencer', 'Cody', 'Ryker', 'Brennan', 'Beckett', 'Riley', 'Edward', 'Cameron', 'Dakota']
['Victor', 'Jackson', 'Enrique', 'Andrew', 'Erik', 'Tony', 'Milo', 'Anthony', 'Daxton', 'Julius', 'Cooper', 'Harvey', 'Orion', 'Dean', 'Benjamin', 'Alan', 'Ibrahim', 'Kaiden', 'Jaxton', 'Finley', 'Johnny', 'Preston', 'Jay', 'Quentin', 'David']
['Gage', 'Shawn', 'Barrett', 'Soren', 'Douglas', 'Pedro', 'Damian', 'Brooks', 'Jameson', 'Otto', 'Arturo', 'Kyler', 'Lewis', 'Fabian', 'Jude', 'Emiliano', 'Theodore', 'Collin', 'Gael', 'Cash', 'Asa', 'Mohammad', 'Dawson', 'Kash', 'Javier']
['Emmett', 'Timothy', 'Andy', 'Peyton', 'River', 'Milan', 'Samson', 'Jonah', 'Bryson', 'Armani', 'Jeffrey', 'Brayden', 'Dylan', 'Kenneth', 'Sage', 'Kane', 'Zion', 'Gunnar', 'Ronan', 'Ayden', 'Noel', 'Conor', 'Julien', 'Lane', 'Warren']
['Hunter', 'Daniel', 'Jack', 'Hudson', 'Marshall', 'Ahmad', 'Kayden', 'Paxton', 'Leonard', 'Julian', 'Darius', 'Cesar', 'Leonel', 'Wilder', 'Matthew', 'Gideon', 'Luis', 'Nixon', 'Marvin', 'Gerardo', 'Winston', 'Dillon', 'Mekhi', 'Porter', 'Michael']
['Nathan', 'Zeke', 'Tanner', 'Jasiah', 'Donovan', 'Carson', 'Axel', 'Axton', 'Abel', 'Theo', 'Scott', 'Jeremy', 'Landen', 'Briggs', 'Isaiah', 'Peter', 'Enzo', 'Oakley', 'Conner', 'Thiago', 'Trenton', 'Makai', 'Alejandro', 'Jaxon', 'Rhett']
['Luciano', 'Kaison', 'George', 'Karter', 'Gregory', 'Xander', 'Hayes', 'Grayson', 'Mason', 'Roberto', 'Armando', 'Avery', 'Isaac', 'Raymond', 'Blake', 'Alfredo', 'Brantley', 'Aarav', 'Kingston', 'Curtis', 'Rodrigo', 'Kieran', 'Rory', 'Francis', 'Major']
['Moises', 'Muhammad', 'Danny', 'Neil', 'Cole', 'Dalton', 'Fernando', 'Ahmed', 'Chase', 'Titus', 'Joshua', 'Beckham', 'Carl', 'Silas', 'Logan', 'Juan', 'Donald', 'Ian', 'Asher', 'Judah', 'Marco', 'Frederick', 'Bradley', 'Aden', 'Corbin']
['Case', 'Callum', 'Omari', 'Julio', 'Matteo', 'Greyson', 'Bowen', 'Brody', 'Mauricio', 'Remy', 'Kamden', 'Alonzo', 'Khalil', 'Jeremiah', 'Matias', 'Leon', 'Ari', 'Raiden', 'Alexis', 'Brian', 'Zayne', 'Tyler', 'Drew', 'Ricardo', 'Atlas']
['Nelson', 'Amir', 'Camden', 'Xavier', 'Johan', 'Dante', 'Jayden', 'Jase', 'Karson', 'Finnley', 'Joseph', 'Memphis', 'Leland', 'Sebastian', 'Jaylen', 'Dallas', 'Taylor', 'Kellen', 'Caiden', 'Jesus', 'Zachariah', 'Adriel', 'Ashton', 'Kian', 'Jerry']
['Cristian', 'Hendrix', 'Kaden', 'Lawson', 'Kayson', 'Ruben', 'Sterling', 'Lennox', 'Felix', 'Maximilian', 'Angel', 'Mario', 'Kyson', 'Eli', 'Damien', 'Uriah', 'Wyatt', 'Hezekiah', 'Gianni', 'Henry', 'Kobe', 'Ryan', 'Graham', 'Alijah', 'Jaden']
['Ariel', 'Thomas', 'Louis', 'Roman', 'Malachi', 'Cade', 'Jesse', 'Russell', 'Robert', 'Oscar', 'Charles', 'Kai', 'Raul', 'Vincent', 'Jimmy', 'Archer', 'Alessandro', 'Noah', 'Abram', 'Jace', 'Princeton', 'Jared', 'Rowen', 'Fletcher', 'Desmond']
['Colton', 'Brendan', 'Uriel', 'Finn', 'Mark', 'Brock', 'Chandler', 'Tucker', 'Quincy', 'Corey', 'Maximiliano', 'Keith', 'Raylan', 'Jakob', 'Nicolas', 'Richard', 'Quinton', 'Finnegan', 'Charlie', 'Evan', 'Erick', 'Dennis', 'Ivan']
['Brady', 'Kade', 'Mathew', 'Luka', 'Adam', 'Roger', 'Deacon', 'Atticus', 'Andres', 'Isaias', 'Luca', 'Gustavo', 'Marcelo', 'Ethan', 'Zayn', 'Aidan', 'Rex', 'Jalen', 'Issac', 'Sullivan', 'Sean', 'Mateo', 'Arthur', 'Messiah', 'Walter']
['Bryce', 'Elliott', 'Gunner', 'Tristan', 'Sawyer', 'Cason', 'Zayden', 'Titan', 'Rylan', 'Emilio', 'Quinn', 'Bryan', 'James', 'Cyrus', 'Cruz', 'Maddox', 'Bennett', 'Ayaan', 'Raphael', 'Jason', 'Colt', 'Crosby', 'Rowan', 'Paul', 'Odin']
['Eric', 'Declan', 'Justin', 'Elian', 'Remington', 'Jaxson', 'Zane', 'Tyson', 'Skyler', 'Frank', 'Kolton', 'Grant', 'Casey', 'Rayan', 'Alvin', 'Ellis', 'Kamari', 'Malcolm', 'Jett', 'Ezekiel', 'Wade', 'Bryant', 'Harrison', 'Parker', 'Travis']
['Lucas', 'Marcus', 'Moshe', 'Giovanni', 'Trevor', 'Kylan', 'Augustus', 'Forrest', 'Kellan', 'Trey', 'Maverick', 'Nikolai', 'Jasper', 'Hamza', 'Grady', 'Stetson', 'Nico', 'Dax', 'Franklin', 'William', 'Rocco', 'Royal', 'Ace', 'Nolan', 'Phillip']
['Waylon', 'Kevin', 'Roy', 'Jamari', 'Albert', 'Conrad', 'Ronin', 'Everett', 'Carlos', 'Niko', 'Cannon', 'Amari', 'Emmitt', 'Dominic', 'Emerson', 'Reece', 'Martin', 'Hayden', 'Josiah', 'Jake', 'Manuel', 'Leonidas', 'Edison', 'Ezequiel', 'Jonas']
['Benson', 'Wesley', 'Beau', 'Clayton', 'Caden', 'Izaiah', 'Hank', 'Gary', 'Cayson', 'Ismael', 'Connor', 'Abraham', 'Seth', 'Romeo', 'Diego', 'Elias', 'Liaam', 'Ares', 'Marcos', 'Korbin', 'Easton', 'Jax', 'Jordan', 'Colby', 'Eduardo']
['Braylen', 'Santino', 'Austin', 'Max', 'Lukas', 'Emmanuel', 'Matthias', 'Hector', 'Nikolas', 'Nicholas', 'Duke', 'Omar', 'Saul', 'Dustin', 'Apollo', 'Derek', 'Miles', 'Nehemiah', 'Zain', 'Tobias', 'Nasir', 'Jayce', 'Joel', 'Royce']
['Cullen', 'Callen', 'Caleb', 'Elijah', 'Santiago', 'Moses', 'Griffin', 'Shane', 'Maximus', 'Walker', 'Davis', 'Pierce', 'Simon', 'Damon', 'Malakai', 'Bruno', 'Leonardo', 'Sergio', 'Kameron', 'Oliver', 'Sincere', 'Prince', 'Aiden', 'Lance', 'Colin']
['Jensen', 'Chris', 'Gavin', 'Ty', 'Mack', 'Jonathan', 'Christian', 'Kaleb', 'Cassius', 'Steven', 'Dorian', 'Iker', 'Arjun', 'Kyle', 'Joaquin', 'Mohamed', 'Patrick', 'Ronald', 'Lorenzo', 'Weston', 'Ali', 'Garrett', 'Devon', 'Elliot', 'Emanuel']
['Antonio', 'Hugo', 'Leo', 'Yusuf', 'August', 'Keegan', 'Zachary', 'Tatum', 'Philip', 'Anderson', 'Josue', 'Kyrie', 'Bruce', 'Lionel', 'King', 'Esteban', 'Keaton', 'Reed', 'Dominick', 'Braylon', 'Mathias', 'Jaiden', 'Kendrick', 'Stephen', 'Landon']
['Larry', 'Landyn', 'Ryland', 'Gabriel', 'Myles', 'Levi', 'Adonis', 'Luke', 'Lawrence', 'Rafael', 'Kasen', 'Jacob', 'Israel', 'Wilson', 'Alberto', 'Alec', 'Justice', 'Jayceon', 'Adrian', 'Kyree', 'Knox', 'Braxton', 'Jorge']
