['380', '9', '188', '212', '129', '477', '395', '409', '118', '978', '470', '11', '444', '155', '734', '544', '517', '512', '644', '874', '812', '774', '825', '830', '879', '442', '100', '200', '495', '485', '394', '467', '141', '315', '669', '676', '456', '450', '42', '620', '449', '658', '193', '458', '494', '730']
['859', '49', '737', '665', '941', '75', '431', '420', '549', '975', '570', '407', '540', '627', '163', '666', '269', '615', '752', '349', '787', '0', '591', '587', '939', '613', '440', '873', '276', '950', '527', '54', '285', '564', '204', '516', '465', '8', '718', '765', '986', '521', '625', '511', '668', '478']
['70', '767', '34', '402', '936', '196', '864', '745', '311', '590', '548', '546', '878', '412', '886', '923', '603', '414', '112', '838', '948', '790', '299', '382', '914', '655', '539', '722', '900', '137', '45', '955', '791', '827', '341', '602', '624', '784', '696', '268', '484', '739', '256', '225', '510', '709']
['894', '68', '760', '528', '646', '207', '697', '498', '892', '766', '235', '334', '29', '321', '599', '280', '649', '368', '656', '358', '240', '988', '572', '723', '266', '219', '589', '176', '755', '297', '288', '700', '675', '267', '85', '464', '471', '4', '39', '959', '614', '518', '801', '432', '52', '30']
['496', '345', '482', '28', '631', '403', '218', '930', '98', '933', '46', '241', '619', '454', '348', '375', '555', '729', '866', '223', '796', '921', '653', '543', '740', '972', '505', '520', '217', '724', '797', '902', '248', '749', '210', '845', '127', '259', '967', '841', '565', '469', '216', '810', '640', '867']
['786', '282', '837', '398', '858', '205', '966', '93', '761', '312', '980', '66', '610', '473', '37', '236', '920', '976', '983', '497', '783', '775', '132', '788', '16', '636', '764', '542', '116', '861', '840', '547', '929', '703', '609', '418', '209', '1', '208', '401', '143', '151', '199', '303', '460', '373']
['638', '427', '446', '194', '215', '856', '197', '91', '136', '947', '924', '76', '255', '577', '43', '148', '64', '622', '946', '637', '466', '695', '392', '436', '461', '222', '426', '626', '35', '428', '822', '771', '362', '842', '390', '357', '500', '157', '954', '743', '663', '260', '335', '17', '575', '593']
['186', '533', '486', '595', '854', '452', '453', '336', '459', '106', '586', '794', '111', '419', '915', '835', '7', '393', '284', '574', '888', '441', '271', '945', '424', '814', '475', '258', '554', '746', '726', '25', '302', '899', '487', '31', '597', '187', '844', '24', '585', '239', '177', '433', '704', '343']
['423', '153', '537', '849', '887', '324', '122', '725', '634', '949', '958', '558', '652', '502', '682', '246', '262', '811', '189', '529', '785', '798', '32', '376', '694', '926', '138', '534', '932', '230', '503', '249', '711', '984', '272', '895', '719', '289', '184', '524', '629', '642', '826', '481', '753', '190']
['233', '601', '870', '828', '342', '776', '903', '309', '142', '162', '73', '989', '965', '55', '63', '731', '816', '819', '434', '51', '806', '287', '563', '451', '15', '973', '175', '594', '462', '509', '274', '618', '201', '332', '443', '2', '968', '318', '553', '607', '97', '53', '506', '415', '161', '777']
['799', '917', '338', '317', '213', '326', '728', '732', '689', '242', '57', '617', '623', '386', '278', '447', '198', '277', '429', '705', '664', '913', '889', '621', '780', '422', '803', '320', '172', '934', '58', '245', '670', '598', '483', '307', '113', '940', '956', '944', '850', '883', '720', '639', '158', '736']
['490', '604', '962', '648', '974', '133', '953', '173', '661', '514', '630', '319', '130', '600', '152', '770', '308', '123', '931', '513', '735', '823', '275', '898', '347', '515', '156', '793', '351', '852', '671', '714', '804', '397', '522', '943', '114', '304', '802', '291', '716', '20', '80', '578', '298', '876']
['203', '252', '305', '538', '960', '281', '206', '192', '237', '472', '691', '846', '77', '47', '328', '579', '81', '178', '560', '27', '715', '329', '150', '468', '800', '935', '829', '169', '507', '673', '762', '588', '690', '202', '59', '290', '104', '851', '128', '573', '437', '952', '531', '813', '848', '569']
['389', '60', '758', '832', '125', '860', '344', '970', '404', '107', '369', '519', '366', '843', '616', '41', '421', '871', '425', '493', '13', '301', '678', '868', '19', '331', '492', '227', '323', '491', '322', '86', '699', '635', '576', '809', '5', '681', '18', '121', '83', '525', '228', '701', '692', '928']
['750', '413', '608', '744', '352', '605', '963', '38', '182', '707', '379', '905', '957', '224', '62', '363', '909', '72', '912', '651', '628', '12', '131', '384', '89', '727', '583', '855', '488', '44', '504', '367', '551', '171', '350', '254', '21', '748', '119', '897', '645', '165', '167', '961', '23', '6']
['445', '221', '885', '937', '552', '448', '985', '195', '508', '211', '310', '893', '79', '135', '938', '48', '166', '747', '313', '417', '981', '105', '713', '359', '50', '633', '754', '916', '836', '438', '435', '381', '685', '982', '160', '991', '33', '688', '918', '672', '927', '286', '821', '430', '566', '680']
['733', '657', '751', '890', '65', '360', '582', '581', '815', '667', '316', '238', '580', '293', '117', '501', '251', '834', '361', '149', '92', '243', '919', '168', '146', '292', '14', '833', '364', '214', '355', '869', '877', '416', '474', '69', '476', '95', '455', '385', '865', '994', '270', '339', '643', '795']
['383', '712', '120', '693', '115', '154', '110', '56', '896', '792', '756', '759', '306', '904', '884', '283', '562', '632', '769', '611', '388', '99', '247', '479', '378', '677', '906', '971', '250', '36', '768', '399', '229', '126']
['463', '94', '817', '333', '108', '559', '400', '489', '102', '721', '550', '606', '74', '96', '261', '295', '234', '710', '365', '820', '372', '377', '863', '641', '698', '979', '596', '244', '71', '371', '684', '742', '144', '568', '530', '907', '561', '170']
['654', '853', '263', '181', '882', '480', '987', '325', '405', '789', '257', '708', '26', '706', '977', '67', '660', '296', '824', '88', '545', '499']
['647', '337', '179', '683', '901', '964', '387', '346', '374', '273']
['457', '592', '406', '990', '124', '556', '354', '140', '536', '993', '687', '650', '101', '231']
['757', '541', '778', '773', '857', '942', '922', '808', '781', '839', '232', '571', '535']
['612', '831', '662', '220', '891', '356', '674', '226', '805', '782', '330']
['717', '526', '327', '139', '185']
['279', '90', '908', '772', '410']
['847', '969', '807']
['872', '340', '584', '82']
['264', '779', '391']
['763', '875', '147', '951', '103']
['159', '557', '408', '910']
['84', '164', '411']
['183']
['61', '911']
['738', '741', '523', '300']
['881', '925']
['40', '702']
['567', '686', '87']
['253', '396']
['191']
['145']
['679']
['862']
['370']
['134']
['992']
['818']
['78']
['180']
['174']
['880']
['353']
['294']
['659']
['265']
['439']
['3']
['10']
['109']
['314']
['532']
['22']
