['b12', 'a24', 'k2', 'q12', 's19', 'c12', 'u10', 'j13', 's16', 't6', 'o26', 'y19', 'd4', 'k27', 'n22', 'd28', 'm28', 'k3', 'k4', 'k25', 't27', 'f9', 'q4', 'r15', 'f14', 't30', 'a20', 'm8', 'q25', 'o22']
['c14', 'o9', 'l14', 'e20', 'f3', 'v27', 'h19', 'j20', 'm12', 'd22', 'd8', 'w17', 'e8', 'd18', 't25', 't20', 'p18', 'p6', 'i18', 'e7', 'o16', 't8', 'd27', 'p8', 'w2', 'n12', 'r10', 'f20', 'v3', 't3']
['a25', 'd16', 'g29', 'w18', 'f30', 'g9', 'g17', 'w12', 's13', 'b14', 'v22', 't10', 's22', 't14', 'h5', 'i24', 'g24', 'x13', 'l19', 'n7', 'f2', 'i6', 'f5', 'p2', 'g6', 'i20', 't2', 'q1', 'g19', 't22']
['a23', 'x14', 'l12', 'v2', 'w20', 'q15', 'd12', 'k20', 'i2', 'd23', 'y15', 'm5', 'd25', 'w4', 'f4', 'z11', 'g30', 'g10', 'r12', 'v29', 'y29', 'g11', 'x2', 'k26', 'x28', 'z18', 'd20', 'i19', 'p14', 'h13']
['t21', 'q14', 'x15', 'i3', 'q28', 'j2', 'c28', 'z16', 'o10', 'k6', 'g7', 'q10', 'b9', 'q7', 'k1', 'k10', 'k8', 't29', 'q24', 'g28', 'g21', 'l9', 'y4', 'u23', 'j28', 'o4', 'n11', 'r20', 't15', 'q5']
['q17', 'r5', 'p29', 'o28', 'e12', 'c17', 'r4', 'b22', 'x17', 's1', 'n18', 'p22', 'g1', 's15', 'h30', 'u1', 'g8', 'i4', 'e28', 'a1', 'q21', 'x20', 'q13', 'r9', 'i15', 'a7', 'f21', 'h3', 'm21', 'j29']
['z21', 'n30', 'w28', 'v13', 'w26', 'o11', 'k23', 'd5', 'k30', 'o21', 'c13', 's3', 'o20', 'x9', 'l1', 'n28', 'c15', 'c7', 'i14', 'a10', 'l5', 'k28', 'u21', 'q29', 'w10', 'h29', 'k18', 'f27', 'j14', 'l3']
['w3', 's9', 'x4', 't7', 'o18', 'g22', 't16', 'x1', 't1', 'n26', 'f17', 'f12', 's29', 'x21', 'j4', 'x12', 'a15', 'j25', 'x8', 'b23', 'j6', 'x3', 'j21', 'y2', 'b8', 'x11', 'e18', 'p9', 'b16', 'y7']
['j22', 's18', 'e19', 'o23', 'w21', 'd29', 'q30', 'a5', 'c1', 'q3', 'q20', 'b15', 'v25', 'm7', 's28', 'n3', 'u29', 'q2', 't19', 't11', 'i27', 't18', 'z8', 'e30', 'e3', 'q22', 't23', 'q16', 'o19', 'a26']
['c9', 'd9', 'z29', 'c4', 'k17', 'n9', 'p3', 'i21', 'i29', 'f29', 'i10', 'j18', 'd21', 's17', 'j1', 'a17', 'h25', 'r8', 'p4', 'p28', 'h8', 's14', 'i23', 'm26', 'i16', 'x25', 'f18', 'w7', 'p24', 'a16']
['z20', 's5', 'p15', 'n8', 'z7', 'k29', 'y11', 'm11', 'p13', 'q23', 'w15', 'u19', 't17', 'n4', 'j5', 'r13', 'l11', 'n5', 'j11', 'r30', 'w27', 'n10', 'c11', 'z25', 's20', 'n19', 'g2', 'l17', 'm15', 'x29']
['h27', 'c24', 'h4', 'h1', 'l21', 'c25', 'c5', 's26', 'h23', 'h17', 'p7', 'h20', 'p10', 'v19', 'h11', 'g15', 'p25', 'l22', 'y5', 'h22', 'l13', 'h7', 'v26', 'k16', 'l18', 'z19', 'e24', 'i26', 'h2', 'j23']
['c18', 'o29', 'v21', 'z22', 'j19', 'r6', 'e25', 'u13', 'h18', 'o2', 'l2', 'y14', 'e1', 'e17', 'y13', 'e13', 'm25', 'e15', 'u8', 'l30', 'b29', 'x27', 'v6', 'r22', 'c21', 'v20', 'f16', 'k13', 'w23', 'x6']
['y18', 'd6', 'j17', 'g23', 'n20', 'd17', 'j16', 'd1', 'p21', 'u20', 'x10', 'e11', 'r27', 't26', 'u24', 'l7', 'r19', 'r18', 'c6', 'c27', 'j10', 'a8', 'o27', 'd19', 'n6', 'b27', 'f10', 'r26', 'p12', 'e16']
['q6', 'z6', 'j27', 'l24', 'h28', 'h21', 'f1', 'v12', 'y12', 'v14', 'f19', 'z5', 'a18', 'n23', 'p19', 'r16', 'j8', 'z9', 'a21', 'b30', 'a11', 'f26', 'a3', 'r21', 'a13', 'b10', 'm18', 'u2', 'a30', 'n21']
['r7', 'i25', 'u15', 'u6', 'n15', 'x23', 'l27', 'f23', 'v4', 's23', 'a12', 'k22', 'x16', 'x26', 'u14', 'd10', 'q27', 'p27', 'u22', 'n27', 'p17', 'b19', 'd30', 's2', 'o5', 'f11', 't9', 'u3', 'e6', 'u5']
['c22', 'q26', 'v23', 'q8', 'w29', 'e14', 'p5', 's27', 'z23', 'z17', 'c23', 'z30', 'u4', 'p26', 'u30', 'l16', 'q11', 'i12', 'q9', 'v30', 'm19', 'w24', 'm6', 'y17', 'b2', 'p30', 'z2', 'z3', 'k15', 'y27']
['h9', 'm30', 'g27', 't12', 'x7', 'v15', 'i8', 'a22', 'b28', 'z12', 's10', 'i22', 'l29', 'o3', 'm29', 'e9', 'r29', 'h24', 'l10', 'n29', 'b7', 'a6', 'u12', 'u11', 'y3', 'o1', 'b25', 'f8', 'm1', 'z24']
['y23', 'i7', 'x19', 'x30', 'z26', 'u27', 'e5', 'y24', 'e29', 'r2', 'c19', 'z28', 'g16', 't13', 'w30', 'k24', 'm23', 'f28', 'y6', 'v9', 's12', 'c10', 'd24', 's24', 'z13', 'u28', 'g13', 'u25', 'y26', 'u17']
['d26', 'g3', 'm22', 'm13', 'n25', 'x18', 'd15', 'n16', 'd3', 'm4', 'm20', 'j24', 'm3', 'm24', 'm17', 'w11', 'c2', 'u9', 'k14', 'd13', 'c16', 'v8', 't24', 'f15', 'l25', 'q18', 'e22', 'b1', 'b26', 'g18']
['y30', 's11', 'h15', 's21', 'w13', 'p16', 'g14', 'k19', 's4', 'l20', 'x22', 'y20', 'm14', 'g5', 'c8', 'b5', 'g25', 'j15', 'g4', 'g12', 'y28', 'a28', 'w16', 'l8', 'c29', 'l28', 'v7', 't4', 'a9', 'b6']
['o30', 'p23', 'f24', 'w9', 'v10', 'w1', 'v5', 'v1', 'i1', 'i30', 'h16', 'j26', 'r14', 'i28', 'y9', 'd7', 'o15', 'c20', 'h10', 'y1', 'a14', 'z10', 'g26', 'j3', 'y21', 'f13', 'o13', 'g20', 'n24', 'l6']
['v16', 'y8', 'p20', 'z14', 't28', 'v11', 'd11', 'j7', 'v17', 'i5', 'o12', 'r24', 'o17', 'x24', 'c26', 'v18', 'l15', 'c30', 'z15', 'd2', 'f7', 'e27', 'o14', 'l4', 'c3', 'k7', 'q19', 'o6', 'j9', 'o7']
['a29', 'h12', 'u16', 'n14', 'w14', 'i17', 'r1', 'z4', 'r23', 'h26', 'r11', 'r25', 'j12', 'd14', 'v28', 's6', 'i11', 'n13', 'f25', 'r17', 'r3', 'h14', 'a4', 'm2', 'r28', 'l23', 'b4', 'w19', 'w25', 'b20']
['k5', 'w6', 'l26', 'k9', 's8', 'u26', 'b21', 'k11', 'f22', 'b24', 's25', 'p11', 'h6', 'a27', 'e2', 'w22', 'n1', 'w5', 'e21', 'e26', 'k21', 'm16', 'y10', 'j30', 'o25', 'k12', 'e10', 'e23', 'w8', 's7']
['z27', 'm27', 'b3', 'n17', 'y22', 't5', 'e4', 'o8', 'p1', 'm10', 'f6', 'u18', 'v24', 'b17', 'm9', 'i13', 'b18', 'o24', 'z1', 'i9', 's30', 'x5', 'y16', 'n2', 'y25', 'u7', 'a19', 'a2', 'b11', 'b13']
