['886', '857', '998', '338', '941', '827', '854', '948', '656', '950', '74', '736', '580']
['612', '617', '624', '604', '758', '608', '601', '616', '611', '890', '980', '615', '639', '607', '596', '625', '342', '809', '976', '621']
['179', '188', '196', '887', '136', '108', '947', '195', '111', '102', '148', '182', '975', '192', '109', '189', '112', '149', '105', '156', '168', '175', '200', '138', '150', '180', '174', '137', '132', '669', '547', '114', '977', '127', '157', '193', '170', '161']
['567', '654', '187', '318', '645', '759', '651', '641', '650', '643', '644', '437', '746', '979', '618']
['221', '737', '233', '252', '661', '205', '207', '206', '237', '761', '253', '224', '269', '243', '275', '236', '823', '217', '240', '261', '222', '249', '245', '201', '232', '272', '202', '254', '906', '264', '250', '270', '204', '267', '265', '209', '208', '268', '259', '260', '239', '229', '256', '218', '826', '730']
['516', '515', '523', '714', '501', '140', '760', '871', '927', '511', '514', '522', '281', '25', '508']
['602', '894', '26', '897', '893', '896', '916', '900', '974', '745', '76', '891', '469', '705', '898', '895', '899', '892']
['799', '389', '391', '360', '406', '408', '403', '949', '395', '410', '409', '407', '419', '386', '363', '921', '425', '358', '392', '382', '780', '359', '364', '355', '405', '416', '411', '381', '374', '378', '401', '959', '356']
['638', '989', '713', '491', '213', '870', '744', '636', '635', '943', '919']
['657', '186', '125', '103', '133', '129', '145', '115', '152', '130', '107', '106', '118', '862', '123', '117', '166', '747', '198', '628', '131', '874', '146', '818', '124', '164', '984', '176', '169', '31', '865', '160', '113', '121', '191', '177']
['691', '686', '944', '699', '690', '695', '159', '876']
['866', '509', '911', '518', '506', '512', '505', '738']
['502', '732', '994', '632', '513', '594', '504', '877', '796', '582', '882', '521', '510', '861']
['36', '627', '883', '775', '670', '659', '663', '755', '752', '664']
['999', '279', '317', '282', '763', '305', '311', '333', '344', '336', '319', '346', '348', '334', '293', '294', '310', '312', '278', '313', '327', '306', '300', '945', '347', '301', '283', '329', '325', '292', '852', '295', '320', '314', '769', '332', '315', '749', '289', '290', '302', '330', '307', '304', '291', '339', '739', '286', '303', '343']
['383', '413', '420', '667', '369', '412', '519', '366', '905', '393', '544', '414', '361', '417', '816', '27', '384', '879', '376', '394', '377', '371', '991', '399', '373']
['840', '18', '349', '846', '850', '849', '844', '842', '836', '837', '801', '839', '841', '97', '762', '904', '309', '576', '483', '782']
['946', '784', '863', '477', '963', '961', '806', '920', '968']
['767', '153', '134', '120', '183', '162', '470', '154', '915', '942', '135', '606', '178', '172', '171', '101', '185', '104', '184', '139', '768', '151', '620', '199', '531', '753']
['555', '570', '562', '564', '1000', '733', '572', '554', '553', '63', '824', '574', '558', '575', '566', '678', '563']
['925', '957', '630', '556', '720', '847', '952', '954', '924', '955', '559', '958', '634', '960', '997', '586', '978']
['380', '354', '122', '860', '398', '404', '387', '549', '805', '400', '379', '421', '434', '424', '422', '372', '388', '788', '367', '764', '350', '684', '418', '415']
['490', '446', '427', '457', '482', '453', '459', '225', '498', '494', '454', '526', '707', '472', '466', '756', '447', '888', '543', '441', '439', '798', '451', '492', '495', '461', '462', '468', '438', '467', '440', '428', '476', '285', '456', '875', '450', '165', '460', '458', '449', '484', '433', '430', '885', '478', '499']
['982', '702', '988', '783', '869', '709', '581', '742', '985', '981', '983']
['370', '619', '402', '362', '990', '772', '353', '390', '864', '357', '141', '397', '867']
['337', '962', '345', '326', '324', '38', '881', '316', '623', '321', '328', '280', '287', '299', '647', '340', '322', '40', '276', '341', '288', '688', '296', '585', '335', '534', '545', '298']
['969', '965', '853', '922', '918', '797', '808', '964', '970', '966']
['203', '215', '856', '832', '212', '263', '255', '226', '238', '241', '235', '242', '211', '246', '223', '262', '251', '284', '271', '273', '258', '227', '214', '234', '266', '219', '230', '274', '257', '247', '248', '244', '527', '748', '210', '675', '220', '228', '578']
['940', '622', '803', '700', '751', '938', '934', '939', '935', '933', '884', '913']
['757', '845', '967', '542', '658', '53', '487', '726', '715', '593', '30']
['520', '568', '557', '631', '552', '573', '551', '560', '565', '740', '571', '561', '992', '569']
['70', '34', '3', '94', '60', '9', '10', '68', '28', '91', '75', '23', '98', '73', '11', '64', '57', '55', '29', '77', '7', '56', '82', '47', '72', '48', '79', '81', '41', '12', '62', '92', '51', '96', '15', '32', '14', '19', '100', '44', '50', '86', '61', '58', '45', '35', '99', '16', '5', '2', '71', '69', '59', '54', '21', '84', '78', '83', '33', '87', '8', '67', '42', '1', '24', '22', '90', '20', '4', '39', '88', '80', '17', '52', '6']
['597', '859', '973', '926', '592', '599', '603', '579', '587', '996', '804', '589', '590', '776', '600', '584', '583']
['851', '365', '712', '591', '216', '902', '368', '352', '613', '972', '546', '385']
['489', '351', '375', '323', '802', '718', '731', '588', '396', '423', '577']
['750', '917', '682', '683', '633', '119', '671', '672', '197', '679', '673', '930', '770', '685', '681', '674', '878', '680', '677', '231']
['787', '786', '951', '785', '923', '779', '781', '928', '297', '719', '790', '777']
['541', '537', '540', '539', '533', '530', '550', '536', '528', '800', '548', '598', '538', '529', '532', '825', '676']
['93', '724', '729', '723', '716', '901', '909', '717', '741', '903', '743', '727']
['703', '710', '66', '907', '701', '711', '858', '640', '704', '708', '706']
['833', '914', '835', '831', '595', '834', '986', '660', '605', '828', '829', '821', '838', '872', '822', '830']
['496', '445', '486', '452', '431', '448', '444', '734', '155', '473', '480', '493', '429', '436', '488', '481', '497', '485', '426', '474', '435', '443', '455', '465', '629', '464', '471', '167', '500', '432', '848']
['110', '128', '147', '163', '194', '126', '181', '626', '143', '173', '535', '794', '144', '158', '116', '987', '95', '190']
['771', '721', '475', '722', '728', '668', '725', '791', '873', '43', '868']
['814', '843', '735', '789', '754', '666', '792', '662', '614', '698', '479']
['142', '807', '810', '49', '637', '811', '85', '817', '912', '37', '819', '815', '13', '813', '812', '855']
['524', '971', '609', '908', '910', '503', '610', '517', '525', '507', '46']
['648', '463', '956', '442', '655', '65', '649', '89', '653', '646', '642', '652', '774']
['331', '929', '931', '936', '308', '937', '778', '932', '820', '665', '953', '993', '795']
['766', '694', '689', '793', '773', '696', '693', '995', '692', '765', '880', '687', '277', '697', '889']
