['999', '360', '197', '832', '744', '837', '725', '903', '161', '404', '886', '622', '808', '13', '349', '830', '833', '754', '626', '800', '613', '476', '160', '568', '209', '357', '90', '220', '458', '741', '625', '97', '826', '848', '777']
['638', '654', '380', '345', '338', '758', '317', '311', '76', '878', '794', '966', '766', '682', '57', '246', '843', '550', '269', '536', '948', '806', '347', '475', '984', '719', '31', '845', '318', '824', '20', '460', '17', '144', '499']
['799', '853', '279', '687', '387', '130', '409', '570', '721', '140', '515', '325', '633', '818', '138', '174', '557', '714', '367', '690', '968', '128', '270', '465', '450', '688', '143', '639', '701', '449', '643', '469', '575', '52', '478']
['490', '750', '34', '457', '233', '68', '196', '961', '453', '173', '782', '235', '192', '66', '759', '313', '361', '987', '976', '814', '227', '214', '416', '438', '711', '381', '169', '456', '977', '296', '80', '193', '801', '640', '30']
['665', '953', '949', '205', '555', '778', '691', '627', '312', '82', '466', '421', '178', '628', '217', '100', '539', '900', '474', '16', '467', '588', '764', '302', '861', '418', '951', '151', '993', '53', '663', '821', '177', '510', '593']
['65', '305', '581', '667', '558', '881', '395', '195', '942', '888', '198', '32', '422', '926', '724', '230', '249', '411', '831', '58', '618', '979', '829', '635', '276', '532', '455', '748', '720', '39', '959', '199', '260', '437', '190']
['337', '601', '924', '828', '477', '309', '862', '369', '580', '619', '154', '93', '623', '734', '51', '898', '301', '812', '852', '44', '857', '234', '322', '877', '673', '69', '726', '994', '36', '362', '696', '1', '471', '433', '680']
['194', '10', '213', '408', '212', '974', '817', '860', '661', '549', '732', '412', '242', '163', '321', '79', '414', '610', '517', '131', '96', '554', '869', '141', '674', '479', '385', '865', '18', '516', '592', '265', '139', '585', '614']
['153', '406', '482', '122', '129', '136', '605', '108', '410', '148', '541', '989', '29', '155', '893', '501', '37', '574', '653', '12', '695', '384', '793', '783', '636', '332', '378', '940', '22', '672', '996', '668', '642', '481', '795']
['463', '186', '712', '448', '770', '407', '761', '866', '77', '792', '63', '796', '579', '306', '752', '89', '146', '567', '910', '461', '295', '353', '245', '762', '232', '822', '676', '374', '54', '772', '971', '624', '703', '908', '901']
['608', '941', '91', '344', '858', '546', '226', '102', '616', '731', '166', '964', '396', '584', '74', '329', '175', '803', '365', '611', '394', '397', '809', '371', '738', '350', '669', '104', '204', '675', '165', '553', '841', '954', '730']
['937', '854', '970', '38', '182', '419', '834', '838', '651', '441', '505', '705', '358', '774', '715', '798', '299', '292', '323', '180', '932', '789', '509', '598', '895', '25', '524', '802', '897', '718', '208', '401', '88', '992', '709']
['446', '763', '693', '728', '75', '431', '958', '586', '470', '946', '729', '447', '615', '284', '816', '368', '872', '884', '981', '261', '495', '591', '274', '781', '576', '483', '428', '749', '264', '956', '267', '842', '525', '521', '566']
['252', '183', '631', '523', '662', '452', '352', '459', '263', '346', '162', '110', '348', '454', '56', '47', '912', '921', '271', '376', '488', '0', '257', '272', '5', '487', '706', '250', '4', '399', '216', '813', '885', '529', '867']
['413', '894', '963', '600', '281', '238', '707', '64', '519', '915', '366', '109', '513', '846', '224', '181', '493', '904', '275', '277', '105', '785', '331', '780', '442', '492', '491', '699', '943', '254', '185', '87', '660', '573', '739']
['3', '537', '870', '103', '552', '255', '98', '985', '206', '978', '231', '237', '211', '998', '811', '747', '839', '740', '439', '997', '855', '364', '200', '820', '485', '804', '247', '26', '702', '875', '119', '995', '765', '500', '126']
['757', '604', '9', '807', '751', '354', '514', '107', '617', '735', '72', '819', '656', '664', '919', '392', '713', '50', '86', '61', '916', '935', '101', '950', '899', '982', '121', '67', '883', '390', '952', '658', '534', '373', '928']
['70', '496', '49', '391', '28', '717', '590', '634', '420', '933', '316', '498', '931', '147', '55', '472', '425', '882', '868', '727', '320', '462', '314', '686', '902', '201', '341', '297', '742', '21', '683', '645', '464', '565', '6']
['595', '911', '577', '960', '46', '689', '334', '965', '7', '980', '62', '603', '599', '81', '874', '424', '655', '710', '124', '99', '40', '440', '244', '685', '507', '991', '78', '83', '291', '259', '157', '239', '545', '736', '343']
['767', '383', '657', '533', '282', '118', '123', '293', '922', '189', '149', '27', '621', '612', '405', '504', '377', '698', '171', '176', '71', '116', '113', '564', '602', '700', '784', '944', '85', '927', '228', '607', '518', '268', '578']
['733', '326', '528', '760', '776', '336', '930', '508', '11', '502', '294', '938', '41', '117', '280', '283', '168', '258', '925', '594', '172', '503', '219', '35', '522', '159', '708', '288', '840', '556', '167', '768', '511', '256', '569']
['402', '856', '582', '333', '398', '548', '538', '319', '106', '400', '253', '386', '756', '823', '913', '889', '497', '722', '863', '587', '670', '248', '659', '2', '527', '906', '677', '184', '307', '191', '986', '620', '286', '652', '876']
['445', '648', '737', '864', '745', '432', '152', '559', '241', '540', '957', '223', '278', '543', '434', '15', '790', '156', '14', '340', '562', '973', '769', '426', '222', '797', '164', '791', '681', '285', '114', '506', '531', '158', '535']
['203', '221', '134', '60', '215', '486', '342', '489', '969', '262', '328', '251', '649', '417', '512', '92', '644', '520', '382', '266', '132', '788', '45', '589', '650', '955', '542', '84', '304', '629', '187', '679', '847', '225', '704']
['917', '936', '145', '947', '891', '630', '571', '111', '526', '310', '135', '363', '560', '273', '19', '451', '351', '436', '914', '355', '137', '435', '443', '330', '547', '851', '597', '210', '530', '127', '339', '484', '356', '561', '494']
['179', '427', '962', '773', '890', '188', '887', '207', '73', '697', '835', '393', '544', '606', '112', '48', '972', '945', '429', '879', '647', '632', '572', '880', '746', '684', '290', '771', '990', '8', '24', '967', '335', '218', '430']
['779', '125', '815', '805', '892', '923', '637', '666', '896', '480', '236', '583', '240', '694', '468', '641', '596', '551', '873', '844', '415', '298']
['43', '563', '918', '775', '42', '836', '871', '324', '939', '170', '646', '303', '300', '59', '423', '243', '287', '753', '308', '983']
['859', '375', '905', '723', '33', '849', '716', '372', '907', '850']
['787', '120', '388', '909', '115', '327', '142', '975']
['389', '988', '94', '671', '473', '229', '95']
['359', '786', '403', '133', '827', '23', '825']
['929', '920', '678', '743']
['810', '202', '444']
['609', '370', '289']
['934']
['692', '150']
['379']
['755']
['315']
