['317', '326', '324', '305', '311', '333', '336', '319', '309', '316', '308', '334', '419', '444', '310', '321', '312', '328', '447', '327', '313', '306', '329', '325', '331', '323', '320', '322', '314', '332', '341', '315', '302', '330', '307', '304', '318', '303', '335', '499']
['445', '962', '941', '974', '953', '947', '970', '448', '963', '958', '949', '960', '966', '969', '946', '965', '942', '957', '938', '964', '948', '972', '945', '973', '939', '955', '950', '943', '968', '971', '940', '956', '951', '944', '143', '967', '952', '959', '954', '961']
['94', '91', '115', '103', '108', '107', '106', '118', '111', '102', '110', '93', '109', '117', '82', '81', '92', '89', '105', '96', '100', '86', '99', '101', '95', '116', '676', '104', '84', '113', '114', '119', '83', '87', '85', '90', '80', '88', '97', '478']
['859', '389', '853', '856', '849', '864', '870', '854', '860', '858', '862', '843', '866', '846', '871', '868', '855', '852', '857', '539', '869', '863', '861', '851', '865', '845', '844', '850', '842', '847', '841', '867', '848']
['203', '221', '215', '233', '213', '212', '205', '207', '226', '238', '206', '235', '231', '237', '211', '223', '224', '236', '217', '200', '214', '234', '227', '219', '222', '230', '201', '232', '202', '204', '210', '209', '208', '220', '228', '239', '229', '216', '218', '225']
['638', '648', '654', '657', '631', '642', '634', '630', '646', '619', '622', '623', '627', '637', '649', '653', '651', '628', '644', '656', '621', '647', '632', '655', '633', '626', '618', '641', '636', '635', '650', '624', '629', '645', '639', '620', '625', '643', '640', '652']
['757', '279', '252', '263', '255', '241', '242', '246', '253', '262', '251', '269', '243', '275', '271', '273', '277', '240', '258', '261', '266', '249', '274', '245', '257', '247', '248', '272', '244', '276', '254', '264', '250', '270', '267', '265', '268', '259', '260', '256']
['750', '733', '737', '751', '763', '758', '728', '744', '760', '745', '732', '729', '761', '735', '734', '756', '731', '747', '759', '560', '740', '752', '727', '340', '754', '762', '755', '746', '738', '749', '742', '289', '748', '516', '741', '449', '739', '743', '753', '730']
['34', '3', '9', '10', '17', '28', '582', '38', '11', '29', '7', '37', '368', '12', '13', '27', '15', '19', '32', '14', '0', '16', '5', '2', '25', '21', '26', '31', '18', '33', '22', '8', '24', '1', '4', '20', '39', '23', '6', '30']
['134', '457', '120', '125', '122', '145', '133', '136', '129', '152', '130', '142', '123', '148', '154', '294', '293', '147', '155', '135', '140', '149', '131', '156', '146', '138', '150', '124', '132', '137', '141', '159', '128', '121', '127', '139', '151', '157', '158', '126']
['427', '413', '408', '523', '431', '420', '410', '409', '412', '526', '414', '421', '425', '417', '430', '441', '434', '429', '347', '439', '424', '422', '436', '442', '426', '416', '411', '353', '438', '435', '440', '428', '418', '296', '437', '433', '415', '423', '432', '736']
['552', '548', '546', '558', '571', '577', '549', '570', '555', '550', '615', '536', '574', '563', '299', '567', '562', '572', '554', '365', '557', '561', '551', '576', '547', '564', '553', '568', '556', '339', '573', '357', '565', '531', '575', '566', '569']
['519', '591', '544', '509', '543', '521', '559', '538', '514', '286', '290', '535', '288']
['917', '936', '937', '338', '911', '924', '930', '933', '931', '915', '905', '540', '922', '923', '909', '912', '921', '904', '920', '919', '913', '926', '925', '914', '910', '932', '934', '916', '935', '479', '906', '929', '908', '918', '907', '927', '511', '460', '928']
['665', '662', '687', '661', '667', '689', '682', '513', '666', '278', '664', '678', '671', '686', '504', '670', '673', '659', '522', '681', '674', '684', '690', '677', '669', '373', '527', '683', '688', '675', '672', '660', '679', '458', '658', '663', '668', '680']
['799', '767', '786', '773', '779', '776', '770', '794', '782', '766', '778', '792', '796', '774', '785', '798', '790', '793', '780', '787', '769', '789', '783', '797', '775', '800', '781', '788', '791', '764', '532', '772', '771', '784', '291', '768', '765', '193', '298', '795']
['712', '693', '717', '725', '697', '707', '721', '691', '695', '300', '705', '349', '283', '715', '694', '713', '724', '710', '723', '714', '722', '699', '711', '698', '719', '726', '708', '702', '703', '456', '700', '696', '450', '718', '716', '720', '701', '704', '709', '692']
['528', '985', '978', '975', '454', '989', '980', '981', '976', '987', '983', '988', '295', '984', '979', '443', '685', '982', '994', '977', '991', '990', '995', '986', '993', '506', '992', '343']
['292', '153', '533', '510', '534', '455']
['604', '601', '608', '282', '595', '581', '590', '605', '600', '586', '580', '617', '616', '603', '599', '610', '579', '606', '584', '583', '612', '461', '594', '611', '587', '589', '598', '588', '613', '596', '609', '597', '602', '524', '592', '585', '607', '614', '578', '593']
['70', '49', '60', '68', '65', '76', '75', '43', '73', '46', '64', '57', '55', '77', '56', '41', '47', '66', '62', '79', '72', '63', '48', '51', '74', '50', '44', '61', '58', '45', '40', '69', '71', '54', '78', '67', '42', '53', '59', '52']
['406', '520', '508', '525', '144', '515', '285']
['807', '832', '817', '837', '828', '815', '805', '835', '808', '813', '811', '834', '838', '816', '839', '819', '823', '806', '812', '825', '830', '814', '833', '803', '818', '820', '831', '836', '804', '829', '809', '827', '822', '840', '802', '824', '821', '801', '810', '826']
['402', '537', '391', '403', '398', '453', '404', '395', '400', '407', '541', '393', '512', '396', '392', '405', '462', '394', '503', '397', '350', '390', '401', '399', '518', '356', '529', '545']
['179', '194', '186', '196', '183', '188', '197', '173', '162', '195', '182', '886', '192', '163', '189', '181', '166', '178', '198', '168', '175', '180', '172', '174', '164', '176', '171', '169', '185', '184', '160', '187', '165', '167', '191', '199', '177', '170', '161', '190']
['380', '383', '360', '354', '452', '387', '369', '502', '379', '375', '366', '386', '363', '361', '384', '358', '505', '287', '301', '382', '370', '376', '359', '364', '372', '388', '377', '367', '381', '371', '374', '378', '385', '362', '530', '777']
['446', '36', '501', '517', '35', '507', '542']
['297', '112', '284', '500', '98', '281']
['337', '345', '894', '890', '887', '352', '903', '891', '344', '342', '881', '346', '878', '892', '348', '893', '896', '882', '888', '874', '872', '898', '884', '889', '879', '351', '355', '877', '900', '902', '880', '873', '895', '899', '875', '897', '883', '901', '885', '876']
['490', '496', '463', '482', '486', '459', '477', '470', '498', '489', '472', '466', '280', '473', '493', '480', '451', '475', '488', '492', '497', '468', '491', '495', '485', '474', '467', '483', '476', '487', '706', '465', '464', '471', '484', '469', '481', '494']
