['153', '457', '125', '108', '548', '410', '46', '409', '135', '544', '434', '15', '258', '325', '295', '169', '272', '265', '157', '286', '225', '126']
['496', '389', '133', '294', '334', '79', '312', '63', '112', '227', '200', '214', '219', '99', '381', '202', '116', '250', '128', '119', '90', '6']
['252', '212', '115', '207', '502', '348', '55', '66', '62', '166', '89', '520', '156', '168', '503', '474', '270', '458', '518', '335', '534', '494']
['406', '387', '571', '316', '395', '118', '140', '48', '37', '313', '441', '275', '331', '461', '416', '40', '171', '5', '471', '191', '566', '161']
['445', '122', '333', '336', '195', '540', '386', '466', '421', '384', '74', '347', '19', '376', '567', '292', '411', '576', '71', '104', '264', '415']
['446', '279', '28', '197', '398', '238', '102', '375', '12', '351', '50', '359', '100', '323', '180', '261', '440', '516', '87', '291', '432', '343']
['427', '448', '538', '558', '110', '419', '57', '253', '396', '236', '131', '96', '240', '245', '443', '54', '289', '290', '84', '114', '465', '430']
['120', '38', '123', '407', '237', '82', '328', '251', '269', '493', '560', '138', '491', '137', '367', '31', '165', '339', '573', '143', '521', '545']
['60', '129', '452', '255', '98', '154', '379', '211', '321', '543', '364', '322', '554', '509', '132', '201', '551', '59', '36', '401', '356', '23']
['345', '194', '528', '581', '498', '519', '7', '181', '13', '424', '394', '249', '16', '397', '341', '159', '479', '160', '204', '318', '67', '569']
['537', '103', '459', '477', '148', '93', '224', '105', '382', '475', '539', '438', '378', '254', '184', '456', '362', '199', '506', '469', '229', '30']
['70', '34', '10', '326', '305', '75', '404', '281', '241', '192', '550', '278', '579', '417', '149', '283', '370', '21', '24', '500', '423', '481']
['490', '463', '94', '215', '233', '403', '173', '107', '106', '308', '489', '189', '361', '217', '32', '497', '247', '476', '330', '455', '151', '170']
['338', '65', '354', '453', '346', '11', '526', '155', '472', '56', '117', '358', '146', '164', '332', '522', '2', '483', '18', '210', '53', '373']
['179', '413', '546', '235', '400', '570', '231', '293', '64', '414', '425', '306', '86', '0', '314', '58', '101', '26', '33', '220', '399', '268']
['391', '196', '145', '352', '549', '163', '77', '198', '271', '349', '216', '175', '572', '266', '174', '377', '248', '83', '553', '565', '433', '144']
['482', '183', '76', '431', '559', '454', '147', '517', '273', '301', '69', '374', '564', '267', '42', '85', '357', '88', '531', '578', '52', '190']
['9', '205', '508', '111', '262', '363', '563', '515', '495', '468', '172', '353', '35', '507', '276', '527', '524', '22', '259', '177', '256', '158']
['383', '186', '486', '43', '130', '577', '162', '242', '29', '513', '72', '536', '574', '480', '429', '61', '504', '450', '209', '208', '80', '484']
['420', '555', '223', '501', '327', '92', '340', '436', '320', '485', '365', '405', '467', '371', '350', '487', '385', '418', '20', '193', '511', '218']
['203', '402', '134', '188', '136', '319', '412', '447', '368', '243', '329', '562', '44', '222', '315', '542', '288', '187', '556', '296', '228', '499']
['221', '49', '324', '342', '309', '369', '41', '47', '393', '81', '178', '284', '439', '287', '451', '355', '532', '547', '121', '167', '525', '4']
['282', '523', '552', '470', '541', '366', '277', '300', '505', '426', '388', '274', '127', '464', '390', '39', '239', '97', '460', '575', '529', '478']
['337', '380', '533', '213', '514', '263', '142', '226', '182', '473', '512', '488', '257', '141', '244', '78', '8', '530', '449', '303', '17', '561']
['442', '113', '444', '492', '246', '360', '317', '124', '372', '139', '1', '311', '435', '176', '580', '510', '25', '302', '95', '285']
['14', '422', '234', '91', '260', '344', '298']
['462', '310', '68', '437', '232', '152', '428', '73', '299']
['297', '230', '568', '185']
['307', '27', '206']
['150']
['408']
['392']
['109']
['304']
['3']
['45']
['51']
['535']
['557']
['280']
