['348', '163', '155', '465', '165', '222', '167', '157', '239', '159', '476', '161', '470']
['182', '304', '258', '60', '366', '246', '324', '208', '99', '306', '46', '300', '302', '298', '308']
['331', '329', '325', '14', '57', '323', '237', '140', '377', '333', '452', '327', '136', '420', '195']
['454', '335', '138', '194', '28', '354', '367', '352', '458', '396', '469', '404', '319']
['350', '379', '389', '383', '391', '485', '22', '65', '386', '381', '332', '387', '207', '144', '385']
['110', '188', '117', '122', '112', '108', '178', '434', '2', '142', '424', '185']
['370', '422', '44', '29', '33', '174', '482', '41', '365', '127', '35', '37', '272', '118', '31']
['502', '407', '146', '419', '64', '413', '150', '411', '201', '417', '467', '205', '415', '409', '371']
['412', '446', '154', '187', '338', '408', '416', '125', '414', '280', '67', '4', '224', '202', '410']
['445', '250', '180', '126', '233', '135', '447', '435', '437', '443', '441', '244', '439', '494', '330']
['221', '402', '211', '215', '219', '223', '213', '137', '474', '260', '158', '116', '478', '217']
['307', '98', '295', '172', '278', '504', '305', '357', '311', '464', '303', '297', '301', '299', '382']
['148', '264', '94', '227', '497', '495', '491', '503', '196', '501', '103', '398', '493', '483', '499']
['380', '113', '93', '192', '134', '87', '85', '91', '73', '63', '24', '97', '232', '89', '95']
['49', '55', '450', '317', '322', '462', '47', '45', '368', '69', '53', '51', '43', '358', '392']
['436', '362', '310', '58', '353', '438', '101', '361', '477', '440', '218', '346', '374', '30']
['203', '427', '34', '340', '77', '124', '79', '212', '421', '425', '313', '431', '433', '429', '423']
['162', '18', '50', '270', '242', '186', '406', '56', '238', '274', '40', '225', '54', '52', '6']
['70', '78', '61', '230', '82', '220', '80', '16', '336', '59']
['376', '153', '463', '147', '210', '262', '145', '296', '151', '143', '199', '141', '149', '152', '344']
['334', '444', '279', '267', '120', '269', '72', '268', '176', '277', '275', '271', '273', '107', '111']
['184', '337', '204', '345', '349', '372', '339', '139', '76', '131', '341', '347', '105', '26', '343']
['496', '19', '10', '471', '96', '247', '23', '27', '342', '17', '25', '21', '15', '369', '240']
['293', '488', '418', '472', '36', '481', '291', '48', '283', '38', '281', '287', '289', '235', '285']
['179', '359', '175', '364', '314', '181', '466', '133', '388', '75', '173', '171', '169', '177', '156']
['475', '3', '9', '360', '321', '7', '1', '500', '480', '13', '5', '236', '130', '206', '11']
['168', '84', '351', '86', '214', '252', '394', '62', '132', '90', '12', '88', '92', '226']
['104', '231', '114', '128', '442', '355', '276', '109', '328', '245', '191', '390', '384', '106', '102']
['490', '457', '461', '320', '68', '312', '183', '164', '453', '449', '498', '193', '256', '451', '455']
['266', '197', '189', '459', '448', '460', '254', '123']
['489', '375', '426', '115', '129', '39', '473', '229', '356', '74', '316', '487']
['428', '468', '8', '309', '71', '430', '432', '373']
['456', '261', '119', '318', '253', '265', '42', '209', '257', '259', '20', '263', '255', '190']
['292', '294', '100', '121', '83', '326', '486', '249', '166', '228', '484', '81', '170', '290']
['200', '405', '234', '393', '66', '363', '403', '401', '399', '251', '248', '397', '395', '32', '400']
['160', '492', '282', '284', '198', '286', '243', '216', '315', '479', '378', '241', '288']
