['786', '807', '60', '601', '860', '431', '949', '206', '93', '866', '957', '117', '517', '651', '384', '287', '292', '50', '227', '323', '200', '754', '932', '503', '274', '474', '781', '16', '873', '764', '25', '684', '677', '116', '185', '285', '390', '573', '720', '810']
['203', '221', '134', '533', '233', '552', '725', '548', '152', '404', '930', '600', '316', '409', '782', '111', '419', '616', '421', '909', '759', '819', '51', '298', '32', '833', '320', '804', '137', '698', '822', '524', '104', '602', '688', '259', '658', '481', '867', '753']
['767', '317', '408', '103', '108', '911', '903', '346', '46', '966', '231', '11', '407', '989', '946', '63', '882', '653', '434', '505', '273', '884', '752', '879', '818', '468', '831', '426', '332', '371', '629', '465', '990', '87', '743', '739', '335', '813', '432', '593']
['773', '890', '849', '941', '870', '837', '398', '205', '106', '805', '689', '293', '682', '77', '112', '574', '560', '584', '664', '774', '976', '86', '916', '699', '367', '589', '201', '522', '943', '542', '374', '547', '951', '530', '996', '1', '143', '423', '826', '928']
['383', '279', '486', '129', '634', '173', '395', '192', '211', '466', '269', '425', '396', '349', '74', '812', '424', '889', '612', '442', '295', '539', '554', '797', '829', '762', '650', '232', '726', '532', '968', '771', '977', '210', '700', '127', '139', '679', '741', '469']
['153', '215', '28', '744', '924', '933', '107', '142', '470', '975', '732', '79', '223', '189', '414', '811', '948', '12', '904', '898', '785', '96', '217', '793', '803', '710', '388', '35', '670', '635', '507', '5', '746', '84', '702', '553', '907', '90', '144', '992']
['194', '712', '974', '947', '581', '130', '862', '575', '619', '154', '182', '540', '623', '109', '41', '224', '363', '839', '13', '300', '451', '156', '146', '562', '495', '372', '775', '297', '483', '378', '487', '897', '85', '167', '639', '927', '17', '642', '692', '190']
['917', '604', '9', '665', '693', '745', '717', '559', '226', '163', '310', '871', '473', '178', '920', '301', '340', '258', '180', '462', '222', '58', '877', '381', '176', '159', '719', '290', '31', '971', '250', '114', '784', '291', '986', '357', '20', '841', '460', '52']
['179', '445', '337', '937', '751', '282', '212', '864', '662', '333', '828', '776', '448', '535', '379', '242', '691', '915', '375', '617', '942', '622', '835', '705', '216', '694', '491', '686', '245', '659', '955', '809', '272', '742', '302', '307', '959', '199', '356', '736']
['859', '463', '360', '122', '477', '770', '195', '147', '57', '666', '262', '980', '731', '277', '429', '830', '14', '926', '988', '461', '557', '353', '587', '171', '341', '101', '289', '861', '982', '18', '908', '36', '22', '850', '339', '918', '208', '239', '961', '640']
['496', '648', '737', '188', '145', '387', '308', '498', '570', '412', '637', '251', '48', '579', '81', '823', '275', '872', '358', '89', '945', '695', '240', '138', '230', '636', '613', '397', '169', '315', '708', '187', '4', '620', '151', '952', '97', '303', '170', '545']
['345', '406', '213', '197', '196', '76', '630', '881', '235', '400', '555', '526', '29', '735', '544', '328', '747', '888', '790', '855', '392', '621', '492', '671', '626', '411', '979', '935', '755', '827', '362', '165', '718', '901', '24', '471', '824', '449', '876', '730']
['34', '3', '894', '482', '687', '858', '963', '549', '508', '369', '489', '348', '721', '294', '965', '550', '606', '536', '447', '628', '493', '787', '436', '394', '869', '509', '132', '438', '69', '950', '479', '676', '26', '645', '8', '842', '296', '643', '801', '566']
['427', '999', '10', '391', '354', '161', '73', '238', '118', '102', '766', '148', '886', '246', '126', '386', '649', '72', '37', '913', '299', '168', '814', '351', '724', '485', '722', '591', '880', '669', '254', '906', '991', '845', '568', '556', '967', '458', '478', '499']
['490', '413', '91', '595', '958', '577', '878', '494', '334', '64', '62', '838', '361', '327', '644', '441', '656', '439', '780', '914', '788', '551', '596', '939', '690', '899', '706', '929', '564', '802', '683', '944', '220', '39', '500', '286', '218', '158', '6', '777']
['523', '403', '305', '342', '319', '892', '454', '761', '417', '480', '198', '92', '271', '816', '520', '678', '715', '563', '382', '422', '488', '0', '234', '863', '800', '95', '851', '840', '128', '270', '204', '516', '113', '83', '597', '765', '228', '157', '565', '848']
['799', '380', '402', '733', '186', '667', '207', '697', '978', '502', '519', '729', '472', '796', '834', '166', '919', '981', '983', '973', '261', '497', '611', '900', '435', '685', '772', '264', '609', '675', '267', '484', '614', '80', '415', '795', '343']
['326', '631', '605', '661', '309', '580', '82', '501', '921', '806', '997', '19', '567', '769', '150', '172', '789', '934', '668', '836', '618', '247', '749', '607', '954', '506', '531', '59', '225', '652']
['962', '885', '125', '887', '582', '854', '590', '891', '538', '98', '241', '627', '893', '599', '181', '306', '647', '329', '475', '713', '175', '370', '405', '266', '783', '416', '248', '467', '791', '350', '288', '995', '464', '191', '993', '521', '256', '510', '569']
['936', '457', '657', '856', '763', '970', '344', '646', '281', '162', '55', '155', '843', '135', '47', '792', '347', '376', '325', '925', '355', '723', '588', '738', '385', '748', '940', '121', '119', '696', '716', '768', '660', '268', '701', '88']
['70', '750', '183', '953', '452', '336', '985', '778', '734', '278', '280', '610', '756', '27', '236', '972', '820', '219', '504', '711', '443', '71', '527', '681', '895', '304', '78', '847', '177', '663', '229', '23', '430']
['541', '456', '364', '857', '120', '67', '728', '66', '543', '673', '571']
['49', '853', '65', '528', '410', '586', '969', '56', '912', '368', '704', '243', '825', '359', '655', '174', '124', '377', '257', '641', '598', '440', '674', '21', '994', '592', '525', '585', '511', '561', '534']
['865', '100', '956', '237', '418', '594', '808', '393', '760', '75', '2', '54']
['758', '608', '68', '133', '453', '815', '38', '459', '263', '43', '514', '123', '931', '513', '922', '846', '603', '140', '284', '512', '868', '727', '987', '633', '572', '214', '984', '40', '576', '330', '184', '450', '883', '42']
['638', '779', '324', '136', '558', '444', '366', '313', '964', '149', '283', '105', '798', '44', '910', '314', '902', '45', '244', '276', '875', '318', '844', '672', '260', '518', '53', '529', '373']
['446', '160', '703', '110', '537', '998', '33', '252', '338', '265', '312', '209', '115', '401', '437', '874', '428']
['757', '707', '389', '253', '7', '615', '399', '141', '420', '578', '583']
['905', '249', '817', '193', '255', '476', '455']
['94', '311', '352', '546', '960', '321', '938', '896', '740', '15', '515', '331', '852', '61', '365', '164', '99', '624', '625', '821', '433', '709']
['654', '632', '322', '923', '832', '714', '131', '794', '202', '680', '30']
